WRITE 6351 345d43c6-5ca5-4d61-b562-3d3d884bba3d
READ 5420
WRITE 9548 5dbcb30d-8bdf-4d0d-ab71-7a71ae877296
WRITE 2872 aaa3bc8f-3977-45b3-b8c0-c4d0cc2af04f
READ 5480
READ 1614
READ 8019
WRITE 7696 a28f6591-8611-4227-a330-ddbd3fbb22e2
WRITE 1087 767a5e31-21ab-48a7-be1f-e75f013cf125
WRITE 0907 033edc84-bae5-4055-bce0-e4e5c7a3cbec
READ 8833
READ 8564
WRITE 8312 3118b3da-155c-4f70-8770-42e52d46e8a0
READ 7137
WRITE 9985 268760d3-5928-49f1-9219-abaa3bdc7c44
WRITE 1915 8bfee9e8-dce2-4634-8590-4db55559ce1c
READ 7978
WRITE 5987 b5427d54-3f49-4e48-a472-76827d3dd000
READ 4369
READ 8753
WRITE 3969 6d407f16-8d4d-4ec5-a213-7258bea8b6c4
WRITE 2580 20d485e1-3e88-4964-88b1-c3d0dc76a65a
WRITE 8357 eb40c548-98b6-4d73-a496-5354580d8707
WRITE 6700 afc6275e-e984-43ed-8668-5bb0af532e1a
READ 8538
READ 4617
WRITE 8833 b9e1383a-a951-4aa6-97b2-8692339b7aed
WRITE 8469 4860ef46-694d-41c1-a641-0829a1178df7
WRITE 7076 105f9861-982c-46f5-9ec7-9c7b72db8aca
READ 8102
READ 5955
WRITE 3802 b9af2916-11c5-46bc-a01e-d6af031fbdba
READ 1114
READ 9476
WRITE 5449 23652a98-3153-4edb-b22d-068b38230a34
READ 9779
WRITE 0406 94dbdc25-e917-4e20-ba0a-3160f555efe3
READ 1580
READ 4197
READ 0764
READ 0819
WRITE 5823 40929f87-1969-4032-b05a-d1f017b0eff2
READ 1689
READ 4572
READ 1295
WRITE 2389 fede43b6-7f35-4f92-b5fe-3aa890eaa53c
WRITE 4125 4d5b4db8-bb6e-4f51-8f9d-cac6d1a8ef02
WRITE 8742 b6ae76db-662f-4f9a-abe3-65ef95567653
READ 3687
READ 6308
WRITE 8390 ffe1e26f-9f19-46b7-9eba-4f3f851f3c5c
WRITE 4568 aa521ed7-4077-4e6f-9f14-e73b6b2fad66
WRITE 6549 d8cb9195-6fc1-49fd-96f2-21016bbc80c5
READ 5056
READ 5751
WRITE 0450 281d5e1e-ae91-47b4-8f47-e3e9a1ebcefe
READ 2778
WRITE 1621 50ee3444-cce0-448d-92c5-3a5400047706
WRITE 5104 c2b55ab1-38c3-4be2-9d0d-79a4f93f405a
WRITE 5576 3addc809-882a-42b8-9af8-c634ef528d8e
READ 1960
WRITE 9870 a8eef2c4-8a24-461a-9bb7-7dc25fc039a7
READ 2275
READ 3278
WRITE 9151 d9cb587e-5c95-42a1-9739-17961f84750f
WRITE 4498 0ff61bd6-43bc-44ac-873a-0b612505b962
WRITE 1272 64224385-e487-46a2-a436-7825264df848
READ 8691
READ 1342
WRITE 4505 eb6dde9d-6381-4e1b-87c1-229a8c849653
READ 3911
WRITE 5992 dc71ff89-3a56-4aee-afe1-87634aa9b263
WRITE 9631 c7082645-a525-4668-8cef-3b66214be920
READ 2184
READ 4985
WRITE 6204 6dd23b98-a04b-4183-890f-0372dcec83b8
READ 1948
WRITE 2792 3572ab22-065a-4310-af02-e4940edee5c8
WRITE 4405 ed0611f0-e65b-4409-8993-81ab5f79f1dd
READ 6056
WRITE 7953 b3da1a5a-5b92-4a6e-aa98-a4b92420ba72
READ 7158
READ 6621
WRITE 2574 173aeb16-b607-4226-ba62-87d16691bb76
WRITE 7368 1600b043-730a-44a7-898b-9cb822e2b3dc
WRITE 3682 5144e7f3-6d08-4b0e-9a81-9deeba6ef6ca
WRITE 6346 eac1967f-8010-44b6-aced-bf1a63a0df87
WRITE 3768 c5602034-bf3a-4f39-b212-8f08f47fa624
WRITE 2140 bf1dbf9f-4e3f-4f96-aee1-bcc34363876d
WRITE 1369 b458d4a8-0f88-46b0-82d8-abc8a07c0869
READ 9000
WRITE 4975 6dcc5c0a-aafd-428a-a9e0-20d73b446720
WRITE 4739 5f990aca-500a-4cd7-88b2-5b61adc47993
WRITE 9660 675f7f43-0711-46b6-a749-8a5da107d0ef
READ 5913
WRITE 1841 f5559df0-8a95-47e4-8efc-87c2a7fd897a
WRITE 3039 c15810d4-d444-4aab-b2c2-958a258ea884
WRITE 2796 70758c3b-cd7b-4d10-b444-cc321f512974
WRITE 4045 92fe8f5c-b7b1-44d3-8d2f-a06b1a69ee2a
WRITE 7808 d5884c02-d254-410e-b24f-fce3cb8245e1
WRITE 0060 77f34575-601b-40c5-b9d3-1fe0c9830b54
WRITE 2572 1e60cf51-1aaf-4628-9db9-15545a04731c
READ 4289
READ 9357
READ 8745
READ 3748
WRITE 4004 63877a8b-ccec-4662-9d30-2d25f95d254d
READ 5961
WRITE 8191 150bba03-9f53-41a9-8200-b8a297d0cc00
WRITE 1533 50d18ddd-75cc-4d16-b9af-07b5c0e40b18
READ 6435
WRITE 6184 d58cc562-2340-4a5b-8bae-5fe1a408b645
WRITE 3093 bb19104c-c8cb-4782-9251-854d565c83af
WRITE 0836 e600d420-a33a-4566-8a37-fce11cdf6c05
READ 9189
WRITE 5050 fc0988e7-7e90-4544-8f15-29144a9e55e8
WRITE 8153 c2ffac4e-e41d-46f2-b53d-2ebd70340ba2
READ 5619
WRITE 0288 2b54189d-e814-45e1-ab6c-a238e59a58f1
WRITE 3541 76b8ba21-e7a7-4ce8-9622-ffed85590276
WRITE 4676 839ffb20-4e3c-479c-9e62-e0328eb98b27
WRITE 5251 5b7457f5-7410-4d49-8477-015f73afca26
READ 6595
READ 4700
WRITE 1487 02754452-77cb-4a91-9e91-3c5f2838a32f
WRITE 7964 777ba79c-cb1e-43ef-aaa8-1540a04f9e36
READ 9691
READ 1592
WRITE 8100 4bff7560-554b-4619-bf8f-e459929c8596
READ 3940
WRITE 6402 664a8322-64a6-4ff3-98d6-e4c7e536d297
READ 0746
WRITE 5555 b6a29d13-0fc0-4573-8643-c2cad2821da9
READ 7709
WRITE 0123 0a94ce8e-d1c0-48b7-bfb5-1214074f2136
WRITE 8103 3b450405-7cd8-408c-82c4-489b1b9ac747
WRITE 0612 4ce4a69f-f435-440b-bc49-22028ee7ddff
READ 7413
WRITE 9100 12996d16-b619-414f-8ee8-ba4bd2bad955
READ 5160
WRITE 4892 9cc5024d-5998-4995-9ce4-03680bfc6a8f
WRITE 8540 291fc3b1-8e51-4842-abe0-5309aa6c55dd
READ 3111
READ 7165
READ 3338
WRITE 9991 d1d39d56-9620-4ac6-b5af-724c45545e12
READ 2106
READ 9454
WRITE 0207 156a4cab-e84f-4934-91ce-d4bcddb3af5b
WRITE 8605 f12dc88e-703f-4874-b461-92a9647d7a96
WRITE 8030 a34447a7-cf23-49d1-a70f-f70aaf49bda7
READ 9368
WRITE 7426 929e2772-ea30-4999-8542-062e5e3cce9c
WRITE 9611 c203fcc5-93ff-4d10-8577-3dcfaa4671de
WRITE 9256 9248786a-447e-46e9-81cb-8c7481694c2d
WRITE 7502 508fe38a-1575-44ec-8b2f-3c4bb59ac36f
READ 2736
READ 0951
READ 9314
WRITE 4783 d9ac7090-a51d-4754-bc8b-d3f02c45426d
WRITE 9800 b0adb977-e87a-4857-ab7b-eea70f628cde
WRITE 1003 db20ef44-6eed-4a4d-aaf0-b85494bc8e36
READ 4477
READ 3628
WRITE 4428 351a57cc-b7b9-4286-808c-23741ccc0eca
READ 2384
WRITE 1994 ac0a900e-104f-4738-adcd-5ca20bc55242
WRITE 7066 62717fde-f1d3-4415-9d9a-ee26ec78bbc7
READ 4188
READ 9745
WRITE 9000 440ce19d-edd1-43ca-90f1-14ef03b3c663
WRITE 8671 b439e471-d1ee-4a97-a644-379141bb55f5
WRITE 5919 345fccbe-20b7-4a92-9224-e5382f38cec0
READ 4310
WRITE 6177 f2f6b257-d37a-4e00-a17a-592dcafff6c4
WRITE 4639 69fe4abb-ef5d-40a7-8fda-facfbfaba874
READ 2586
WRITE 8722 804790e9-8ccf-4ff3-a937-44016e43563d
WRITE 2725 ab2ffd08-a08e-45bf-9849-196c6838e496
WRITE 7570 b7d68c7f-8cc9-4a56-a08b-15b7a2616057
WRITE 9645 e922225e-f94d-464a-be9e-e5016fd80d4a
WRITE 7490 ebb2b258-d004-41b0-8a2f-19d20e2f5929
READ 1558
READ 5957
READ 4639
WRITE 1179 40fffb38-3147-4346-82fa-f5eab163fd99
WRITE 3912 148be177-6d5e-48dd-9f56-2019c1bbc850
WRITE 9919 d9101f69-369e-4037-a2e0-ac024d1a63fb
WRITE 5816 051561a4-7d02-4dfc-a88f-0d7d8dc0cbc8
READ 5010
WRITE 5201 30f46e50-9a5f-4d7b-a088-a26a79487a39
WRITE 5220 a3170027-9121-4f9f-9685-aa7929d984e2
WRITE 6743 9d4a6bd8-e44e-47e1-bff0-317f0763a323
READ 6989
WRITE 3162 7b7a95cd-8f06-46d2-bb57-5b2b66d1b308
WRITE 5487 39933685-f731-435f-9604-7e5e8bcee41b
READ 0683
READ 0185
READ 5433
READ 4638
READ 4578
READ 3908
READ 0557
READ 7376
READ 7169
READ 7579
WRITE 9984 92a12523-91f2-4ebc-9140-981495f9cee5
READ 8988
WRITE 6069 c98905e2-fffe-42ca-9e90-01da91df6838
READ 9387
READ 0284
WRITE 3437 f6212150-fd5e-4037-96cf-1ce1c54aeae5
WRITE 6843 7634fd6a-8fb8-44b6-9b4d-05c1e00b041d
WRITE 9952 75bd5a70-f9ab-4793-a1f6-5f9e55b4d084
WRITE 1202 5a37c546-80d1-409b-b1cc-af01b0cf5559
READ 9135
READ 3958
READ 9419
READ 1433
READ 6518
WRITE 6190 2cb77ab0-4027-411c-b9da-2606121842fa
WRITE 4166 9911c0c2-945e-4e73-a5f1-d0b01fa233db
WRITE 3809 37e7f1cc-b110-4379-a273-8fd9fcef19c2
WRITE 7344 f00ced50-1c56-4ee9-9268-5821731d71ea
WRITE 1535 ba37962c-0d7a-4db0-8738-ac955f418656
READ 8038
READ 5037
WRITE 2701 849afd52-d65c-43c0-a9b2-41834509406e
WRITE 0925 064952fa-7c3a-42f9-95e4-95526cc8f4c2
WRITE 5860 1a8cacec-2185-4e32-b558-0341a7a6d81f
READ 5490
READ 9484
READ 7284
WRITE 0433 1fae367c-6350-4271-a978-7e2ddde46ed4
WRITE 5714 23a6dfb3-fe05-45bf-975e-25499260027b
WRITE 7341 4cd51bcc-b63a-4a42-8600-b039a55c9789
WRITE 6829 a24af4ef-4c95-4c43-aa68-f56711ac6219
READ 2611
READ 5743
WRITE 2347 86d7369d-8bc2-471b-a50d-e4b333a37ead
READ 0755
READ 0614
WRITE 1738 80796907-ba12-4030-ad0f-1c48c3249b59
WRITE 1371 bf77cec9-9761-40fa-a114-3279212e66d5
READ 3298
WRITE 5795 d3d527d3-9126-45db-905b-68c574fe2f88
WRITE 8271 e029fc57-0de9-4da1-8678-0c703a482d3a
WRITE 4384 dee5f05a-3674-4756-8d38-17c4cb55ebc7
WRITE 0917 653319af-e622-4afc-8e5f-62644c32a90c
READ 7002
WRITE 3612 961df978-ea88-485c-990d-c9e3caa260ab
WRITE 3564 675bc24a-c444-4166-a67b-a9727d3890fb
READ 7074
READ 7573
WRITE 7233 a3f49d0c-c20d-46bf-9f81-484d9b89e5ee
READ 5638
WRITE 0070 b3c4c6c5-b6f3-427b-b11c-2a61b1221506
WRITE 6591 00933213-3e85-4110-b9c7-b67c7b3ff84f
WRITE 1658 99d50796-c04e-4c43-81a0-6e356805a706
WRITE 4052 90f92560-9b9a-4368-90b8-e794e9df1de5
READ 4981
READ 8360
WRITE 9494 b6db04b0-aff7-4b81-ac4c-d490e6d1648b
READ 4115
WRITE 7477 2fcebc6d-4e07-4c8d-9414-b20d3828dacd
WRITE 1271 83fa49e4-1353-4d27-94f8-4e6c133bc27e
WRITE 1184 8ef2e6c3-3051-458b-b3a8-fab70698d57f
READ 3988
WRITE 5299 90efcbb6-4c17-46cf-9600-6cda0535e518
READ 8472
WRITE 8158 5794c05a-9055-48e2-8c55-84a29d93f7a6
WRITE 7394 fc14f768-2116-4b01-9e9e-d481752f0caa
WRITE 6658 729aafee-4638-4d28-8dde-43fa36674f9c
WRITE 1638 54899335-53f7-4092-9312-2c7e62947616
WRITE 5460 1b89dd20-00d1-4d24-b7f4-ad03d942f64c
READ 4230
WRITE 0262 9b45c049-7309-4659-9a9c-4a9cb94203f7
WRITE 1687 2fa79f96-d6f1-45f2-bfe4-e75333f25f27
READ 1012
WRITE 3217 23bceec8-044f-4762-ba0b-64c2d5d6d1e4
READ 3766
WRITE 4303 3dd6ba35-85f4-429f-a8ea-e9c77254e7ff
WRITE 2322 9f87cc83-8f59-4835-8431-3d7abea01e2f
WRITE 6226 323ebed6-100d-49ef-a6e6-2ea45badd061
READ 3571
WRITE 2297 37d1344b-78a5-45bf-b284-801dafc7991c
READ 1408
WRITE 7712 13fb921a-94e2-4945-b77c-7ae9cb53d6f5
WRITE 6940 ed281f8f-4a07-4720-99b1-4bcc90bc12b3
WRITE 0464 74a4b774-130e-4ca7-8d6b-b740b9e1c467
READ 1123
READ 4687
WRITE 0262 71e3e684-5412-47d2-8a3e-4f7ed08a8100
READ 5349
WRITE 1823 99b7384e-2925-449a-8828-bd45150bca6d
WRITE 4090 5278a288-0369-4ff4-a1fb-93109d1fc14f
WRITE 7020 fbaa2bd7-e0b2-4f5c-865e-160e0824f11e
WRITE 6223 acccd0da-fe85-4a94-a5bc-8d9690597b4f
WRITE 9496 0f794c33-a111-4d5e-8cfc-9509e2db1534
WRITE 6626 fee9c648-a1a6-4bf9-b843-188ed004a4e6
READ 7222
WRITE 5373 657738c6-bdea-4744-97ab-540a7a45faec
WRITE 2523 cd4a6392-11e0-4536-b575-aaba6f1d5713
WRITE 6375 3e3bceae-29b9-447d-a924-d3f18500c6b9
READ 7867
READ 1060
WRITE 4481 fcf02e47-071e-4914-8ff1-0f389917f001
WRITE 9547 67c29b6e-74d3-4724-bd24-86172d770eae
WRITE 5148 27ec5544-d5ac-4012-8ff1-f3c71294ff1b
WRITE 8579 de04d191-397d-4a65-bd77-c75ed32e463a
READ 1206
WRITE 6399 36688b90-7a91-466a-a05f-01ce3d8917b5
READ 7861
READ 3101
READ 4247
WRITE 6963 f94ebe4f-8949-4f02-8b6a-f74cde6abf74
WRITE 4274 8b8aef06-4527-48d3-89a3-b1b46fb3c5ad
READ 8227
WRITE 2861 42812c58-9498-4c0b-b609-5957240d9610
WRITE 8287 3cde45c8-5c89-4da2-81c4-626fe012bccd
READ 7982
READ 8269
WRITE 9237 d5043fb6-fe4c-484b-ba84-27b3df16a734
READ 4014
READ 1919
WRITE 1950 ebec6458-ac3f-4330-8ecb-9b789b05a24f
WRITE 3501 52dc63b5-39c1-47ed-bae5-09d4f279aaad
WRITE 7067 61b41cfc-9f8a-4e74-9544-912094f16fbc
WRITE 1116 063b244a-a874-4147-8f2c-e3ffa9699c6c
READ 0433
WRITE 2078 4dd9e76a-261a-4089-8926-e5a08da455f4
WRITE 5295 50ab28d1-c27d-485e-b053-df5f5982dade
READ 4810
WRITE 2799 97ee95d6-458a-4239-bac8-cfef52154ef7
WRITE 2485 55f378f1-4bfd-4afe-8562-d4114e7136e1
READ 9963
READ 1616
WRITE 9969 1e0139ec-f34b-4d21-977e-a22c16a28cc6
WRITE 7024 68e3e137-1b8b-4aaf-92f6-1fb2b4ae6c68
WRITE 3008 3f1129b8-431b-46aa-aadd-b8f27f347c63
READ 9179
READ 3616
READ 2955
READ 5788
READ 4747
READ 6582
WRITE 0680 02b1af44-624e-452d-ba48-1fafa20fc876
WRITE 3552 9d2c72fa-7e8d-407b-a6d7-945a03688c32
READ 3921
READ 7661
READ 8892
WRITE 4919 46edda34-dc29-44ba-9a6b-d03ee8dbcddd
READ 6899
WRITE 4780 2757600e-b9c0-40d9-97d2-153b8a768245
WRITE 8378 3f8d8462-9dc3-4746-afca-d5c0e41e8899
READ 1263
READ 7771
READ 3632
READ 9222
READ 4921
WRITE 8296 3f38308e-9c40-418e-b328-83a64b93a685
WRITE 9029 dba0ff9c-794c-400d-98f2-23dbe92ad057
READ 8855
READ 3235
READ 0798
WRITE 7898 f8a918d6-3f57-45e2-b38c-a4e7eaa43df2
WRITE 2132 fbbe4e55-d9c6-4b24-8d82-5c74162e1d11
READ 7493
READ 3502
READ 4986
READ 0997
WRITE 6658 081f72bb-ed55-4e80-95b4-1c81b956253c
READ 6429
READ 0213
READ 8413
READ 2111
READ 7418
WRITE 1414 f2785df2-6de3-4801-b5a8-1652f300a98e
WRITE 8949 5612e490-1e4e-47f5-a51a-f6934d596356
WRITE 2009 ba6f9891-0a1a-4518-bc3b-6898b39285c3
READ 6926
WRITE 2093 db8ca3a0-1447-4e2d-bbf1-86c8a8647a4f
READ 6082
WRITE 0501 5e0754cb-da5a-458f-a216-fcf5e07e34ca
WRITE 6879 eb46ffaf-fee5-47f7-b284-b3635f3f327a
READ 7148
READ 3064
READ 0107
READ 1742
WRITE 3773 ae00eac3-cebe-42e6-8cd9-18075e138a26
WRITE 7674 392dd3cc-70a0-4490-95b8-0ac9b79a34e5
WRITE 0251 0fa866cc-d04e-4395-bf14-6c7bd86f1b17
READ 0080
WRITE 5185 943b8f9e-04e5-43a4-b802-d43f022eb6fe
WRITE 7748 a4f4e25a-da8d-4af0-bb94-9154773e2c29
READ 5781
WRITE 2016 023c3339-548c-4e9a-bf0b-411e6443dbb7
WRITE 8883 2bbe1865-509c-402b-a7a5-f91decdff96f
WRITE 8058 4e6b0a23-ba53-4ff9-baf5-14607502b9aa
READ 6852
WRITE 8509 6905d958-675c-4a97-8d76-1dd82c77ed4d
WRITE 1665 1fbfdd3e-a4c9-49b5-89f7-20a8fbe4095b
WRITE 5274 a614ff96-72f8-441e-b843-f0e2223d07b5
READ 8323
READ 0078
WRITE 6133 cfe7c59b-e203-47ce-93d7-0a93be0d5371
WRITE 2281 b274418f-33e1-4a32-84d2-16fe13132118
WRITE 3586 5034b67b-7694-4ce2-ab1c-04858e56a1aa
READ 4626
WRITE 5150 c02ab37e-e713-4e2d-964b-a04f6dc3520a
READ 3374
READ 9460
WRITE 1636 64ad2245-2b94-4b95-9eab-f691b8848fd3
READ 3250
WRITE 6462 3fd9c9eb-8181-43ce-86bc-d7b241e37835
WRITE 4928 14545a9b-3c0f-4a20-8f5e-025452ad28fe
WRITE 8369 2b80e9a4-041b-4854-99f3-7445342f7092
READ 0326
WRITE 2725 c3f9058b-0dca-45be-9899-c1c139b7e425
WRITE 9758 eac42333-aef1-4a11-a4e0-5f87f27ebbe7
WRITE 3620 6dafc1cb-a592-465f-b679-f1137da45516
READ 3421
READ 8224
WRITE 8569 bed13164-2ed9-421b-b44c-5d078c9d48e4
WRITE 9176 b7f88367-54ce-45d2-9e43-a435cec82523
WRITE 1544 3bb12a90-32b0-4db9-a247-14688684d395
READ 0876
READ 8571
READ 3770
READ 4603
WRITE 4698 7b66667e-b9ef-40ad-8fe5-f344885b7e01
WRITE 0519 fa8e0cde-5f6a-4768-b5e4-99c252ad925a
WRITE 5933 5484b00e-8482-4d5a-a83f-05de8911b249
READ 3181
READ 4210
WRITE 2817 7f298103-3db3-4954-baf9-4410918c5082
WRITE 1363 36a73025-632b-488a-97bd-1301899648a5
WRITE 4067 226adf5d-be62-497d-ba09-5db9b92441b9
WRITE 1465 f247a231-2f81-4afc-bc54-c7d127e3a596
WRITE 5118 9f2391e8-0e02-415f-b337-9d332fb64d9f
WRITE 2932 ddc2c0a4-58f8-4112-b6bc-3f33bc9ea662
READ 7440
WRITE 3605 34352e06-4434-4fc8-acf4-9ca152d75352
WRITE 2987 1c889be6-d002-4cf9-ae7d-eaefddaeff6c
READ 3299
WRITE 0730 05c9e4b5-2de7-45e1-aac6-3d3cf863f6ce
WRITE 4499 2a1832ab-58c1-482f-8c7b-61a51c797625
READ 7341
WRITE 2816 3f8b8ada-d1cb-4c40-9468-14b975648a1b
READ 9046
WRITE 0625 cdda5932-7bfa-4aa6-a051-472093c013b5
READ 3253
READ 8452
WRITE 1571 e43a2b79-f45c-4e6d-8dbc-8372cab6aa6a
WRITE 2617 169bca03-7eda-43a1-9b2a-7d66eb72ec3a
WRITE 0383 c456d55d-935a-4685-8d73-b20ed0f0a039
WRITE 0060 fdbe643f-09fb-4552-824e-0b63e627b56d
READ 3900
READ 1422
READ 0170
WRITE 2948 a6178c68-5b30-4f63-b9fe-67b2393053d7
READ 1520
READ 0285
READ 1278
READ 5052
READ 7297
READ 3516
WRITE 5775 b2e36e3a-710f-4b76-b6d8-10b968b67a4a
WRITE 5906 1189dc67-5a5a-4273-8175-82e42ac314b9
WRITE 9205 e96df25d-2d9f-4cfa-9b2a-3691503dab15
READ 6161
READ 5659
WRITE 9549 1ce9a065-473f-4569-a782-86ad92933066
READ 8655
WRITE 7946 9f06ae04-6ddf-4dfe-bf99-63265d57b354
READ 4161
WRITE 4314 468b5331-9524-46d2-a9c3-168c6ddc32eb
WRITE 9062 4d860846-f541-42e6-81f9-60ec148b6899
READ 2743
WRITE 4652 b7143ee0-26f9-49bf-a0d4-df982e9969ed
WRITE 2035 00849bab-c16c-4a07-8687-901e1325c063
WRITE 4282 029a5bb2-fd84-4158-a9de-9164d75c47fd
READ 8172
READ 6426
READ 5578
WRITE 0421 863b8701-3a7c-4a1a-8ab3-2f945a4b4329
WRITE 2450 8e635253-af40-4952-a144-af9592f8ff36
WRITE 1684 5dfe09ef-59ed-476f-be8b-3b8c4006d47e
READ 4419
WRITE 1205 6cb34349-6f80-4073-a879-856114d5b70d
WRITE 0225 219a4073-e870-4d00-849a-0c67628ce451
WRITE 1605 3008cb04-9895-450a-b3ba-33604b8ad59a
WRITE 3758 6382de0d-2e70-4b44-9327-a7b9a1badfd6
WRITE 8442 55ee8ba0-383f-467d-b4f3-8c0c8ca7b0a7
READ 2510
READ 5406
READ 6577
READ 5172
READ 4348
WRITE 9120 09ff5e50-b35f-452e-be97-f605182393cb
READ 9821
WRITE 5776 f2015354-1297-452c-be47-b27c6bbf85ab
READ 8711
WRITE 3778 66ffe56c-aeaf-40e0-86cd-5adb2f86f395
READ 7236
WRITE 8147 f127036a-8966-456e-b6f0-d9d13b75baf6
READ 8700
WRITE 5711 d7127949-cc4d-483b-b59d-a1c09694b437
READ 8345
WRITE 4233 7d2643be-bd5c-4157-835d-29469d8b9da9
WRITE 6194 3c1a1666-bee1-4d94-bbe0-071e35529b74
READ 1028
WRITE 2774 f77df555-87dc-4c58-82e8-c97b6a2b42ea
READ 6072
WRITE 6213 476bdca5-f804-41ba-a02a-9e59ff4a96fd
READ 2242
READ 7222
READ 4426
READ 1767
WRITE 7935 14b34978-520a-4e00-ae42-b04ab84604de
READ 4721
READ 1675
READ 6105
READ 9520
READ 9582
READ 7204
WRITE 2130 59a6b2ce-9981-4026-a798-5a677a7f9822
WRITE 8351 9ff2b8e8-23af-449c-9aed-efd8af4ac2a9
WRITE 6162 f9dfbb12-9e26-4864-acf1-e363d4f45f79
READ 4516
WRITE 3705 16f37df2-a90e-43b8-a01f-a29c778586eb
READ 5326
READ 9023
WRITE 9049 57228178-f023-4a39-87a8-7f50900e55ce
WRITE 2168 f539d502-f486-401c-b224-c6a79d4c1d4f
READ 7993
READ 8859
READ 6498
WRITE 2534 6f1bef33-cc52-4337-8a3e-3107b49ac595
READ 5154
READ 2121
READ 2419
READ 4177
READ 8677
WRITE 2756 7f3b7baf-05a7-4634-87b6-77a01c08aafd
WRITE 5536 1330b294-e3db-426d-9243-2ed4a031ead7
READ 4734
READ 0554
READ 8219
READ 6659
WRITE 3283 c6fe14e9-403e-4ed3-87d4-4be253f15156
READ 2737
WRITE 1624 32110905-0ab7-4022-a9e9-e9393461a8e9
READ 8435
WRITE 6652 0912d1f1-caf9-4b13-bd79-ccf0c1f3e406
WRITE 4321 841ce8b6-0620-46e4-aa1c-050c8777caab
READ 8608
WRITE 3098 4b20d9fb-1994-4bc2-a8ca-76108dc57b6a
READ 6967
WRITE 8409 7effb9e1-94d0-4410-a2c4-62f5a169fc10
WRITE 5951 80d3e58d-3756-4709-9422-6b9f0024ff96
WRITE 1342 956ed5f2-1d66-4813-805e-ca7eb81d2d79
READ 0963
READ 9052
READ 4574
WRITE 6902 53642bc9-25c3-46de-bba8-ed16bf98a7f2
WRITE 4354 5e90a597-903a-47de-b3f6-8a42cec6f13f
WRITE 1071 76a80620-27c2-4c4c-804b-5d07e7b06f27
READ 8476
READ 0209
WRITE 0679 ba6e96c0-1ac6-480b-8005-8a4cf6b7fdbb
WRITE 1432 3fbbfc54-2a48-4cb6-870b-796136d2d91e
READ 4128
READ 5950
READ 4254
READ 7540
WRITE 6901 75726e31-44a6-4523-bf88-055c213ff361
WRITE 3756 d2d2284f-97d5-4a43-8c71-ee143290a0ec
READ 1261
WRITE 3268 493d73c8-8b5b-490b-847c-aa25f9756636
READ 9339
READ 7264
WRITE 5544 8606a8d7-cc2f-4824-9adb-f51428abe367
WRITE 4076 7d0596e8-fbe8-46c0-ad99-4235e331ab65
READ 7245
READ 1933
WRITE 5019 189dc7c7-1bcc-412b-9d5b-da8316ebd2b4
READ 0844
READ 3932
WRITE 7958 8d8b3caa-df80-4f86-8a5c-78eaefad9231
READ 0651
WRITE 9707 58c1d4b6-1a19-4f4b-8b2f-0bb254b5c590
READ 1343
READ 0228
WRITE 0810 3f3387e8-8f9e-48dd-aebf-5a85978a5078
READ 4954
READ 4712
WRITE 3823 bb538f05-515b-4e91-9ead-eb9463c90aeb
READ 5981
WRITE 6655 f755dbf4-d869-4917-a2be-5ad8e0af4867
WRITE 6889 c138596b-1ac9-4fcf-8f96-ff00e00e81ff
WRITE 3863 a8defa84-7cb9-468e-9ffd-1b85d62a30cd
WRITE 3756 e63e1896-589c-49a7-8b0c-77926cec74cd
READ 2100
READ 6908
READ 3057
READ 9251
WRITE 9322 14921a15-23b4-4dd2-92e8-abfc1e3f0918
WRITE 6465 730002bf-9cfd-49b9-8221-7da9467fcc3b
WRITE 0655 8c131034-0e88-4411-87f3-f2adb4c814c4
READ 9900
READ 6200
WRITE 9165 418205db-cf34-46f0-b790-ebb8c411e382
WRITE 4876 3ecc2ccb-42d3-4099-bc2b-d82a09f32081
WRITE 0019 9c4e85c8-d691-4de1-923c-1c3fe640f9f4
WRITE 6025 6fdda717-136e-4aec-b30f-9ef5375b80de
WRITE 8221 d26c1cef-d707-43b4-b4fd-9da9009bea45
READ 1026
WRITE 6950 1c0927a3-58b8-4302-a7ba-c6c2ab545965
WRITE 6837 96d75f35-46f2-4864-b487-15799f6d79cd
READ 2685
READ 1591
READ 9046
READ 1489
WRITE 2889 f313f25a-8e3d-421c-b369-5b422c209b2a
READ 3628
WRITE 7710 93f9d52c-28f9-49d2-9fbc-f95660a51e8a
READ 8538
WRITE 8181 50590f6e-2986-4810-b0f8-f87553dcc9df
WRITE 2502 4c79c975-5548-4ac6-9c4b-28d0e868446f
READ 7088
READ 4554
WRITE 9378 dea155ff-8fd0-407b-8c82-c17ba15473bc
WRITE 3812 35a69306-d1f5-4b9b-a191-9cf98b1c1a9b
WRITE 6527 85e93844-8248-469c-b0e8-cd249e6aa2cd
WRITE 3259 cf1f4e78-fd8a-43b1-a839-7c8650f62c96
READ 5409
READ 3477
READ 8920
WRITE 5228 382ffce8-0dbf-4239-ad28-40540475b0cc
WRITE 2479 c49bc37d-bcb7-48ed-977f-b63084f20a8d
READ 3122
WRITE 2232 441e56eb-7a40-4757-b467-dc082f263f02
READ 5212
WRITE 8929 f78316fc-896e-47dc-9b9c-fdca5783bcf9
WRITE 2138 a0378bf8-a5b4-4cc5-bfba-209299ec27f9
READ 3651
READ 3563
READ 6427
READ 4234
WRITE 9261 397e9ed4-a215-4958-bcdc-743f6f8ca053
WRITE 9824 59a7d381-d9d1-4a9c-867d-1a3a86142670
WRITE 0788 fedfa415-870f-45a7-b4be-b87b5abea494
WRITE 0956 19b10245-0ab0-4a35-bc38-089ad75f817c
WRITE 5944 63b73337-1834-46e1-9bcf-8bff0817b8b0
WRITE 4393 205805a1-efb2-4ed8-9c23-358db6375f19
WRITE 1078 8cceced1-a50b-41aa-9174-8460afae5dc5
WRITE 0460 7c4c60eb-0f96-4897-8bb9-499feade853d
WRITE 0935 23523a03-27ef-4d05-bf59-8138f03f7602
WRITE 5354 9aa76514-19c0-4ee1-a662-e26ed9a03986
READ 7544
WRITE 2178 677789f7-3340-4ed0-8832-3bcc26678e5b
WRITE 8194 d8cefcb6-e63e-4c1a-9773-2e2b859413cb
READ 5142
READ 1295
READ 0317
READ 3541
READ 7816
READ 0206
WRITE 8716 bce74ee2-2a3b-4176-b136-0a4db6c770af
READ 9495
WRITE 2532 b1dc0e03-095f-4687-b8b8-5156869d41c0
READ 8625
WRITE 3353 d0d63bf9-17ef-4e07-be56-eaef5e9a0766
READ 4489
READ 7651
WRITE 9193 f49cb41a-9c2a-4a64-aca7-c51694f0e385
WRITE 9213 7dbdc087-dc1d-4463-8c53-ced76ffc369c
WRITE 6316 ee82497f-fbd9-491d-99f1-e8437cd05c10
READ 9311
WRITE 3633 37021cef-fcb3-474d-b508-0406f33dd18b
WRITE 3545 05e5a2a3-150e-4ef7-aa22-64b456b3ab8b
READ 1183
READ 0769
WRITE 1553 608165e1-b513-4011-812f-6cc9265bba86
WRITE 0336 d1a7fb5b-1d1f-4c5c-a826-e1a447d5be7c
READ 5849
READ 2242
READ 6625
WRITE 1700 c2f27ccc-ad86-4fea-81cc-9dd665624ec5
READ 6477
WRITE 3576 d3c8a7bf-9536-4d4a-a4af-b913789bacc2
WRITE 0292 2191d42b-9781-4061-956c-155e37ca74d9
READ 7816
READ 8008
READ 4344
WRITE 6433 80818943-ddab-4840-bd0e-cb59e08530ba
READ 7712
WRITE 2540 3c828a3f-f22a-4a78-bd8f-5ac1520a7a68
READ 3721
WRITE 8194 e4d7e59e-1956-4ee9-b818-cb14b8304bf4
READ 6405
READ 1785
WRITE 5025 90f200f1-4176-42ed-a938-ebeff64265d5
READ 0975
READ 8873
READ 9710
WRITE 4951 3429ccdd-9b3a-48c6-b96b-dcd615fdb7f1
READ 5044
WRITE 2597 41226936-e21a-4265-9838-c09f93616f17
WRITE 8797 3296b0e2-ab2d-41ca-8e4f-eecdafa4f7fb
READ 7703
READ 4888
READ 6566
WRITE 0674 38a3651c-e464-4ee4-9be4-3b3852146a12
WRITE 2962 71dc9229-cbb2-42d9-8048-2a02cb83c1c6
WRITE 1396 642a523a-22a5-4119-86d2-e27a1edf3b80
READ 5813
READ 5293
READ 3083
READ 8415
READ 3316
READ 5093
READ 0286
WRITE 2368 a5b888dd-08d2-4fd6-989c-4218af11748d
WRITE 6040 65fac248-8387-4c6e-ac65-e3bd115fa1bf
READ 0635
WRITE 5423 f3a7bc06-54a3-4a1b-bf8c-562109f5f22a
WRITE 2219 d899f2bb-bc61-44bf-844f-74ffebe8517d
WRITE 3938 7b1933a4-eaee-40f9-993d-cb4bad960ab1
WRITE 0847 073f8077-6643-40c4-92af-b8c0035d0da3
READ 4989
WRITE 8660 2e9ac0ed-8d11-413f-9520-366383545eda
READ 6041
WRITE 9463 841e959a-c1dc-49b1-8ceb-741e08cbbfe5
WRITE 9270 3e827abb-a88e-4acf-b583-f5af0c30b3e8
WRITE 5612 b3f7e865-3192-442b-b98e-d6f870c93557
READ 0255
WRITE 7037 ade64d30-a7b1-42e8-a2e6-6f2823b8b6bf
READ 8676
WRITE 4280 3d30adb5-8547-4906-a844-9373980e8f90
WRITE 9479 ecc780a0-1b6b-4ff5-9add-d7519d62a3c1
READ 5060
WRITE 2229 9f4b9df6-ffff-4b21-a12d-3d747a5a20c4
WRITE 5161 b0db8c9a-ba33-4776-a022-33f87ce22f3e
WRITE 3475 ff38868f-09ed-46fe-b74c-0af1beaccb69
READ 5483
WRITE 4638 7a4d9038-c1f5-48f9-a225-a03edfa05535
WRITE 5702 f08fd5a3-ee67-4fc6-aef1-1b2b9243599d
WRITE 0936 2ea5fe69-1439-412d-ac95-5c376bcb4a85
WRITE 4992 d11b0d10-aef7-494d-b0c2-69156914a9e4
WRITE 5234 01ee0e07-01c7-49d8-9cb5-88b3ea3a982d
WRITE 6718 f776a8ac-a012-478c-a905-164e240a715f
WRITE 6697 7b8993e0-b167-44e7-af60-745b91cc1ba5
READ 2233
READ 5011
WRITE 6285 55fc7eba-58b6-46e9-abfe-01063c625663
READ 2767
WRITE 8216 aebdb400-f9d4-43a5-a57a-7e5c1c2ad66f
WRITE 2804 2abd6bfa-9f0e-41e0-bcac-c541bd2cf6d1
READ 3612
READ 0214
WRITE 9885 de27fb59-c102-4069-8dda-7ce6045e0123
READ 3695
READ 9100
READ 3326
WRITE 0228 e3b68dd3-b858-4d69-9f1f-8a202c71c581
WRITE 2798 df1aa35a-b648-4956-8120-ae9da67a9b30
READ 8642
READ 0977
READ 5660
WRITE 5719 8247ca2d-de95-4191-9e0d-84b34f14a69b
READ 7477
WRITE 0118 8684a14d-7403-45ba-99cf-c59e689d117e
WRITE 0518 b0b15ea3-669a-4241-9e7b-ab2ebbb6be03
WRITE 5532 b434848e-294c-4a7f-b142-96f92ae09c37
WRITE 3107 4cc977e5-04df-4f86-9037-77b9bdf3df43
READ 8881
WRITE 7221 21fccd39-542f-4429-a47a-0a5cee3444f9
WRITE 3341 92d7d72c-9cc8-4029-9f9d-8b1246a778e9
READ 1085
WRITE 8108 98b92fae-6236-47e6-81f9-47321889380d
READ 7487
READ 6710
READ 1951
WRITE 1369 cd7f7b11-d02a-4730-bb82-07f060129289
WRITE 1355 36c14897-8603-4c99-8e5d-01e065ac7ccf
WRITE 5667 51a80735-2f47-4d07-97de-b88a032a92e7
READ 0278
READ 0456
WRITE 4520 4d1efb25-f3db-44d4-aa06-aa315fabb33e
READ 2597
READ 2914
WRITE 4546 022b5add-af58-4869-b0dc-4f174556c599
WRITE 4703 45906a00-8602-447d-a09a-487c37969beb
READ 0802
WRITE 6426 009654b0-d313-4075-b0aa-166cd7a0ee66
READ 4752
WRITE 3574 79e7c355-084b-4bdd-bb4d-309f7c9e1319
WRITE 1420 8a8811dc-470a-49cf-afda-d959cc6f8f66
WRITE 4637 5b672df7-d439-4bf6-8f7f-1e6be892c561
WRITE 3735 7e0974f0-8958-497a-ab47-78d411f57233
READ 0418
WRITE 3564 5436cd99-5e1d-4299-965b-d983aa8ed0e9
WRITE 7109 67c69610-2b6a-4fda-a693-bce26eff7856
WRITE 6605 75a16a74-2df9-4ff5-9c22-7ec1d6481c86
WRITE 0657 b0402b95-df66-4d46-9cf1-14fae502301d
READ 8086
WRITE 1611 3f0e22e0-ff9a-41f0-91d9-d80ef71215bc
WRITE 2094 681cea97-62d7-45dd-b386-403aeff2a583
WRITE 8574 0d4fec1c-9316-47ba-ada2-992040fd4f06
READ 9373
READ 8296
WRITE 8885 5322ea34-c34f-4c2d-805b-d607c69d541e
READ 0940
WRITE 7175 8ebc4e4f-88aa-43f8-9de7-9fc3758ccd33
WRITE 9253 01caf0e1-fad5-41f9-a8a3-c8aac68a87ca
WRITE 2223 7a11d11c-aa97-4e24-958d-111e75996af1
READ 3225
READ 8300
WRITE 4359 a44569b2-f2c1-493a-83b9-8f7057ff64f2
READ 6312
READ 0663
READ 4597
WRITE 5915 bc5b83a0-aaa0-42e9-a74e-9f0662e78be0
WRITE 7354 3f7b436a-cd69-4da9-961d-0cfa143addee
READ 7434
WRITE 9409 93c08e66-92e1-46ec-b8ad-26731aa9736c
WRITE 4675 2db217db-487b-440a-859e-d16db9da162e
READ 9021
WRITE 2145 de75dc40-c747-4538-989a-3c8f8b933874
WRITE 5357 7d3d1940-878c-478d-b113-1e05dfa6bc75
READ 5664
READ 4063
WRITE 5893 d58d25d4-1aec-4927-9c10-2bc67bf38b72
READ 6154
READ 1649
WRITE 4183 169c59cb-412d-42fa-88ba-8612850146b7
READ 8857
WRITE 8049 284346f0-e515-4c8e-b387-1877072a1fd9
WRITE 4877 bbbf07af-5368-4be8-95c1-6bd82e6cf4a5
READ 0226
WRITE 4451 970f7782-5f8a-4a59-912d-f1cf84a2412a
WRITE 6860 286dafb9-d5d7-4238-9ebf-b2e4cc45fbd3
READ 0553
WRITE 8490 4c482228-3b30-451e-bad5-f27224c24eca
WRITE 5565 a5ec5d92-9814-4e1b-b43f-55c583961add
READ 8534
READ 0111
READ 5292
READ 4580
WRITE 6185 b57cf618-7dbb-4dfd-be8f-02de12e95d9c
READ 5041
WRITE 0463 fb36276b-773a-41f3-9840-f9d07e29a742
WRITE 3630 81639279-1077-48cd-9ef7-4348331581d1
READ 2669
WRITE 0522 7eed76c3-1a28-47b3-872b-d8931015a78f
WRITE 4215 3ddd94a7-0a9f-4044-9310-00adbc3293f9
READ 3654
READ 4314
WRITE 8361 759b92a0-bd2e-4f8f-9799-564a1cf9dcd2
READ 4360
READ 2748
READ 7861
WRITE 1004 dd433104-bac1-438c-8869-72f92fc89b2e
WRITE 2442 00b8a7f3-816e-4db0-94cb-9431b1000bb2
READ 2387
READ 2935
READ 0856
READ 9765
WRITE 0040 68e8534e-5b04-4350-ae16-2e0f36924168
WRITE 3554 0eeabc60-5b90-435f-a9b2-f1dc4c8abce7
READ 6146
WRITE 7139 103d9e92-3833-44c3-bc29-a4fce815464f
READ 8976
READ 3747
READ 9651
WRITE 9554 fbbe7bf0-9f7c-4b3d-814d-1840c407a3bf
WRITE 6086 01fd3aa4-8619-410c-b914-9e94f0800344
READ 8850
READ 3178
READ 3159
WRITE 4801 b8497ae5-0c6a-4293-9b89-5f0bc71db024
READ 6137
READ 7190
WRITE 7991 3510203a-1b17-4b9e-85bf-f4cdc1a48e4e
READ 9797
READ 4821
READ 5017
READ 1341
READ 7559
READ 3380
READ 8744
READ 6294
READ 7243
READ 5808
READ 8427
READ 1814
WRITE 3865 301ece6c-1f99-4c87-99ee-f18b2e8b7d36
WRITE 4666 336af58f-4ecd-4c3c-9a63-dee4100f5f64
WRITE 2487 7680088b-a8b1-4a63-a39d-3f3f3fbb1512
WRITE 5748 e978229a-c1e5-4a4e-86d4-61e3ca001323
WRITE 9868 2aa643ff-9502-487a-9356-ff67a7b3850b
WRITE 3017 f97ec2b0-92c9-4119-b7d6-6c8c5b54d46d
READ 7236
READ 9822
READ 3822
READ 8004
READ 3149
WRITE 9047 67a616f2-ba7d-4e34-aae5-5ee2d31481df
WRITE 8528 59140aa7-aa08-427b-9260-dd375bc138c0
WRITE 4460 7b4500cc-aa5d-4b4c-bbe4-a279bd1d57da
WRITE 4444 e284199c-d36f-4eef-ad4b-c88065bc849a
WRITE 0625 ff7db731-7808-4682-af0c-4b6325ea1800
READ 1266
READ 8408
READ 8771
READ 4612
READ 0377
WRITE 0817 016123b4-5cb7-4230-aeb1-645ceba7dc27
READ 7087
WRITE 9240 4d343e1b-7589-4c4d-99e0-334cfef5fa7f
READ 0247
READ 2740
WRITE 5560 8edf61ca-7508-4aa0-87e1-a4808f0334be
READ 7196
READ 6849
WRITE 0000 02458887-002d-42af-8437-ecfb7917d4da
READ 7853
READ 5430
READ 7629
WRITE 8770 8a8632b4-b766-4ea5-89f7-b1435b600c8c
READ 1173
WRITE 4282 db239993-8055-4f7e-a6e8-e23c847b9257
READ 6970
WRITE 6476 0414bef8-34d1-48c8-9fed-77504eb93913
READ 7786
WRITE 0070 4338364a-88c7-4233-bc99-724c7e5f1ab3
READ 0661
READ 9295
READ 6610
READ 0596
WRITE 8808 e2b28ef1-b23b-4067-a730-34c12ead87b0
WRITE 5019 c72a90d5-dde9-4506-9476-9a7b060eda98
WRITE 9679 4934065d-6d9a-49a1-b800-c331a3546394
WRITE 4650 0c91dea3-251e-456d-a121-b1ff5ad24a9a
WRITE 0114 e05983f4-26fb-47ce-9b3e-994f4ffd9d94
WRITE 7796 60c994aa-6612-4033-bafd-fb790d3b6889
READ 4311
READ 6967
READ 7392
READ 5826
WRITE 0499 0cf60b75-221e-4320-a1d9-9d017e49e3d1
WRITE 2810 329150d7-12dd-4351-889d-0c365ce4eb58
READ 5876
WRITE 2293 813ce653-134f-49ce-8757-b3793964ddb6
READ 9229
READ 5650
READ 5143
WRITE 4971 af2b6a71-9099-43ef-a9a4-56460138934c
WRITE 6465 9ec8d064-d34c-42c3-980d-dd4cb7904d97
WRITE 1059 ea065e42-a2fe-4ece-b70b-41217327fa92
READ 1527
READ 9642
READ 9077
WRITE 2980 f57640ac-e11c-435c-bba5-6034b9e1fa0f
WRITE 9702 c72f1556-546d-4f93-85aa-024281544adb
READ 5712
WRITE 2050 c9d5d6a6-9dcb-43a5-b867-21276e1a2494
READ 7025
READ 1064
WRITE 0344 48afdee4-7780-4252-b7f9-721d4cecacbb
READ 2370
WRITE 1131 1bfe36ea-3b1a-4b4c-a4c6-8c53b4fb2c0c
WRITE 7291 8cf0b305-88de-4c1e-a99d-fb62df310029
WRITE 0331 d0716415-7fa4-4e39-ba12-b8df8baa740c
READ 4083
WRITE 1322 97783e1e-28bd-46e2-b5a6-d803417add3c
READ 3306
WRITE 9152 0abee27b-e10e-4ea4-95d7-50320b272246
WRITE 5760 56149e2c-e7d3-40a6-be1b-bfe6af7fcc2b
WRITE 1001 23a62801-43c9-4ff8-9fdc-a526a6c0b0eb
WRITE 2121 dd6ee9ba-e8f4-46bf-8ac1-69cc52c8978e
WRITE 9923 c9ce05cd-fd03-46f4-8e18-bd665666d3e7
READ 0983
WRITE 1262 a941b024-668a-4bbf-8716-4327d9ac284c
WRITE 0748 082148ce-4dd2-461e-b183-6e611ad1de2e
READ 8709
WRITE 4198 ff69d66d-d0c8-494c-b95b-14647d7b45ac
WRITE 3502 18219963-c047-4c6b-bdc0-e0bfd13b767a
READ 9235
WRITE 3998 3ce56da1-54bb-4c88-a27c-525156d49956
WRITE 3480 9bbac017-f377-4c2d-9570-1ca3ba0c5e74
WRITE 4703 7097c35a-f014-4a2a-8ca2-00b913ad3b40
READ 9433
WRITE 8182 679a9cca-8a29-42ca-8137-cc330189f21e
WRITE 3982 451bd92d-50aa-49cc-bced-905d4a96c6b3
READ 8945
READ 2930
WRITE 0239 04bb71c3-0a71-4f56-adda-ec1ebe5b99ac
READ 5215
READ 5356
READ 7997
WRITE 3672 565b09fa-ef58-4edc-8750-707c6350b011
READ 9373
READ 3228
WRITE 4307 0dfafdb4-8ba7-4e2f-89e9-8cfaf6751a07
WRITE 6468 7fae20ae-bdc7-41ef-8ac0-72792265af12
WRITE 0593 f3bc4d7d-da02-4356-a784-7521fbe2992c
READ 4008
READ 8994
WRITE 2684 f4ee800e-a12a-4241-9fba-0df1744b6b14
READ 3067
READ 4815
READ 7927
WRITE 1119 ae2b164d-fb07-4670-adca-e5066f9c5e32
WRITE 3887 a36e69e4-34a7-450f-834f-f986dacab030
WRITE 8752 e676df51-9aec-4132-91d4-4c4771b89c8f
WRITE 4514 1ab0a3f2-ae13-4310-9687-7ed4a4cdc426
WRITE 2713 25a9d7f0-3f09-4b8b-b3ff-caab42031976
READ 2919
WRITE 9398 3ad7c5b8-d2ee-47f7-86c0-4bca512716fe
READ 6952
READ 4219
READ 2755
READ 6016
READ 2846
WRITE 0245 00e71f9e-9bca-4e58-8163-73a963ec139b
WRITE 2650 e2b24766-38a2-469a-b8bd-41010c329da4
WRITE 6777 18956ed7-37f3-4d82-aea2-a39b860c247a
WRITE 8991 e846c326-deb1-4bc2-8190-b7b5ea832195
READ 6807
READ 3387
WRITE 7651 26a0493f-7899-474d-bf21-a4a13987a512
WRITE 3111 24b67d9c-681a-4ee4-8a87-b4504b635773
WRITE 3565 04179282-4670-4646-9072-b83816e48c35
READ 4075
READ 7797
WRITE 4865 34b34d99-a8c9-40a1-a065-740ac8c7c956
READ 5826
WRITE 8813 f7846f15-4d2a-4858-907a-dd2b47846fbf
WRITE 3283 a1115cae-9c35-40e3-98bb-af0cfb528c11
READ 4012
READ 3929
WRITE 3605 89a27064-6dda-4919-9f3a-e32ec4a487f8
WRITE 7762 d0bf8bac-3c1c-4c2b-b627-dff3b07b8731
READ 0092
WRITE 8448 c851bf6f-168d-4af5-9011-66a927df21be
WRITE 2256 825fe13b-5808-4eb0-aa66-8d46aec80fb3
READ 7079
WRITE 1669 9d35eba6-3cd6-452c-9f89-2b5d068f74b1
WRITE 5626 c450b366-d23c-441d-ae37-ed85557ccb81
WRITE 8755 5d9ff36c-520e-4943-b9a6-adf86e9d79aa
WRITE 1690 73111fb3-0342-43f3-85d2-168ce8d335c1
WRITE 8193 e4f429bf-a6ee-42dd-b0fa-8985ea171fc4
READ 5059
WRITE 4904 ec62ff56-e993-454a-a098-547e727b6b18
READ 7332
WRITE 1228 6a0742f3-eeb8-4995-bfd9-a60815f6e113
WRITE 6186 c5fe33e5-bba3-428d-a7ad-0d21cb9886cd
WRITE 5314 a675f511-ed45-4007-b5c6-69855fd9fcaf
READ 8782
READ 1636
WRITE 0263 8a8013ad-640e-4e52-8ceb-2e150d0211dc
WRITE 2278 9a51ad4e-c7a4-4042-8e74-30cd7ab3f4ee
READ 4298
READ 6491
READ 7432
READ 5036
WRITE 4421 e11b1b8a-9846-4788-bed5-3578bd0f1185
READ 6559
WRITE 0440 404c7b03-bcd6-4dbd-8a18-1c7b24dedc7d
READ 6530
WRITE 8482 e9b0065b-eacd-4bc8-b2eb-b10ee1db89b3
WRITE 5270 c2605318-3ea3-400d-8d6c-dd465487573c
WRITE 5548 55de00e3-53d3-4c48-9c86-7f1919f59691
WRITE 9940 046f8f94-dc59-4a88-a470-2a675cdb03f5
WRITE 6578 df4a27aa-767b-4119-8023-609925be7d8a
READ 2810
READ 3368
WRITE 4405 096dc196-86d4-4b33-9685-02ab9844132c
WRITE 8506 a7ea3ad6-6303-41a2-a2b9-b3ff42895917
WRITE 7073 dc0f8ec1-4675-4059-b662-86138e8bfdba
READ 9665
READ 8999
READ 1668
WRITE 0841 4c7e60b8-e402-4a60-96dd-5024ab9fd5c3
WRITE 2806 733dafd5-f3cc-4d15-a042-cc620259a4a8
READ 0664
WRITE 2248 1cd57aa8-9ed9-4e24-b014-064a6551e7e9
READ 3524
WRITE 1156 b3def88c-1baf-4b47-8390-d19b9d925f6f
READ 6650
WRITE 1426 5b4886e6-697c-4fff-a4a3-9c23ab626d7b
READ 2590
WRITE 6573 ba9c722b-3439-4411-bc36-5e24b557a28a
WRITE 0663 9f86680c-2ff8-4c76-aa53-551ec15a58c6
READ 3413
WRITE 7183 e995a8df-231a-4d11-af10-dbc6a8ac6908
READ 8253
READ 5645
READ 4246
WRITE 7169 2cf3020f-2d3f-4494-ac61-f80ddb51a0a0
READ 8064
READ 5824
WRITE 6999 c02ef080-e351-461f-b18a-3e60feb8eb53
READ 2970
READ 7699
READ 8695
READ 6850
READ 3304
WRITE 0215 67284b59-5b2b-4386-b824-3b1625ba365e
READ 2504
WRITE 6636 14e47d21-4fb2-4074-917c-767f177ca0de
READ 1269
READ 4451
READ 5832
WRITE 1528 e99e9e61-c676-4232-a01f-3d36a3649a4d
READ 4856
READ 9666
READ 8225
WRITE 9768 dd51981b-f79c-4adf-9cc0-99fa58f021bb
WRITE 6253 e97cb4b2-6f1a-40dd-b452-90f9c930e276
READ 6046
READ 6423
READ 3835
READ 2800
READ 2836
READ 0301
READ 6381
WRITE 3042 911fd99a-276e-4ca9-9c9a-7a1d423993a9
WRITE 3093 254a4f63-78d5-4e57-b440-e67737c1ec84
READ 1161
READ 8829
READ 1434
WRITE 0304 22a89788-261e-49f7-8f48-b6ec10d64220
READ 4300
WRITE 6487 5f3a8880-fdca-4451-bf36-c29e42a427ac
WRITE 5554 6e949997-2317-43c8-9ad1-8d5426196462
WRITE 5205 e6a111b1-8eee-4297-9589-04166dc71e52
READ 7431
READ 4891
WRITE 4034 a956993f-afc4-4fb0-9f01-97d1df563ac4
READ 5303
READ 8355
READ 5485
WRITE 4419 b45e2af4-1dc7-419b-b522-333d5e4edda3
READ 1001
READ 2608
READ 8081
READ 2179
WRITE 6954 95d427eb-efa0-4252-ab21-e135aadb3118
WRITE 0515 7a255b1d-ae05-41d3-86b0-26ee091ac9fb
WRITE 3748 ce230484-67cb-4e48-899d-14b451636217
READ 5062
READ 5298
WRITE 8294 00ba02ad-db7c-4995-b132-6b6e543c5b02
WRITE 8453 606b5f7b-a5fb-4b00-956a-160b53768b62
WRITE 4019 9ea9b89a-dfb6-4a24-b10f-f235e227aefd
READ 7588
WRITE 6440 0d734faf-fb2b-42c3-a288-539b43564870
WRITE 1007 f0239560-d8cb-41c8-a6de-0363da8317dc
WRITE 8553 81f69c0a-0d8f-4c32-abcd-6fac2037de34
READ 3093
WRITE 7568 c1727643-1a13-4d6a-8093-8b80d33afed3
WRITE 4144 61886077-a227-4f7d-b945-8edc27ca7c44
READ 8679
WRITE 0394 407ac1a6-b076-4af8-8409-1b32c48075b6
WRITE 0646 27e09192-1140-4ece-97dd-781cdbdc1710
READ 7267
READ 5266
READ 1121
WRITE 5241 7ca0e4b2-b77a-4acc-94d7-c713485d8661
READ 1629
WRITE 8450 8334298a-68d1-4486-8531-31d145f3d8fa
READ 3238
READ 7155
WRITE 7483 934ffea2-38f1-4b22-a648-57047f2daf8d
READ 4385
WRITE 1657 9bcf60b6-44cf-4adf-b0be-fe9392f0025a
WRITE 5220 91f0e62a-7ebf-40a2-87f1-abde42ecb50b
READ 2716
READ 3060
READ 2593
READ 1243
WRITE 5360 01fd2877-957c-4145-93dc-4c54c2c1c9ee
WRITE 3917 6c2a52e4-8f99-4d10-be94-cd0f68137f6f
READ 6234
READ 9782
READ 2541
WRITE 7729 3a4c560a-3ce2-4e41-a061-4c0317bf8552
READ 0795
READ 8893
WRITE 1853 4ebe5158-c895-42f7-aa7f-2f5f5317f051
WRITE 7254 43369506-ac03-47cf-a06d-422af509cf92
WRITE 6907 3eebec58-81fc-47ae-9e75-961fd320d634
WRITE 9621 b165b9c2-3bbd-48de-a195-d96b32c52662
WRITE 4451 dff0f5b5-c971-42b7-81c6-57b93187f1cd
READ 3336
READ 6504
READ 0158
READ 8150
WRITE 6508 10c52940-d637-4110-a9fa-2f934eb2ccf2
READ 6084
READ 0794
READ 6511
WRITE 4099 000c7736-1b39-4cba-8dee-20e9591941f0
WRITE 2159 92fca30d-4dcc-430d-982e-d15b18832d42
READ 0328
READ 9849
WRITE 6197 9b99d607-53a4-4d6b-8d74-13c4a32270c1
WRITE 5361 90b229d3-a656-4a6b-a24e-07cd0cd638e7
READ 3661
WRITE 2452 f15b8654-8c54-4e41-8502-2be18571fb5b
WRITE 7308 24aa1f73-8918-4f4b-a06e-111b039d9ca5
READ 2690
WRITE 4594 08ac8a4b-4d3d-47ef-8413-8088f0c0513c
READ 3694
READ 4349
WRITE 5962 5cdf5067-9940-46c1-93a2-edaa3e8ce8c0
WRITE 7547 28078f0a-a795-45b6-aefd-f2b6faea6bfc
READ 6899
READ 4319
READ 5386
READ 7106
WRITE 6541 facffc6e-c1ee-4dbb-bc59-6ed9a27b54bf
READ 8710
READ 6249
WRITE 3498 8a67ffec-f899-4055-9832-d07e1c47541f
WRITE 1892 c9257c0b-db58-4e11-aad0-51c89f7d40bf
READ 8884
WRITE 9580 02872331-b3b6-4eba-9e62-b8797eb83ca6
READ 3484
READ 5974
WRITE 1708 9bd66fe5-6adc-4a50-b01a-60e9fba406cd
WRITE 7665 fa117680-8984-4879-8539-7bf0527fef9b
WRITE 7702 c015c037-e614-4606-9b3e-6a372dc92008
READ 2024
WRITE 7387 1eb5c0da-b74b-403a-876d-dc57c625fd5e
WRITE 0977 347efef6-d0b1-413b-b459-df7e91e270d0
WRITE 1503 cfb8baf7-8ead-4211-8fe5-108a5f561874
WRITE 2401 ddb03ee9-a4be-402e-bca2-4dd573d9f996
READ 3827
READ 3601
READ 0745
READ 7207
WRITE 7675 bc252c54-f242-447c-a33b-02887da2dbd2
READ 8647
READ 9381
READ 6856
WRITE 0036 a7b05483-92f3-41e0-bda1-94a67f61bd58
WRITE 3687 ad84ccd7-609c-437f-a246-105f40a76795
READ 4236
READ 7183
READ 9149
WRITE 5602 686dea6c-a03c-4bd8-956b-acaee4b362f8
WRITE 5369 e3d3e6f9-481f-4ea8-aac5-191308bb3332
READ 7395
WRITE 6593 d83b411a-172f-4e3d-82cb-df56fba22a65
READ 4488
WRITE 4737 8a14661f-8bf2-49e3-8301-9f48cd317eeb
WRITE 5472 10b28a8f-53bf-4e18-ad12-55171ac4b452
WRITE 5574 57b77ef6-aed5-4226-955f-f5032aef78d9
WRITE 9507 1ac687e4-4b64-4b82-81a9-b6aaf8e45d73
READ 8994
WRITE 5477 d80590cb-66cb-440d-ad59-f136b271c8f2
READ 7630
WRITE 8500 fa53febe-47ef-49cc-aa0a-e2f94f4d9c23
READ 2415
WRITE 6571 667652e6-1821-43cf-bbb4-42e2d8b09d07
WRITE 1083 91031472-e6f8-41d3-803c-41a39cebc2a1
READ 7644
WRITE 8237 9c89ea3c-019a-4bbc-9287-afc5b29bd2c1
WRITE 3236 f0beaa2d-eaa4-458d-b280-25db613dd012
READ 7663
WRITE 6865 18fe82ff-be4f-43cb-9f51-145ae692a303
READ 8391
READ 9939
READ 6179
READ 8087
READ 2279
READ 1888
READ 3266
WRITE 8261 41a760e1-5ca2-48ec-ba01-4a26beca5fb9
READ 9356
READ 9069
READ 1608
WRITE 4981 6e51c46d-71b4-4a91-9c20-6423ceda274a
WRITE 7592 9d0c7785-8ba2-460a-807b-296164b215ba
READ 2008
WRITE 1387 f662cf52-6182-4299-a418-1272e83788e2
READ 1142
WRITE 5837 53683f8b-c711-40c7-a204-78306fa48bbd
READ 6047
WRITE 5253 ea36a60d-f227-4141-8ab0-c47e5d576516
READ 5270
READ 3317
WRITE 4015 323c78df-70ee-4dfb-8b48-8d796c51d33a
WRITE 9605 c7b82137-9b3b-4868-8080-6cfcb2f42824
WRITE 0825 3c619f7c-05ab-431c-a2a1-7f9d1c193e4d
WRITE 7489 5748d918-bd7c-4817-9299-1a2bea73bd8f
READ 8436
WRITE 2971 c75dbb34-3deb-4701-81ab-01d9761fb288
READ 0202
WRITE 2880 cb276f93-d89e-4983-95a2-042fd7ef594c
WRITE 3517 6f707e74-164d-4ea9-b8d1-dda39ba9801a
WRITE 6146 6aa5a8c2-8312-431e-80f7-2d4adb377934
WRITE 9881 95053f57-31f3-4e46-be9c-f51932e0df47
READ 4388
READ 1744
WRITE 5608 a56fe456-e71e-43a1-a4a8-59e5f984b9dc
WRITE 9301 2e6c6d41-585f-4e81-aa90-a3fa23e21c7b
WRITE 9697 3569ad9a-effc-42d0-94ce-b6bbdf5c14ac
WRITE 5507 0b4b0597-0665-41d2-a103-1181dca90a7b
WRITE 2540 95633656-b86d-4b39-ae2f-67fc9ae4a01f
READ 2904
READ 8534
WRITE 4216 2ee3b2ec-2dea-42b2-9936-92d738e8e03c
WRITE 3991 8312e6af-207f-4842-90af-a8f53ab84bf6
READ 5386
READ 7723
READ 5602
READ 5997
WRITE 4396 c749dae3-6559-4102-b2cc-b9940713b068
WRITE 5821 c5dea461-b679-41a5-9603-0cc587036e23
READ 2735
WRITE 0720 1de745d8-c1c5-4fdd-8132-2fe8e2497579
WRITE 2604 064dcd59-6042-4432-97e4-e7465591c767
WRITE 1115 b61e7c0a-e44f-4454-8e5e-d48f368ad8f4
READ 5385
WRITE 9090 9fbc4fef-78cb-4be4-8c5c-74f7982873d6
WRITE 6709 1e7affcd-2c75-4143-aeac-18b8f3bf7959
WRITE 6068 5ca1faa4-d12a-4b4f-82fe-626b32d7d19a
READ 4890
READ 5045
WRITE 8177 dc08780b-81d3-43a5-94ab-a7a312fccef7
WRITE 1057 31e760ba-ea55-4b6d-b90a-c6cca4937a8c
READ 9459
WRITE 6074 a645a355-f4c3-4e8c-8f66-6c341b074d92
READ 0837
WRITE 1153 dac0bfac-1316-4775-8559-c1a3865b59fc
WRITE 8700 512275be-873f-4951-a0fe-cc3bf6f00f47
READ 6132
READ 0911
WRITE 7872 49b4c08b-a899-4a74-858e-1f6903fe1859
READ 5916
READ 7508
WRITE 8264 b7123749-dbbf-4c3d-8cf1-f5d00d7c0115
READ 4032
WRITE 5800 b35fa2b7-0174-41ca-a953-42abbaec5a4e
WRITE 8569 b03cde87-8ac4-42f1-8959-ad568a285cf4
WRITE 3244 f83fc385-b661-4635-8134-84313d5f3ac9
READ 2085
READ 3844
READ 2030
READ 5945
WRITE 4498 16d8302a-c752-4a9f-8a7d-ab090a964c60
READ 2273
READ 6713
READ 1900
READ 6383
READ 4081
READ 6811
READ 1643
WRITE 4102 f87882d0-649f-441d-b0ca-e7e2a3eab428
READ 5611
WRITE 4280 e051231c-170d-4a0d-92da-878951453a1a
WRITE 2555 00f29f02-25a6-4635-a545-51d9c04e3c92
WRITE 5199 50eb8871-1a4e-40b2-9c97-46c9931f9209
READ 4113
WRITE 5072 eab885ad-b9c0-40a7-a947-089542b7f8dc
WRITE 0176 f3d6192c-a3a3-464e-a444-e9f7255e53de
READ 0279
READ 7142
READ 3689
READ 5116
READ 4613
READ 7978
READ 6745
WRITE 5392 91655e2e-51eb-4447-9ec4-d51b6f9f99b4
READ 3744
WRITE 6759 4adf54f5-d6bb-453d-9f8e-6fa4118f7773
READ 2702
WRITE 9155 ef050a91-3014-4437-b4e6-a76b77bb371b
WRITE 4807 4738ca69-90d6-405c-8a25-933293de9a4d
WRITE 1729 567050ac-45c3-4405-a2a8-4b3d0511e166
WRITE 2911 ef5bf037-e9e8-4aeb-b928-d358c14cb333
READ 4298
READ 7534
READ 7253
READ 5726
WRITE 4811 83d2f84d-66e5-42c9-8c94-d7b9c0c498bf
READ 2035
WRITE 1552 4e9c136f-a091-41ac-ae81-4443903918bf
READ 3540
WRITE 0175 54812649-9fd6-45ef-b9d4-9f3c96c601b8
WRITE 7665 f4059a6b-74cb-41bf-88af-46a444a2b4cb
WRITE 4947 02be646f-9190-45ff-8b4e-f931b069cf4c
READ 3072
READ 8361
WRITE 9371 dcdc59c0-85ff-451e-b0de-cc5bcf0afc2d
READ 9828
READ 6591
WRITE 1457 2f34f979-787a-4538-9cf3-3dc8a7eba344
READ 8706
READ 3399
READ 2359
READ 3848
WRITE 8141 78bab61b-4efe-4df0-81a8-88037d405962
WRITE 5122 6a52989b-1efa-49d3-a2fe-acde0bff6965
READ 8532
WRITE 9704 762478db-8067-4121-85e0-fd1c767a73da
WRITE 9256 8a0e5de8-6cad-4c50-97f7-0a023bb46564
WRITE 0351 715bac37-a74e-44e5-8426-1bc1e690c9f1
READ 3913
WRITE 2660 895725cb-f921-4e6b-b03c-46207737429a
READ 8269
WRITE 2279 5fbb7985-4c5d-4c9b-8084-cb9d5f80b166
WRITE 7823 093beb11-fadc-44d7-9d03-6ecd162d3c6b
READ 1022
WRITE 7761 d118e026-b58f-4da0-97b4-83ce12a0135f
READ 8256
WRITE 5851 81b29a71-09b3-41d9-a9fc-b88deb586a2b
READ 3983
WRITE 3848 8c3b8710-6bac-46bf-b3c3-865817378ead
WRITE 5321 311835d5-03a6-40f6-b5e5-4386ede5996c
READ 9897
READ 3194
READ 2712
READ 5961
WRITE 1521 bb400ce0-3f3a-44b4-9220-e1c5a7504cc7
READ 0636
WRITE 4608 a58dc34e-77c5-435f-8fc3-8d93d19406dd
READ 5985
READ 8339
WRITE 8649 b82ad987-a6ac-429e-8abb-87fe7c46b8ac
READ 2783
READ 0308
READ 8066
READ 1176
WRITE 1242 b475f4dd-2cb1-47e2-82be-0f7a8762a143
WRITE 9957 b1cae606-a56d-455a-bf26-0ed127632006
WRITE 2121 59b985b1-e956-4726-b550-255afffb404c
WRITE 0613 1ca17198-ade4-442f-9d16-1e5ea0a57464
WRITE 6755 38027146-0639-47b8-bcc2-4a749e06de8b
READ 3259
WRITE 0997 aa6ecae2-8534-43c5-84e2-7b5bc7aedf70
WRITE 2615 c53bc7b8-c868-4f14-80c2-e72646bdf000
READ 1004
READ 5975
WRITE 8685 4383f958-103a-46b7-b9e1-2de925ae1de6
READ 6659
READ 8987
READ 3120
READ 9809
READ 4467
READ 5660
READ 9680
WRITE 6926 f0d75c96-23c0-4559-8cff-e8541f3e249e
WRITE 0738 09771e8c-cd0a-49c1-863d-e9538a21bbe3
WRITE 5241 a9a882c2-9abb-4509-8cbe-ba9ae730f579
READ 8561
READ 1821
WRITE 3043 83785a9c-922a-4a9e-95dd-a6c22cb136b9
WRITE 3225 23d8e8d6-3ee8-4011-986c-dbd23a30f737
WRITE 0932 248adca0-ac38-486b-8090-59aad8c087e3
WRITE 4566 53d920da-40c0-47fe-a220-6c79f5e3bc30
READ 5163
WRITE 5624 78f548d6-86cb-4043-90ec-a7de5afb7ee2
WRITE 2276 d06c4246-6cda-46ab-a97e-e2182edee0c7
WRITE 3000 83498ed8-0691-4c4d-af5e-1f3ad556bd06
WRITE 0660 6ae3814a-1f4d-4067-91c5-bb91410cae2a
WRITE 4777 0364a9c6-834c-44c0-9f64-555cf9986e7c
WRITE 4200 6a4e17a4-d1c4-40b0-a9d7-dfde6060e31a
WRITE 3661 24635810-6429-4a9c-bc12-c97634f7b3ee
READ 3552
WRITE 6704 6938c54f-4f92-4b31-805a-817f79ea3c65
WRITE 9135 391e9671-1685-493b-89a1-21fad53f84bf
WRITE 2501 769019ec-f869-4ed3-8ff8-12032ac2aa31
WRITE 4603 653ee0cb-aca6-4e51-b732-e66cb6168a51
WRITE 9630 65b19354-bbd5-4b46-8d3d-17cbc16a8a68
READ 2223
READ 4326
WRITE 0059 17eb174c-43f6-4949-9623-48f064428c4e
WRITE 4830 8b92f6a1-67ea-426a-a2d8-c589ef848444
WRITE 1625 6fdc07ca-4c24-4adc-80d8-5fe4c0a9a3a4
WRITE 0544 51ea0d67-5d31-4fc9-8664-2c8a9bd2e914
WRITE 3735 cf79ecd5-10d3-4e92-8c63-0474a6151b92
READ 3067
READ 6259
WRITE 2225 7996233a-b738-4117-93ae-d0e120902c8a
READ 2791
READ 4168
READ 7078
WRITE 4460 96830b80-8278-4b16-9651-0864f1f11420
READ 2160
READ 9241
WRITE 2035 1a71fc8f-4011-41ed-ade9-1eb17229c17f
WRITE 2378 6be5fefb-0657-4c40-aa3b-366b9d682c79
WRITE 6180 d6faf004-c625-4d04-9ca2-c191dd68362d
WRITE 9524 102005d3-c5b5-481a-aa48-ca10ec1a41f8
WRITE 4659 c523625b-e364-4bac-8475-e0256f144b85
READ 3678
WRITE 4191 1f153453-cb4f-4288-baeb-0bc2d50e8089
WRITE 5008 c996f775-b538-45b2-80f6-f01046f61e12
READ 8651
READ 6327
WRITE 1764 0cc75347-c6d7-41c5-add0-e4fa84d4362c
WRITE 6191 7a84ef09-d5f0-41b9-980c-5619920d48da
READ 9118
READ 0865
WRITE 5504 fd9a3dea-581a-452a-b0df-4f8fff19b10e
READ 0213
WRITE 4995 a194a8d2-bfc6-4e79-8cc0-aadb6e1980b6
READ 0946
READ 0778
READ 5233
WRITE 5134 52eb2956-fd29-4438-8e45-a32ca7657017
READ 3641
WRITE 5210 47c90ff9-cb07-432e-9a7c-088577ae25a0
WRITE 4436 81cd0933-9cec-40cf-95eb-d4f32a96d3ae
READ 0365
READ 2116
WRITE 4490 95cd20ab-c015-471b-932a-5731df9ccbe8
READ 5356
WRITE 0654 475734d2-754a-4542-b737-90e2e51aaf82
READ 2388
WRITE 4554 e96706b4-04fe-4332-b7b1-9bd1e35e43c5
WRITE 8875 b885e288-8dcc-4e54-a062-3efb386849c0
READ 2817
READ 3537
READ 0818
WRITE 1337 dba3874a-c1e5-42e9-b985-9a5dffefce70
READ 0791
READ 7005
WRITE 2926 58e63dfd-5e5d-422b-99db-cc3e44db9898
WRITE 8968 185471d0-62d4-4dff-957c-984de0c701c4
WRITE 9803 1a57fc5f-fa3b-421a-92a0-24576dc3075f
READ 1319
READ 1663
WRITE 0425 9fa869ad-3f63-4417-80f5-01f3899cc750
WRITE 0583 b51a8518-0839-4890-86fe-61764a31f19b
READ 0091
WRITE 1349 547eb610-9e60-455f-9582-aa780dc194bc
WRITE 5716 b2573bb4-6176-4984-bb3b-7258d51519fd
WRITE 1953 1485cf98-025c-432f-a001-7aab3b661607
READ 8472
READ 2377
WRITE 1205 a3211052-89af-439b-ab25-f1b9771a3a79
WRITE 7252 b28c6d0b-2569-4384-b54b-3df737451096
WRITE 4271 69adef0f-4365-4f21-a9ed-ada6d52178ee
READ 2641
READ 4098
WRITE 8371 0ca26bca-3d29-4a8d-9b51-0d5a5948f323
WRITE 8574 bcd0c96b-7f93-4a28-8d7d-72df779c6f26
READ 2833
READ 3244
WRITE 2509 199fea86-0089-41c9-b15d-feb31633eb32
WRITE 0961 40816ab2-f114-4e98-bea7-7409ca4d1066
WRITE 4145 65dd0d40-ef1f-4326-9561-c86b7cf0855e
READ 6946
READ 5709
READ 5864
WRITE 5412 e8f62c8b-5fc4-4019-b7d8-976f6f54dd23
WRITE 5991 806550ec-5bbe-43e6-8991-9e4f2a30258a
WRITE 5003 9dcd1fc8-5888-40d6-9b87-4c5f63822928
READ 9324
READ 0097
READ 9637
WRITE 3959 3aabb274-3862-4f16-bb6b-35a240d7a3da
READ 2446
READ 3926
READ 8832
WRITE 1203 db409a30-b18b-407e-a04b-fbfd95641e03
WRITE 7017 8c408d5b-7c62-475b-9d01-f8b128d10c54
WRITE 1983 1eecdcdc-52a6-477c-86bc-339ea4e1dc17
WRITE 2180 f088d466-0ed9-49f0-a0c4-74f03b3e2d65
READ 3272
WRITE 1323 6dbd298e-97c3-4595-954d-2dcb74757770
WRITE 1631 44d1893f-4e3b-4978-8e8c-ecd19cc99974
WRITE 2226 8d05a4f7-6c4c-4231-a621-131d36f94114
READ 1463
READ 6496
READ 3004
READ 3687
READ 0326
READ 9852
READ 6656
WRITE 1828 f514116c-977d-4ee9-9ac3-cabe5b2497de
READ 6818
WRITE 1202 eaef3a71-3ce1-439c-8b81-c74fb66115a4
READ 5235
READ 0383
WRITE 5969 98822e15-52e0-461c-be33-d1829468c977
WRITE 7141 c34c44ae-0be7-40aa-9202-c884fbc05ebf
WRITE 3498 6da3f05e-d1d2-4fdc-8d76-f5e4715c0cd2
WRITE 0838 eaf31803-f752-4c5e-acdb-f4e9897ffd06
WRITE 1964 a0c5e08e-4aee-4351-972a-423c3259bb70
WRITE 7476 fe8c22fc-a257-4c4a-b805-2dc6cc18a61d
READ 2082
READ 2893
READ 5268
WRITE 9731 b13bbd2a-7354-46f0-9376-a057c6d6a016
WRITE 1963 16576601-935a-4b79-a53e-b11a317976fb
READ 3495
READ 9991
READ 8842
WRITE 3754 5849a3a1-4fd9-4946-834d-ffac12783a30
READ 1178
READ 2645
READ 0017
WRITE 0394 32ca2656-515b-46f6-a7dc-c42c01ca1bba
READ 7253
READ 5071
WRITE 8421 253f28e4-998f-45ac-95d0-3279e072dcfa
WRITE 9556 803c2ed0-a591-4d13-8680-f464397b7fdf
WRITE 5582 02fcdf57-6172-4c64-ac96-323601e187d4
READ 8185
WRITE 3722 f4f48524-40cc-4d88-bb88-cf1ff28ac7f9
WRITE 6595 0bfa8338-dff2-4869-8b99-534296f1bd6a
WRITE 9872 ff75bd2f-ded6-4154-bda9-327c52418f67
WRITE 6448 8adfba9f-fc99-45a4-8dbd-c182247b1c76
READ 5744
READ 7643
WRITE 4483 90a64d29-9b04-418c-ba18-cc89c68eea77
READ 7320
READ 4392
WRITE 6475 6c615a48-f51e-449c-8f94-ad5744cf2cdf
WRITE 1260 a4685888-31f6-45d1-b1ee-2159d3a12efa
READ 9238
READ 8304
READ 3763
READ 8407
READ 9289
WRITE 7892 1ffcf9bd-732d-4ab3-a2c7-a42bcfe57f05
READ 5979
WRITE 4015 9804d425-d1a7-4c0f-90ca-e014111b6366
READ 4701
READ 1795
WRITE 3380 6666acd0-fc17-41e6-b06a-471029ec0f11
READ 6875
READ 0963
WRITE 9751 05aeb659-407a-4c64-a5a4-a32a0e818c58
READ 4020
WRITE 2267 56a09540-644f-43b3-8f5f-11fbd0d2f01a
WRITE 7224 5acfc7ba-9499-4400-b624-cffe421d09bc
READ 3872
READ 9527
READ 5408
READ 1029
WRITE 0654 be981888-cacf-48cc-a7fc-2795e2dcd681
WRITE 7424 701774f7-3adb-4f80-b5cb-02dc66bd7af8
READ 3182
READ 7798
WRITE 2528 817dd260-295f-4113-a2f0-1f0cd143bb7b
WRITE 9396 b4a4f6a5-f699-498d-84ab-2d7e34d70c7c
READ 4479
WRITE 0217 cdba6027-b22c-46bf-b4a9-dac2212cae22
WRITE 2405 d9ea4b80-9813-4d74-ac25-f8f68a4c6369
READ 6295
READ 7437
WRITE 9527 dcce62f4-9d36-405b-ae20-3dc24608ce09
WRITE 7304 d41819b3-cf71-46df-92c7-c6da263fafee
READ 4109
WRITE 5413 f64613a1-c0b7-4146-9715-772834dd657b
WRITE 6346 2d3a45e0-3c74-4dae-a1f6-2370ced66e0a
WRITE 7863 d07b2c33-37bf-4bab-892a-5189db7a22e9
WRITE 4057 3587aec9-2d7a-4cc5-bde1-baaca655f2d9
READ 2306
WRITE 9439 7d1f9340-3481-4fb3-9685-9827e8bb99d4
READ 5684
WRITE 3568 7d323fe3-9353-4336-ad13-8c1f54719095
WRITE 5981 5b2d227c-d30b-46ac-a218-e58df6bcde2b
READ 0514
READ 7030
WRITE 9663 fd8848f1-19c2-4d98-814e-bd0342724f06
READ 3989
WRITE 2018 b95c673a-8a53-41bf-a614-a4291b57c2a4
WRITE 8614 92ca9b41-1bcb-4d19-b719-1cc10412e449
WRITE 0845 b4f67259-6867-4e17-a77d-0febc95cd918
WRITE 8042 0dc5be8c-e25c-4c77-9960-32151ca4d0f8
WRITE 8215 f0e70ec0-7827-43ba-acc8-84b35dedd69e
WRITE 4677 a983fb27-984b-4308-9948-ab2ddf81ee35
READ 8380
WRITE 0477 a0d1f0bb-6b63-4e9a-94ac-b6b60df35b83
READ 2834
READ 1776
WRITE 1966 525661bf-7aa7-4199-a20a-9c0b4161e0c5
WRITE 2634 a497bcfd-ed13-46cb-8f44-c41eb302d7cb
WRITE 8112 2b13e749-c715-49bc-bfc5-e9c35e4661f6
READ 8368
WRITE 3254 bb5f9ec9-3e97-441b-8e25-2a792bd1daa2
READ 3866
WRITE 5674 e2bdff14-a880-42ac-9338-b8d764470c2c
READ 2066
WRITE 4072 43930e06-e1ac-49f3-87ed-83f6edb86313
WRITE 9675 0b85bbc1-c3cd-4c86-8ffe-4d5fefd5f9ad
READ 8516
READ 9664
WRITE 1877 44c10efe-b748-4c2a-8b02-5fcc8a87cb63
WRITE 0447 2979886e-59a7-4f8a-bdfd-55d773672a65
WRITE 2599 3ae693df-c015-4579-8b5a-d719e91b98d8
WRITE 0035 69b2129c-6cb3-4b04-9a0c-00978e816213
WRITE 3904 5073ea38-79e7-416e-bcfa-874621b3066f
READ 2038
READ 5452
WRITE 5851 719216bb-7794-404d-96e3-0b6447a31851
WRITE 3690 7beacb94-28d9-4e37-bd59-e7688ef2e35a
READ 0432
READ 5801
WRITE 6890 c36383cb-a5cf-4ada-b4bf-9bb01748c808
WRITE 5532 3d98ff44-486e-4e53-a478-e3bcb14ba7a1
WRITE 3707 bbecf8d2-fffb-4bfb-bc68-2c8b758feb70
READ 7037
WRITE 5688 24e86d56-f050-4bf0-b99f-992cf7bffb8e
WRITE 0900 1a2adcd3-7171-4c12-918c-3aa907945b39
READ 0599
READ 6291
READ 8538
WRITE 6028 66908a47-296b-4534-a49c-47151ebb34d1
WRITE 6515 c4c8414c-c022-4d0b-9e1d-6477afeb476c
READ 2402
READ 3311
READ 3743
READ 3253
READ 8336
READ 8708
READ 7054
READ 2124
WRITE 8634 4fb11651-1b50-4ca8-8caa-fa0e1c19616d
WRITE 4853 3762bcca-434a-4e9b-9722-b2df84d41b4b
READ 1986
READ 2600
READ 2842
READ 8258
READ 5368
READ 8762
READ 7002
WRITE 5940 d7f7d3e9-e898-41e4-8024-8273736a98a0
WRITE 6434 b7b83953-72b1-4149-86aa-dfe2069ae30e
WRITE 8971 3150fce7-a974-4914-9628-974a13107367
READ 3931
WRITE 1228 2c5ec018-e4e8-4afd-a4ef-fbdad5020fd2
WRITE 7705 640623f7-9a85-4d42-aa3f-86fdd3c7331d
WRITE 9261 1045b9f6-3153-4cb2-bc54-ed661222e6ed
WRITE 3719 5c6bb6a1-38b7-40b5-b120-9d18ed014894
WRITE 4402 3a9a7bc6-d1a4-4503-b124-fb332874a7a1
READ 3558
WRITE 3574 9d45e8a4-8edf-4f4a-ad6d-e29eabf80c31
WRITE 6932 419fdd9a-7f36-4cea-84ca-3a9f2836149d
READ 8360
READ 5812
READ 2187
WRITE 7769 4ee01ae2-2f97-48a9-962a-25ba5eaaa501
WRITE 4657 9b1e780f-5044-4536-9c1e-cb324cc46a26
WRITE 9096 22092245-cbeb-4b1e-a0e5-b290408e8a10
READ 5209
WRITE 4497 878f79c4-f148-427c-8efa-28f100201f0e
WRITE 2914 64082445-bc96-481b-9fe6-ab3cd9b03521
WRITE 8184 45d3efbc-0bca-4307-87d1-1155133a8474
READ 2930
READ 8390
READ 6258
WRITE 5663 62d7c256-4076-40a2-9acc-166a9a327976
READ 5591
WRITE 6363 15496362-8eb1-4bc7-9926-3575cf1f18c6
WRITE 8812 5f414711-3ee8-4d2d-8c05-968e400bfacb
WRITE 8814 fd85eb33-9e28-40e8-81e5-f06804aa68e4
READ 1751
READ 1270
READ 3309
WRITE 6071 91c03726-3be0-40e7-a74f-272d807aeb86
WRITE 5166 6098fee9-5f24-46a5-9e12-763446da880a
READ 0689
WRITE 4201 cf9e4453-fd85-4038-9ccb-5813ed31f3d8
READ 3383
WRITE 6277 d05f5476-51fd-4e84-b4db-9ce5b5926ca1
READ 9193
READ 1921
WRITE 9595 95012855-5c51-49c3-8f21-cdadd10a75ed
READ 5700
WRITE 8395 e4834076-6c8a-4a00-8f7d-097cda932eb5
READ 0974
READ 6195
WRITE 5084 1664e1ef-4a1a-4f15-8d35-b864123d848a
WRITE 9135 7d441556-2a27-405d-8b1b-1748b261b4cd
READ 4373
WRITE 9047 a23fd5e4-96c8-473f-a9ab-e227c4155d69
WRITE 0614 1ea63fde-cc53-4838-bd36-dcdf83803e2d
READ 2598
WRITE 7570 c27a9d02-ab99-4977-89cb-86f8f14a4c8d
WRITE 7725 3e301875-1613-4de7-b3c9-f93151e17da6
READ 4740
WRITE 2394 c59b79df-7c6c-43cb-858a-f6a4fba81508
READ 9716
READ 6494
WRITE 8732 bef3490a-39bb-47db-9d70-ab40e0ddbb9f
READ 7633
READ 1229
READ 7786
READ 9174
WRITE 6997 b3308a24-01ef-464d-9f4d-379075c2007a
WRITE 9699 938ae3f8-f48d-4fca-9d0c-82cdf3a14773
WRITE 9150 c9be181e-f1ef-4633-9c6b-e29ed14dd5eb
READ 9826
READ 2248
WRITE 4913 c96dcfd8-5a4f-46c5-b923-3d00af4a9014
READ 2274
READ 7828
READ 0054
WRITE 8736 23c9b5eb-8f73-46b2-b2f5-9bc057cfb18c
READ 8818
READ 7790
READ 1514
WRITE 2827 9fa68b14-f76e-442d-bc6a-94bcfbb8c7a4
READ 7005
READ 9482
WRITE 4222 a24b05c4-f490-4e09-a705-af8941e651da
WRITE 0805 4738e643-0854-4eb4-9dd3-08fc4a1a2119
WRITE 5622 1a0e323d-1893-4ac9-841e-83538ef8082a
WRITE 5023 c64230d9-147b-41fd-9482-b41605979a63
WRITE 1089 96d35edf-6a22-40f5-b432-e8d48731d0b2
READ 8051
WRITE 6232 bb2d38db-1e06-4a23-a922-2ec049d71892
WRITE 2303 4bb84648-3d8f-4f89-9a7c-6cc911c366c8
WRITE 4610 9dbb7340-627c-41a4-b101-82733de2d3ab
WRITE 6508 dedb8e22-fe5c-448f-9d73-34a26d6fb9a4
READ 1072
READ 4802
WRITE 4776 8f1eec40-fa58-4d0c-b78a-89248659ae9f
WRITE 5701 0f066f23-6963-4939-8094-802e3462b5ec
WRITE 6747 fa2f6028-9a25-40d6-ad5b-697267f70bf0
WRITE 1109 781803d1-cecd-45c0-bbc3-ba4029055011
WRITE 5113 386635b4-89e4-4fef-9e0b-e9b887e70b26
WRITE 1743 3d10c4b8-2606-4cf8-9618-ed41575734c3
WRITE 9713 d32e829d-deff-4a1e-8b90-0bed3fe40441
READ 8987
WRITE 7475 f78389c2-9a79-45fb-b001-a41a71598923
WRITE 3432 71501217-d24b-4dbe-b859-ee0ee3fdbb1e
READ 5884
WRITE 1166 54cdc0a1-2ba1-423e-aef7-01f80fb415a4
WRITE 3708 38588b0c-ce97-4542-a81a-54210b22f5e7
WRITE 7511 b4f5fa43-9dda-416c-8a92-5b1d7b9a8268
WRITE 2121 665a031f-d09f-4b71-b149-a4f64719e056
WRITE 6068 4b76ef3f-614a-457a-ad03-e91d45881158
WRITE 9371 4309c003-8662-40bd-a0fc-5a7870c59dab
WRITE 6899 5fea7db9-7c5f-404a-bc79-13caf880dbd0
READ 5273
READ 7020
WRITE 2605 d506a53a-3339-4e42-a72f-6e07f019eebe
READ 6643
WRITE 7830 cec2eca2-6b8c-4d27-9550-164e7928608a
READ 3704
READ 6957
WRITE 4290 d9c66f71-1ad5-4d1e-bf25-e39ec325c5b4
READ 3903
WRITE 9103 ed6e4cbd-8c06-4413-a0d7-35704db979b7
WRITE 4633 b163f0ca-5574-4c0b-85e4-0514731e4dd7
WRITE 2364 0f4c35f7-74a8-4685-8716-0127d0927ced
READ 8836
READ 2066
WRITE 0195 d3b5b1c3-8e04-48ec-b87f-91c631ec5dc2
READ 0475
READ 0891
WRITE 0328 a0f4d01b-f656-4082-a23c-e7aac5603af0
WRITE 3972 79d3e7b1-2ccb-43ff-9e75-5da463ab83b5
READ 6604
READ 4619
READ 7100
WRITE 1039 cb04c2dc-2bfd-4163-8e57-f0c23291d7b2
READ 7218
WRITE 7742 62ab5f7a-bbc9-4b85-a5b8-fceef4700fbd
WRITE 9481 bd7a6405-a99b-4334-a824-3dc1830b5b7a
WRITE 5197 34e3615b-e8a2-47d9-a9a1-b611ff291127
READ 3152
WRITE 5799 39cd0818-16c6-4078-9399-ff8c39a69cc0
READ 0455
WRITE 1546 a891a27a-b7d0-4683-93b5-bf5aa31306db
WRITE 3769 7910ad07-577e-4f64-83c5-e966a7a3752f
WRITE 8488 cc8e1182-ba55-4ad0-b25d-8fb114053556
WRITE 5827 81ebcd65-b49d-4da0-ba97-8d1d5845ac84
READ 5109
READ 0106
READ 5988
READ 0198
READ 6304
WRITE 4209 d82f4d62-2d58-40cc-a294-aca8435c55af
READ 8636
READ 3454
READ 3502
WRITE 6520 a7c2c4d3-e125-46f0-98c7-8f09d146e417
READ 2750
WRITE 9993 1027c1d2-25d9-405b-9f53-6c38f8166896
WRITE 0425 5f37c0c5-0983-4900-836b-3052bb2f9a78
READ 3753
READ 4976
READ 0028
WRITE 1583 e7eb94a8-816f-4ec0-a582-b3cf5444e2cb
WRITE 8667 573d6427-a8e8-44ea-b457-a481db6c9b7e
READ 4411
READ 5711
READ 6341
READ 4503
WRITE 0411 5aa4bc44-f039-4e14-bf59-49585a26d441
READ 6934
READ 2580
READ 8303
READ 5708
READ 2016
READ 7892
WRITE 0904 937a37f1-81c3-487f-8ff4-4acd5b59eb2d
WRITE 2348 5a3f8811-c0c4-4513-af75-f1c4f106d666
READ 9157
READ 7774
READ 4519
READ 7597
WRITE 5526 b357ee68-247a-43bc-bdd1-445c0c45ae6b
READ 8850
WRITE 7880 dd0b6da0-8d6f-4a63-87f8-6cafe6336451
READ 5480
WRITE 7000 91a28f24-e486-4b45-b257-79554651d327
READ 5098
READ 8939
READ 9307
WRITE 4004 1215d58d-1917-4f3d-a01f-eeedfa5c7a6f
WRITE 6777 d2f98d37-0c03-449b-a523-932ce9b35157
READ 4274
READ 4074
WRITE 3838 8c84f418-43d9-4fc3-9aeb-537a38518e6c
READ 9348
WRITE 5417 261899b6-4d10-47c5-bece-1c31befd0a4a
WRITE 6514 44b9dae5-6039-4fc8-b62d-67736c3eca90
READ 3720
WRITE 1370 6d187aec-2404-4299-8dbb-ae81fc0962ad
READ 3757
READ 9092
READ 0682
READ 8575
WRITE 6870 68907e0c-bed9-40cf-8cbc-4e4cb9e78564
WRITE 8997 a6d46b89-caf5-46de-b443-25c2293a3501
WRITE 0701 260d9a72-4f0f-4d32-b5fb-292e0da39da7
READ 9374
READ 7678
READ 1477
WRITE 3044 3af8db99-e7dc-453b-9dae-b12610bb40ca
READ 9358
WRITE 4006 a4c59683-0994-45e2-bf9e-9f05145c6beb
WRITE 8065 18453bae-7a85-4fee-adb3-7f1ad5ef4dd4
READ 7098
WRITE 1062 afd08dfd-fad2-4265-9b24-6cf616a55591
WRITE 1013 1554393f-8984-425c-97b2-ad3ccce52417
WRITE 0199 a75a562c-5aae-49c3-b996-c4f9fcd73d1c
WRITE 9893 5e026802-d8ce-443e-be12-0945a66d4c02
READ 8245
READ 1077
READ 9321
READ 3703
WRITE 2020 6c72a30f-6545-4e60-b7bd-ed3323c9e9ba
WRITE 9713 eac8dd43-9e84-4135-8a36-b09f5a38c9b5
READ 0633
READ 3739
READ 4451
READ 0994
WRITE 4552 774ca0d1-8940-4a84-96e6-993c0c03b37f
WRITE 6240 98594aa7-31d6-46e2-8f5d-b9dc7782d5da
READ 4594
WRITE 5055 a31652f5-a861-4e22-9e6a-3772b5d90046
READ 3911
WRITE 2257 a081360b-044c-4c6b-9b43-56b06b6e05e3
WRITE 8474 4a847f2d-8271-402b-8302-7d81cc7d159c
READ 9940
WRITE 8107 b40e2203-af72-40e3-adbe-5dfa34adb437
WRITE 6516 1cdafb36-6775-447a-8c73-5277d746b666
WRITE 9015 ba468b56-924d-4d5d-9496-0c7b9a3cf607
READ 9166
WRITE 7440 3ea20801-53ff-45f8-9fee-c74c8cc619ac
WRITE 5953 e9fceaad-3022-40a0-b9b2-c56cefbae232
READ 5773
WRITE 4619 b3204079-f053-4592-9601-625aa3b717b3
WRITE 8515 6de8b523-552b-46ae-acf5-bb1f21425586
WRITE 4387 8b9b97e1-f5da-49ed-ae4b-189db0e98172
READ 1641
WRITE 7454 8a324bdd-a2a9-408e-8815-3d55183495da
WRITE 3259 1ef29cc1-2449-48f2-a3cb-856208105282
READ 4942
WRITE 0711 4c39ef93-eea2-48da-9da6-1dbb3ba18d10
READ 5727
READ 6891
READ 9127
READ 0510
WRITE 6694 d2a72d8c-30dc-489f-a345-96baf3cad85f
READ 4981
READ 8657
WRITE 2521 5fefd889-8364-43b3-b4cd-27d86391b0d8
WRITE 0202 0f822845-807a-4a2d-bb2e-08f2851dc343
READ 9216
WRITE 0190 ef0d6cf7-c825-438a-b5ea-1a270c8d5c8a
READ 3998
READ 7774
WRITE 1737 804083da-5df1-4d21-b1d5-c2464f1ff80f
