READ 1388
WRITE 9783 57f91267-641c-4e49-bcb5-1de4624fe64e
READ 9972
READ 9377
WRITE 4471 15f0b1bf-74af-40a3-baf9-cf3ca8106222
READ 5832
READ 6274
READ 5643
READ 0919
READ 2145
READ 8602
WRITE 8256 c3a413b0-9638-417e-be76-eeff2fe0f579
READ 3518
WRITE 1793 d666f8aa-07d9-41ad-865f-3ffe0d63a76d
READ 3181
WRITE 7173 97675196-0c9b-424c-b565-d6e326b86210
WRITE 2699 687ec24a-54c6-479a-998e-f4487e7a752b
READ 0918
READ 7335
READ 1230
WRITE 1385 7236605b-1db0-44e5-ae91-83921e7d3add
READ 0415
READ 4223
WRITE 8117 4f635558-ea0d-4cbf-a91b-eee2585ffc9f
READ 5847
WRITE 5166 4e443a87-4f43-4ac7-a44f-6ed3f4b7d4a3
READ 1797
READ 3598
WRITE 8533 225197f6-b664-41f2-80e7-bfe14b257c7a
WRITE 3670 d213bb40-f969-4662-8ee2-6d54b0ca65cf
WRITE 5406 d14cc929-7ea5-41a7-b5d9-9930f2c2b50d
READ 0124
WRITE 3824 a34867af-71b2-4c80-a4ec-a8d110cd480c
READ 5963
WRITE 9238 d0398f1f-ec9d-44e6-bb0f-e6596b50422f
WRITE 5519 2ea90f9a-87fd-4087-9ddf-0ae3235d13b9
WRITE 8272 1f6b5108-3158-4397-9256-84be212010a6
READ 3249
READ 3975
READ 7871
READ 1977
WRITE 3689 ce13b838-c1a1-4e6d-bf9b-f547b3a4e686
READ 9140
WRITE 4883 f7095c2c-534f-433b-9547-2211b982673f
WRITE 3803 e5727ce8-fd16-49a4-a166-e7c360cd2366
READ 8980
WRITE 8885 5cb69173-393e-41cf-8603-8f762fab3a18
READ 5370
READ 7576
WRITE 0599 a95612fc-16f3-41f0-bf29-3e4d32bf0733
WRITE 9892 245f6ff5-5102-4f0e-b686-cab0534d0014
WRITE 8280 886d70f4-e2fa-4c26-81b0-ed04871bd85d
WRITE 6989 73016f71-693d-44f6-bce9-ba1085926274
READ 6674
READ 2810
READ 3561
WRITE 4992 6526aba9-7dd7-4308-abf6-5bff88920a98
WRITE 5564 2201bc01-14c3-4836-84ce-acfef40d6ff8
WRITE 1951 fa9eb50e-7772-459a-a1a4-26c5d8d359ea
READ 7794
WRITE 0672 18ce3858-b122-41d1-8126-53598fbcf5f5
READ 7302
READ 8661
READ 4138
WRITE 2508 74fdfd86-b085-416c-9bf1-015e4926bd65
WRITE 3851 a11735f7-7628-489e-aa8a-f61544745a8b
WRITE 1123 1cea46b1-bb1d-40b2-8101-fb1eda22e308
WRITE 4552 aedc6c52-67e5-43bd-843d-5e4456cd1276
READ 2649
READ 4017
WRITE 1778 eafe1b32-3c38-4a09-adf9-48c047f293fa
WRITE 6598 c45b2e29-ecd4-4793-ab90-0320ad790af3
READ 6395
WRITE 5667 1afab187-5ba5-4d53-a5e8-3859da8e6184
READ 4220
WRITE 3258 d30b0b25-ed27-4ab9-8a8c-8b116e7e2c72
READ 4921
WRITE 0339 9552928c-f65c-42ca-bdd7-a99984fd6369
READ 4274
READ 0045
WRITE 7047 fb19603e-2ab6-4d37-ab76-6ffea6f75e52
READ 8973
READ 2330
WRITE 6442 d8d1ea6f-c6f7-41dd-a920-b5380b6df6b8
READ 4660
WRITE 3275 585acdea-826c-43e1-9fba-e238d5add906
WRITE 0528 11d9191a-d184-4308-aebf-3dcf4065c01e
WRITE 8945 250444c4-9f5a-4ff1-a82e-33e3c71b1167
READ 9764
WRITE 0602 ce11c5f6-cb64-4f62-b430-9963aaaece39
WRITE 3423 d0d8376b-cc9a-40c5-90c4-1324a9197cf9
WRITE 3437 a7177fe2-4f7b-4c21-b8b7-a2582edbf3a3
READ 9234
READ 0298
READ 0857
READ 1140
WRITE 5590 17a667b5-518c-4dfa-8b57-a66b4f9a1652
READ 4235
READ 7942
WRITE 3431 f592296a-f5ee-481c-831b-3f4b8ab41ed6
WRITE 2231 67bbe1f1-e833-4e33-97ca-9e76d57b2e4d
WRITE 5881 647410eb-db48-46d8-b3d1-8b3bb172c131
WRITE 6649 a0a3a92a-a69f-401c-b8cd-4cb537da3e29
WRITE 4786 f74da757-66d5-441e-b312-8cedbad521fe
READ 8185
WRITE 6742 09926a30-7a18-4298-9b05-bb5bcf70863a
READ 2586
READ 5880
WRITE 5726 3721af08-5276-4897-8338-48fdfaec0701
READ 6031
WRITE 5589 10a535b1-6462-4d00-bf98-aea459a70267
WRITE 3715 6af41a66-8fc8-4dbe-90d5-3646541b8139
READ 5679
READ 4817
WRITE 1884 8fcb78ab-39a5-4b43-9fad-ac7d7db48d93
READ 6067
READ 1628
WRITE 9140 606ad13c-a4ed-4cc9-b04e-211f9c73664a
READ 5188
WRITE 9170 b2aa6c3a-a425-4a3c-b825-c04be8a6c58b
WRITE 5850 89e8d833-e157-4ee6-8156-e81f6f237940
WRITE 5420 a7b99a2c-667f-4332-9882-0611de64cad0
WRITE 8546 c6253c1a-f851-400a-b070-7ad4bc39ea72
WRITE 0015 e5b7f378-f5ef-44ee-ac3d-e3f3c41b4809
READ 2265
READ 5952
READ 0709
WRITE 4150 d8f69e5c-4f8f-45b4-b662-63f51f752a38
READ 6520
WRITE 8942 8af703e8-e737-4b12-baad-b60a3404b7c3
READ 2552
WRITE 0956 9d28b4ce-892f-4b79-8643-901ed4995af5
READ 1854
READ 3975
READ 0883
READ 1494
READ 4470
READ 5688
WRITE 9524 d8c951e2-f85c-4c94-8dea-9cec7628faeb
WRITE 0127 7a2b2d2b-feb0-4633-b19b-dfa0d2820c83
WRITE 9870 4d41ad24-e490-4587-9fd1-78a9e0595f84
WRITE 9423 b37087c2-836f-4a6f-8188-4f03b14afa01
WRITE 3558 072d5540-2f24-4c9e-b5aa-7dbcdbfee3ec
READ 2073
READ 9275
READ 2668
READ 2156
WRITE 6679 dffc8296-4f34-4f3c-a1de-e9b22aec18bb
WRITE 5981 18539fe6-0d28-4dae-95c7-87134cf8db64
WRITE 7183 368559ce-2d78-45e9-a5d8-75ad6ee1b741
READ 1509
READ 6891
WRITE 4596 e68016e2-f8b5-4cf9-8f74-1e569e94aca1
READ 9063
WRITE 8824 eefc9cf6-b3f8-4d8b-9d53-5fb768e1f2a4
READ 8309
READ 7121
READ 7981
WRITE 5568 eb4bd0eb-2188-42f3-aac2-7cc134479df1
WRITE 7965 9e2a9d70-4462-438b-ab91-6f3e9a5c3d50
READ 1550
READ 4086
WRITE 8539 67ddcee6-0dae-4eb9-a0d7-13a15fa82614
WRITE 0568 2a27be20-13ca-4e11-9359-fd83aa4444c1
WRITE 1291 84c1b44e-00c8-46a9-8dfc-5ad1e4bc332f
WRITE 2683 e6d3acaf-99dd-4e6d-9c28-4ab1597b8b54
READ 5999
READ 6127
WRITE 1907 243bc975-0510-4548-92ed-45491c794d2d
WRITE 0332 295b9b63-7dda-404b-bec3-e23cb16ebdb1
READ 1338
READ 8343
WRITE 3393 36b901e7-e983-4b9b-bb0d-0d3c1c8ab281
READ 1418
READ 0673
WRITE 4939 d24c5f5b-fbc3-43f3-99c3-5456f1cec3ca
WRITE 1636 b50e2c96-c473-4c45-bcd1-a17be3c54810
READ 1624
WRITE 3153 c4e1a330-d231-4ab6-97de-6470f61c3d96
WRITE 3484 2d2580b8-01bc-42be-bf18-bb41aac94d33
READ 2101
WRITE 7156 e8a01c53-9889-46dc-81e3-2d6fb743f8ed
WRITE 4176 ece0096e-68af-4a5f-a373-4b8b38551d40
WRITE 4921 0d170aac-6b46-4a77-8411-3d21b03a29cf
WRITE 3545 9ace2396-34d6-4bec-904e-03484d90bff7
READ 4854
READ 1756
WRITE 5201 7bc3629b-25ad-4657-b3a9-5075ff191fa6
WRITE 5227 28fd2ce0-ab58-4ef6-b7d7-09d54b1c3343
READ 5564
READ 1970
WRITE 2692 b7636593-faf2-4824-886b-d04b53fa0a1f
WRITE 0149 d1f62657-eb89-46ae-bd34-4251d5b2ecf5
READ 2108
WRITE 8829 da2ce094-a18d-411c-9afe-99f49a38d80a
READ 0690
WRITE 7487 40073ee0-a926-463e-afc6-e192d81ccbe7
WRITE 9760 8968e317-ef6e-4e16-aad5-73ce723dc776
WRITE 0273 b9cc5afd-c30f-45fd-aa83-153b95053b0d
READ 3476
WRITE 9107 fb05f5e5-dbe3-4944-a9df-ab88d9f8d7f9
READ 9318
READ 5330
WRITE 1196 c31062b2-a273-4258-b698-974d70e268db
WRITE 9330 404c51b2-36c7-42b8-9137-dbdf13573c38
WRITE 8116 61e02c71-177e-4390-a97f-763b6be37fc1
READ 5743
READ 6002
WRITE 0051 55fd88d6-ca15-4d73-9963-352074325ff5
WRITE 7418 8ce78434-93fa-4c58-bece-c8c74608b8ed
READ 0627
READ 7980
WRITE 4602 bbcb75b6-8ec5-4d09-82dc-6ae2fd8491aa
READ 5617
READ 9491
WRITE 3851 9201cda5-49cb-4a8e-935a-17e5437a9a9c
READ 6897
READ 0205
WRITE 8436 21c70fd7-c398-47f3-b676-4d2b0c497d74
WRITE 5290 3d8ac43e-a592-494d-809b-b54db551d109
WRITE 4855 a599ae2d-b924-4883-8e6e-a234daef2739
WRITE 0159 540a0601-e800-4967-8d21-1ac2001ffe99
WRITE 7857 70a810d1-7226-43cb-afc6-cc588b2ebb2c
READ 2641
READ 4138
READ 0839
READ 0448
READ 3113
READ 5221
WRITE 9136 c0506cd8-f329-46fe-a521-376c2e81cefe
WRITE 3258 0d244834-c8b7-4cb6-8577-f060914be84a
WRITE 4631 de4f2d70-2f05-447b-b656-5682b309260e
READ 6630
WRITE 4495 bd29fb5c-999a-437a-99fd-210d710dacbe
WRITE 4054 2d88b027-8127-458b-a648-12d3f7f4389b
READ 5489
WRITE 4416 aa337143-c9d6-4867-af11-cde6ea4f79d4
WRITE 6571 e7e03547-1c82-40a7-978f-ad6c26ba6fe8
READ 9162
READ 4331
WRITE 7359 9b8abfc2-4af6-4e25-9959-6b8307e0f344
READ 7486
WRITE 1003 7cc35fe5-4d69-4833-bbd3-4f9041b73200
READ 7153
READ 7326
READ 9208
WRITE 6063 e02424a1-eed1-4f2b-9280-da5d2cfbc9c9
WRITE 9003 00a2f517-848f-49c8-bb03-9177375554ec
READ 5552
WRITE 7232 985c58ad-8a5c-4b32-b765-e5c5c2d2c7b2
WRITE 4782 9b73b0b6-69ce-4d45-bea9-9be13d3b9bbf
WRITE 2804 f8371a9a-13b2-4e37-ac1a-73c8861a5808
READ 4877
WRITE 2053 b03249a5-258b-4a4d-86d9-adaf485e99c6
READ 8716
WRITE 3292 6e124920-c9ce-4316-8e5c-7e3f7b297f18
WRITE 6982 3d2787de-af16-49c0-b9a0-08532b70e5d3
READ 9108
READ 5111
WRITE 9899 b44f2171-200e-4f63-b38b-0e64e00e12a0
WRITE 8625 a1941a1f-1831-4188-a799-44ac92ab2a6f
READ 2472
WRITE 0293 766fd084-0a33-4ca5-9866-3651acd5a6b3
WRITE 8736 8a67e30b-ff4e-450c-a472-16c573755dbd
WRITE 8020 b50290a8-93f2-4c6c-a8f0-f6086589a754
READ 5521
READ 1277
READ 6653
READ 8738
READ 1502
READ 1877
READ 7390
READ 0036
WRITE 4295 cd4f9d41-9aa7-413d-963a-e85b82b75db2
WRITE 4514 b6ed4937-c9b9-4b3f-b5bd-2236d7f593e3
READ 4170
WRITE 1293 2246b90b-486a-4eeb-87ae-cd3abf2078e8
WRITE 2900 437cd691-7543-45d9-bcba-7d4a85e569ea
WRITE 8743 af523537-4a1f-4304-979f-3d77435ecde1
READ 8306
READ 8045
READ 7333
WRITE 4089 b3735045-c186-4035-ab9d-5dff9b1bbaa5
READ 8005
WRITE 1064 85a768cf-3d11-45ee-a9c2-9e02589864ef
READ 9794
READ 2409
WRITE 3483 28b1cb44-5915-49e1-9d56-4e8d2f55111c
WRITE 0392 4ac7c56b-b382-4d4a-89db-9b42f3acc0b5
READ 4223
READ 9455
READ 4431
READ 9135
WRITE 6186 3fec552f-c663-4d73-b4c8-a1fad4d45100
READ 3962
READ 4608
READ 5062
WRITE 1422 d6d1bfc1-8bf8-4d66-b2b5-3563e30617f0
WRITE 2052 0eb3ef2c-38d1-43a4-985a-0f6984505456
READ 7042
READ 3848
WRITE 6092 a7fdb315-7e3e-45f8-9bef-12292664e98e
READ 5880
READ 1278
READ 2132
WRITE 4805 46dcb9ad-6201-46df-aa2d-04091c28e719
READ 6066
WRITE 6671 d8ae2155-03d2-4239-a866-8adf497fac65
READ 8902
READ 9244
READ 2103
WRITE 6763 f772ebbd-9567-4af7-ac9e-9ae5f6b1e824
READ 8520
WRITE 6168 99939c31-7e5c-471c-b02e-2c0dfcfa7303
WRITE 2218 f8a375e5-f10c-41a7-a65e-5317535b38fb
WRITE 7754 6b8d1ecc-ba9d-43a6-8a63-e8d18ee657cb
READ 0569
WRITE 3624 1db45ccd-2ded-46ee-afe1-ac2398d706fe
WRITE 9398 983356e1-8bcb-4579-82b9-43674649d179
WRITE 8533 674dff1a-ad62-4595-a01f-b32f1d0a2730
READ 6266
WRITE 2615 21c9e7e4-bed5-49d5-84f3-7845e8547536
READ 4780
READ 8486
WRITE 1495 c60b9836-a14b-4037-9496-8c452dca4230
READ 9595
READ 4260
WRITE 3334 ec264b4d-f057-4e35-b91d-5e1053972000
READ 5459
READ 4669
READ 9291
READ 0277
WRITE 5977 f30e2088-36b7-486e-a9f4-4e191bdbc683
WRITE 2106 e57b31f2-2c8b-41af-b524-0209e70a1fc0
READ 8111
WRITE 8444 b16e51f3-9fcd-44f9-a6dd-42f818282c53
READ 2228
READ 8825
READ 6807
WRITE 8761 c7e95d41-45eb-4d0e-8080-98c638cfdec8
READ 2120
READ 2804
WRITE 3627 255f8193-70fc-4b48-880c-e6b09d28d11c
READ 8458
READ 8057
READ 8809
READ 1431
WRITE 2374 16f760f3-9516-4971-8127-a523932d60fa
READ 8380
READ 6743
READ 8548
READ 7020
READ 0050
READ 3039
WRITE 8224 e4cb2c9e-63a9-486b-8ec5-d36d48a597b1
WRITE 8704 7f0eee96-5678-4372-9803-d4d1590933ac
READ 0520
READ 9736
READ 7003
READ 7732
WRITE 2382 4cc18983-4c9f-4a4a-830c-ebc0ef4bde12
READ 3008
WRITE 2391 c482ac23-3e58-4c01-82e8-ad4404793a8f
WRITE 3490 4eb097b6-9652-48f8-adbc-9b4ff28331eb
READ 4173
WRITE 3829 889b9d92-255e-466d-98b1-d267bfb73f85
WRITE 6901 93f857bd-4b99-4ef2-b092-f6714ab4583d
READ 1919
READ 3245
WRITE 0026 7b1fd6ae-d040-40fb-b30c-98cdd037d0fb
WRITE 4898 cc1c9c3f-b7d2-40cf-b2b6-2bb080673798
READ 6972
READ 2944
READ 2924
WRITE 9493 21d6d0ef-eb91-476b-ae08-9e39eda0b84f
WRITE 5801 a0fcdb1c-42c6-4538-ad7b-2a6f0318209c
READ 6606
READ 4852
WRITE 8815 b6cd2eeb-0196-4a63-84c3-e8e7a6be09ee
READ 0619
READ 4027
READ 0844
WRITE 3343 29fc37d0-63ce-4d9b-b6e0-88377f247758
WRITE 4070 197f4438-89fa-41cc-878f-5f6357680097
READ 1012
WRITE 1689 29794291-475a-41da-8c88-9dd34a1e1024
WRITE 3242 919ab3e0-6165-41cf-80ed-1c2cb98d7a7b
WRITE 2057 ec062ac5-0ad1-4f2f-ba1b-47d884c4ae77
READ 2536
WRITE 3703 6170a2f6-3d5a-4f09-a36f-fbc1e4e6fbfa
READ 6755
WRITE 9902 8cd4f748-a99d-4432-9404-3f2a5695cbfb
WRITE 9444 4fa6411f-5f96-448c-9295-0a9219f55ddb
WRITE 8246 4c0c9b52-db21-4a59-a06b-25b80124f8f5
READ 7450
READ 8303
READ 8415
WRITE 5705 fdf65773-e00a-4e2e-a587-225f0ca0ef17
WRITE 3714 4b922a9b-00aa-4eed-a74e-ccf40dc5c352
WRITE 9704 e270c747-99f1-4830-b840-eac9f15f2e17
READ 9215
READ 3489
WRITE 2426 b0dbed87-2c4b-4082-9245-24d41304bb35
READ 6327
READ 7369
WRITE 7288 fd64e239-6b87-4ded-9a8c-14a96811d1a9
READ 4113
READ 4903
READ 2893
READ 8019
READ 9742
READ 2882
WRITE 0678 21ff8ec8-10ce-4e6f-a48e-5408ab0c221e
WRITE 9975 36a672de-ba5c-4909-88ba-a09200a13d48
WRITE 0815 05dd6f00-4b2f-43ba-93ab-a898a8e23322
READ 8895
WRITE 3963 9424047d-757f-4e7a-896d-6bd40267e916
WRITE 3189 5584d455-245a-464e-b816-20169ba86743
READ 7176
WRITE 8203 45fa474e-5dda-4bfa-a97e-49fb76398897
WRITE 1661 1ddc77cd-79a3-4642-bda4-e7013a9956a9
READ 8027
READ 1235
WRITE 5573 d8f54ac3-d972-479e-a9c4-104af5cf66a3
WRITE 9285 701d223f-65ac-4c32-bdf0-fe45ed832675
READ 7222
WRITE 1481 da451e73-1f12-459e-909a-f26d88afb139
READ 9977
WRITE 1389 c35593cb-1a6f-491e-a834-864073fefa95
WRITE 1754 fddea503-9a10-4fca-86ea-0e488df62407
READ 0537
WRITE 3875 ee8fd34b-8ff6-434a-abdb-65a8f1ad381c
WRITE 0241 77c6f099-48a8-4b67-8549-c18ab8f380ca
WRITE 2694 f8b1e0c0-3152-4439-a8d1-e88144fab84c
WRITE 6708 f2fe4501-21ca-4e09-a245-4e72009f3035
READ 1507
WRITE 0224 a81ed48a-b956-43c3-8e9c-9c99d75b0b53
READ 1021
WRITE 6373 8adabba5-dd63-4d59-b733-34e5432cc922
WRITE 6427 d14d5368-19b1-4d5f-bd89-397431d1cb78
READ 2321
READ 6124
READ 2012
READ 4707
READ 1444
WRITE 3005 d31889e4-7a22-4189-bb8c-1ceaeec387bc
READ 8922
READ 9903
WRITE 9626 29cc8e72-47b5-4f39-b8a3-2f98fe583bbb
WRITE 3083 eefead05-1a4f-45ea-a8db-d9cb1fe7b6b9
READ 0790
WRITE 8745 25c1442a-18a6-4183-b3be-5ed6d18dc2ca
READ 2274
WRITE 0584 c7b7573d-8d60-4972-b641-81f051da2d14
WRITE 1973 fcb2fd2f-cdf1-461f-9a0c-ed5cfcdf51d3
WRITE 3165 b28d3e3a-0d40-4741-84a3-47cdabfce218
READ 7398
READ 7519
READ 0033
WRITE 3465 2968c221-8a5a-4577-9f8a-424882831fb2
WRITE 7868 109f880c-0fc7-4a97-a358-efd242e94208
READ 8396
READ 5358
READ 1727
READ 3924
READ 9260
WRITE 3789 08f15ba3-07bb-4a7f-a011-bac0d51cdf21
READ 6532
WRITE 3335 6067ed58-4ff4-4677-a496-67bee8d323d0
READ 0295
WRITE 6718 9622837e-be17-43b8-ad53-1fb0d63e04bc
READ 5169
WRITE 0121 4562ee2d-7d3e-4447-9127-adeb264ec02d
WRITE 7342 8bf01250-da51-4c11-870f-48c096503654
WRITE 1778 0da7b6cb-efd3-413c-8dc1-dd663e768d70
WRITE 5083 8757d257-4234-4d1e-ac3e-5b4ab7449285
WRITE 4885 6e43e80a-ede3-4676-947e-9793a91a5ec6
WRITE 2512 51b2f7e0-093d-4064-bd0b-aea37782e391
WRITE 0613 6206e193-1d65-4c57-a367-d85b0f543181
READ 0032
WRITE 6327 b5ff0281-0006-46ed-860b-b10391cb309a
WRITE 0405 e251eeb4-2f16-4fb9-97d7-0bc2dd28c876
WRITE 0502 941cc90f-856b-483e-b4ca-745c02b8905e
WRITE 8185 1f4303eb-00af-4e07-af41-872cd26caac0
READ 7239
WRITE 5955 8ef84892-dd1d-4b98-bb80-f539a1c8ea4a
WRITE 6696 cd309a0e-03aa-46be-9287-8c8475712494
READ 6019
WRITE 7643 49cd5fb3-e7df-47a1-9482-219e0eec414d
READ 3029
READ 2440
READ 5658
WRITE 1650 52655960-715c-454f-81e4-b2a21571b080
WRITE 1795 38155d38-27ea-44cb-9ddc-aa2ab8f8e6d1
WRITE 3121 9e72dac9-2dc1-431f-96ef-e03f66ce2a0d
WRITE 3766 7cd358f0-ee49-447b-a13d-9e7d48d6542f
WRITE 2996 903a2f38-4b44-49ad-9ed4-dd69bd89cc5a
READ 2231
READ 3759
READ 0006
WRITE 9312 40d4d5b7-2988-4610-82d2-91ac766c24fc
READ 9794
READ 2242
WRITE 4076 1475d5e9-e8c8-4f08-a33a-21c4ad31f3ac
READ 7390
WRITE 0808 8e2aee4f-5082-4a94-84e5-ff7013150207
WRITE 6950 214c58c5-2cfe-4c0c-b776-952faec6351b
READ 3083
READ 4894
WRITE 3780 5ea7b37b-5de4-4b57-b6ad-d76e8ff4d4e3
READ 2702
WRITE 2977 60c282ac-a16d-4f09-9260-5b289f37ad89
WRITE 6665 abd8fc96-d2c9-4fe3-9947-4186f0f757a6
READ 1286
READ 2472
WRITE 1934 a4f96d50-70ec-4391-9e03-8511d809171f
READ 5597
READ 1155
READ 0276
READ 7720
READ 6403
WRITE 0013 5e7a29df-a9ac-440a-a4a0-50204501fc5f
WRITE 5745 ba9dadde-76f8-47f5-b8a7-d639a48905d2
READ 2190
WRITE 2983 5b5d8335-63dc-4107-8967-7b2ce728e26c
READ 4860
READ 9975
READ 1992
WRITE 8916 9f332784-17d0-4cd2-8465-b3f5f9f551f5
WRITE 5344 028b775a-57b2-4c03-8fad-eb1c5170e37e
READ 9962
WRITE 8692 6a013adf-bd3c-47fa-8782-a042ec18f9f6
WRITE 0441 4c34bba0-21ef-462b-9c8c-6fb1b8ed7819
READ 3732
WRITE 4399 bff1cfec-29ea-45b8-b27b-e09c12325116
READ 3076
READ 1256
WRITE 9140 39393bf7-0093-4283-9e69-b04059cb06f3
WRITE 5101 d64321c1-07fc-4640-ba23-718b277bb8d2
WRITE 7326 c02bb681-a571-4a96-81b8-b8e35ee4ad70
WRITE 1028 a93679d8-e33e-43fc-9282-7fdb83b87c32
READ 0767
WRITE 9620 26286743-c5a5-47ff-8f3c-e6ea069b7f80
READ 2290
WRITE 1357 dcdb4f54-2f07-4dfe-acc7-f43449e2ef5a
READ 3758
READ 1205
WRITE 2046 c14c6fe1-f555-4405-8f51-716663b89ff4
WRITE 5501 e380a48a-60d9-414b-b2c4-253e98726539
WRITE 1638 d14c6c03-934a-46b8-b76d-5289d2f8d331
READ 7472
READ 9830
READ 9278
WRITE 8067 c61db71d-2f73-4a90-8868-9c80153f54cc
WRITE 3499 dc00bdd1-0b4d-4044-8ea9-adab5d9dd8df
READ 2092
READ 8722
WRITE 4393 308c33cc-1fb6-4fc0-ab7b-a59df99e0f96
READ 4040
READ 8117
WRITE 7129 dfd94b4f-bf02-4025-b35a-f600e083c561
READ 1982
WRITE 1074 fdfc1e6c-ead2-49b0-ad04-a1a50438ec86
WRITE 9784 8f300ac9-e55e-4421-8e0b-3276bda695dd
READ 3754
WRITE 9411 be497089-9ecf-4c01-89ae-d98c239d7b49
READ 1823
WRITE 7558 25da5bda-f855-45de-a0b3-7678a9f82a1b
READ 8254
READ 7083
WRITE 2045 2274c52f-499b-4155-802c-f9118b26b355
READ 0654
READ 1463
WRITE 9681 fad52d27-1dbf-47ba-be2d-1fd83d8a48a5
READ 4143
WRITE 9274 534c3ff3-53ce-461e-b4ba-f1ec66173d1e
WRITE 6409 8cc6be43-ab2d-4370-9638-eaf9bb4fe7aa
READ 6712
WRITE 3663 a89ed4a8-40e1-49d0-a0a4-3e1f66abeefa
READ 4354
WRITE 1689 0bd0b265-d752-4677-93f7-4aed41f1adbd
READ 9650
WRITE 8145 2c303c25-b912-4240-9d4a-f3e2cb61d6ad
READ 4894
READ 8277
READ 2886
READ 1815
WRITE 5520 b3aa27d8-3627-4fba-83bb-3f792a01155d
WRITE 5077 ebb196b8-2ac7-40c9-a123-10eafc683718
WRITE 2142 f3c5d293-e2b7-4856-aadf-41d7af4a710e
READ 3399
READ 6648
WRITE 8204 2c9b8eab-da56-40be-ae64-1f7da3516b7f
READ 4036
READ 3810
READ 1213
WRITE 6643 e0ebd6cb-5cc0-45d5-9f37-affc28c74e40
WRITE 1964 8b343d85-c1f7-4205-85bd-43680974d429
READ 4714
READ 7336
WRITE 1665 470ca2c6-44ac-4057-8592-f609e3458206
READ 4975
READ 8409
READ 3929
WRITE 2860 d03e681d-c07d-45fe-ad46-ed87f367726b
READ 2316
READ 3035
READ 4459
READ 4746
WRITE 5569 fbf96ce1-209f-470b-ad3c-a05be546d23a
WRITE 3584 b64cfd39-3ff6-43f2-8dcc-f1c26bfda8ed
WRITE 4317 0f7ab052-209a-4b83-839f-2a6a2135cc6d
READ 7733
READ 3934
WRITE 9795 b8221211-8c91-478c-9ac0-852cbc4fa52a
READ 7129
WRITE 6581 5f65cb91-f103-4e03-a013-f3302b0b22ab
WRITE 8964 299c0848-6f5b-489b-90ae-9947ff1c4750
READ 2428
WRITE 4623 96a22e47-2f5d-4be0-8110-9016b4e58161
READ 7426
READ 2226
READ 8621
WRITE 0147 7a98c016-f8c6-47ac-b18e-dc09b092a040
WRITE 1382 64b510ba-32b4-43fe-baee-773d60773437
READ 3446
READ 7783
WRITE 0013 c2a27cb9-c0c1-447e-94c2-a9adc7800f94
READ 5926
READ 2224
READ 4498
READ 0940
WRITE 9549 dd4b11fc-27c2-4514-bcbb-a15e234ff747
WRITE 1100 cf4f8f54-c62b-4703-bf85-31f7c0b5fd7c
WRITE 6971 4b7d980b-36dd-4b82-9e24-bed3880531ea
WRITE 5010 e3c2d854-c7c2-4ff3-976b-734bb99fcb7b
READ 1192
WRITE 8156 37d6aa89-0b56-4f51-ade1-c6929e658a76
READ 7205
READ 4032
WRITE 5153 1a9d3911-c6e9-4fe9-900a-063c8b51b370
WRITE 3823 1eef7f96-3f48-48c3-963b-206defeb39bc
WRITE 5263 f1d9dbe1-2ce1-47be-8093-feab985b23e4
WRITE 1915 0decf270-2323-4c45-a07f-c0ffe9950be1
READ 1587
READ 5856
READ 4987
WRITE 6179 a3185d39-c184-45b9-9a3b-d01744d1f070
WRITE 5946 b19925a8-7813-4845-b3dd-ad6384a40842
READ 3287
READ 3693
READ 1284
READ 8804
READ 6850
READ 1550
READ 4975
READ 8465
WRITE 4019 bef73a0e-1623-4a08-a084-fb2f5b1dbfdf
WRITE 3195 c820ae70-a2af-4c86-8cd6-ac26c665a5ce
WRITE 7164 822a1cdd-ef40-48fb-af38-935ec452d078
READ 4794
READ 8369
READ 5683
READ 9736
WRITE 0094 b0838e98-395f-4c07-8623-63bf5d625bf6
READ 5779
READ 3290
READ 0701
READ 8752
WRITE 1703 46d05e15-3bef-4a6b-a862-5f29b19a6c38
READ 9065
READ 8190
WRITE 3169 91d411ef-9d2b-4629-a0da-453f32dab4fe
WRITE 2033 675daf7c-fb5f-4979-9235-fc0732bf09fa
WRITE 2502 14d9736c-cd74-47f9-a4ca-8efcb75bb37b
WRITE 6054 fbbfe1b9-32ee-4b0a-958f-229337a091aa
WRITE 1881 b52b7db7-95fe-4eaa-ab6b-8490ff782a51
WRITE 8644 2c31ef41-f920-43f2-ab31-45cc20fbda98
READ 8563
WRITE 1876 272d4552-a26f-423f-b8c0-e7edeceb7b29
READ 7994
READ 8438
WRITE 5989 7719d520-198e-4574-a515-aebb5eebff46
WRITE 8971 2099727b-60b6-47e8-98b6-124242d45076
WRITE 0579 ab64fb5d-cb4c-465a-ba0b-84a5ff6c851d
WRITE 6073 5aaccbec-1757-47bd-b9b8-ef65fd02b08e
WRITE 8499 8133287b-8f82-4dbc-a087-a6de08b10a8b
READ 8573
WRITE 1677 0468f21c-8814-4303-aef3-26076dc75e53
WRITE 7111 85d6f6de-b39b-4666-8598-847c64f3da3d
READ 5548
READ 6502
READ 1235
READ 2649
READ 4405
READ 3935
READ 6493
READ 7278
WRITE 3588 edbb7ce1-5fb3-48f1-8f12-efe8bccf4881
WRITE 3218 eb648403-dcd4-4ad2-bf16-e4f54016b2a0
WRITE 0230 1df891d2-045c-437e-b05f-09bc8e47d683
WRITE 7192 c562f149-dd10-495f-9b6c-d410a05bd32e
READ 9834
READ 9952
WRITE 0503 7792ee4c-aba6-4a7f-8dda-24a653ecc1bd
WRITE 1931 f4d927df-c835-4aab-802b-a1f9b736491e
READ 8682
READ 8599
READ 7569
WRITE 2582 e8d5d979-5545-4963-8942-f35e2069e918
READ 5914
READ 5690
WRITE 9596 a275adb4-48ae-4745-844c-7e54d1a290b4
READ 6202
WRITE 1034 8752bdaf-9af7-4e9c-b869-7c097be759ef
READ 2431
READ 9678
READ 9186
READ 6912
READ 7566
WRITE 3515 4abe0948-28d9-46d3-86fc-777cdc269c6b
READ 6177
READ 0033
READ 8430
WRITE 6367 2bf361c5-6b84-4146-adf9-ebdc9924e0df
WRITE 3403 71c7b955-d861-46e2-9d21-8edbb2f2f16b
READ 7278
WRITE 7495 c8e26fd6-cb19-425c-ac3f-55b807f74fa0
READ 5723
WRITE 0743 25f54b35-db85-4a53-970b-c181248d0ccc
WRITE 9150 ede3f1b0-7637-4be0-a8c0-4dfc63835828
READ 3865
READ 0393
WRITE 7303 5fad557e-797a-45bf-9f53-8a1a9bf7b161
WRITE 3176 90062476-7149-4f9e-a3bc-6a318328b290
WRITE 3799 52c28c5e-5b27-43db-8ce3-4e1ae001eac8
WRITE 7147 555a1744-dfd2-4e9f-b5d6-0576d9803700
READ 2025
WRITE 7026 0ab831a6-e970-4a96-a90e-42fc8532d7fa
WRITE 2433 679f473d-77ba-477c-a7ba-cdf28567397a
WRITE 4557 a7078c01-da94-441b-b5d1-843986fe68b3
READ 2755
WRITE 6255 34e5430b-3a87-4132-a1af-bc98961a2f95
WRITE 6449 dae45402-f18e-4f30-af2a-cdccf6c2ff5f
READ 7826
READ 1960
WRITE 2308 5d57a209-5e5c-46d7-993b-3b56b4ed587e
WRITE 7694 3e1005c4-cfb6-4338-bd54-890f222bb404
READ 5016
READ 3284
WRITE 1497 0d1484d1-d59b-4ed2-b29a-be58c00e8718
WRITE 6120 d41ba506-341c-4871-a8f2-d25371071b7e
WRITE 6094 f224a56e-5a8b-442b-8cbd-904c8c950f15
READ 7172
WRITE 7873 ba57b328-b644-41a4-897e-6cbc77a94bd9
WRITE 4696 c904307e-2a38-4cf5-8bef-551743a67019
READ 9211
WRITE 8702 adb00fce-db07-45b4-bea0-3b18f7a833e9
READ 4348
READ 4711
READ 3967
WRITE 4402 63815fec-3ba6-493b-af05-e2ef414b5eb0
WRITE 3603 04995b20-f294-4320-b7a3-a78e4289e6c8
READ 2887
WRITE 2983 b430fa47-81c7-4847-ad3e-46e06ee9f267
READ 9113
WRITE 0985 14e583a2-23c3-4af8-bb27-d33a8f1b82b7
READ 4045
READ 1477
WRITE 7225 aec7ce25-efef-4dc2-b4ba-3adc2187502e
READ 7734
READ 1958
READ 0998
WRITE 2229 2f7c56bb-575a-42d9-99bb-a3dc30002a25
WRITE 8497 8a943efc-fe4c-4a98-adff-edfc877bcefc
WRITE 3743 742377a7-a6b6-48b0-816b-cbef0a259c7b
READ 5217
READ 5435
WRITE 9117 5ee63553-aaa7-44e8-8e77-7e546aa388c8
WRITE 4219 5738a46e-a0d4-4553-a612-f088a397cf6d
WRITE 5094 b274881e-905c-479a-88b2-de399db29435
WRITE 7529 dba68da4-a7ee-4822-ace0-319c01ce563f
READ 2326
WRITE 3959 fd988ae1-8f05-4e0b-891b-e51dc23a4ce4
WRITE 3420 fbc0b7a8-3255-4017-8a8a-f9129de3fb72
WRITE 6493 b965d406-bf14-4550-b505-b6d0c99628f3
READ 6689
READ 8379
READ 5850
READ 9612
WRITE 2229 806f77ca-3458-4e46-aba0-40a28c04279f
READ 7863
READ 9028
WRITE 4239 5f3c622c-8c43-4e72-8d90-4b5c368d16ff
WRITE 8016 7632f5b5-07f4-4872-8e76-81f91de3aed5
READ 4733
WRITE 5147 7d4334f4-90fa-4c57-bfac-085007b95c84
READ 7131
READ 4264
READ 1942
READ 7921
READ 2819
WRITE 7170 6b043972-35b1-49ee-827c-11ca89c96bfc
READ 0783
READ 9504
READ 1077
READ 7365
WRITE 0050 3fdfc78e-a56e-47cd-9875-a62723692a52
WRITE 1588 5e0da570-88f4-4ee2-aef6-9173614bd18c
READ 9344
WRITE 6484 b01197b3-e194-4968-9906-88645b9c8c57
READ 4728
READ 4036
READ 1677
WRITE 4812 89bbd129-2361-45fb-97b2-4e68a474011c
WRITE 7627 88b747ed-f0a9-4835-b1f5-a559cc9f415b
WRITE 1978 010641e1-aa89-41ac-aad4-75ec4d5afad4
WRITE 4393 a85913ec-0810-4920-9a02-87b985af8155
WRITE 2073 58025547-649c-4ffc-9d12-63daaed5ce88
WRITE 3398 ba09b95e-ef2d-4a65-9eb7-4d36992b3b3c
READ 2071
WRITE 3033 ecd369b5-4c88-48dc-9d2b-04a285a6c10a
WRITE 4880 03ae432f-ab34-4988-9a08-cdaa148f473e
READ 2510
READ 4765
READ 7446
READ 2547
WRITE 5172 64fb79ca-5816-4800-9892-3e58b2278a62
WRITE 0028 af145c92-8e85-403a-9812-e836b45044ff
READ 0339
READ 3250
READ 4335
WRITE 7845 79d288df-a0bc-4d68-9c18-7f85c4c7cc08
READ 6775
WRITE 2701 e91ed8e6-82e4-4de4-9d92-e86589810d1e
WRITE 9254 0581a4df-f866-480e-bacf-1fdd32cfc381
READ 2105
READ 4775
WRITE 0528 70b9d338-3a66-4806-8b4c-42b05a5b8914
READ 0567
READ 3188
READ 5639
READ 3777
WRITE 5469 17cdc2e6-f3a8-4e55-9806-100642296597
READ 1966
READ 7906
READ 8591
WRITE 4015 4d6e44a9-3919-47a2-a06e-770e7f27831f
WRITE 8900 2ec0140a-179d-4bbf-b231-cdf7e3fc1ab6
READ 2508
READ 9703
READ 9458
WRITE 3976 5565d973-ff57-4d3c-8dfb-4b17ac808207
READ 4056
READ 2988
WRITE 4192 61a71560-4a46-40bb-9003-da0043b03e53
WRITE 2758 960954bd-1721-4b18-ad28-d98a5541a6ad
READ 5791
WRITE 2749 6610d9c9-7b9d-4d3e-8475-5b73c6972dab
WRITE 9452 f093c8a7-c273-4612-9ad9-b98e20dabd4e
READ 0897
WRITE 6200 dadca7e1-3336-4590-8905-28a9ec8b759a
READ 4257
READ 1529
READ 0680
READ 0465
WRITE 3251 054001bb-8306-4292-a337-2b3d8932bf16
READ 1446
WRITE 6464 02213f34-a512-4915-b8ac-37ce4e7e9c0a
READ 0446
READ 8128
READ 6838
READ 6045
WRITE 8333 20d667bb-ca0b-43c1-998c-3df953019b21
READ 5046
WRITE 2866 ef491dbe-782c-4566-8a73-9270d11d487f
WRITE 8584 9247bfff-7a22-4181-8ee2-c6a0dfbd0286
READ 3132
READ 5156
READ 2280
READ 6101
WRITE 1509 2974549b-8744-4415-b7d1-498adbba3178
READ 6468
READ 3349
WRITE 6458 864d2463-9dfc-4537-9c57-4d9caa20636d
WRITE 5192 a150f964-6622-453a-a329-ee6755640926
WRITE 6437 9b234e56-8b85-41a9-bb8f-7d599352c96d
WRITE 0352 cde91e73-c33a-4f27-8830-826667a5802d
READ 0066
READ 5894
WRITE 8550 b689c566-902f-47a9-9f5c-7304f52cd4cf
WRITE 7335 89670848-c00b-4f3e-a068-4b1a2ab0f39f
READ 5318
READ 7357
WRITE 6008 8db76e25-3807-4139-8602-c51e19bb8c11
WRITE 1697 787b4e11-016f-4160-851e-0df52583221b
READ 5519
READ 2228
WRITE 4297 6d6eac56-eed5-4a6a-b759-9b8350fc3ec6
READ 0201
READ 4640
WRITE 3034 0a1f72ba-4dd2-4c06-9ec1-1dfb1d8ac99f
WRITE 0254 a26aa2af-5bda-4e74-9118-4758d9cdbd8d
READ 5720
READ 2915
WRITE 2827 6fae4695-6d78-466b-aceb-1d08b93c03d3
WRITE 4778 7b501cab-d418-4732-8f49-a078373093e9
WRITE 6588 0613bdb1-918d-4972-b559-315844417471
READ 0477
READ 0368
READ 5576
READ 6029
WRITE 1784 0306a1f9-e8da-4791-920f-7c810d380a01
WRITE 8610 ddadfaf5-5fd8-4c91-8a68-ae0280a63b93
WRITE 6755 1048d132-ff65-4bf5-9ee0-60fd3b58d7d3
READ 7036
READ 0930
WRITE 5069 86a5d647-827f-4730-bae2-7be601fe779b
WRITE 0200 47481e37-3705-4f44-82dc-79639f075060
WRITE 6276 792527b9-f006-4995-8208-a6772a9fffa9
READ 1354
READ 5327
READ 1103
READ 3337
READ 2092
WRITE 2819 ebb800fd-16f0-4856-a1fa-f380c202e7ae
READ 1480
WRITE 6207 aa25a5aa-f146-4941-bff6-10df546cf889
READ 9231
WRITE 2007 ae9fb3ad-595e-43b3-9db8-afdfa383d62e
WRITE 7387 282e5099-dd8e-4653-8d6d-29a69e253440
READ 2360
WRITE 2764 eca813fb-220d-4ef9-a8c2-61781b048969
WRITE 5350 8b30a9e4-9045-4558-983b-fe561b791564
WRITE 0650 5aa22d5c-d1df-43ed-9ba8-c25a8729b19c
READ 1380
READ 6749
READ 3848
WRITE 9927 96702f2e-01e4-467a-bb63-15639e0dbec9
READ 1985
READ 4137
READ 2805
READ 7337
WRITE 9447 40c26cae-ad67-47e9-b337-38c957657397
READ 0852
WRITE 7944 f05c82a2-ba21-4c28-b5a6-df240cf8115b
WRITE 7401 4c325e97-0c4e-4988-9192-9041a26fdfba
WRITE 7141 e203b637-d695-4d26-9cc3-e0996ce99474
READ 1353
WRITE 3070 444f49f0-570d-4b2a-bfc2-7c47f4172e6f
WRITE 5211 dd17a1e8-3e80-4d56-b0e5-45cbbd1665b1
WRITE 8927 b7e1eff1-595d-48ce-9cc0-97d15aa2b5c7
READ 3072
READ 4702
WRITE 8462 226ddc88-948b-4f00-be29-e71fbdd5b249
READ 4589
READ 3261
READ 4141
READ 9998
WRITE 0344 6752a298-cc5e-4577-bad1-89e16591fa88
WRITE 4419 2258bd74-d1ee-48a4-a655-20091b76525e
READ 2634
READ 3658
WRITE 3154 9f3711c0-6537-41a4-81fb-b86dbc2cd5a1
WRITE 4910 f128103f-e873-4db6-bf8a-38809b57d0c1
WRITE 0664 7b8a62b0-28b3-4104-bc54-ca631fb5c1ea
WRITE 3037 68773c6c-a17d-4851-86fa-b989451f8712
WRITE 3476 904d3201-def1-44bd-b795-ddbe71d610c8
WRITE 7481 e33a55cd-2eb5-4364-979b-b1ad84329621
WRITE 5925 9ffdad95-90de-4139-9e72-043193f99f3a
WRITE 0694 edd678b7-a9b0-427f-8175-e4f4a6a64d09
READ 7851
READ 0635
WRITE 0949 44d640f1-2fa2-482f-af47-55c1557733e4
READ 0614
WRITE 1936 a187a92e-a973-42df-a2c0-cac417d34cc6
READ 8844
READ 3681
READ 5457
WRITE 8985 d2e8f62c-9328-4ff9-9f26-d86bbf7bf465
WRITE 2637 0a93c9ed-35a2-4958-849c-f153ecb54b5e
WRITE 1301 6a4c12e1-acc1-4547-8854-80f007cdd003
WRITE 7625 b9839855-c391-46d4-aa2f-3389d29105cd
WRITE 9806 563c9395-f2c5-40a3-b662-a90b6d4589a7
READ 5962
READ 8632
WRITE 5584 7305f4e0-83f1-4661-a9e1-4e241fa0934e
READ 5507
WRITE 6982 666419bb-90f5-496e-b139-4bd28d599ef5
WRITE 5354 12b90e43-91b3-45f7-b250-207709a342f7
WRITE 4553 f323f019-8d21-408e-a2ae-9969b7e3319d
READ 0290
WRITE 4164 44f6ea0c-1293-4e1c-a94b-ff092da7fd62
READ 5596
WRITE 7937 d53574dc-5417-47b2-aeb1-1f0a03279fbe
READ 9458
READ 5931
READ 4613
WRITE 7739 b271f34a-373d-438b-90c5-bfceefb36b7c
READ 2957
READ 2705
READ 3492
WRITE 7548 47d9a80d-8c77-4514-a3f5-aa6b373ab88d
READ 3486
WRITE 3432 42eeeaab-2369-45f7-8f84-f220be020092
READ 1986
READ 3359
READ 0212
WRITE 6503 81d29a0c-dabc-4191-a2b0-4fb6e6879ed5
READ 6444
WRITE 8796 7bd72cb8-7efd-4519-b745-6be361d9df25
READ 2056
WRITE 1704 36068c82-3eea-4c35-a213-202f2552a6bf
READ 0736
READ 8650
WRITE 0402 0d5d0ae7-478a-4c03-bbf9-9e20d6155b88
READ 9992
READ 3698
READ 8520
WRITE 4400 b7a89731-ea49-476f-96fe-9b67d02abb9e
READ 1048
READ 4189
WRITE 4823 00c61960-bba2-4875-9916-4580fa7ddfb6
WRITE 1601 26fa2687-f168-4880-97ac-df66f684e3cc
READ 2217
READ 1749
WRITE 1711 bb776671-da56-46ba-be7c-62635ff24d3c
READ 6928
WRITE 9231 6b9b7524-2f8a-4561-a6be-6b6cb91dbba7
READ 7436
WRITE 1075 66e5f47d-a336-4c9c-b99c-6b7dcc9da3e7
WRITE 3283 df5ddec0-adc4-4c21-a9e7-d0a79c58f907
WRITE 1047 508adca3-ce60-4006-b698-6480e342b3c6
READ 9873
READ 4704
WRITE 3772 86e9b0dc-01e7-4487-9d3c-f4c6039089e1
WRITE 7929 1ffd167f-57fd-49b3-90db-d691b7a4c988
WRITE 0153 6c25e407-d76a-42be-b3fb-9bc07bd85654
READ 8769
WRITE 4956 e1144fb8-a768-4756-b3e1-e46e7e108c3b
WRITE 6423 9c4f9851-31f3-4714-ba9a-716007d5e292
READ 8137
READ 1903
READ 2170
WRITE 5053 3870250e-4554-4f16-8dad-0d88d80e9e5b
WRITE 4707 6db265cc-4b36-434b-ad31-9b5a8026351e
READ 1080
READ 6090
READ 9360
WRITE 1072 07b8b892-f990-4b04-a6d7-9d1aa6f3ac59
READ 6369
READ 5548
WRITE 5396 f63de941-fa3a-40c2-aa99-e409bcfff35c
WRITE 8238 c6f65393-78ab-4b15-84a8-8c8f841d4eff
WRITE 6080 6ff0ae95-037c-4b34-b8d4-8752f6492e16
READ 2562
WRITE 9263 d626a53d-92cc-4c0b-b370-6262e7d90bdb
READ 2140
WRITE 2798 aedd3af9-b4b2-401e-96f0-453a94894c8d
WRITE 4562 9887db76-7c37-4218-8601-3d1e2a20fbc5
READ 3816
WRITE 8628 88abc0ee-b911-4e4a-afad-a6c9989ffed9
READ 6373
WRITE 6274 2e912007-9339-47c3-8bb7-cfedad87e996
WRITE 4499 9a108ea4-32f8-4cdf-8808-54134f9f6b3f
READ 8659
READ 9622
READ 8615
WRITE 4982 bf01e423-2646-4b5a-8095-25cb8b605940
READ 7659
READ 6912
WRITE 2772 68211f65-6223-440c-b7f1-9cf980770d73
READ 3007
READ 6617
WRITE 9646 9fb890c0-fc60-4898-9656-203dd0984db3
READ 6879
READ 6167
READ 5239
WRITE 7010 5d5ad171-744e-418b-acdd-58c09a1202d3
WRITE 1904 db8acabd-8da1-41c5-be49-f0d7381dd204
READ 0404
READ 3718
WRITE 1306 fd688839-4dda-4eb8-86b1-4f13df1a1de4
WRITE 1553 5ce57dd1-9bcf-40bb-aaad-bc27219ebfec
WRITE 6768 ea69099f-9a1c-4059-927c-dd726ab95977
WRITE 2716 2f695531-7e9b-4e3c-a196-192ba4dd078d
READ 8036
WRITE 9850 162ecd05-dc28-4c9c-b2c3-e7b8dd021785
READ 6277
READ 1759
READ 2670
WRITE 4586 4899a650-9fe4-4531-b85d-376530e7f20d
READ 9668
WRITE 5173 36a67c21-5d59-4675-b1ef-b312dfbcd917
WRITE 4858 344ad8ae-182f-40b6-894d-5c197d8e1bbb
WRITE 8828 8ded9f1b-2cb5-477a-b155-772c03eea70c
READ 1525
READ 1597
WRITE 5847 66100986-c08d-4db3-ab48-6a46ad55252b
READ 1230
WRITE 2910 297608c6-094e-4c98-89d7-78eb6351f8dd
WRITE 8943 b2fb264a-b273-4f14-a7ba-c9f7b1cbbc53
READ 1824
READ 8422
WRITE 3107 0b4b56a8-7b99-4d9c-a45c-0425f4b81f16
WRITE 9515 c777aa32-315e-4be8-969f-111a3863fd03
WRITE 6066 2b1eaa50-80f2-46b5-990b-d94bd6851b4e
READ 6121
WRITE 6554 c150e95e-3be5-41a3-8f6a-775529ee4103
WRITE 0458 dc5be658-8d4d-42b2-ada0-a0cb6b5207fb
READ 3335
WRITE 3355 ad478955-d3c6-4ae8-afd1-17c04a21a5b6
WRITE 4066 57261062-2168-491c-8769-0e3736a6ad71
READ 6910
READ 0080
READ 3486
WRITE 3014 ef7e2bdb-9d60-4514-bd3f-e5d2b71e0b66
WRITE 1013 1a512007-6047-4170-8074-f81fd7d79d7b
READ 0714
WRITE 8066 15b696ee-da34-4813-a18f-ee8503840875
WRITE 7642 53446554-acdc-46b2-9577-7bfb95d197ee
READ 0954
READ 2773
WRITE 9594 cc883808-a267-4a6c-abaa-05300da0708d
WRITE 4475 cef80703-b41a-4373-a734-3b9564bd90dd
READ 2750
WRITE 5129 528343cb-30f7-4e40-b9a2-bc7284d6c15b
WRITE 2890 b856e0e6-d4a4-4f7e-b0ff-4091276a23f6
READ 0266
WRITE 9078 a3cd45a9-d8f3-48ff-824f-19905d31b362
READ 1783
READ 1442
WRITE 9488 67bafb9f-4ef9-46c0-9f0e-576d4bc6276d
WRITE 8875 f30b01a0-cac3-48b2-b6de-78770926c45f
READ 9708
READ 7397
WRITE 6212 7f53dd87-b4d3-4386-a170-ac5e0992fe46
WRITE 5200 c2e83d14-12e3-4bcd-bf41-4b37bde4bd6f
READ 9039
WRITE 6482 4fbb792f-960d-4b33-b92c-96581de784fd
READ 8344
READ 7953
READ 5895
READ 9289
WRITE 6984 d590176f-1094-46fe-9fb6-e783d3944b0d
READ 7713
WRITE 5728 4b5a61c4-d63c-448b-858f-a6ba839398e6
READ 2330
WRITE 5124 888c38c6-8273-4f8d-b1b9-e6d302821bf1
READ 9722
WRITE 9955 e0805cde-35f1-420b-a596-ee7ab0414e81
READ 0599
READ 1582
READ 2415
READ 8329
WRITE 9536 920c8449-cc74-4ea7-aa93-3f04d0224ad2
WRITE 7048 219b1a23-efda-47c1-84fb-cd19e2120afc
WRITE 5007 70b9a222-581c-405b-8992-7b07e4ea4fcf
WRITE 1552 ad2091df-c2bf-4636-b8dd-6fc45f385434
WRITE 7200 8ef46d97-9266-4b86-ad1c-58a9fbe03e7c
READ 1802
READ 8625
WRITE 4405 9090adcc-9f56-4937-abc1-af6832168bff
WRITE 6837 2405ca1f-16a3-4287-8d13-337f57f4641f
WRITE 7168 38cc3480-ac27-411a-bade-404bee1a0d25
READ 2519
READ 0031
READ 0833
WRITE 1479 be445b62-209e-48f6-b206-26f6f2dae8c5
READ 0785
READ 3017
WRITE 2135 7ae62ac1-0776-423f-8c6b-1e0a5e9b7baa
WRITE 9455 31b98f2f-a8e3-4c07-a44e-f224ad1a99b3
READ 7423
WRITE 9650 388225cf-4546-48f7-a38c-3b08a3108eb1
WRITE 8813 6bf35777-024c-44fb-bd1b-782c999122cd
WRITE 9801 3e2e76c7-fdd6-47f1-a6d1-72828c49f3f7
READ 1716
WRITE 0239 48612254-192b-471f-a3df-81d25f5b8a0d
READ 3813
READ 8088
READ 6484
WRITE 8506 d8d9ecd7-896b-4b8b-8b77-739a40e9690c
WRITE 1237 7cf0785e-9d1a-445f-85c4-9af4ba830d81
READ 1099
READ 2072
WRITE 6637 3c9346f0-c89c-4e19-aafe-b5208b1a314b
READ 3833
WRITE 5775 a547f884-d41d-45b1-a4ac-5b3befbcb0e3
WRITE 1997 00dc759f-c9d8-44f5-9c36-45e01fc409b8
READ 9310
WRITE 7070 1c464d29-3432-4f47-aad2-dbc8ad82ecf4
WRITE 4056 b4941ea3-6daa-4eee-af4e-b095e5be2dc7
READ 0219
WRITE 2946 00eeffed-347a-405c-b929-73395c2f06b0
WRITE 1926 b6adedc9-ed70-42d4-aba8-2db38516dea8
READ 2960
READ 9249
READ 4517
READ 1812
READ 0881
WRITE 8199 c2b7f621-b3b3-4c82-92ba-b633f5fe8732
READ 6780
READ 6157
WRITE 2995 38d6ce86-9d6b-47e5-8652-58c8ccfbd2cd
READ 2057
READ 7362
READ 3110
WRITE 5662 3401c7fa-14f2-44fa-b9df-5c1367edc865
READ 2314
READ 5952
READ 3057
WRITE 9002 d1193c57-36f2-4788-b964-dfbdb6b7bcec
READ 4336
WRITE 6964 8a523455-74ac-465f-ae1d-73d39df8e20e
WRITE 9570 0f354eff-7f5d-420a-a495-5444e61cd2c5
WRITE 1804 33b83840-3f50-442d-9f9c-d7a0365edac2
WRITE 8013 1707ee0b-e685-40e9-9920-d61c95b775e2
WRITE 6848 979ad77a-73a5-4e6e-b2ab-368bffd1b338
READ 9925
READ 0321
WRITE 5263 fa4e46fc-dcaa-42fb-b5be-71929cfff754
READ 1203
READ 2417
READ 1086
READ 1191
WRITE 2705 097afc83-fffa-44f3-bbcd-ea1d421e53d0
READ 2647
READ 1221
READ 1108
READ 5100
WRITE 3459 431e73ad-b50e-4b47-b38a-15263778bf4f
WRITE 0903 ac179ca2-1116-450a-9dc5-0ced82a2220c
READ 7033
WRITE 8681 727a95c7-3d5a-490f-b6ce-0e5f28f166ec
WRITE 9051 caa1cde7-3f1e-43d4-9a58-319a512081c5
WRITE 2026 ac3f87f2-9715-41e6-9951-7d9f715eb86a
WRITE 6376 be29c213-429c-4eaf-a17b-6851d640f364
READ 6484
READ 9177
READ 3125
READ 6442
READ 1629
WRITE 6156 934754b8-3d42-424e-93e4-cdd903665d00
READ 7720
WRITE 6348 6d36757c-668d-49ee-97cd-d377e721653e
READ 6065
WRITE 8572 9b1a9b35-327b-4f3f-9ce9-fc009d1e17f1
READ 5289
WRITE 9149 0640a6ba-d373-4fae-9957-7b0023351504
WRITE 1270 ff2526a5-4d8a-4e87-ae69-014a449bda6a
READ 9206
WRITE 2916 71f1f76a-c4c6-454d-bbd2-be8461081266
WRITE 7332 29c9be17-c793-4265-9f50-b39583832193
READ 3457
WRITE 5179 c2b0a05f-ee02-4b90-863a-9151552c569a
READ 3401
READ 1147
READ 0415
WRITE 3891 f32e5a48-fe73-4bf6-bfd8-e05294b588b0
WRITE 9205 41ab0383-464f-4353-bca2-18511a63dc56
READ 7305
READ 2795
WRITE 7095 f38f4839-ab7d-4257-9864-ebbad98a1783
WRITE 0193 2f7dda7c-0c77-450b-9f1c-17b1c6811f9f
WRITE 4956 597ab591-2399-4272-b904-4b089bff163b
WRITE 0559 121b8881-4693-4bd9-b5a7-7ea078e5d533
WRITE 5782 a2185227-e1fd-424a-b14d-51a8b9efa396
READ 0588
WRITE 8644 e5670114-528e-4545-9724-4fc56a0f1fe5
READ 3554
WRITE 9208 e70814d8-a71b-4c8d-b1c1-15b6b1393d71
WRITE 0780 d54d6c7c-8f63-48c2-a5fb-414eea95ec6a
READ 5899
READ 5950
WRITE 1163 716c0729-7917-4b65-bf40-5046acaffa39
WRITE 5751 e47a1b3d-296d-4561-8b66-2006920cc85c
READ 4754
READ 3938
WRITE 0367 d366965c-aada-405a-80f3-ed700b5f8d9b
READ 1326
READ 6637
WRITE 6406 3337d42a-c619-46d6-91ff-50f9eed96de6
WRITE 7970 ed5d630e-aaf4-4017-9579-cd6237a05d9a
READ 7337
WRITE 8784 b1d32339-7641-42fe-baf8-81d942ac6168
WRITE 2499 4b57b34a-9ec7-4857-afc5-d251d9bc8563
READ 1027
WRITE 9346 2e455712-6467-4303-b46f-db5969692d06
WRITE 7351 4e1ba45b-2137-4ea4-8857-b30cdef59281
READ 8427
READ 0719
READ 4777
READ 4013
WRITE 5092 274785c8-04e5-4d17-b686-58f84c4b79db
READ 7590
WRITE 0581 72a853e3-0213-452c-9068-712c29fddeef
READ 2052
READ 6454
WRITE 4556 12e89d1c-ec5d-4fce-9443-f066f3acd6d3
WRITE 7723 53ec7cce-4807-4a1a-b020-9fe3e805b7a5
READ 2389
WRITE 9886 3f7b1803-fd29-41f0-a50e-e04847142f8f
WRITE 3331 41d79f12-e326-4644-874f-0602e06f9d42
WRITE 1923 235e1e11-c3b8-44c0-9d74-81c52eb034fa
WRITE 8271 169b03f3-c345-4277-9b4c-8be0c1b38fbc
READ 5946
READ 0531
WRITE 6597 829d5a7a-b9f1-48f0-b22d-627a473b7463
WRITE 1360 5d8cbc49-c886-4225-934d-d60c764460f1
WRITE 6362 d149b29e-7e54-4b4b-9263-d744194caf66
WRITE 9301 442aaed0-4c54-4e47-a15d-f0317c39bf8d
READ 1682
READ 0828
READ 9534
WRITE 5206 e4d0f6ea-4b1e-41f5-bd8f-6fcbef3f144e
READ 8273
READ 9936
WRITE 3415 d1d6ded4-3c58-4c94-9ec8-0bafd4d4abf4
READ 7941
READ 0847
READ 6118
WRITE 2793 dac3d733-c04a-4661-9653-79aaa56fce80
READ 9099
WRITE 0356 7548befc-2944-4b8f-ba75-ba71e74495c5
WRITE 5399 6b9ee9fc-d9cb-4a23-9d94-fcb83661064b
READ 5032
READ 6652
READ 5225
READ 7437
WRITE 0376 83e00f14-3dd3-4be3-87c2-bd00fa7b58e8
WRITE 6542 fc93f9cf-ad09-444e-b160-25c595031074
READ 4955
READ 2162
WRITE 7197 01d00b49-9585-4f29-8b87-fe4af8117bfa
WRITE 1843 e2ce2f28-e19d-48f1-a761-a76850947a3b
WRITE 0760 e896c44e-f0f2-4817-8e40-f828b2f01cc9
WRITE 0811 f527a7ed-851f-4c2c-9582-613ea9bc2436
WRITE 3823 759d1f30-05ed-4a1b-b817-91f8aa11815b
WRITE 9474 3b9df9a8-2938-42d2-a520-6643971353a3
READ 1552
WRITE 6932 fb1b7b91-f8ff-4861-a278-8d6c502d2711
WRITE 4672 31a66ccd-f5ee-4c85-b6eb-e73c971a1b37
WRITE 8204 f883794d-d49f-4c7f-a5a7-80a0106f4471
READ 3332
WRITE 2041 453882ed-2c2b-4e92-9b2e-6d4600c2398e
WRITE 1312 4174bd04-16a1-4fa8-88ea-03f345ddcad4
READ 0085
READ 6941
READ 9511
READ 2842
WRITE 5951 a4aef647-3a54-4840-a1ce-aa65598d9c67
WRITE 3786 ed595f16-3e22-4742-a585-092fd135968f
READ 2636
WRITE 4922 8b08d358-0f95-41be-98fa-aa3330bb27fe
READ 3100
WRITE 9403 14e30e6a-6e89-4169-9354-c6fca2a70cef
READ 4756
READ 5589
READ 9387
READ 2436
READ 7509
READ 5014
READ 7614
WRITE 0178 db29b625-2139-430e-bbb7-657d59e1fef5
WRITE 2359 2988e207-24e7-454e-8318-0e20ae2f3b63
WRITE 9197 c107eff0-b00c-418e-9e72-ed7f6de6f354
READ 7592
READ 8045
READ 1848
READ 1963
WRITE 2607 80829f48-ccbc-44e7-8bf8-fd35b779226c
WRITE 2223 f71b9601-da5d-49d1-b622-be4405874c14
WRITE 7302 a4ab52bb-c0d1-4703-9727-2ccc3cf9c92c
WRITE 6993 143bdc54-8d46-499c-ac8e-025157a65573
WRITE 8767 953dc84c-4bf8-4ddb-91c0-8a27bf7c4c17
READ 1851
READ 1243
READ 1329
READ 3740
WRITE 2977 c213484f-0c12-49ef-9a72-9b76812286ee
WRITE 3367 92227abb-1d2d-48f8-9f86-41fa2b0eff4e
READ 5227
READ 0151
READ 6848
WRITE 1776 836df6a2-c1d3-412a-9343-c21533f8013c
WRITE 2284 c687dedd-31cb-4e2f-a75d-6e02eb7c51b3
WRITE 8514 ec3b4cb0-6708-43be-b319-f8b678bdb6af
READ 2778
READ 4184
READ 8100
WRITE 4695 59993ed2-a3fb-47a5-ba38-99fa2e914ccf
WRITE 3408 b68da52b-e9f3-4f78-a428-582d56c0e3e8
WRITE 0090 2d97ec56-1370-4c7d-afe5-855cc709c57d
WRITE 6259 9d35bf16-2547-4385-b13a-feaa12e7cf5a
READ 4155
WRITE 5730 5f78e0e8-a760-4bbe-a54d-f4d0499e4d9c
READ 7692
WRITE 6962 cfa37b00-466e-4e34-82e6-c68dfd772edc
WRITE 7549 c972ea3f-4513-444d-a63e-a0d48aade145
WRITE 8673 b4160a4f-b9ac-467c-9ae0-5298fa5675d1
WRITE 3551 dc705b9c-a0d6-4f74-98f6-af5ff33b5349
READ 3833
WRITE 9591 017f39fa-e606-4060-9f49-9bc8e7128e8f
READ 4746
READ 1432
WRITE 3246 09f722f6-2cb6-4496-be44-603f69ba220d
READ 7287
WRITE 7882 ade87551-ba02-4657-949e-95a2aa03efea
READ 1587
READ 0075
READ 0599
READ 5182
WRITE 3961 7336b74d-7d2d-4bd5-b666-4254cd2bfa4e
READ 1936
WRITE 1356 7951d43f-54f2-4b68-bcf8-435e5427a0b9
WRITE 2675 54bb2cd1-6e12-4a72-a310-e38cb5ba6c42
WRITE 3536 2b1e2b25-56e8-42fc-9f82-5939f7507c57
READ 6061
READ 4088
READ 5635
WRITE 5244 14ff3703-5f23-4a8a-aceb-d6081d96bc95
READ 5304
READ 7898
READ 3270
WRITE 7272 724e8ceb-46a1-41ed-819a-9991482b0688
READ 3336
WRITE 4120 cf66b743-8408-457d-894a-843c923a2ad9
WRITE 2887 1270a316-3d83-4d78-9ae3-fc68b1786ca4
WRITE 5341 5f468e5e-4294-40dd-8366-3976e0f6e064
READ 9329
READ 3251
WRITE 5680 0c7c3a0c-66e5-45d5-8f75-5b5141bc55cc
READ 1895
READ 2376
WRITE 9703 1b72fcae-15eb-404b-9ba2-4df8fe8f196a
READ 5391
WRITE 5999 319e6e50-e3f2-4748-ac46-db399d67c3e9
WRITE 5037 f8f7115e-79b4-4f4a-8d3b-da8bc95bef77
READ 0144
READ 5725
READ 7518
READ 7841
WRITE 8447 e1540bdc-46b2-4a45-9639-b6106efbc269
READ 6481
READ 6661
READ 7413
WRITE 9615 e3390f9b-a6f1-4ba7-b815-64369eb4bf9a
READ 3811
WRITE 2820 dac5692c-b0c8-407e-a4a3-e13da8b32f3e
READ 1132
WRITE 2671 d359023e-7b52-4f36-beca-d424340ff345
WRITE 1480 82e2b791-0528-4585-a53a-63db472c1c32
WRITE 0856 e8f6e50a-3794-4b2b-b7b8-7f0650e5355c
WRITE 0505 25c51338-019c-450a-a2b8-a62ea28ad1c0
WRITE 4564 c2fcfd56-5958-45a9-8cae-591df9151fae
READ 6435
WRITE 8198 adb0f15d-be83-429b-870a-deaa6bd9bdf2
READ 1275
WRITE 5765 29a235f4-866b-4265-ac17-4cce8bf438ec
WRITE 2691 140f9e9b-7479-422f-8b9a-30cf86df6baf
WRITE 3495 24d1a7fb-cfbb-4da2-bcf0-10549e6987cc
READ 4893
READ 7976
READ 0000
READ 6655
READ 9447
WRITE 4052 550919b9-9be2-4d78-929c-c810d0af2e28
READ 2940
WRITE 2089 90a2d025-3484-4856-9e0c-142b7b62dd1a
WRITE 5633 698764ee-5871-41d1-88bc-306a02f0ff2a
WRITE 1766 8e82bb06-dd2b-4708-9d28-f637798bb1f3
WRITE 3429 8e521b09-3c42-4064-bee5-1ae37c87dd90
WRITE 6583 33b857c8-734a-4f5f-9aa3-6ced75378817
READ 8110
WRITE 7141 dd150190-a9af-408e-bfd4-650dd06609af
READ 5165
WRITE 7783 46506319-908a-4c60-9857-2a8d81840183
WRITE 9139 9648fc19-ace7-4f05-bea3-c706585336c2
WRITE 9672 37536c88-aeea-453b-be52-337362942045
READ 3346
WRITE 9687 7d85048c-f709-4f21-8d70-0ae96ef72235
WRITE 5339 85168b0c-cdf1-417a-abe9-223e65cc3dee
READ 1580
READ 9001
WRITE 6277 3db6860a-ad75-43cb-9a0c-b15604800a81
WRITE 1482 3c5f7498-323d-4384-a1ae-c370f0d926e4
READ 7950
READ 8857
WRITE 6770 9b10ffab-4f34-48b9-ba1e-0bed35135b75
READ 0453
READ 3461
WRITE 4967 f04868a4-9099-4a1c-aee7-b97b688828ad
WRITE 9589 a0881f9f-9d14-4ff4-ba38-2f4cd0fef611
READ 0480
WRITE 2747 0e7b4811-2e70-4643-aa8c-bedd23e329b0
READ 9542
WRITE 6621 e3af8ac5-cf15-4501-8056-5961f9d93593
WRITE 0476 5cf31eeb-d8b6-4e22-aa8d-ee1163b91d65
WRITE 3501 ee500d29-3176-4f46-ba81-42d436d6bf55
WRITE 0343 dbec7bc6-1e0e-4760-b3b0-f62e8151aa28
WRITE 7192 dd148a20-d61d-4cf9-a87a-f2174383e5b6
READ 8256
READ 9520
READ 7392
READ 8871
WRITE 9183 85343ff3-46cf-4269-ac27-3b61cf2cfd52
WRITE 6905 744362b5-cbff-4a33-a635-04a845464855
WRITE 1105 c22d3ba7-9580-4f2c-982a-b6c41510af04
WRITE 0303 f6d23777-1c00-48ed-aaaf-79c10bdc9cea
WRITE 2273 5200a860-007d-42d8-9887-d82fe45158f6
WRITE 1296 5ad49a34-b791-4da9-8dfb-4ee4eacbaa6d
READ 4371
WRITE 3843 d8c99cf1-b36a-4300-80c5-11c4b580afc5
WRITE 5028 0b9bbd4d-5982-41c7-9dd2-0d14d539cc02
READ 8569
READ 1563
WRITE 3777 d1e6d876-fc12-4afe-90da-91f3b2e03851
READ 5455
WRITE 1658 bbd01f23-c02c-4c40-bf44-180ae70aa9b0
READ 4343
READ 5833
READ 5151
WRITE 1659 fe27d45d-2f7a-426d-852e-8637e0c386dc
WRITE 4165 460c17a1-81a4-4684-aa14-142c7475a598
WRITE 4900 d760b20c-141d-491b-8101-622557c4a316
WRITE 2385 968fbcde-5690-4cff-9b01-3de645909996
READ 7217
READ 2116
WRITE 0727 4f012a59-8b8a-4d43-800e-75e453990791
WRITE 2531 33c661a5-b1ae-4101-a6b5-0096d9f9c4ad
READ 8032
WRITE 2399 acdc859f-a9d0-4c10-ad46-088eebb81fe9
WRITE 7384 ada01afb-e76b-4022-9f62-35a56a9a0fdd
WRITE 3229 5cda8947-1231-4e6b-b31a-1cffd41f4169
READ 6035
READ 8507
WRITE 3480 98409022-d260-46a3-a0a1-4d73b45fe53c
READ 1715
WRITE 2136 85d4241a-6921-42a2-a65a-c2c6d3f6c876
WRITE 3306 3c7d6ce4-d62a-4672-9675-703276cf0de2
WRITE 5478 b9f6a46a-7c4c-4266-9801-8fd81e9f7c11
READ 6379
READ 9853
READ 5623
WRITE 6091 7f0466cf-fe51-40f4-8120-5017ce024288
WRITE 2722 8305911d-4a39-4500-8bc2-072ae655b4a3
WRITE 8682 50e01072-86b1-4b34-926d-9ec3805f43f1
READ 9782
WRITE 0357 cc54e8d2-3168-4e91-9ce1-a79b3c4da272
READ 7223
WRITE 7854 1aad5f9b-ae85-4507-829f-54b4654b51ba
READ 9148
READ 5252
READ 2996
READ 7437
WRITE 9772 4bc9ce7e-d51d-4612-92ac-db35dc62e5e7
WRITE 0928 ff3da593-6f23-44f4-99e4-4fc65d7cdab6
READ 5494
WRITE 8056 10ce095a-1a6d-43c4-b136-76cda5264b1b
READ 3720
READ 9718
WRITE 3840 587df9d9-9ce1-4d43-9112-340faec6b87f
READ 7230
WRITE 2869 92a2d83b-61ff-4640-916b-e44035feddc4
WRITE 2980 e209e594-af56-445f-aa57-0494a56cf184
READ 0968
WRITE 1645 1a1b3b84-d104-4249-b4cc-88f6c98f63f3
READ 3462
WRITE 1454 e0c51a15-2d52-4ead-a370-c10f08919187
WRITE 1477 25bc9d66-f11f-47b8-855e-b3591b7ae095
READ 6952
WRITE 4197 2807476f-34e6-4d0b-b5ec-73a10bb702dc
READ 1217
WRITE 7986 804b2b1d-4853-4b7d-a336-46bcc97dfb48
WRITE 1218 629c1b56-3d18-4557-aa10-6b6111d7ac2a
READ 8034
WRITE 5721 0493c8da-3224-4b3a-875d-bc797926bf65
READ 0554
READ 5898
READ 4522
WRITE 5822 f22df29f-4fac-4e23-a4d1-a1076d3ee824
READ 1439
WRITE 6490 7a182f6c-2f73-4bdf-a378-3cfb878578c9
READ 9656
READ 5271
READ 7623
READ 3185
WRITE 9461 ed870697-a553-419f-9b31-82857722bed0
READ 1695
READ 6007
READ 0577
WRITE 6090 f2223f74-81f4-4791-bef7-b18514c8ed76
WRITE 7615 09f3a662-d55b-46c9-a534-f47f1d151eac
WRITE 0989 c47faf06-533f-4ac8-a594-e24447bc3666
READ 8848
READ 4903
WRITE 7629 66428ded-d2e9-47a3-a1b1-04a48719a4e6
WRITE 5146 067727be-993e-41ac-bd04-8cf173146adf
WRITE 6303 a694ee1f-ae38-4265-b1ca-dd65f9396b88
WRITE 8558 5e032dec-7045-4906-a541-385a46e54092
READ 3117
READ 5707
WRITE 6335 977a55bd-9962-4879-bcea-b356fb0428ab
WRITE 1846 767ca875-250d-4143-837f-b1da4d0f5dd8
READ 0437
READ 1535
READ 4274
READ 4647
READ 8935
WRITE 0332 0fe2d8e5-876e-4e90-906a-2894bb918683
READ 4232
READ 3075
READ 2462
WRITE 2797 ea122e60-fb92-4e6d-a4bc-e0d802ce3ad6
READ 5153
WRITE 6956 51f3d60f-2987-472b-b73b-7d781afeb3a6
READ 8266
WRITE 0928 319a4618-072c-49ef-bbe5-5952fc501b21
WRITE 6995 846c4806-2924-4fcb-bc79-4895fca79fd7
READ 9702
READ 1264
WRITE 3278 952a48e8-ac1d-46c8-a5d7-e185dd827aef
WRITE 8013 abacea4d-a5ce-4852-95ef-558cb1872f43
WRITE 1848 3e2c3e68-d9a6-41a2-a22b-d1b76fe3d608
READ 9155
WRITE 6663 dc3974f4-f8c8-47f4-a2a6-ee0d5e2a94d3
WRITE 6342 91ce15ee-9341-4f2a-b82c-c63a15817180
WRITE 8841 5d52b9a5-bf18-4cff-86c5-ddc6e3b495f6
WRITE 0926 d9a3532d-e518-43b4-921c-a217dc67c93f
WRITE 7683 ef84be66-6ec1-4212-9ca8-c67317ad80e6
WRITE 4652 f2ca439e-ef64-44a3-9296-34c1714655d1
READ 5600
READ 4586
WRITE 3034 83cf422a-55bf-46b5-8a7e-fdd0920017fa
READ 4449
WRITE 0970 003cb8b5-06f8-4053-83ea-6293d7af9971
READ 6104
WRITE 1031 825d95dd-2e63-47a4-bff4-973e3ba04936
WRITE 2926 934aa044-656c-4e2f-a783-968961b70537
WRITE 5581 636f5f5d-3087-4664-b417-b2e09a1b0ee0
WRITE 8205 4c3e8e82-e10a-4aa9-b3ed-7c5114c917ca
READ 5534
READ 8559
WRITE 1457 341b1029-1ae4-4ee0-8ae7-66b9dd8d10e7
WRITE 4164 589aaebe-1f0a-4729-979f-be89671d6549
WRITE 3335 d74326a4-b884-4932-aea8-3ac5a8fbf5b7
WRITE 2342 78fa5945-2991-44ec-9695-b32e09118f2d
READ 4580
READ 4734
READ 1669
WRITE 5202 94670424-9fb0-4880-b793-790c4acb1b43
WRITE 9156 e6ee10f5-5e2f-4208-bf27-d227fc9e0606
READ 5434
WRITE 9739 28cd37e9-1bda-42fa-9b98-06cbb88afc22
WRITE 6432 05ca6856-7a98-4a0b-a96c-a0b62e7911b6
WRITE 1184 9a2cfc8a-4cac-469f-9284-45050ad8e9aa
READ 1948
WRITE 0079 bc30e61c-dc14-4573-b3b4-e235a2144ff9
WRITE 0236 9ef98088-cb51-4b32-ade2-76c893fce344
WRITE 3749 bb9b47b0-6a83-4a49-aaed-7222d96b7c1e
WRITE 5738 d68704e4-055c-4242-b621-7dad6098ea9d
READ 5506
WRITE 4902 355d6b28-782e-4a34-923f-b8d11c7bebdc
WRITE 5359 a83b31ce-53ad-4d41-917f-d4cbe0b66eaa
WRITE 8589 61eb6ad5-1598-466d-bdb9-64198a6f7abf
WRITE 2766 0a257478-93cf-4a94-8e7e-8aad42490672
READ 8075
WRITE 1580 d24eeff8-ef2c-41e2-a9d5-e13e396de37a
WRITE 3376 1143202e-f223-406f-8154-0d7534bfdec2
WRITE 0520 ed3e4522-8472-432d-9ec3-a93a2f55c001
WRITE 1085 e2ea2ba7-193a-402a-9f44-f5f7d897ae04
WRITE 4368 222153ad-ca03-44c7-bc15-6fb43be2e1da
WRITE 5066 681d71ac-4c07-4797-9e00-db7d5c888157
WRITE 2234 cde1f702-b922-4250-95ee-7c398234147b
WRITE 9622 bf859020-08df-4ae8-8bf7-28ac85ee37ab
WRITE 7655 9ab98b27-98a9-41b2-99a2-7b595077a01a
READ 0764
READ 3525
READ 7313
READ 6507
READ 3119
READ 8078
READ 7612
READ 7632
READ 3946
WRITE 7995 ab4831d5-8737-48df-829f-5af35eb7c402
WRITE 5838 71349aa6-becd-4312-9add-59b48115494e
WRITE 8358 e09abe5c-55c5-4661-9234-97a31c8994fc
WRITE 8633 bbb93441-35aa-4544-8062-96daf2c3eb33
WRITE 3982 1e565ad2-6d42-4455-abc6-5b1f7497bb21
WRITE 7595 41f5bddb-5559-4aa9-bf2f-f0f682b51cb4
READ 5340
READ 1041
WRITE 4714 45803f7d-f8bb-451c-a177-e2a018fe045a
READ 4644
READ 5517
WRITE 4589 efb5524f-c37e-4cbf-8999-9f7612a5404d
READ 9040
WRITE 7139 5e685141-bec3-402a-907a-4881c59b33e0
WRITE 0407 304530c0-6306-442a-8883-8b58d9a5a1af
READ 8708
WRITE 6112 620da31b-4f55-4ece-8942-9244550b1518
READ 1398
WRITE 1588 5a8d7fa1-6c12-41ee-952c-8a6de546587c
WRITE 7793 2c71e283-8c12-43d7-af02-ba4cbf341a7a
READ 0596
WRITE 3202 fb97e8ff-52c1-4c46-bc76-cf076b64b079
WRITE 2529 a14888a0-f23f-4a93-9563-b055876b3671
WRITE 7210 11c5f645-08ba-4084-8b12-d7b0c63b4b39
READ 4235
WRITE 2912 42631c91-90cd-40cf-b1ef-27a8723c875c
READ 3925
WRITE 6294 baac1394-45e7-4025-996a-09fec5cc8fdb
READ 5540
READ 9425
READ 3113
WRITE 5677 0a5d52ad-2da9-4cc0-b3a0-821bb7793987
READ 0597
WRITE 8566 7a7fe23c-a2e9-457d-a0c5-00e5cc5c1410
WRITE 8235 26004e4b-7481-4ccf-86c6-4d9d5dc4dd3c
WRITE 9870 b2e27b88-7081-469c-9be2-8e8150827d35
READ 1824
WRITE 2790 516b843c-46ab-494d-9037-3f540800dfca
READ 1063
WRITE 6117 0d216d84-db4b-4576-ace3-4df1f24faf3b
READ 6625
READ 2907
READ 0564
WRITE 0263 388d15a2-5f10-4d49-b476-6f912dd8d3fd
WRITE 1001 40afcba4-3761-42d2-a966-d1d6512d232b
WRITE 6247 db6f79ad-0460-4d75-a898-bdf88e490b40
READ 0775
WRITE 2200 69fa17e3-36fd-4cd9-aa68-51e66d41930a
WRITE 2922 d6968905-1793-4cf4-ba40-23e72890f419
READ 3045
WRITE 0923 0892f654-9fe3-4323-82f2-30ad649ff502
WRITE 8593 d8cfff8f-546b-4f57-822d-ce311647abe5
WRITE 3710 deef8d7b-961f-4b78-bbe9-e4134341a208
READ 8049
READ 1079
READ 3781
READ 1963
READ 1213
WRITE 3516 24f224c7-4463-435f-8029-2cfc7ae1fb74
WRITE 1716 c4642e87-491e-445e-91f1-3de45f254c18
READ 7663
READ 3869
READ 0994
WRITE 6485 2c0e37a1-81bd-402c-b014-d57547f27098
READ 2502
WRITE 1078 4129317f-db3f-4245-86c9-5d1a6157feb2
READ 3455
READ 7084
WRITE 3791 8d1223d6-78e6-4a29-bbe3-24788c4a4569
WRITE 9933 e978b1d7-fe9a-41c8-9c25-7cddcfe0aca6
WRITE 4202 0dd9e394-2cc4-47cd-867b-140a11ec5e8b
READ 5182
WRITE 0060 92e1744e-2e22-4c06-8d2c-3eac08b1509c
READ 5299
READ 4764
READ 5776
WRITE 1893 e0c7111b-ab7e-49ad-9a4b-4f6bbd0caa4a
WRITE 2052 231183c1-61d0-47a5-af9b-5e30487d067e
READ 5534
READ 3670
WRITE 3208 e1668efc-3d2c-4283-ac65-3273cd2cdf6f
WRITE 8291 56573712-9e6e-4020-a868-c4d0e855c429
WRITE 0880 db653b2d-2cc3-45f0-9d01-8d53a2cd6d96
WRITE 8822 0e03db8d-2d73-4d93-8959-c41484db4b6f
READ 6915
WRITE 7082 daa40886-dff0-45ef-a82b-ddc39a466e09
READ 8636
WRITE 1052 f3919bca-3865-430e-abee-dbdc89c6e6fc
WRITE 8773 5a7f4ae8-3b9e-40d5-b881-9bf3e46f971a
WRITE 6127 d2c97c8c-f82d-4cd2-b154-8bfc81b8e840
READ 0882
READ 8384
WRITE 5006 79ad3b1d-48a7-4315-aa7d-a3faa01d7efb
READ 3939
WRITE 3786 a26be64b-465f-4203-9042-b95798ba1028
WRITE 0972 821369b6-14cb-4aa7-b5ac-f4a60c5278ff
READ 4813
READ 7540
READ 2381
WRITE 1397 c67c84b7-6d17-4cb9-8d72-baff00f5c88d
WRITE 6634 dca90a3e-da29-453b-890e-8fd09f91164e
WRITE 5992 09813ec4-9c37-4fcd-a734-c64b635f3f15
READ 1639
READ 5444
WRITE 3402 b84b30c7-5c44-4290-8e5f-ad1885a0225d
READ 4810
WRITE 0358 583fcbc4-b289-4e73-b5d5-5247a800d495
READ 2606
READ 2216
WRITE 7128 245fe326-fed4-4068-a31e-ed9caaca5635
WRITE 8816 a18ff31b-126f-4f38-bb59-a0b27a830798
WRITE 2045 849a8e7b-dc55-4275-8e4c-7a6766501a0f
WRITE 5854 22a4768b-3f21-4507-89c5-bc1a71b783db
READ 1568
WRITE 2309 1ea12069-d057-49a8-a5e7-0921c6081db5
READ 2785
WRITE 5386 2d3e9872-de0c-4a07-8743-b45f51b3c163
WRITE 7071 09feea74-5893-4f89-b4ab-5964f1018d6f
READ 3990
WRITE 7988 08de0830-c321-473e-b643-fb72a674754e
WRITE 0296 a938ec0a-a44f-4b19-87fa-4d5422c48bf9
READ 5648
WRITE 3030 2285721e-24e3-4fc0-a87c-6a0f1032b78c
WRITE 5337 efa9b0bc-1afa-4a1a-8903-f90108436156
READ 9917
READ 6279
READ 1345
READ 1624
WRITE 5280 612ed6a2-68e6-43a1-bd11-f8c3b9a01e09
WRITE 2279 3abe0225-eeb9-46d9-a12a-94d888df59a4
WRITE 8573 64b933fc-3f11-496b-941e-e2ccbbc6a71c
WRITE 0414 64aee620-16b1-4b0b-87a0-a1024b4fb82a
READ 4512
READ 1911
READ 1676
WRITE 6187 64e35c18-02a9-47bb-9841-72ae29d2d6d6
WRITE 3086 ff402991-65cc-445a-9e8c-f749a2f92622
WRITE 5683 c1a596a6-9d9f-4d35-bb3e-d138ae935b23
WRITE 8620 5e32628f-8442-4f7b-b2e0-01262a15dbc0
READ 5902
READ 2451
WRITE 6699 e8d0dd72-7b6b-4e49-8b92-c40240bce2fe
READ 4610
READ 5697
WRITE 2250 343b300e-f5ba-4bd8-9cc6-9330003d7282
READ 2322
READ 2416
WRITE 9309 f05edfaf-8d7f-4d1b-953a-40a5537eb46f
READ 1236
READ 3373
WRITE 8855 a0ef0c68-85ea-4af1-aabf-37e7bb6c081a
WRITE 9707 715f9f59-4dea-42d4-a693-386c40e49211
READ 9420
WRITE 6027 9854b7fe-dd38-4a11-8952-c1e438d1f6ce
WRITE 2376 de35bded-cacb-422e-85c0-03e105fad56c
WRITE 1951 1f24f696-0f90-4299-a9b2-0add1a2baebc
READ 4524
READ 2686
READ 9175
READ 9899
READ 9592
WRITE 5686 2f97b8c0-fbbe-4009-bc6c-97add3bb573d
WRITE 6130 2eb13998-34a2-40e0-b63c-f707997a1bb3
WRITE 9191 cde785e3-e6e1-4f22-850b-f04c8f58e6d9
READ 1086
READ 5825
READ 5316
WRITE 4862 7307433d-ac02-42a8-83f3-bf2d5861f329
WRITE 4621 29467bae-0be1-4f32-8db3-04a934de9ff6
READ 8498
WRITE 7343 0a5abe40-d6a0-403e-b48f-b238aa6285b9
READ 4352
READ 9304
WRITE 1419 1929e554-3194-46a5-b628-84f14160ef1a
READ 8141
READ 6111
READ 3836
WRITE 7910 cec943a1-ff80-4a4e-9508-8fd2c41e2d3d
READ 4619
WRITE 1050 1522479d-6a72-4646-8ed1-7f3cd025fbda
WRITE 0883 0dae1183-3069-48ae-854d-0385fe28b027
WRITE 4787 c3e4221a-799f-40fa-8359-2451b05a0094
READ 8280
READ 4733
WRITE 6087 e2e1f203-fd21-428f-9485-a7823af272de
WRITE 8194 b846bcd2-30a2-4eb8-bd49-22c906a19f1e
WRITE 8973 bd471cb8-de7c-47f0-9841-d406c92fc5f2
READ 9260
WRITE 6355 771211ac-e17b-4743-a0c9-67e3109c036a
WRITE 8407 27812b24-bcc8-4599-bccf-14c662624f1b
WRITE 8466 1b9a63dc-fc48-4f26-bb7a-e0a8e38b143d
WRITE 0103 c578b7cd-4f12-4fdd-9d36-210b0fbfe60f
WRITE 2424 e5bbeff0-88f0-4dc7-8103-ef11a6227555
READ 5309
READ 4328
WRITE 1987 d3e5b839-9d75-4737-a7e8-926cf5fe00d7
READ 8484
WRITE 5682 97a1a91c-5f89-4b08-a2a9-d6509cb61eb9
WRITE 4653 3f7ae8cd-93eb-4f0b-82b0-c0e0684ac2cd
WRITE 9391 d7dd112b-17cb-43b5-8f6d-9e2855c1fc12
WRITE 0361 294aa848-b0d7-41c4-9181-bfc4f3deb6e6
WRITE 6059 9f58b7f2-bc66-4961-8b91-9be688f098e8
WRITE 5765 16a2606b-3e70-40b8-9be6-aeff19826ae8
READ 1707
READ 1204
READ 6312
WRITE 5094 c10d0f60-3d17-4913-b85f-2ba54cfbc625
READ 6619
WRITE 6006 97ec9c33-1119-4f65-9e3f-7fb8dc119188
WRITE 4457 dae0c389-0877-4612-8bad-91ac9adfc47c
WRITE 4587 86194f12-845f-4278-8411-2be1d4f76081
WRITE 3026 f9e8edeb-4e4c-4067-8fbd-bd51784112a0
READ 5130
WRITE 9324 d78b2aeb-2367-4a50-843d-615bd0a2860e
WRITE 5738 bd43e72e-3ea8-4caf-9fc8-a2f5b876bd44
READ 3629
WRITE 4654 0fc34862-997f-43e5-9ddb-5e1550e71be9
READ 0571
READ 3059
WRITE 1718 797d9943-53ab-4e90-b818-6d8ae24292e2
WRITE 8039 f0708b42-1a07-465d-811e-935d4aca2894
READ 1566
WRITE 9073 96035401-404d-4d4e-99b6-3a7ce4c665a6
WRITE 7739 2a62e10a-ff25-4c24-9bcd-7c33dffba6a6
WRITE 3407 2d296ab4-bba3-4e8e-912c-1794d4cbecd8
READ 9190
WRITE 4409 99c5551b-13b6-4ebe-a8a2-ff7945cc0040
READ 1047
WRITE 4957 c318b3d7-ab71-41c3-8717-9f56f5de68f1
WRITE 5470 b0f13634-2a4d-4a0f-9326-e5103a3b658a
READ 2955
WRITE 6091 aa81da74-20a6-49ce-a956-93439163d1f3
WRITE 8096 7ad7d418-c972-4ac9-a4fd-568e13e9ed6d
READ 7067
READ 6216
WRITE 6194 c56dae13-4a6c-4747-ac74-c451e12f517c
READ 9677
READ 9456
READ 5845
READ 7831
READ 9043
WRITE 2840 aeda1fce-2aa3-4543-bad6-b4dbc4ce0648
READ 6617
WRITE 3871 72b9b459-10dd-4f03-b5ad-43bc333a5996
READ 4658
WRITE 3710 d67d8840-7d36-4728-9e7a-f16df80a10d8
WRITE 1923 47fa6887-17de-4d49-82b9-a52de0e734ce
READ 4313
READ 9703
WRITE 5283 2527f42e-7690-4aa0-bf6d-86e9a3fdc30a
READ 1424
WRITE 1683 80540b74-8bb9-4db1-9539-55a42fff92a4
READ 2437
WRITE 3781 76478207-da0d-48e9-aca9-7260e3246e34
WRITE 7276 1ce93bc9-2e74-4d90-bebb-1dd3cea23289
WRITE 3162 d00f1cc5-2d39-4898-afeb-46f33e13ca4e
WRITE 4436 abc0890d-f9dc-4dd5-a1fa-5eaa92223f2b
READ 9377
READ 3033
WRITE 2287 849bc653-64f0-4fda-b5a5-26eb33f899d2
READ 2908
WRITE 3950 cfacf547-db62-4cd6-a45b-7ba420a75d2b
WRITE 1470 e49f9469-3ce0-4991-b352-78143ae66c99
WRITE 2934 e64749b4-5fd8-45ed-a9c0-9b115ed77850
WRITE 2572 559406ae-27a6-44aa-b4ad-60680c93e476
READ 2154
READ 0802
WRITE 5507 f69a0548-f515-4832-b8dd-90359db6aefc
READ 9614
READ 4861
READ 0250
READ 0733
READ 7160
WRITE 4153 54998f0d-4aeb-443f-b280-3869769cc62e
WRITE 3515 d4b36b05-5952-4c8b-92e6-c10f5eb21312
WRITE 4004 22d6dac7-96db-44eb-9cb8-7977e6a23eaa
WRITE 8389 e749184a-c9cc-4c93-8991-4fefb2d2e1a7
WRITE 9409 d38c89ad-2f6f-40bc-b2ac-e677156178ea
READ 9738
WRITE 9787 4e098173-8996-4ab1-99f8-a9b4260027cf
READ 7903
WRITE 7937 9b740790-9786-4cd7-9a2c-b8314cea211e
READ 2738
READ 4690
READ 3618
WRITE 7987 d2eb8501-6e9b-49e2-bc9f-b301b0bf454c
WRITE 0648 eaec5349-7d58-437d-8064-26242c814378
READ 0725
WRITE 9112 1bf90ccf-b31a-40a9-b413-2b1f40e66715
WRITE 2581 54bcf9e6-08c3-41a3-8ddf-d56a070581e2
WRITE 2966 09e81c8e-bb71-4841-a7ee-019f72c1d028
WRITE 6864 a98bac4b-fde0-4700-8da9-4a45c79741e9
WRITE 0185 cdb265e5-e357-4047-92d5-2a5b9929a3af
READ 3445
WRITE 9821 d09d5bf8-3b5d-472e-acf4-dda09eb48b2c
WRITE 3182 f6d6824d-1dd5-4fd3-8094-ae99740eecb6
WRITE 1439 95efdc65-3946-43dc-8185-e8f161ff867d
WRITE 2145 ae3a5164-7619-41f4-b0e7-484cc5e5af53
READ 1755
READ 3790
WRITE 8185 71fdbf44-fd88-4d42-b3e2-7885148abce0
READ 8586
WRITE 5062 6b15f45c-688e-4327-b920-6d0d4658e697
WRITE 1758 ccbb44a9-69bc-4320-a1ab-6a06e01547f5
READ 2980
READ 2210
WRITE 4992 60b94a12-d5da-472b-b0e5-4e452511a398
WRITE 7377 a1f4f051-f897-4e8b-b44e-6fb1e94f02e2
WRITE 7081 de6135e1-a8de-4438-964c-b4c884984a89
READ 2181
READ 9224
WRITE 3724 3708e364-a71f-45c7-b8e6-d599f6e5981a
WRITE 8153 46b20618-9016-4642-bf10-53ead0d2e7d8
READ 8851
