WRITE 0893 615e5fc8-8974-43ea-a45b-d680b329c2e2
WRITE 0949 96b6a9b7-f177-4798-a161-de93abdb451d
WRITE 0963 1cce3b93-1834-4a3b-813c-5718cd92153d
WRITE 0716 b3b2340d-900f-4557-b9fb-a2e756d73b0d
WRITE 0832 290efa7d-bfdd-4dc9-b4ab-7b8bc9877388
READ 0716
WRITE 0818 f79f6a99-c0f7-4fb2-b50e-f7d0d19bf023
READ 0963
WRITE 0481 8c74f70b-d4b4-4dfd-9de4-b07cf4d8903b
READ 0818
WRITE 0932 7e135aad-8e60-429a-be00-fb14a87cf5d5
WRITE 0602 b5a4e867-605d-4a44-abe2-bd12895f7cc7
WRITE 0272 da43ab83-2b96-491c-b3f4-0679d04e30df
WRITE 0564 a54ef198-4e97-4ce6-afc5-4ed25813bee6
WRITE 0767 8ca00a9b-8b48-4803-9fb2-5477185ebc6f
READ 0280
WRITE 0129 1ddfcd8d-ea61-4299-92d9-da0a54ecb0bf
READ 0272
READ 0564
READ 0326
WRITE 0825 2ac08638-04d5-42cf-985c-dbcd3b6c5c40
WRITE 0864 3396701b-ec0b-4178-9466-b5e8c32288e0
WRITE 0102 32528908-fbc9-43cb-8b53-a24c2da187ba
WRITE 0041 181dedb4-ef22-433b-9f1c-67695a45b169
READ 0825
READ 0041
WRITE 0151 c4575431-08e4-4149-a8cd-42e4a4a2155a
READ 0151
WRITE 0374 2a9cabd2-1e14-4e17-bb0e-dc7b94c597f2
READ 0374
READ 0323
READ 0840
WRITE 0783 a9e57405-3192-436c-9864-0ea5a7522d86
WRITE 0130 2c041619-a19e-4f91-9423-cb245ffe1c7f
READ 0305
READ 0783
WRITE 0485 ab499b32-e2a3-49c3-b994-0014ed0d23f0
READ 0130
WRITE 0328 5cea1993-f211-48a1-8863-8c4856153c22
WRITE 0943 9a931a5a-9ee9-4490-ad8d-9d8dbedcdc7e
WRITE 0371 097456a4-6cc7-4338-8c06-fc771b0c7059
READ 0485
WRITE 0995 2eac5c9c-f9f6-4150-9bf1-c43a169803fd
READ 0943
READ 0439
READ 0802
READ 0371
WRITE 0033 c13d7c8f-f082-4560-8ffe-99a47fb5c54f
WRITE 0242 f955e56b-0380-42d0-91a3-82944e8ea20a
WRITE 0374 39bd5c17-c066-484c-bcaa-da8249d26d47
WRITE 0827 ec7d4952-4b32-4a42-baae-bf7c2c4820a1
READ 0374
READ 0827
WRITE 0573 d4061039-cc1f-4669-b956-c16b74293036
WRITE 0096 ca12d209-7efa-4454-b4c0-bdae5f09ba55
WRITE 0512 dda53fbb-3715-4876-adc5-73ad2271b932
READ 0573
WRITE 0358 a1249ade-7c7d-4002-8266-3abe08cbdaee
WRITE 0086 83c2bf42-793f-4d7d-aa37-0cdddf9727b6
WRITE 0371 4d7e21f0-aad5-4394-a73a-40ba49486778
WRITE 0889 66eecc24-6897-4640-bce1-7556dd099765
WRITE 0132 8880cba1-f01f-4f89-9efa-112ec2fd95d2
READ 0371
WRITE 0038 21475232-4f4e-42ea-96a4-39197a604ed5
READ 0038
WRITE 0748 9a5063da-f48c-4f61-8d76-54e56e2750bf
WRITE 0367 d7d64606-a764-4f23-9840-ebfe6fa24d2a
WRITE 0655 52cf2e04-305f-4716-97ce-6aa70254eab6
READ 0655
READ 0367
READ 0502
WRITE 0787 4e994e86-e56f-446f-b416-baddc5122589
WRITE 0569 b05bfa50-2c52-4c5c-a601-f222419f12e5
WRITE 0836 000e77f6-8820-47d2-b93e-db5efc0f613e
WRITE 0429 ad362800-bfa8-4acc-abed-d1f527b0d28a
READ 0836
READ 0569
READ 0787
WRITE 0581 12843f67-deda-4243-af80-2606217a1e9e
READ 0057
READ 0313
WRITE 0308 16828512-8fd4-45d2-b45c-842afe1aa255
WRITE 0137 96a6f4f7-af0e-415f-a4bc-f5d4545c6ffa
WRITE 0535 e027203b-21e7-472a-b57b-13adbe7be9aa
READ 0180
READ 0924
WRITE 0928 677a6d6a-5f15-4b02-8872-7ad1d3869c18
READ 0137
READ 0535
READ 0928
READ 0342
READ 0917
WRITE 0486 fd68ac06-8fba-489e-8059-1953c2db5dac
READ 0944
READ 0486
WRITE 0069 1dc8c7af-5038-477a-8e33-ae11b33f2c24
WRITE 0861 03878c16-d2a1-4596-b8aa-1595ec616fa7
READ 0337
READ 0861
READ 0069
WRITE 0988 48f94e5e-88da-43e1-8b3c-1fc9fafe97d3
WRITE 0709 d32468ce-abd4-4933-8248-5b1f360caa22
READ 0734
WRITE 0478 671f6526-b92b-498d-bc1e-eed5030e3038
WRITE 0070 7aec7899-a7ba-4920-b603-23a646c971ba
READ 0478
WRITE 0297 4f8061fb-1e3b-4bd3-bd76-7a00172d253a
READ 0709
WRITE 0464 cceda5e8-85f7-4523-bb7f-b985d3efe546
READ 0702
WRITE 0768 92f49d0f-f2dd-44fa-bcdf-afa55a98ba36
READ 0859
READ 0297
READ 0695
WRITE 0657 b40b30a0-de84-455d-b3f6-129ca4111ba7
WRITE 0302 3e6a93ba-0185-4a1e-809d-41e2a13e6d47
READ 0680
WRITE 0405 2669c5e3-8a32-4a20-bdda-649083054266
WRITE 0583 3f1e4d4c-c579-4a86-a8ec-3b8fa409c8f9
READ 0862
READ 0093
READ 0393
READ 0405
READ 0893
READ 0966
READ 0335
READ 0978
READ 0357
WRITE 0843 fd04fc26-e577-4300-bf68-f1568c0ee077
WRITE 0854 55c796b7-6790-493d-8f57-eb63d4025276
READ 0658
WRITE 0840 a5e7e534-0644-48fa-bd97-c89f0cea62ae
WRITE 0009 928499ac-5009-4376-aa0a-f4af01d5e53d
WRITE 0452 46aee0f5-adfe-4622-878a-108d5cd15a4c
WRITE 0977 b18a9915-1cbd-4360-80c6-00e212336cb6
READ 0409
READ 0452
WRITE 0569 294ba73b-193e-45d4-ae37-b9f098e402b8
WRITE 0376 e3bb9ed0-7210-41e0-ac3e-ad8541c5134c
WRITE 0316 60922c9f-9394-4edc-b3f7-ce7da350ee2c
WRITE 0839 85e1ddc3-84e9-4d63-af5d-29a04f194fdb
WRITE 0247 02090a5a-b86d-45bb-962e-7378dae23acb
WRITE 0310 3014142e-f86b-4415-9ad9-a4c6539ace41
WRITE 0148 f7a59c2f-edc8-461e-a356-ccf1acb6d989
WRITE 0209 2f31c8d5-a069-42a3-bb58-283fa01cdfc3
WRITE 0593 598d85fa-2e26-4396-8b52-023fb47f686f
READ 0839
READ 0148
READ 0310
WRITE 0679 acc7fa1a-b210-4bd9-a4e4-6e98193403c6
READ 0593
WRITE 0224 a1e89beb-d8eb-445c-ad2d-676316692919
READ 0679
WRITE 0695 9ea68428-3228-43ed-a182-529e5643c9fa
WRITE 0055 c45a150d-a5bf-4879-b72c-a7a5655b551a
WRITE 0663 3252d471-516c-45b7-bbd6-3b42361895d0
READ 0224
WRITE 0531 2668d1e8-333b-4d0c-b144-1ce0b316c660
WRITE 0409 577605f1-3ca4-492f-9681-5c40e067fe57
READ 0055
READ 0409
READ 0663
READ 0531
WRITE 0762 8cf6ac99-74b5-4505-8f74-18587797a6cc
READ 0762
WRITE 0058 d41fdc99-5baf-4cf1-9e02-8b989b513929
WRITE 0181 37d9190a-6665-4944-ba13-f528b6d5dff8
READ 0977
WRITE 0019 30544a30-9910-43b6-bbd7-b939102dd055
WRITE 0953 bba7aa4d-2499-400b-959d-889e06489a98
WRITE 0752 a6e4e4d9-3948-4201-95cc-3bcdc6fb41e1
WRITE 0864 b7dae883-2b5a-49ab-a1e7-e627b9aa2927
READ 0429
READ 0340
READ 0864
READ 0355
READ 0752
WRITE 0577 62229a0e-b724-46e9-aec2-fb38375e882e
READ 0333
WRITE 0689 ce96ff8e-0e6f-468f-bad6-bbb00c9755ee
READ 0704
READ 0357
READ 0641
READ 0343
WRITE 0274 34b58de0-715e-49a5-940a-8c2cc853da1e
WRITE 0484 5f0a317e-160b-4fc2-b8b2-36206cec5fb5
WRITE 0657 1ad0a47f-282d-463b-9f46-ae813758f6d8
READ 0274
WRITE 0387 17fea520-bfcd-4c5c-9d13-56888daf496b
WRITE 0589 74ac0bf6-c5ec-4edb-95c2-8874ac17ba71
READ 0657
WRITE 0412 eaa22ccd-ae45-42a3-81c9-8c150f93c914
READ 0387
WRITE 0957 3b5026c0-7481-4287-ae57-2adb4cff1ce7
READ 0726
READ 0461
WRITE 0995 4d1d31de-f33b-401e-996d-188f653ef488
READ 0957
READ 0675
READ 0151
READ 0454
WRITE 0435 de8d8b93-7066-4b08-8785-53f70e787656
READ 0435
WRITE 0523 ba4cfbc4-8440-4f19-ad0e-af5b37493dd4
WRITE 0248 753e50cb-e906-4862-8795-329258ed9542
READ 0781
READ 0091
READ 0694
READ 0289
WRITE 0428 3176e344-ee81-4f2d-9cfc-339db701c6b3
READ 0248
WRITE 0482 759f6c12-b3ee-408f-85ef-9d7f26d6b849
WRITE 0789 a6737c72-1bea-45fc-86bb-8016c45342ee
READ 0280
READ 0996
READ 0482
READ 0789
READ 0457
WRITE 0717 9a83d85c-e2b0-4066-b68e-476c2a487f4f
WRITE 0317 52468962-2a1e-4fe3-954f-65ec0b71bdf7
READ 0124
READ 0255
WRITE 0140 c1f08e34-3dd5-441f-908f-a1fda41a99d3
READ 0322
WRITE 0368 e8af6282-c11f-4eac-b1b4-9525779849a0
WRITE 0687 637e8ade-1aa4-45c6-a165-9e69d8ff8e77
WRITE 0692 e5d31182-7392-4a6b-93fa-a65d9d0c07d8
READ 0900
READ 0564
READ 0746
READ 0368
WRITE 0016 0604b9bd-6ec6-45b2-8a65-cf46c3943ed5
READ 0016
WRITE 0439 f8128880-415e-4af3-b056-c74bdc22ca7d
WRITE 0594 947bd442-3623-48b8-9c3d-351a40fe7bc5
READ 0439
WRITE 0701 4e74288b-5106-4d3e-b252-663a583eda08
READ 0701
READ 0594
WRITE 0349 b73f9866-63b8-40ed-9bf4-0fffc5768a93
WRITE 0327 ae4cfab3-d2a5-47fb-848d-a4dd91838eab
WRITE 0886 810206cd-fa9b-4c59-afd1-6947f0f07c4a
WRITE 0845 5d409e15-9199-42ee-ad7b-d745f261dc74
READ 0327
WRITE 0243 ac5a3265-eb19-48c2-b114-072778a71731
READ 0886
WRITE 0227 7b9086aa-dc2e-49ff-925e-b3fda542c26c
READ 0845
READ 0243
READ 0528
READ 0227
WRITE 0877 3255ba36-c032-4188-8629-753251827353
WRITE 0320 adcced09-3c52-44f0-a3fb-1af9523a4df4
READ 0320
WRITE 0230 21a2f859-f516-467d-a9ef-2e7bfd886470
READ 0898
READ 0258
READ 0858
WRITE 0452 c6d93d7d-580d-485c-b98b-11c896dd4b48
READ 0644
WRITE 0196 220a5bc0-a34f-4f6e-910b-2e1356409e41
WRITE 0211 f2f749a7-ba66-4ea8-b949-8a99e53871f6
WRITE 0250 b0120559-0954-44ae-95f9-ac413f4bb376
WRITE 0405 75d46026-71cd-42ff-82c3-ebabf89a388e
READ 0452
READ 0250
WRITE 0184 21712d26-615a-4f71-a51e-2777d7c12a0a
READ 0211
READ 0184
WRITE 0129 37b1cad4-4f6b-4d4d-8816-4bc7dda7e9b4
WRITE 0064 4e2cd2d7-b21f-4cdb-aaa2-c14676823e22
READ 0129
READ 0250
READ 0272
WRITE 0584 94002b54-049e-4946-ae67-7b92fbe23acc
READ 0882
WRITE 0594 19f464ff-8ec2-4b8c-a7d3-38ca4dd6a768
WRITE 0417 2a6e7a06-f216-4866-a20a-d55fb39ad08f
WRITE 0213 13d5590e-9864-486d-82fb-088e35a64969
WRITE 0395 a3f99efe-b20d-4189-aa98-69217527da5a
READ 0594
WRITE 0671 2b0dad57-3f0b-4c03-8a9b-0fa3433f5417
READ 0623
READ 0417
READ 0118
READ 0442
WRITE 0586 75c99228-3e4b-4bbc-8b6b-ec9435c7a1f4
READ 0671
READ 0280
WRITE 0077 547f85bf-7f63-49fa-9962-b233eb4545ed
WRITE 0122 5a66ffb7-5135-43ae-b5ed-32ffeb005512
READ 0077
WRITE 0242 70d75a69-1957-41ab-a634-d72ed6bd6e9e
WRITE 0839 09666dd1-d0bc-462d-b903-f3df487dd8e5
READ 0223
READ 0932
READ 0839
READ 0455
WRITE 0091 fa59f38f-51b3-4015-b3ba-18634b1afd60
READ 0455
WRITE 0098 6116b6a3-4f7b-44d0-b54c-0c9e98ad29d8
WRITE 0922 6921c851-e158-4648-8cf2-a698b3526778
WRITE 0357 88b293a7-4c35-4b65-81e7-2d5208b4f342
READ 0486
WRITE 0162 5bb5f5ff-2340-4c33-b2cb-cb75c77f4c68
READ 0098
READ 0958
READ 0162
WRITE 0087 4563dd66-7023-493e-98c9-902604a6e330
WRITE 0194 a54e827a-155a-4bef-80af-bfac49777845
WRITE 0154 c7b2b4a6-504b-436a-87b5-b10f68c8305c
READ 0087
WRITE 0922 624d8de5-3ae6-4d94-8fb8-fde8cc562a5f
WRITE 0889 438762e6-0414-4a58-9f87-d7f4b86808a6
WRITE 0413 62217b55-ec7d-46d2-a40f-eb9e9ffef2fe
WRITE 0215 92d9e4d7-056a-404d-b450-60edbc65923d
WRITE 0172 b8d41d0b-2fcb-4b0d-880b-f0ec81313bfa
WRITE 0233 02364a7f-3433-473f-98e2-f8c9b6a07ff4
READ 0922
READ 0889
READ 0413
WRITE 0215 db61ad2e-10ab-480a-84ff-3b8df8a96d5b
READ 0233
READ 0101
READ 0215
READ 0553
WRITE 0429 b13d552b-a04d-4fc5-828c-25f0e5f443bc
WRITE 0525 b1194390-c441-4437-a23a-1a6acb88f97b
WRITE 0236 3d607739-e633-47ba-a86e-45f3b5e42ede
WRITE 0133 93d7a6bf-5b04-4520-8cb8-e2a40a4e8ff3
READ 0133
WRITE 0445 c07d531b-0548-4bbf-bdee-47141a41f7b7
WRITE 0677 1236b6d3-fe96-4b19-9674-2578ba57b4a7
WRITE 0527 186e212a-c46d-4029-b133-0ef295fcc778
WRITE 0609 d950ec0e-08c8-4cca-96dc-238ab06c2557
WRITE 0342 880fc3bb-c1f4-4603-ba66-f78936e436a6
READ 0609
READ 0677
WRITE 0846 b3d34814-e1fb-403d-a63e-7833dc6baf69
READ 0825
READ 0682
READ 0698
WRITE 0935 84ec54a3-68fc-4b0b-9ef6-c345e9d0b8ff
WRITE 0010 f58f5871-6bde-4bac-a344-6c7f8535407f
WRITE 0054 47c7bad1-7b35-46c3-a160-ae51e17e9b5d
WRITE 0081 398c14b4-fa04-4428-967f-6baaca666ef8
WRITE 0102 ec611d57-47ea-4012-a8dc-3d328c0365f1
READ 0935
WRITE 0432 f9ef3f91-0580-47eb-8558-f085700fd2a3
WRITE 0237 8ac8b1c3-a964-4d1d-91af-e403167a093b
READ 0237
WRITE 0561 99f8228d-d3d3-41e9-91da-b743059abdca
READ 0432
WRITE 0499 dc2bd6ab-0d87-441e-a733-97e9e3d71caf
WRITE 0979 915c80ec-4319-4416-95a5-c009c2f847a5
READ 0561
WRITE 0658 3c93de06-968b-41ba-ab1d-0a2abdcf00e8
READ 0900
WRITE 0118 6bf233ab-ffd1-463c-8dd6-c71c2ff030ca
READ 0499
READ 0979
WRITE 0674 9aed806c-b7f9-4146-8c41-e509a521acac
READ 0794
READ 0404
WRITE 0013 b073fece-7966-41b4-a8c6-79b4926a16ec
READ 0013
READ 0120
WRITE 0091 5cf54b98-5bde-4128-b35e-4f4b34546ee7
READ 0091
READ 0685
READ 0578
READ 0600
READ 0724
READ 0023
READ 0617
READ 0064
WRITE 0220 354b4f6b-8886-4ddc-950f-49fac52fd609
WRITE 0008 d5ec8bbe-a088-4410-b221-3216c66a0f45
READ 0114
WRITE 0006 563103e1-b562-406a-b934-44f0a4e85d8a
READ 0311
WRITE 0995 846b87dd-052d-49c2-a367-6d9db8994def
READ 0794
WRITE 0874 4207988c-7773-4f91-831f-b6ad9e191001
WRITE 0089 9fa29a9e-3be3-46b1-9235-3f36b6168b3c
READ 0995
READ 0089
WRITE 0434 347191c8-8607-4335-b932-ce65b08c9649
WRITE 0948 6aadd550-7b15-46fa-81d4-75ecd8772354
WRITE 0352 687e7c20-f63c-4e1b-bc92-d4bd22f5a608
WRITE 0341 af43cde6-f863-4a8c-becd-232950343b2b
READ 0317
READ 0428
WRITE 0163 9fd1b874-f895-43c9-9a73-0379903316a6
READ 0948
READ 0086
READ 0244
WRITE 0782 e5e8398a-71b9-4d37-b02b-0bd71622e3e4
READ 0182
READ 0016
READ 0223
READ 0105
READ 0116
READ 0545
READ 0274
READ 0516
READ 0206
READ 0713
WRITE 0752 0803e57c-d123-48a9-842d-3ecb55c7c15e
WRITE 0901 3d835ce7-d0ec-4482-9bfc-ab1071533543
READ 0752
READ 0793
READ 0700
READ 0978
WRITE 0903 3e04cf40-4c63-422d-9e7a-f524a6611c32
READ 0758
WRITE 0311 55833a28-02d3-4b87-bd0d-b29d59c4dffb
READ 0529
WRITE 0907 77447753-6347-4c9e-9cc2-a174926ecf83
READ 0907
READ 0311
WRITE 0976 51b55553-b1ba-4de7-b8b0-59418e8a5e36
READ 0976
WRITE 0283 f3033ec6-3466-4eda-b26f-d24e38e4b1da
WRITE 0089 c754b8fd-10e8-43f6-852a-382033249d2e
WRITE 0072 42bb8c01-a26f-487e-ac0c-fda7d1d388a9
WRITE 0043 00ec742d-9ebb-49ad-96b9-8c5ac76a433e
READ 0283
READ 0089
WRITE 0124 6468b0e6-5e1d-43b4-b446-f0ce9c31ec71
READ 0043
WRITE 0958 58576675-ac98-47d2-8cea-87e2f3287130
READ 0124
WRITE 0290 30c08e0e-a27a-4efa-863b-35628bb74772
WRITE 0801 fcd3efe6-7051-4e65-9ec3-6a874cfcb68c
READ 0577
WRITE 0323 ec5098c9-57de-4662-b97c-9f8ffea974d2
READ 0801
WRITE 0012 dabe6258-5d1e-4fd0-b5ed-dbd4f8bfcdf9
WRITE 0368 9baba68d-cbf6-4631-9ad5-c2a9165d9a95
WRITE 0289 8da03938-f8e8-4e08-9af3-ff20ce18ea6c
WRITE 0581 5d8ef2cc-a16e-4d9c-8c0d-3551c7fe1a70
READ 0581
READ 0516
READ 0233
READ 0530
WRITE 0045 5112dfb7-7448-46de-8a75-88dde1a5f222
READ 0043
WRITE 0726 2165bd42-f024-4b05-94ae-6965f5dce1db
WRITE 0598 6f694ba2-5141-454c-b64b-72cb18c858fc
READ 0598
READ 0045
WRITE 0060 db5f41f0-b8cb-485e-9bdc-17275f946576
WRITE 0614 8a0343b4-fe7f-4d7d-bf12-7865aaf41917
READ 0614
WRITE 0557 4d602170-076f-43e1-b50c-01af7fa33cfd
WRITE 0909 f0012447-f2cc-4dd7-b8bc-aba94316570b
WRITE 0995 25e2446a-9b43-4380-a193-50d6ed131524
WRITE 0924 3eb0c8fc-f642-45c1-b3e9-a51183388807
READ 0924
READ 0909
WRITE 0347 61a22dd1-8576-4038-b5ae-a7183eb9cdcf
WRITE 0190 dfac677e-c9ab-4293-98ee-b85e04583b48
WRITE 0804 93f180e4-1334-459a-b58c-3affd8a35741
READ 0347
READ 0804
WRITE 0335 4e3c37c4-732a-4e24-8562-e42fe2e75098
WRITE 0466 8e8311d1-82a2-4c5e-b7fa-c50fa49094da
READ 0190
READ 0466
WRITE 0596 52a22fdb-eabf-40f7-a229-9bbe63608950
READ 0596
READ 0574
WRITE 0448 20a0c5c5-a211-4784-bbd3-c20c7ed11296
READ 0308
WRITE 0645 2f49b5eb-39d1-4202-bdd1-80aaf2d86508
READ 0448
READ 0888
READ 0951
WRITE 0952 cc13394d-7093-40d4-a7e6-462e4fa94128
WRITE 0941 52024ae6-7347-49ea-9c68-288a363c51e4
WRITE 0004 9cc09cf6-b769-4e77-ba64-7800a00a95a0
WRITE 0284 e8ff991a-3619-4f30-ad34-2cac2d1febb4
READ 0952
WRITE 0939 79018ff1-202f-4270-bc44-ee48777e0c7c
WRITE 0756 49921f1c-3e47-4462-ab7c-81de86baa61f
WRITE 0662 27b17220-ba14-41f9-a579-b306d2044144
WRITE 0514 e24f19d0-1107-49e3-8d17-9412b159e03b
WRITE 0691 2d1a386d-8487-4eb7-b5ee-fa65ccd40a93
WRITE 0834 fa4adaaf-9144-4715-bbe3-0ca80c366c4f
WRITE 0207 dd9c8cf4-1193-4b48-ac67-fc32bd4f1369
READ 0514
WRITE 0926 79fe40a4-cfe0-467b-a6df-6392f45793cf
WRITE 0670 9ff4a121-60b6-46d1-bcca-0bafaf76c8f3
READ 0691
WRITE 0906 fb5ade79-95e3-40bb-84ae-797620e0eee9
READ 0207
WRITE 0981 e6efe619-6070-4351-8f00-50b364f48211
READ 0906
WRITE 0262 571381e9-1424-4ce0-85cb-9f7bd5d64f73
WRITE 0098 06fbf400-e6ca-485b-946a-d8dd1bd72707
WRITE 0223 374de625-6f95-442a-92f5-1df7ecad634e
READ 0098
READ 0262
READ 0107
READ 0332
WRITE 0698 b55a6ec9-7377-49bc-a94e-265f91f5fea1
READ 0096
READ 0364
READ 0348
READ 0268
WRITE 0806 2a11d518-1ac1-42db-8078-7946d52ece03
READ 0698
WRITE 0681 2321049a-8eb5-4edc-904d-de3563465f93
READ 0299
READ 0405
READ 0626
READ 0668
READ 0252
WRITE 0020 ffdf6431-b17c-4d40-8b5e-bdde5a369981
READ 0730
READ 0785
READ 0537
WRITE 0506 122c6028-0193-4c5b-a88b-fcf0d118becb
WRITE 0095 89d9e8eb-37d7-41dc-be41-a5545534eed0
WRITE 0319 33c2d0ff-cc09-416c-a5ec-d25d1aafa216
READ 0518
READ 0049
READ 0288
WRITE 0528 4427bd1d-7dd6-4b30-a246-ffec094cb387
READ 0319
READ 0241
WRITE 0562 b70cfac1-c554-4cf6-9b01-756ba83ee984
READ 0400
READ 0528
READ 0967
READ 0765
READ 0090
READ 0715
READ 0615
WRITE 0501 864e8da5-a7e6-4b83-8179-3960b697a711
WRITE 0699 8e348b01-f093-4d1e-8f06-408a10e3f353
WRITE 0366 97270013-22fc-486f-be87-ac8e9783d426
WRITE 0865 7785757b-ca96-4d85-8284-ba9c42ebc9b7
WRITE 0079 4dee170b-8c67-4bb7-a098-5c6bf98347f5
WRITE 0330 6c78fc49-5739-453b-a62b-bdc333a2b813
WRITE 0198 fa9ee8cc-811e-48cf-b9c3-fe28bb6261bd
WRITE 0339 22d1d575-74cb-457b-81f6-b15ac61436fc
READ 0366
WRITE 0831 4de5a691-c540-4af6-bc8b-dcca99fa5136
READ 0330
WRITE 0431 4bf9b6bd-e562-45c1-8a84-45972e1ef1e4
WRITE 0022 0583eb7b-dea4-47af-86ad-4932e3bb3975
WRITE 0779 e60cd319-8bbb-4e52-8be8-780dec71fd21
WRITE 0506 6b37b14c-2ae1-4dd8-a598-05f58bf7bf67
WRITE 0977 185846e0-f70c-40d7-a0fa-6b44e76c0c66
WRITE 0666 63917bd7-cc8f-4f85-831c-13b553de753a
READ 0431
WRITE 0692 0373f539-35dd-498c-95f6-17db862edf10
WRITE 0429 aacc6cd9-79be-4b56-9b7b-f225a45ccaf2
READ 0977
READ 0608
READ 0692
WRITE 0554 22d3b71b-426a-4a62-914b-3ab26674d7dd
READ 0429
WRITE 0049 4b122e79-d164-4c62-bfea-abf7edf588cf
WRITE 0132 cc95114d-2658-474b-9be7-84aeebb50c19
WRITE 0949 4d97606b-75c5-45db-bd20-09d314a4045c
READ 0949
WRITE 0465 62435b59-a61b-4c68-bfa2-87d8335b7098
READ 0132
READ 0038
WRITE 0286 cc168ff9-b796-4a68-ab65-9033d2273bf9
READ 0802
READ 0286
READ 0465
READ 0598
WRITE 0840 42763b81-e78e-46dd-b33c-0979c212f9bf
WRITE 0223 337666df-eea9-4204-b618-bddd8bd2876d
WRITE 0655 1a12f2bd-d3b6-482c-89ab-bf34d8b88b3b
WRITE 0024 3afdfe74-c355-4d17-ae8c-01bc07cdc0a6
WRITE 0151 c4b8d7d3-8fe9-4df0-a9b3-64cc4df73966
WRITE 0928 0c281cd8-5939-44fe-a364-a53f455ca125
READ 0840
READ 0131
READ 0655
READ 0024
WRITE 0366 5dccc6a6-6a0c-4dd4-8472-9d3c58dae505
READ 0366
READ 0936
WRITE 0230 bbc863a6-da7b-4fad-86c5-f865dc349a1a
READ 0230
WRITE 0097 a7f324a8-c2a9-44f0-9b0b-625659c5cce5
READ 0129
WRITE 0950 02bdf03c-48e3-4264-8e3a-1d10cb8da9aa
WRITE 0415 9c695035-be0b-4cce-b9f3-a268d380a09f
WRITE 0759 42f37bd4-db46-4f42-a84b-aa3714551d47
READ 0759
READ 0097
WRITE 0917 a0c3ca64-9825-4c63-8646-dd112ae841ed
WRITE 0814 6ccb6caa-d2a5-468a-8dd1-e28ab57d6960
WRITE 0463 5fdd7bc1-b7f6-4a1a-b608-298c4436d9f8
WRITE 0012 b58c020c-eefe-4e4d-bb37-5223e02f7de0
WRITE 0918 6ff0868d-0917-4288-9ef1-39e2f1291954
READ 0917
READ 0012
WRITE 0687 787ed613-ea59-4fd4-b23c-03acaa73e0ca
READ 0918
WRITE 0712 196d894e-703e-498d-9fb0-5104430244e4
WRITE 0129 8ae0bb4f-3005-4eb5-80e6-28d5c3c17bc8
WRITE 0140 42b29625-1fa2-434e-a490-763d5c08ec1e
WRITE 0634 ea710c49-cd08-44ce-ad1b-92d2f889a18e
READ 0634
WRITE 0806 156d09ff-da60-430b-b1b8-c2218a17411b
READ 0140
READ 0806
WRITE 0526 ce110dd0-c49d-4b05-a0b6-3f55d2973539
WRITE 0172 5855c7df-fc4d-49f1-b7cc-d373109fa90d
WRITE 0899 ae753779-fe7f-4d77-9872-cca74279e47e
READ 0172
WRITE 0422 5627965b-aa88-484b-9fd0-80aa4b6c68df
WRITE 0658 f3a22a3e-49ec-4876-9084-07b5974701d6
WRITE 0817 49375471-f7b4-4185-b38f-2bdd2bd2eafe
WRITE 0300 15154dc8-61f7-405b-8e85-d65408e57874
READ 0658
WRITE 0726 33c28cb9-2b70-4b49-8d6b-608a8b7aca0b
READ 0817
WRITE 0710 d8fffc62-c081-40e4-a15b-0d875565486d
READ 0726
READ 0300
READ 0216
READ 0594
READ 0857
WRITE 0553 1ce55082-6d0d-4785-bea2-976b6399743e
READ 0553
READ 0368
WRITE 0029 e3c3c10e-8d86-4c64-8ed4-1193319ec8b5
WRITE 0000 61724cd9-7ea0-4cf4-b88e-aea91cc52b1c
WRITE 0208 12947938-a522-49b5-9dfe-f5a5e48b45e7
READ 0238
WRITE 0279 fba6dd33-9481-4c57-8683-7aa738b43ff5
READ 0208
READ 0029
WRITE 0461 01f627b9-5e1e-44ce-8760-00662555015a
WRITE 0396 d8e45fed-84d2-4cc9-97e2-4180fec82a23
WRITE 0748 12fcb89a-0011-4202-88a1-af11bb400a85
READ 0461
WRITE 0945 da791762-e84b-41bb-b67d-5686064ca5b9
WRITE 0318 cc81588c-74d5-4fc0-8164-ba7abc30c4fb
READ 0748
WRITE 0723 b39e1ce5-ffc0-416a-95b0-e74ef7881e32
WRITE 0308 365c3fd8-95d1-4fa9-b7de-3d9ddbb22fe5
READ 0308
WRITE 0569 5b0dad18-0d4c-4df5-9bae-0ed60e2c5c73
READ 0569
READ 0511
WRITE 0662 a8cd9f3f-e744-4ea8-a4fd-aa13688b8162
WRITE 0656 45f7cbb0-c060-4479-9537-43889c3cf85c
WRITE 0371 f260303c-af8e-463e-b465-250b7f6b65cb
WRITE 0746 9f85bad7-d5c5-4ca5-9146-012be9495fd1
WRITE 0667 edc171c2-7dff-4801-a3f5-eb5246ba7c74
WRITE 0899 72edc781-a769-4dc8-ba07-a6235ec09242
WRITE 0061 fb581b4a-2033-4602-90cc-cff4c78c441c
WRITE 0233 c584d830-e074-4f2d-8c2a-a165c46a4f00
WRITE 0213 87501c7b-4683-4d89-8b0f-154b4bc8ce5d
WRITE 0849 1c79ef66-2eea-4247-bdab-b4195f0f69bd
READ 0213
READ 0849
READ 0233
WRITE 0668 1b4bdedd-dade-4153-96d7-d1e2a59a1e62
WRITE 0339 d38cb933-327b-45dd-86e1-9a20885b91f8
WRITE 0100 966f4e5d-e7d6-4770-bcf8-1809f21dac56
WRITE 0879 3fadba23-4555-46e8-9b94-98217013aa57
READ 0947
WRITE 0281 c72bb1f4-e6b9-4a9d-9f69-563c2a0d32d8
READ 0668
READ 0100
READ 0863
WRITE 0874 d93e09e5-43e7-41de-93be-00e0ec4b225e
READ 0035
WRITE 0144 109a54a0-9147-4849-b737-c4ee15f2f9f8
WRITE 0575 7ecee56b-8e68-446d-bcff-c6b9d3168c13
READ 0874
READ 0659
READ 0144
WRITE 0985 b778462d-dd5a-4446-8041-88fd03cf016e
WRITE 0016 be537fc7-c6b8-4e8a-985d-e7ee40d110a2
WRITE 0608 0b97101b-9cec-4831-ae06-269ce1933d5f
READ 0694
WRITE 0630 37752393-dead-4344-a098-58b4e4de3220
READ 0608
READ 0616
WRITE 0345 24523a07-62a1-43ea-9a89-319dc0a48576
READ 0033
READ 0360
READ 0006
READ 0139
READ 0757
WRITE 0536 be54775f-6977-4c42-93b6-1ff23917ff74
WRITE 0923 9ce68dfe-e095-4b82-9a44-af44bcfdc4fc
READ 0535
READ 0923
WRITE 0423 0d9ef5c2-09a6-4607-93fc-eb1d75eccda1
READ 0012
WRITE 0624 02dc6ee9-0d7d-48a2-b262-8244d8e82c38
READ 0423
WRITE 0338 bc6a2671-633c-4b88-99cf-c9feeaee998a
READ 0338
READ 0624
WRITE 0559 bdc10824-8887-4d77-ac82-a04aa3d4e096
READ 0204
READ 0714
READ 0920
WRITE 0717 ef77c775-a781-47e9-812c-dadf8b5786e7
READ 0717
WRITE 0806 a1bfe6fe-d53b-4aad-9b25-4f98889afdfb
READ 0544
WRITE 0711 5a910c1d-434b-4b0d-898d-f958da5165d8
WRITE 0735 a6e80021-ff6f-41db-9858-c71d9255272d
READ 0002
READ 0048
READ 0711
READ 0674
READ 0630
READ 0943
WRITE 0842 b9e9bde2-76d8-45e4-a6bd-7541fc30c1d2
WRITE 0272 9d6ad094-66b1-4b96-b62a-e6fc1e6db59a
READ 0272
WRITE 0450 3833a516-0ec6-4d9f-943e-ff94d6c6b50b
WRITE 0503 469ae351-04ec-4ccf-8b91-d698e57b27f9
READ 0039
WRITE 0468 13a27fc2-3afd-4a8f-956e-54989bd3026b
READ 0193
WRITE 0112 d589bbe5-9367-4928-b8c1-a93f87844478
READ 0503
READ 0468
WRITE 0665 8cd298c1-76a2-4c4e-8ab0-e156a9d3969e
READ 0112
WRITE 0894 0dbe68a3-3bcf-4306-a101-b582c4dc443c
WRITE 0145 fc5e8951-7260-467a-8d7a-a7b29a3f6cd2
WRITE 0492 5ecc78b4-6615-4265-ad89-06b6831d0a66
READ 0665
READ 0145
READ 0489
READ 0238
WRITE 0782 438a2bdd-329e-4dbd-b4a7-e22da6725a14
WRITE 0958 0377359a-d5d0-4c12-a877-e8fc4cbe6543
READ 0603
WRITE 0467 358c2aa7-b9fb-437e-a399-679065db7f76
READ 0233
WRITE 0649 0e1c4ba6-2e4d-4e8e-a7a8-33475e73a97f
WRITE 0645 2ee511af-8002-4771-b2f8-416d599ff010
READ 0467
READ 0303
WRITE 0311 cae845f2-371a-4a3e-b7d8-ff291e58284c
READ 0380
WRITE 0075 f060b5a6-a786-4ba9-bb4c-cc5a88ca4b18
READ 0075
WRITE 0380 10eff7ba-d44f-49e6-8a79-df938bf932fa
READ 0480
WRITE 0836 6fdd18d6-e4cd-4bc1-9ad7-6f309ec4cdf0
WRITE 0135 439b8c77-ac45-46ff-878c-8c31144db2c0
WRITE 0653 6c99a2ec-7905-45e4-bef7-5ea60f08691a
WRITE 0560 1a341ff2-6f9b-4abc-9cde-8ef62e95c6fb
READ 0836
READ 0560
READ 0291
READ 0081
READ 0815
READ 0066
READ 0959
READ 0344
WRITE 0441 c94469c9-1920-4245-8d82-49ce1da5cb1a
WRITE 0615 62b5ed40-c483-491d-870c-ecef4e0d1b11
WRITE 0411 3df39eba-0f4a-4063-9fe7-b6a774ea0a55
WRITE 0711 d970c4f1-ecc5-400e-95a0-90ce6fb592df
WRITE 0214 a37de84a-fab7-43b3-a4e8-ce8d23e6396c
WRITE 0685 d1ee6553-2f44-4409-a671-24161a6f40c1
WRITE 0734 9b9983a3-e3e6-4c7d-9342-53ac33dba966
READ 0711
READ 0685
READ 0214
READ 0379
READ 0324
READ 0734
READ 0690
READ 0938
READ 0870
WRITE 0593 aebfa690-d1e2-4f2b-8fa0-787bbc44e03d
READ 0592
WRITE 0946 97d36512-cac1-493e-90f3-0a74f43b87ef
READ 0591
WRITE 0429 9d51c5a9-f6c6-4bdd-a512-70c1958e3028
WRITE 0044 aa6f7f9b-2c1b-4101-9da2-c5fbcc97b31b
WRITE 0634 b63a2f84-f059-43c0-b397-b5dbf2b39098
WRITE 0261 81c99274-2c26-4467-bc69-3df2775641d7
READ 0044
READ 0642
READ 0429
WRITE 0663 a04f4c97-72f2-4bb3-87e6-2b4fdb50bf8a
WRITE 0058 b6a6b7ae-74e9-4786-99af-f8af8244df97
WRITE 0365 27ded92c-bcff-4dce-919a-fe04d3a81b14
READ 0076
WRITE 0109 b32c70f5-1934-4df9-8ba4-98f5a455ffd8
WRITE 0181 c3e606f0-b8a4-4cf5-a3c2-7bc370c07757
READ 0181
READ 0058
READ 0292
READ 0313
READ 0109
WRITE 0218 620fd37b-99d5-440a-9d6a-6e38c4248ba0
READ 0604
READ 0237
READ 0743
WRITE 0867 f9c068cd-e11e-4be7-a82a-67981deca55f
WRITE 0669 86e925fc-7274-4d9b-8a09-2e4dafffe502
READ 0218
WRITE 0718 518d574e-d313-4993-afd9-1d43668280a1
WRITE 0358 75ed4028-f4f6-4d32-9a1b-ee590e748d1e
WRITE 0820 2e0aa259-5bbc-4b90-aced-e36fc20d5c58
READ 0867
WRITE 0772 4383ec00-2193-4134-8375-73ed4077f519
READ 0154
READ 0216
READ 0494
WRITE 0357 8ecc20fd-0b74-4b87-a050-d30c30744c13
WRITE 0023 cc83e3b0-0162-4df5-a039-7429a7f4ec19
READ 0357
WRITE 0589 c58f3a9c-412c-448d-abe6-3729a3945675
WRITE 0285 8c43d39e-d44e-42b3-9b8a-97c4e71c40d6
WRITE 0190 3a2ce0c7-76d2-4c4b-90a4-fa54cb8e7902
READ 0023
READ 0285
READ 0589
WRITE 0234 aa20571b-712f-4899-b13f-6229f56831d2
WRITE 0757 015259bd-655a-4cf6-bfce-024a178af9ed
WRITE 0993 bc705697-d7e7-45c5-b1ad-43ae10441969
WRITE 0763 34902581-a443-4c6c-a383-f8cd972c3b6e
WRITE 0027 7a27c5f7-b44a-467f-9f53-59e8e5880c52
READ 0763
READ 0757
READ 0993
WRITE 0716 18d146b2-3ccf-4a4b-aa13-50e374593404
WRITE 0690 f3c4fc9b-eca8-40b8-9a7d-43d5e219be7c
WRITE 0002 b0ddaf28-9398-4e15-911a-53b97a924923
WRITE 0743 6a756f6f-2a5c-4c72-a6bb-5d8c1834098d
WRITE 0713 890c8807-18cb-475e-a815-fa624d4b7080
READ 0743
READ 0716
READ 0690
WRITE 0955 62605bbb-f734-4fec-8d68-0fb188d37288
WRITE 0006 448d4676-ba61-46ec-b5ce-324fa688b5a1
READ 0955
WRITE 0486 351c6be2-1d82-48f4-8490-3c661353f049
READ 0643
WRITE 0818 e5dd032a-4700-4995-ba9f-dc179cb3edae
WRITE 0136 f7e031ae-9ec6-4bb0-a18e-566a21ee3ee0
READ 0818
WRITE 0074 ed072390-1341-476b-8b3c-ed28e5c95345
READ 0486
READ 0074
WRITE 0475 cb877363-0791-4092-b8b7-e2859ffc6357
READ 0198
READ 0818
READ 0474
READ 0276
READ 0004
WRITE 0898 b2fcdf94-8370-4e2d-959e-43bf8e4a378a
READ 0301
READ 0582
WRITE 0799 230efceb-e1fd-4dbf-a7b4-82bb1eba089d
READ 0250
WRITE 0568 c8d07da3-634e-4be6-9615-3730dde2cd37
READ 0039
WRITE 0140 91484fcd-a822-4f93-89ef-e72247ab70b2
READ 0163
READ 0187
WRITE 0022 8f19fc4f-00eb-45e4-ad82-15b24abe6107
READ 0020
WRITE 0413 1f2ba7b7-5b1e-4242-9986-91be81ffc6db
READ 0105
WRITE 0938 ef2eb5cf-993c-42bb-8a55-1f6fe8b78366
READ 0163
READ 0416
WRITE 0592 30ea8aca-bcfd-45e7-ad56-6538f3ca3451
WRITE 0935 093e3fb3-7568-4c97-a7b2-7cc8edb9c8fe
WRITE 0945 1d6e4b05-db7b-40fe-b28a-b860721cd27c
WRITE 0044 c51c2b91-5ad8-4c8e-82de-1140db3df10e
READ 0592
READ 0395
READ 0281
WRITE 0330 b83d8822-e6ed-48e7-8639-5618ab78f27b
WRITE 0634 7d6023e5-a161-4037-ab2f-7d02b279052d
WRITE 0362 b803eea8-fddb-4d2f-a78f-cccc356d72b4
READ 0906
WRITE 0288 50a16de0-4711-40e0-a9fb-79fcd3a33ed4
WRITE 0188 e176c590-6324-45f7-be4e-da3c014cbf57
READ 0330
READ 0634
WRITE 0687 34262a76-6c3c-4c9e-b4f0-bac78192de97
READ 0188
WRITE 0668 96e0c591-d269-43f6-96f3-eaaf71ad9165
READ 0687
WRITE 0173 8a90d188-f2b4-41ba-b12d-f8db6817c1ae
WRITE 0863 7f82777c-e493-43bf-a950-0d4cd7993e4d
READ 0668
WRITE 0272 36e9e7e2-c33b-4857-bd9b-aec15c17d742
WRITE 0942 0f59d251-54ed-42f6-84b2-62cccdbf2ebe
WRITE 0879 a77c473c-0afd-4ab1-8c66-942ec54b1806
WRITE 0479 7a27e4fe-1336-4b8c-b1aa-5ce86fb44881
WRITE 0655 ae34ce80-e8c2-45f6-9096-9e5a609af8bc
WRITE 0339 9806046a-4fbc-4663-9fed-21dc8ae850c5
WRITE 0879 40dd3c1f-73ce-44ee-a406-33c4e0670711
READ 0655
READ 0879
WRITE 0355 fabe3ccb-e7bb-490b-bfaf-fe230ea9302a
READ 0339
WRITE 0889 351429d2-ee4c-4ffe-9c5b-079f07fe4ef7
WRITE 0141 04f8c75c-89b8-4724-a181-43ea1a31b825
READ 0141
READ 0355
WRITE 0336 942abff6-2282-4f77-b28c-4fc6e0e1c699
READ 0297
WRITE 0602 1196ca39-6509-44fd-af19-21c3daec84ce
READ 0336
READ 0353
WRITE 0556 07d80a65-91fd-42f1-bc2d-cab606fe89ae
WRITE 0829 25e6af54-f4bd-4291-9c35-3760ac429627
READ 0602
READ 0915
READ 0301
WRITE 0967 51753861-0c08-4a6e-b3c4-5c835261edbe
READ 0556
READ 0618
WRITE 0165 25fb59a9-2f09-4e05-a490-37ee88e24981
WRITE 0385 4548cc71-d953-47ef-8d78-d005bb2841b4
READ 0165
READ 0749
READ 0385
WRITE 0704 a553f476-87f3-4039-b8d9-040a5ee9dbf8
READ 0920
READ 0369
READ 0704
READ 0319
READ 0890
WRITE 0368 6de4eb04-8937-44f9-9a53-635db312f113
READ 0304
WRITE 0506 0a5bbaae-8399-4f79-a50a-4d08b85e46d6
READ 0303
READ 0260
WRITE 0355 a6754444-3357-4a8b-9bc3-0c2197155dfe
READ 0355
READ 0143
WRITE 0928 2c2a0960-f5af-4824-8794-92a1760b7ca1
WRITE 0647 3ee457ea-b7e7-4746-b7a5-67dc481932cc
READ 0638
WRITE 0186 6815b10e-4cff-4164-b68c-dae9365a9ac0
WRITE 0295 f41139d5-5ff3-4095-a30a-a47b2b86d10a
WRITE 0690 9ee8da9f-83c6-49d0-a261-2ce4d5b8d15d
WRITE 0903 e3ee2aba-981b-4d6b-8493-871cccebc20f
READ 0647
READ 0295
WRITE 0936 0f697707-07cb-409e-bfff-9360c57131ad
READ 0690
WRITE 0055 5060e725-6ff4-4a64-bf9e-6f542d127202
READ 0903
READ 0055
WRITE 0155 b730ef72-21f8-475c-a05d-b78b5493309d
READ 0017
READ 0258
WRITE 0695 5b90e11e-5bd3-4448-9a27-c20a84a04d56
READ 0682
WRITE 0281 0d2a8709-dcf8-4093-b5ba-9dc2cfa9d662
WRITE 0322 4b55f4f7-9808-43cf-899e-6e966064770e
WRITE 0468 8bd93284-be4c-44e6-a4a7-a2092285e474
READ 0468
WRITE 0218 4bbe40fb-a69c-40f7-ad8e-7549e44f9b2f
READ 0281
READ 0218
WRITE 0465 c978b5d7-a757-4178-9305-0cd785eb1d0b
WRITE 0495 dbfaab8c-3d8b-47bf-9c04-de2445325c39
WRITE 0484 821577c6-56fd-4647-b36e-3e339048fcd3
WRITE 0161 010acc2d-f6d7-4c4e-ae89-351f00fff911
READ 0161
READ 0484
READ 0495
READ 0472
READ 0655
READ 0148
READ 0075
READ 0785
WRITE 0231 c210136a-181a-4c30-8463-a9f9f27ea94a
READ 0055
WRITE 0149 e7b88fcd-324b-4018-8a89-34b30fa8abae
READ 0878
WRITE 0291 ca3d1d4e-995a-4046-bd4c-ae12ad89f2fd
WRITE 0218 7358892f-c34a-4b05-a9c7-62c12ca34059
READ 0044
WRITE 0341 a7bf9a62-874b-480e-bff1-f21a1211d8e6
READ 0341
READ 0291
WRITE 0825 3f3c06d7-3013-4939-b686-d2e079dff8fd
READ 0237
READ 0825
WRITE 0075 1fb4ff50-bf05-4bf0-9df8-d692cbd9b284
READ 0075
WRITE 0099 c729017f-6316-4879-b6b2-35e32d82c53f
WRITE 0994 b3872d75-ab0c-48a0-a23c-9fa7310635b3
WRITE 0094 ae849d8b-e66a-4261-8d3e-2f92ad6189af
WRITE 0129 f425046b-25bb-47e0-9724-da80bbfbaa00
WRITE 0583 364a2e0a-ea97-4abd-a0b9-6afd7eed1c04
READ 0994
WRITE 0485 4af03cd9-b8a0-4488-83ff-1bd16a057399
READ 0094
WRITE 0323 1704c653-30ae-49ed-a3f4-f0012c3b03db
WRITE 0549 fe6ee374-e51a-407b-84b5-160a40300203
READ 0323
READ 0549
READ 0688
WRITE 0450 9d2de86f-21b3-4fdf-b763-199f09f09de9
WRITE 0099 d57e3acc-fa9f-4778-8594-78d79108ff6a
WRITE 0712 92a0811d-10ed-480a-917f-affda06eb8d0
READ 0064
READ 0712
READ 0500
WRITE 0855 19a44626-be75-4ad9-a665-f1239d30969c
WRITE 0518 ef8a8b4a-5455-4569-be19-c1c0453c4891
WRITE 0505 f0c76378-5212-43c3-a8e0-ae404090257b
READ 0505
WRITE 0784 6210c95c-eccc-45f9-b199-3b87a0e777c5
WRITE 0994 087cba30-9d82-4776-8097-239ad8b0db9b
WRITE 0427 b99d8b70-0ef1-4a2e-b8f9-c861b5c0f450
WRITE 0608 540a4e80-e041-4cf5-b0f9-5a050bc31050
WRITE 0387 0f3a3deb-aaf7-4681-b7c1-bca30faf20d3
WRITE 0655 9e8c2eeb-1c49-41ac-a377-d0bcb346873f
READ 0608
READ 0994
READ 0387
READ 0655
WRITE 0971 1006b2c2-a64a-4327-9e6e-2fe9bb8497fc
WRITE 0141 09074962-743a-45b5-b2c8-72af329670eb
READ 0632
READ 0426
READ 0932
READ 0141
READ 0583
READ 0451
WRITE 0203 b9f84b92-0ed6-4fe2-80e2-66f1e5302026
READ 0203
READ 0715
WRITE 0452 bc3db990-2a77-4793-9248-ad3b4bb1bef0
WRITE 0369 bc48bdc4-e196-4208-8148-1d7bf40b1cf0
WRITE 0560 eaf79a95-1351-47cd-bc5f-11d29fefa040
WRITE 0285 c06f6221-54f5-45bf-9b5c-82896823182e
READ 0285
WRITE 0985 41b73f42-db78-4392-9687-ce0b713592cb
READ 0369
WRITE 0434 af75becd-6a55-4456-aaaa-d2053fa90f68
READ 0592
WRITE 0978 61d051fb-022e-47f5-8415-48b5ad89e785
READ 0434
WRITE 0419 d3d2a35f-375d-4805-a968-b1448419b07a
WRITE 0745 42a17679-a4ed-4413-8dd6-67c21ca0c0b2
READ 0419
WRITE 0140 67e08a19-a2e5-4c01-a570-4c7d88459919
WRITE 0351 9e23d8b2-b091-4f5f-9b67-ea786c866360
WRITE 0158 864ccada-27a1-4897-ad79-f9d8709f2592
WRITE 0555 bd8eed8f-adad-4cb4-95bd-837dd1cb193f
WRITE 0998 55a68074-4e59-4947-a542-330eaf69a2af
WRITE 0453 c41ad1a4-96ca-4071-bd46-3ba63e90da66
READ 0351
READ 0109
READ 0158
READ 0372
READ 0998
WRITE 0995 d3c7b601-5e27-4471-a143-b22b16578a75
WRITE 0674 1a6607f9-40e4-46e2-9401-7cc05d2bcde5
READ 0995
WRITE 0316 9c825a61-f383-479f-9e28-c38eea495916
READ 0137
READ 0429
READ 0316
WRITE 0501 26c38fdb-c4cf-49e1-afdb-b7faee0d43c0
READ 0881
WRITE 0191 9f110979-7de7-44be-8dcb-e99f0b959b97
WRITE 0296 bddca240-6910-47c4-9a36-1a5ff2be290e
WRITE 0766 61f272d8-01b6-42ad-9b7c-a98a54b8c679
READ 0070
WRITE 0301 9a79a3cd-1ce9-4fa8-86f9-627eef89a2a6
READ 0766
READ 0191
READ 0571
WRITE 0164 98b16a32-96eb-43a2-becb-c5d7b9e414c7
READ 0679
READ 0301
WRITE 0600 681ab14e-c405-4084-ad9a-fd1d61e765cf
WRITE 0876 8f7a2fba-0e0e-4c55-a976-f578b4106375
READ 0876
WRITE 0261 6431b309-f739-4340-92e4-a03011982c71
READ 0261
READ 0261
READ 0600
READ 0475
WRITE 0910 fcd2bd6c-b108-4bed-859b-cd089e814eeb
READ 0910
READ 0588
READ 0510
READ 0897
WRITE 0126 060f7365-12ef-4d25-b4c6-f62c6495f637
READ 0323
READ 0918
READ 0714
WRITE 0143 bb3740f3-649e-41c4-a649-e2e58cf0f42b
WRITE 0859 9026623e-a74d-4331-9638-2465b0d2b135
READ 0865
READ 0729
WRITE 0701 e28d2c12-aee1-49e6-91bd-7a86ecf674a1
WRITE 0632 b78aa5ed-bee1-4f25-a429-7e7d83add0d8
READ 0632
READ 0859
WRITE 0120 fde22891-4903-40aa-9acc-f43e62dc9f91
WRITE 0265 16f16281-c725-4824-89a6-f47504fc3e7b
WRITE 0849 bbef9ecb-4a0b-4e22-90b7-34cab914febf
WRITE 0092 351db781-2f77-4aeb-8f2f-1c9c7879f7a3
READ 0120
WRITE 0350 3446c23b-c5a8-4260-8ba9-6160f1332d7d
READ 0092
READ 0020
WRITE 0635 de6428fa-e33d-450a-a26c-74bb0dbf32b4
WRITE 0260 bfb0c7d2-d4fc-4495-a1a3-e3f86bdb8e92
READ 0260
READ 0350
READ 0635
WRITE 0112 66e09d99-b300-4166-b5cf-de6ddfbb15c6
WRITE 0056 6e3fcd3a-afd8-4e32-81c8-72ebe2153961
READ 0801
WRITE 0440 352a8846-3dc5-4da6-a1e1-0ea07983e635
READ 0440
WRITE 0993 c56e1222-5430-4dae-b2be-d892e7a41489
READ 0993
READ 0922
WRITE 0812 de110a26-87fa-4104-b4ae-cea743501dec
READ 0745
READ 0477
READ 0262
READ 0093
WRITE 0827 ee72ef36-62ab-420d-aeb4-f793b9efd3de
WRITE 0682 b38f85b8-7e0c-4c34-8b26-afc3acacd648
READ 0308
READ 0047
WRITE 0648 9e00fdc8-6e66-4298-9cf6-039b4d7521a4
READ 0886
WRITE 0904 2dec48d6-ea48-4250-9221-7dfda4b39729
WRITE 0641 f0e2274f-fe53-4027-b8ed-567ddd9a9dee
WRITE 0677 2f11fbfc-9cd1-47c6-aa7f-ae73d283a0d5
READ 0046
WRITE 0311 7ccab1f2-1e60-44fa-86ee-db34e260ca08
READ 0311
WRITE 0913 8b900e16-e860-48e7-9988-0d3fd6eb20e7
WRITE 0142 41689c3b-9525-47dd-a57d-a1952be2eeac
WRITE 0395 8fedc368-c651-4dd0-94bf-2606d73c77ba
WRITE 0654 b6fbd431-560b-4354-b3e3-e540dc61428f
WRITE 0732 e4ae5483-e287-4bc6-82f0-04fe551bdc4c
READ 0142
WRITE 0209 c704de2e-ec9c-4b0a-80c6-fc4c27058f24
READ 0732
READ 0209
READ 0014
WRITE 0636 02c731c6-ef67-4f73-ae37-8607de260f09
WRITE 0582 04c62485-a216-43b9-be2d-ab13ad7b49ba
WRITE 0389 c0af7e84-4f63-40f4-98a4-eed028a1eb30
READ 0389
WRITE 0689 bb766f5a-edd6-49b9-8bfc-0c035bd3d0ad
READ 0689
READ 0488
WRITE 0778 735aaa16-3a9b-4921-b2a9-2f3aad6c47b5
WRITE 0705 305386d4-c58d-4d56-998b-176ad67e4628
WRITE 0089 0fa6441c-18be-43ac-9e17-4ab2b03cbe5d
READ 0705
READ 0089
READ 0778
WRITE 0128 63a2c681-aa76-4343-9885-49971592e17e
WRITE 0971 1b57b479-25c8-4116-a75b-de67bc3ce73e
WRITE 0857 50de010f-8e08-46ef-94ef-eed6fed31b92
WRITE 0137 5b359524-b272-4caf-8969-8f008bb807ba
WRITE 0722 1377a438-e71b-416f-82ae-15bf3b91f16a
READ 0618
WRITE 0216 aa997efc-8352-42b5-88dc-032fb3d40d06
WRITE 0914 6da48ea8-4675-49b8-a4c2-de6e2caf2cb2
WRITE 0783 2f09247e-01ea-4e59-b590-9e2453e77ece
READ 0137
WRITE 0003 245e932e-12b3-4cca-bf3f-ff0d6592ead5
READ 0003
WRITE 0642 db2e6e7c-8b7e-46ab-9a19-53ada95b1fbf
WRITE 0297 b77902ee-9fe0-4316-a26c-52a63c9d6215
READ 0642
WRITE 0198 e50d8996-b172-4094-b704-f1a32c89e635
WRITE 0963 c2902216-fed2-46af-af40-374f1c6fe99b
READ 0258
READ 0198
READ 0733
WRITE 0450 e0d578ca-3f9e-4258-9c99-73feddb7ad6f
WRITE 0043 25742a0b-be2f-4d57-a286-a35f1cd20b78
READ 0138
WRITE 0011 b7e12edf-c5e4-4851-b926-931c2f11f138
WRITE 0951 ff0498dd-b3dd-43f4-b6b7-d28ff793e230
WRITE 0836 b921fe4d-ed58-4b12-a8b9-9fea9fefa93d
WRITE 0138 a5c48a95-d27f-4864-be2a-638579a91360
READ 0011
WRITE 0231 6fad739f-f3b2-4197-9cc3-d099eb78f131
READ 0138
READ 0231
WRITE 0277 6135f4bc-e5b6-40cd-bf85-9abc199f4f56
READ 0221
READ 0704
READ 0305
WRITE 0070 954f87ab-f10c-4aa1-9330-b067d942e83f
READ 0973
WRITE 0365 03ee3afd-a742-49ba-934d-1ea6e808862e
WRITE 0725 6e0b78c0-d19e-4ff6-9635-5df70c3fc643
WRITE 0547 67b7713f-0814-4355-99b6-89e49bf24e7e
READ 0365
READ 0547
WRITE 0666 00024acf-36a1-4007-aeaf-37aa640f148d
READ 0666
READ 0725
WRITE 0571 e10f2ba9-9502-4970-adf2-a38b68ad9a0b
WRITE 0994 61f48139-a416-434f-8bbc-8997f140f251
WRITE 0388 a813ca93-5c96-448d-be14-194e66302d3f
WRITE 0870 86d00d3c-646b-4aa4-8156-2ed630954c7c
READ 0571
WRITE 0147 99cd72d3-fe20-4742-b773-bbcdac560aab
READ 0870
WRITE 0256 6701ed5f-7d0b-4fde-b64c-f3b928a01a17
WRITE 0534 1a7549a9-486f-49d1-a531-9ccc71159e9d
READ 0147
READ 0256
WRITE 0720 16a00ff8-8885-4bae-b729-500283c56aa3
WRITE 0390 987834cf-1c46-4723-a035-c1cdd80f70ae
READ 0791
WRITE 0979 61f2b39f-6d56-4cd6-a130-fc032341be54
WRITE 0799 bf17097a-424f-4f14-9287-1e735c329e91
WRITE 0948 98820e21-8107-4ba5-bd1f-5e5a3cfee58e
READ 0831
READ 0390
READ 0395
READ 0979
READ 0799
READ 0348
READ 0715
WRITE 0044 720f1d23-6d53-4d75-914c-f835b02cf3e5
READ 0044
WRITE 0663 2003e7b6-3fef-447d-b64e-7f913f0910ea
READ 0683
WRITE 0602 3589ca7f-93b9-4c0f-a6a7-f254d2c51ec3
WRITE 0822 99d59af5-6da3-458a-a0a5-0869e44d3cda
READ 0602
WRITE 0772 1491f4f6-c0f8-4249-b635-59ff86e987fb
WRITE 0116 7aed5b5c-f431-4fc7-ab75-4acb10f9df4f
READ 0772
WRITE 0972 1e5fa480-9c27-4242-97c5-067920438a9d
WRITE 0967 778fe367-0fcc-4d0d-8011-9fdef14e98bc
WRITE 0047 cdc176d0-7c04-4f5b-95e4-a6bb7972cba0
READ 0967
READ 0116
READ 0047
READ 0198
READ 0939
WRITE 0590 1984c240-866e-4fa5-a74a-bfed56be0fc4
READ 0590
WRITE 0062 ee209668-e2fb-4d80-bbb2-b65e0f642383
WRITE 0532 cd8078c7-0a82-4a82-a9f1-1f2f34a379d0
READ 0532
READ 0293
READ 0062
WRITE 0670 0e254916-454e-4647-90ce-72d388e4f6c9
READ 0670
READ 0978
WRITE 0925 052bb3cb-a728-4178-9840-aaadd9155ac7
WRITE 0587 14605860-a694-462e-b60c-1f726ff2dd59
READ 0805
READ 0925
READ 0587
READ 0584
READ 0121
WRITE 0550 fe66dab2-a6ae-4417-813d-22ba60ec3938
WRITE 0256 d3f63089-e46b-465f-b867-67cade8892f1
WRITE 0628 ee34eda9-f072-4db3-93d2-4b67c3e65cda
READ 0550
READ 0256
READ 0626
READ 0628
WRITE 0818 855d6590-f6a9-4bca-82aa-361f9f57f3cd
READ 0818
WRITE 0741 89c55224-ac3d-42e2-a5af-162bdde87840
WRITE 0748 571c2ecc-5cf0-4389-a12c-a9c8c77c46f0
WRITE 0560 68beaa91-5827-4a62-9537-695ec70cb291
WRITE 0114 cc60a8c9-d659-47be-b236-5e747c877659
READ 0114
WRITE 0381 76ec3b05-99a5-4875-bef6-7626a1292d57
WRITE 0059 d8792a15-bf30-4c85-8444-c551ffab59d1
WRITE 0482 355e6970-46a0-472c-b274-7794cc267e49
WRITE 0444 6821f70b-000e-4b91-8f9b-efdc1859a225
READ 0128
READ 0059
READ 0381
READ 0241
READ 0444
READ 0132
READ 0786
WRITE 0727 d2b9ea67-64e9-4013-8607-39b2d221c023
READ 0727
READ 0953
READ 0799
READ 0996
READ 0247
WRITE 0820 6db5cabc-8aa5-4ebb-ac9e-7a29a25fa5b1
READ 0820
READ 0956
READ 0183
WRITE 0698 bf7e3cbd-1f2d-441e-892d-d15e2c54a117
READ 0698
WRITE 0724 ee317574-03b6-49e0-ba4e-eb9287c71a83
READ 0724
READ 0474
WRITE 0257 42493617-7f80-404d-a15b-06a5a6078f24
READ 0257
WRITE 0839 876691d5-b5ae-42a6-9542-042bdb6c70b0
READ 0839
WRITE 0579 67b35373-ae10-423a-a716-fb9074499a94
WRITE 0968 26adf3dc-0779-49f8-8318-1cbd963337c5
READ 0968
WRITE 0720 2a81c9f3-df02-4d97-b42b-14b952bf010f
READ 0579
WRITE 0888 65a89974-6e80-4747-9e4b-fc70a943be8e
WRITE 0649 fe5a07fd-d092-465e-89df-d5ca094a386d
READ 0888
WRITE 0444 4cff4882-8ca9-4094-ba32-a2b4224d1e01
WRITE 0242 f3b533b2-8838-4959-a6e4-6003a2ea649a
WRITE 0951 1baea8fc-eeae-4dea-affb-6ba335aa626e
READ 0649
WRITE 0758 82777d8f-aadd-4ef0-8890-9cf5852f7fec
READ 0758
WRITE 0811 e6c423e2-f90b-4ac2-b209-c5a2a1fa5e0c
WRITE 0355 2c88cfcc-1135-4331-abfc-6e48379aad89
READ 0703
READ 0743
WRITE 0804 571ab4ae-e30b-43c5-9d4c-826de8d53862
READ 0811
WRITE 0898 d758dae7-3282-4a1a-a2f2-7109d7311114
WRITE 0575 dd4e7a84-ffeb-4dfd-ad39-0d8db215658c
READ 0804
WRITE 0130 d487a0df-bb8e-4132-b64b-b696264b969e
READ 0222
READ 0517
READ 0575
WRITE 0074 578c3db1-04dc-4420-b94c-bf4fc9cb3ffe
WRITE 0156 d4cb14cf-b1be-4a4a-9ff4-0c22036e44d0
READ 0130
WRITE 0426 b58becfe-d552-4d9d-9d39-ac58f5396b84
READ 0156
WRITE 0873 d9aa0c42-ad67-45dd-9c88-a6675e50b8d0
READ 0074
READ 0147
WRITE 0305 ee9a59b5-e0ee-41da-9fc5-c5819cf7c3e3
READ 0426
READ 0305
WRITE 0258 0af8fd0d-3e9c-4053-92a0-f321b8663a7c
READ 0258
WRITE 0735 66d0354b-df33-4b13-a1d3-ef54a162a48d
WRITE 0036 77a68b29-5693-44db-b38b-548bd39ab0a2
READ 0243
WRITE 0440 351279b6-00db-4518-a644-81193d4e5657
WRITE 0397 debbf9c3-96c3-4af2-92aa-04ad92dfe434
READ 0036
WRITE 0017 3c0d8a8e-2dc4-4f4c-a5a4-37bb0e65484c
WRITE 0326 7d92038e-bf43-462e-90d5-027b410bc5b2
READ 0440
WRITE 0532 2d7cabe6-3ece-429c-a340-9cd44fcf0c1c
READ 0326
WRITE 0031 648ece42-3b58-4e0f-afd9-08703ded92bc
READ 0563
READ 0945
READ 0728
READ 0141
WRITE 0402 b0fde2cd-9163-4f36-9176-d2e6a29ea30f
READ 0876
WRITE 0057 d49ce9b5-5492-41c8-ae97-9fa2e1f42c6e
WRITE 0320 00ca17bc-252e-4bee-a0f6-b437df1ed3e2
READ 0413
READ 0402
WRITE 0448 191debcb-b863-4327-86a3-9fd4fd7503a7
WRITE 0679 2e9051af-d52f-42af-829a-860272d5bc0f
READ 0448
READ 0679
WRITE 0137 07897bd6-b633-4ed7-b481-701a9747bc45
READ 0153
WRITE 0609 9ac31241-24f6-4cf2-acca-d18c8c9f15c7
WRITE 0552 986e6656-8b67-404e-a9eb-ab43a2575a49
WRITE 0152 4cae029a-94bb-49bf-9c2a-6f02e933ac34
WRITE 0508 a2120b86-0f60-4bae-b176-6bcd1058334d
READ 0508
WRITE 0338 00ffd85f-1c84-4fdd-b3c7-8ddbd0769cc3
WRITE 0747 91b17b23-8ed8-4d8d-affb-caef89964aca
WRITE 0012 47fb73be-4c74-4bfb-8c13-f40303a6df7e
WRITE 0732 5588a60a-5816-48ff-b3ea-a667178e869e
READ 0338
READ 0732
WRITE 0623 dfb30743-ea75-43a9-89c3-e3099c69f9ac
WRITE 0678 7bb1377b-864e-4bc8-a855-7a5ba6a5a461
WRITE 0148 2ad67e26-877a-483e-8b49-62f8e66b6382
WRITE 0371 3973212d-f524-4bb7-bcd4-ad43000aa9e7
READ 0623
WRITE 0535 f2c8abad-f423-48a1-a6d3-cfa54b0cca6f
READ 0371
WRITE 0785 4f8d33a9-b103-4c11-bea7-5fec2839dec6
WRITE 0303 e8a3517c-b389-476f-87d5-22592431dec3
READ 0052
READ 0535
READ 0126
READ 0785
READ 0821
WRITE 0243 60f7b716-0def-4a6c-85fb-078d499e436d
READ 0483
WRITE 0016 e01f70e2-e0c5-45bc-b3aa-09c265202ba2
READ 0417
READ 0243
READ 0766
READ 0016
WRITE 0601 2eec167d-308a-4c89-95a9-5f2dea9dbd5a
READ 0817
WRITE 0566 f579103b-3a7a-4b2d-92f6-69d989d7b1ae
READ 0601
READ 0225
WRITE 0279 e2fd6137-c4a5-4dc6-8f28-66e0c5686608
READ 0995
WRITE 0223 c2dfaf09-f6df-48ba-8a81-9d6da1d8efba
WRITE 0017 a1a7569f-85bb-4ad3-ac4c-0cc0f70fb738
WRITE 0484 6ca7707b-afac-43f2-869b-2af06746e823
WRITE 0941 9c4a427c-25eb-42c5-9bc1-492cfa7f20a0
WRITE 0804 678f8311-61a7-4468-a817-44e4a1aefb5e
WRITE 0620 13ef3bee-6ddc-40ab-975a-7f52a4d48bad
WRITE 0583 968d8c3c-a293-4d4a-94d5-9d381d99597c
READ 0889
WRITE 0957 4f11aa87-9187-4e7f-80b2-e7a6e23c96da
READ 0804
READ 0583
WRITE 0733 368696ca-960a-4584-8eb2-06d618b306c9
WRITE 0250 d1b9b37a-771e-4a5b-9af9-df6d2e80d66b
READ 0957
READ 0203
READ 0898
READ 0884
READ 0250
WRITE 0085 6cd6dffd-6241-4644-9de3-d93b45d8f338
WRITE 0608 a9244a86-1f8b-4773-a017-5653bd32e222
READ 0485
READ 0792
WRITE 0701 a9c55e8e-88f3-41da-a7ca-79ae930f8f56
READ 0584
READ 0085
READ 0087
READ 0527
READ 0026
WRITE 0608 0273b85a-8ee6-4cf3-9ed2-71477a20eb6e
READ 0223
READ 0233
WRITE 0558 6d0eb879-8aeb-4a10-87d3-06d8b903a421
READ 0114
READ 0558
WRITE 0364 a1e7d6c9-cd65-4be8-830e-552debfbfaa1
WRITE 0258 02a00c52-f27d-489d-bba8-38dba5ea58bf
WRITE 0216 dc9e179f-ec8f-487e-935e-a445e50213d1
WRITE 0246 cd1e2573-248e-4298-b62d-6c36dcdf019d
READ 0653
WRITE 0762 b49faa5e-71b0-4ab8-8a2e-9d3aefba536e
WRITE 0443 5a898d46-1b5e-473b-a002-9caf0692d92a
READ 0216
WRITE 0968 d164d508-aaef-40e5-941d-0bb4ea95f756
READ 0968
WRITE 0298 037eab1c-76f9-4395-9df1-bf3a9797a17c
READ 0291
WRITE 0829 8b83503b-fc0c-4da2-9f3f-d1d01d76182a
READ 0298
WRITE 0859 dad76cb2-10f7-4beb-82cc-711013c816cf
READ 0223
READ 0274
READ 0735
READ 0419
WRITE 0395 1480ff60-8763-4ba8-a27c-feecc009930c
WRITE 0008 3433d548-97d6-4c4a-adf5-2302813f98fd
WRITE 0190 82f960eb-decc-4e72-a146-9cec88007572
WRITE 0803 c34696cb-c896-4a76-91ad-a4980950e045
WRITE 0022 e10333d4-ea3a-4e78-bc94-653d71413c98
WRITE 0365 b03ac95c-f8fa-4492-8dd3-38b3680ffd7e
WRITE 0182 6dc9e5dc-835f-4867-b271-1074bbbdd060
WRITE 0327 2ba14409-7af9-4e8a-877b-fe5e63147688
WRITE 0398 1006f1a2-f23b-4030-b846-56a05f48b883
WRITE 0679 c3dfaca5-68e8-479e-9e28-3cdaadc6dba9
READ 0365
WRITE 0656 76eaf012-1038-483f-b5c2-889bfd60521c
WRITE 0271 7970cdb3-d793-4cc4-8531-e71535aa8f86
READ 0327
READ 0398
WRITE 0382 c9f707be-0cab-413f-97cb-d046a163e9ad
READ 0397
WRITE 0341 12ee9980-03ed-4b87-93b6-5ea41e0b9ca3
WRITE 0688 dcdc4aaf-a444-4fb0-b9f0-9db6d56d0029
WRITE 0877 eebe2369-20db-40e9-942a-c4edffaccf37
WRITE 0660 3ee78b15-aab2-4317-bb27-cdfc0bf5e039
READ 0877
READ 0660
READ 0688
WRITE 0105 a220212b-b117-4287-a431-155f6593004a
READ 0717
WRITE 0643 69557ae8-38ed-43c7-b04d-00ff6bfe6c2b
READ 0643
READ 0154
READ 0921
WRITE 0093 7768d039-7499-416c-ac72-c50367457957
WRITE 0791 19bf3973-ecba-4403-9d6a-6f3ab371363e
WRITE 0186 b346ed8e-cc7e-4405-9fe3-d9d1c8f8c196
WRITE 0709 92e41d02-8be3-4f72-8158-115441241831
WRITE 0264 58cac5ca-55a4-4437-a171-d2bcd12cb373
WRITE 0648 d191611e-e106-4045-b413-57e1dcb60fdd
WRITE 0346 e6ab4818-8a98-4283-ae87-5602c87416e7
READ 0346
READ 0709
WRITE 0704 eaa5d768-a7a5-4292-9a6c-f56b97ba4f62
WRITE 0398 1de9c209-6f6f-47a1-b090-352fa75d9ee3
READ 0648
READ 0398
READ 0592
WRITE 0515 9df61675-c8c0-44b7-91ec-ff3b851df63c
WRITE 0110 d8d42dc4-c68c-4c8b-958d-9da340bf4358
WRITE 0325 31315b53-a0b6-4684-b91e-6d0bb1337cb2
READ 0325
WRITE 0381 428c963a-96bc-4b2f-b60f-2247cc8b8e3a
WRITE 0891 98ee9855-1a1a-4a9b-a37a-ec81658cbf5a
WRITE 0813 ed691e63-4694-4f17-aae3-f1310b895029
READ 0110
READ 0891
READ 0381
WRITE 0214 4f1d6c98-84bb-4ae8-a6cc-09a91e96d2b2
READ 0027
WRITE 0756 87d3312b-2e21-4ec3-81d0-3ba57579fd3b
READ 0589
READ 0393
WRITE 0455 956afa2c-1926-4eff-9c03-bf798dba90eb
READ 0772
WRITE 0991 38614509-45cd-4714-a9f7-2e65adeff58e
READ 0568
WRITE 0645 3b4e9cc3-6eae-480f-867d-7eed55a8c60e
WRITE 0159 aaa0234a-1d78-4bd3-a2e2-3786b854c875
WRITE 0975 fbbc395a-ac33-4a9e-84aa-766826b589bc
READ 0991
WRITE 0156 1f69c120-791f-4bf3-8764-a9ac021db598
WRITE 0578 6226e2b9-663c-4fb9-bfe8-a0b86df02963
READ 0975
READ 0159
READ 0897
READ 0368
READ 0156
WRITE 0908 7b33df0f-a169-457e-ae8e-acbb7f2056de
READ 0015
READ 0150
WRITE 0441 15afa832-b564-4f4c-ad19-65dec3377f65
WRITE 0942 3411b7e5-a0aa-43e9-ab09-c58e0caad722
READ 0293
READ 0441
READ 0509
WRITE 0810 e4cecd3c-30bd-4ecc-aff3-0afc0ef34e7e
READ 0810
READ 0750
WRITE 0476 a481f953-ecba-49be-af91-500e2a6f07c3
WRITE 0392 b3fdae11-2fbe-4c84-bc8b-8967c9f5f477
WRITE 0350 d125e207-6745-48f9-bc08-b71570d2c5d7
WRITE 0286 95e6ff21-cbbf-454e-9e4c-96bb8a775e95
READ 0696
READ 0496
READ 0688
READ 0286
WRITE 0482 1582db87-ab58-4738-88f5-608e112ae309
READ 0254
WRITE 0507 290a1f0d-8b2e-4c06-be58-adb436111ca8
READ 0482
READ 0070
WRITE 0458 ade7f8ef-189e-4e57-8b7f-794134cb503f
WRITE 0451 be25a633-96e0-408e-898a-b44647eac9f2
READ 0458
WRITE 0844 2a540a75-969f-4f2c-987f-2d25706430ba
READ 0851
WRITE 0362 5db02468-3302-44c7-9427-e2b25734fb1b
WRITE 0516 087121db-a267-445b-9376-f588b6777ec2
WRITE 0523 8b0bf4cc-ae44-4137-ad72-09965a6357b0
WRITE 0262 fa19ff87-2495-441f-9a70-cc3e91907d35
READ 0362
READ 0262
WRITE 0563 db93d184-08d8-4d9a-a6f3-db58a2f84206
WRITE 0980 8c1d11c5-59dc-4a36-ab4a-f0caf20fcd60
READ 0830
READ 0312
READ 0034
WRITE 0049 c51dc86e-a472-4cd7-8770-c73d88361da0
WRITE 0311 93b1f05d-f5c2-416f-bf29-ba72838cb148
WRITE 0408 796af49f-c581-4ca1-bfba-6b7b733d1b24
READ 0981
WRITE 0389 74e2a228-b9b9-41ed-b77b-2c575bc633e2
READ 0389
WRITE 0865 c488ae82-fd92-4e83-be7b-5c67da052684
READ 0311
READ 0408
WRITE 0861 1abeaaa1-5b2f-468d-ac69-a5a529dca1ea
WRITE 0108 272b6150-a3ca-4065-bc0f-91750637b82d
READ 0865
WRITE 0955 6070ef75-16a4-4d03-ba95-6d18d5e9621e
READ 0108
READ 0955
WRITE 0486 f5ed1607-acca-4ab0-89a4-20250e50c08c
WRITE 0567 6339486b-08db-473e-8f84-e38485ca5544
WRITE 0450 6bd0e7e2-36df-48eb-bbe1-d5b44e086270
READ 0486
WRITE 0053 a3aed836-d7e6-45d1-ad54-c11fe542f966
WRITE 0269 bf609503-05b8-4c40-a1ad-6180c95f034e
WRITE 0985 32b7b7e1-ec43-482c-ac6e-1a85553f4ba9
READ 0269
READ 0904
READ 0053
READ 0194
WRITE 0602 feeda3ca-6592-49ad-9f6e-eebbbbc6c2f8
READ 0602
WRITE 0891 4f358a0b-9532-452d-852f-1e236e226234
READ 0430
WRITE 0654 9368f1a5-4bfc-4fd4-836f-81b9dec92c92
READ 0891
WRITE 0087 1a5136f5-a3ad-475a-9aa6-275e7ff2b1b9
WRITE 0501 353f41c7-4b6b-43dd-bcd8-ed5290314a77
WRITE 0095 4396f52f-e3bd-4e70-8b8d-f6afdcda25d5
WRITE 0935 6cb02bdd-b89d-48ea-9aff-af7a26b6e59b
WRITE 0360 f9a60b0e-9eac-4f02-a4fb-bd344dd5ec25
READ 0087
READ 0501
WRITE 0649 b24e4534-a20a-4eec-abd5-695f48e9d53f
READ 0095
WRITE 0089 bb9bc8a3-c603-4630-9484-27e7618c712b
READ 0907
WRITE 0459 4c6d8b0b-d09e-46d5-85a0-b56279295183
WRITE 0405 4c16b0a4-9e0c-4e50-9e0b-f853c47410ac
READ 0649
READ 0630
WRITE 0602 409e5861-d50a-47a8-a158-a97a1068ef7f
READ 0405
WRITE 0111 afa70bb7-f612-43d3-acb9-4f79d29d645e
WRITE 0607 20b47457-58ba-43f4-acc1-94916528267f
READ 0111
READ 0898
READ 0602
WRITE 0796 cea7fbeb-5276-4a49-af7e-e197de0daf60
WRITE 0358 620d678c-b722-4aa2-9bb2-c0cf6a2cf7a6
WRITE 0430 432bd33b-1a48-4e8c-9c23-f0de4edf330e
WRITE 0561 c27c4a00-ca30-40a7-8512-afc3cbe56fe1
WRITE 0900 07335247-d050-40ff-a573-81150b7f23fc
WRITE 0175 eec6a7fe-5f38-4c39-8e48-2bdf344f00bd
READ 0358
READ 0175
WRITE 0102 b3404ab9-3ed4-4c44-bb04-ef3d698422de
READ 0900
READ 0292
READ 0367
READ 0087
READ 0070
READ 0765
READ 0422
WRITE 0826 22687151-6165-49f2-8315-0d31f476e3f8
READ 0790
WRITE 0782 04fe9597-8ab2-44e3-8788-83677e45d61d
WRITE 0662 54c5c121-25a8-4b74-a546-6c16459a422d
READ 0344
WRITE 0547 5a2e93aa-3d21-4c11-87f2-718084cbc1c4
READ 0826
READ 0619
READ 0662
READ 0587
WRITE 0429 463db584-4baa-41c4-8373-97015189110b
READ 0429
READ 0372
WRITE 0688 9a3ffc4b-597c-4440-bac0-83b25f04475d
READ 0318
READ 0000
WRITE 0774 e6178c0f-83ae-4016-a89a-f9292f80fb97
WRITE 0102 56def600-a567-4706-803e-d3bd2d3277f2
WRITE 0385 67418c5d-da7f-4321-b4ef-994f6f730ba8
WRITE 0389 2181f135-916b-48ff-9e98-6f0dad41a25d
READ 0870
READ 0102
WRITE 0884 1f8cabee-ecbe-4692-8471-ebbc4607b4ce
READ 0529
WRITE 0728 8a6fc18e-e9b8-4fe9-ad4e-5f1030134b83
READ 0685
READ 0884
WRITE 0315 9b64f3c5-0fc5-4cbf-82b6-94359be5349d
WRITE 0743 5e1a1541-2627-4a57-a6dc-b638ce394005
WRITE 0815 dbb50ad6-80b4-4104-912b-50d3f787f42d
READ 0315
READ 0815
WRITE 0296 75c43716-2368-41a4-af9b-ba81a6eff266
READ 0743
WRITE 0226 9ec0dda3-26c5-4f11-bb13-3f89ebf4cab2
WRITE 0303 4ff2a64f-1e41-459e-b07d-5f67934ec1dc
READ 0296
READ 0303
WRITE 0352 814e8b35-b71a-47ea-86c6-5ed545f31d67
WRITE 0053 bfdc052c-5051-4def-a72a-c0079c215f17
WRITE 0779 1cc2b3a9-cb3a-494d-af07-d77d4e37858e
READ 0352
WRITE 0823 f36b34cc-9b61-472b-a45d-2275e373914b
READ 0053
READ 0962
WRITE 0209 b35b6fe5-652a-47b6-92fe-572bbeb0b468
WRITE 0362 6ba3625e-efd2-4c43-af6e-b4dafcf17efc
READ 0194
WRITE 0642 e7e4a45c-b330-463b-a698-3d98fcc72174
WRITE 0367 33986738-31b6-40fd-a0a8-6a40638af744
WRITE 0317 0351c275-fbc6-4cac-980c-342bfc135161
WRITE 0220 dfbb8f56-425c-447c-b80a-e1d07d2544cc
READ 0367
READ 0220
WRITE 0075 3f0dedd0-e8b5-408c-9ec4-b282bdb7a163
READ 0317
READ 0331
WRITE 0615 442cc3b0-37ba-4fee-ad3b-619b8ac4d66c
WRITE 0368 a1867750-b299-4e40-99c9-b2cb70fc3b89
READ 0075
WRITE 0156 28bdc792-d993-4b8e-ae3a-03bf9bcc21a3
READ 0156
WRITE 0570 11f6e65e-4a6b-4e53-bcc1-a1f8577e7bb9
WRITE 0002 f2f08484-4cce-4c0b-a234-29ed7a25bafb
WRITE 0185 e77b8544-feb2-427f-8d57-53e62ff8ad37
READ 0010
READ 0509
READ 0574
READ 0185
READ 0102
READ 0871
WRITE 0375 c68a71d6-a67f-460f-bdb4-9a2e8fa76f2b
READ 0024
READ 0276
READ 0375
WRITE 0147 bb83637c-94b1-4809-910d-8f3722a94110
WRITE 0040 a1df8039-086d-49ec-a913-a51b9558d90c
READ 0213
WRITE 0587 b5fda3e0-fa1b-44f4-bbe0-75cdf4daa4e5
WRITE 0623 8165b9a3-50d8-4c9c-9c2d-203205e84fe8
READ 0587
READ 0147
WRITE 0768 c04b6352-0490-4fed-aba5-bccfd0367737
WRITE 0064 1598065e-f180-45e1-8ca8-f2ea27b9f60a
READ 0787
READ 0623
WRITE 0970 2782a8bc-cc2c-458d-8b05-21347d44047f
READ 0008
READ 0792
READ 0140
READ 0970
READ 0481
WRITE 0863 78736e6a-cf92-4749-bbdd-e2bc4a720d26
READ 0551
WRITE 0512 0895db6c-69a9-4c25-9866-487eafbb190c
READ 0325
READ 0138
WRITE 0495 2fb7618f-39ba-4619-afaa-ce4eeb86304e
READ 0555
READ 0899
READ 0635
WRITE 0349 4261e11d-ab13-43ce-8557-b90715dcf91b
READ 0495
WRITE 0450 c9d31c0a-5a0f-4a46-b860-aacb99061375
READ 0385
WRITE 0019 ef9110b1-c27f-4aeb-ba93-7015d8d6dcba
READ 0678
WRITE 0814 267e229d-2fa4-4a3d-8f86-927dc53294fb
WRITE 0019 ce530df7-f674-4ae1-9c46-280c903940da
READ 0450
WRITE 0030 117a131c-3f50-44b3-b857-bb966b7ef85b
READ 0814
READ 0947
READ 0030
WRITE 0939 f32dd45f-b2a7-49db-83d8-b4e2536a5f57
READ 0418
WRITE 0145 966056a6-38d5-4252-876b-9f8db68a2da3
WRITE 0554 df28b493-8d57-4153-8472-065e9b8a33eb
WRITE 0430 40076644-4492-4be1-b7af-b26b310e39e4
READ 0939
READ 0554
WRITE 0759 45b5fd25-ec14-4266-939e-9c134974091a
READ 0145
WRITE 0834 4433b4d6-93ee-4c68-9248-ef2de7a365bd
WRITE 0567 e600dd7e-2158-4db2-a138-406d1ca89521
READ 0864
WRITE 0531 d1382e6a-4093-45ee-a804-77e228505c3a
READ 0639
READ 0834
WRITE 0344 2fa5cb71-1bb5-4c54-bca1-8d0126d4457d
READ 0531
WRITE 0856 e5059677-635d-479c-a95a-99bcc6fb8821
READ 0679
READ 0771
WRITE 0149 9dedcace-d9c7-4d69-863e-010a87e0566c
READ 0149
WRITE 0575 cfbb7e6b-c476-4cad-aff7-e6d27a9a56e9
WRITE 0767 c1743274-f35d-4add-88b3-67f90fef6f62
WRITE 0254 7515c50c-067c-4a70-a62c-d5eb90ee32e2
READ 0130
WRITE 0978 021d2a17-6c4f-46c4-abe6-78e47e097f00
WRITE 0636 7331acc2-9706-48cb-9b02-67587feed03f
WRITE 0189 96e202de-6767-47cd-8c7e-5eea50e5f87c
READ 0882
WRITE 0555 1b5d41c1-5723-4158-90a3-b9616a633cfc
READ 0636
WRITE 0519 3f792912-f5a1-4e8b-834b-98cab902e881
WRITE 0203 7bacee68-4d59-4536-b776-a660b5ac08c9
READ 0189
READ 0519
WRITE 0683 501fb505-331c-48da-a276-e6285ac625c0
READ 0203
READ 0743
READ 0034
READ 0396
READ 0194
WRITE 0382 6c4634f3-6ba1-4da0-868e-d965c794f524
WRITE 0587 e912ae0b-ad74-42ca-b48e-7c040b12332b
READ 0587
READ 0894
READ 0304
READ 0618
WRITE 0551 ae496e53-e871-4cc8-aa5c-5c5f9796cf60
WRITE 0476 196e26d6-efd5-43a1-bad3-3360dd6ab08e
READ 0851
READ 0113
READ 0830
READ 0551
WRITE 0695 3f33696e-acae-4126-ab98-5be53bdac62b
READ 0728
READ 0695
WRITE 0782 e524c385-8586-4de5-ae90-37afd2a6bc3a
WRITE 0742 55b2434b-e0af-47c1-b9af-88000ee608ce
WRITE 0373 a97a2b48-71b6-4ae9-a5d8-4110bb29a7eb
WRITE 0181 bd12ad55-6c14-42a5-9ff6-7e4978020222
READ 0181
READ 0742
READ 0318
WRITE 0905 9768ef65-b7f1-491a-8e50-9e9b15055ffc
READ 0373
READ 0464
READ 0385
READ 0905
WRITE 0747 cee30cae-52ad-43cc-ba56-ecfcdc20b6c6
WRITE 0754 07278530-708c-4dad-a0eb-4897b95320e6
READ 0671
WRITE 0129 36721a66-3e53-448f-95cb-d17b71dc9684
WRITE 0515 55925553-8800-4cbb-8124-03059685d7ee
READ 0129
READ 0747
WRITE 0927 f752e832-24b2-4eaa-817c-558e9c4f376b
WRITE 0517 91ce78f3-e772-4918-8c6e-22d1f9a9dc9d
READ 0844
WRITE 0274 b6381f89-0036-4c5e-b910-8b8595aef826
READ 0274
READ 0927
WRITE 0639 d3852ce5-bedc-4e8b-9492-91f4ad127ca8
WRITE 0277 23364671-5cb7-4d7e-bf62-5f8ce2c4c414
WRITE 0471 d7cfe75c-90ec-4519-b2ef-a1204ab18081
READ 0684
READ 0639
WRITE 0541 581ae019-432a-4c6f-bb28-396f1c4c1fac
READ 0139
READ 0720
READ 0541
WRITE 0516 44fe88b6-cede-4b51-b8be-0eadfb649b51
WRITE 0261 4c9d2cb6-b23f-43fb-917b-2cf20efcd611
READ 0383
WRITE 0777 8aa96767-2df5-4423-beb2-e15db5f8cc08
WRITE 0366 2335a412-82aa-4d7a-bedb-60b242988ba5
READ 0261
WRITE 0106 ac39b236-31b7-491c-9abc-f9207f968fca
WRITE 0219 74cd908b-efc7-4753-8cb3-06810453ab8d
READ 0777
READ 0219
WRITE 0562 7a256ad0-49a6-494b-94dc-310a505449d5
READ 0106
WRITE 0799 6326b30c-a74d-4d69-90ec-701de52d5fcd
WRITE 0717 20ade1bc-61ca-4c0f-8752-704e34297db6
WRITE 0458 809e320c-4881-4514-97ae-ba4c78ca8a6d
WRITE 0926 4a29115d-e359-410b-a492-2ed12cee4916
WRITE 0322 7ef24736-d2e3-4996-aa8e-2ca2341c1417
READ 0926
WRITE 0366 23785846-e8d0-44a0-b2b3-7f361b6e5aef
WRITE 0249 a5e45bb0-2e87-4cb1-b54b-96cf8a32125c
READ 0458
READ 0591
WRITE 0839 ddd718f2-c030-4f99-b065-e3b41d58c15f
WRITE 0064 e783b1c8-867e-4ca6-83b3-1e60af3a3e4f
READ 0249
WRITE 0716 0be0814e-28b9-4df7-bfd7-cbacf4c881e4
READ 0064
WRITE 0751 f1a3c9d4-aa92-46a1-a745-44ebcdab427b
WRITE 0974 d392c9a9-bfdb-4c6b-aadf-fbca76e0d63c
WRITE 0942 446d2a2e-ebd1-4488-b83c-ead3db920aab
READ 0760
READ 0942
WRITE 0041 fd81c9bd-f635-4b00-a9e2-09dc5894f014
WRITE 0775 5b3aae11-655d-4df3-88cf-40a4f2371564
READ 0775
WRITE 0791 d134e257-5057-4267-9b5a-9196ea5cc6f0
WRITE 0762 81befc6f-24b6-4675-9f20-d4e9e27b8184
READ 0791
READ 0041
WRITE 0023 64ebaf59-509b-492c-a054-4e5449f347fb
WRITE 0725 d13e0716-d5e6-431f-ac8f-6d82f6f7e806
READ 0762
WRITE 0322 f93b50ef-e352-49f3-961f-06d0adac6bcb
WRITE 0298 d21040cf-64f3-4e48-a590-514adf64648a
READ 0023
READ 0296
WRITE 0345 e05be85f-a266-4775-a0bd-5c1c43beedfc
WRITE 0499 024f636c-7cc9-4e50-8f69-fc2a06a1d9d2
READ 0211
WRITE 0085 7b2a1443-306e-4c71-baf9-8755d7b40dba
READ 0499
READ 0438
READ 0225
WRITE 0422 7eb030ad-bdf9-4b24-a5d6-a235477ecd2b
READ 0085
READ 0854
WRITE 0432 a78be964-03a2-48be-b71b-78560be76486
WRITE 0901 cbe5cde4-778a-45c6-9631-4734f1fd57de
WRITE 0771 86172c2b-8c17-414c-be63-0f66598c15c1
READ 0689
WRITE 0619 02da44c8-f643-4c98-a63e-d31c7b573ae0
READ 0619
READ 0235
READ 0020
WRITE 0141 56898751-bcd7-46a1-bd28-6d0f82924353
READ 0384
READ 0032
WRITE 0296 6b2ea15b-1c9d-4198-9554-53fad385c9d1
WRITE 0297 3845ca23-2a92-46df-99ff-428b442225e6
WRITE 0101 b6240415-676a-4f9c-bf12-ee0840ec9389
READ 0141
WRITE 0334 50e7f052-53f7-4c24-aea3-534c7887f55e
WRITE 0104 8dd581cb-7f96-408b-9608-3fa7599b9320
READ 0101
READ 0751
WRITE 0454 9aacaf16-1140-4135-beb5-fb24508beb13
READ 0143
READ 0104
READ 0650
WRITE 0807 ff46be00-c1e1-4b82-a52e-c0ca1f86a186
WRITE 0457 4c6194be-d0b0-47e0-bd81-8dcd7ff5c1fe
WRITE 0204 7046c748-9993-4ffa-8b9d-7b19ad88fe28
WRITE 0292 b9896c56-8b55-4554-9753-2f45d4bf3f7f
WRITE 0721 10984a12-3605-40ae-a21b-c2c03faa55b1
WRITE 0990 aa0dc715-e128-41e1-be2b-24ab4df5a29d
WRITE 0271 ab68d163-ae91-420d-8b70-8a0c3d50cc10
WRITE 0128 8c339164-e2a8-43aa-b1f0-453779c89894
WRITE 0871 b29a9ea5-2dec-4a6f-9925-be9055343204
WRITE 0493 34781ebb-5b63-4a4f-b25f-85b0a5469bc9
READ 0128
WRITE 0933 f9341a4f-ab72-4164-a46c-e65bcd66fa60
WRITE 0139 ebeae754-cba0-492c-ac06-e662213399fe
WRITE 0618 55f1e57b-13bc-4c7d-9ff9-de64b86fef69
WRITE 0819 96cb8e2e-d7e2-40c1-85fd-e50de1c38be8
READ 0139
WRITE 0943 1eec8c2e-202a-49a7-8b81-c3bb9e4b95da
READ 0618
READ 0844
READ 0943
WRITE 0371 080a4775-dda8-4ad2-bfe1-1f2b306d4f20
READ 0578
READ 0371
READ 0588
WRITE 0481 02f9ce90-33cc-41f9-9415-c482b17cd688
READ 0465
WRITE 0480 c2485f23-42d5-42ce-90ae-ea0bc4d5cf36
WRITE 0914 1f871096-3652-4a63-b762-38e700381556
WRITE 0252 2be00e22-49c0-41ae-950e-c7ce0f460f5f
WRITE 0941 768d4a86-b7f0-497e-ac82-a5e73e6f7596
READ 0914
READ 0480
WRITE 0254 6c7f7b34-4785-4e80-b07c-59df59cf10e6
READ 0252
READ 0254
WRITE 0186 3bc84887-f26f-4dbf-9286-d095122a00a5
READ 0813
READ 0186
WRITE 0407 5f0777fd-251d-4a5d-bf98-1fdbd0017e47
READ 0407
WRITE 0658 1dcbab20-1b65-409a-8623-b504fff5753a
WRITE 0474 f7f6798e-d744-4b96-a9d9-b466df2149d5
WRITE 0139 ef617197-3cb1-4be2-aa9a-0dafb7da0056
