WRITE 893 ab64ebd4-b0ca-4a34-aef4-27dccf222ff6
WRITE 949 6eda578c-4d6d-40ae-aa04-a0690a4e963d
WRITE 963 60bc6604-b410-4af0-bca8-b79439659d9a
WRITE 716 6f3504cf-7e35-4e55-a3cc-7b82895068ad
WRITE 832 221fefcf-f4b4-4c4d-82ef-547cd99db5f4
READ 716
WRITE 818 957bd23d-efd8-4b54-bce6-ef3ad9e14f0a
READ 963
WRITE 481 fc9e025f-9310-443f-968e-c56343a22700
READ 818
WRITE 932 ac73ae2b-5123-42f7-a0cf-bbd2f6152efa
WRITE 602 1ffc63c4-b8e6-477b-bb05-1ed21e1cad5a
WRITE 272 01e1fbf6-9154-4b24-bf05-07b1b12bf9c0
WRITE 564 e1c6b684-a4ce-467f-a7de-09f453001201
WRITE 767 42d5554c-adcd-4044-a502-5b5005785933
READ 280
WRITE 129 f3cf9c72-fa29-4563-8ed7-9670c2dc8ad2
READ 272
READ 564
READ 326
WRITE 825 19648b2f-491a-4a30-b519-ca8bec5ef8c9
WRITE 864 2945aa0b-f91a-4f49-9174-b5902b94751d
WRITE 102 1a476d7b-3d35-4a40-9daa-b4e20fe11b04
WRITE 41 5f472708-dc16-4e2f-b89c-034454507176
READ 825
READ 41
WRITE 151 e8f9f1e7-a9c4-45ef-affc-a833b16eea7a
READ 151
WRITE 374 9e0d84b7-b136-4a26-bfcb-4ec5d36a2297
READ 374
READ 323
READ 840
WRITE 783 a666372f-88dd-401c-9fe8-e3999c26be17
WRITE 130 a2eede01-00b7-44ce-8a2c-1db316519850
READ 305
READ 783
WRITE 485 c019cb39-9ce3-4b45-aab7-c6635270edb8
READ 130
WRITE 328 d77dbecb-4e90-49e0-8845-13c58d3ad6dd
WRITE 943 57f2b900-0b61-4241-9db5-cf18912d67d3
WRITE 371 8cd0cb9a-c6cb-4730-aebd-46bc854a3109
READ 485
WRITE 995 8a737ec5-2c22-4016-8cd4-f9f705a5d86d
READ 943
READ 439
READ 802
READ 371
WRITE 33 1ca43a6c-e1f8-4bec-a06b-b0e0da476aee
WRITE 242 2167a5fa-3b0f-4755-bce3-c15268c7e8e8
WRITE 374 f8c72807-59dd-4a9d-bb70-d2ea4f0abcf9
WRITE 827 558e5181-dc97-4865-bc95-a446abdf0f7d
READ 374
READ 827
WRITE 573 60afc56f-c81b-4b00-9b75-e2ff531c59ef
WRITE 96 4c4181c1-9ab7-4f19-a723-f238bcfb7733
WRITE 512 d59a6833-c678-42b3-821e-0913ee2480c4
READ 573
WRITE 358 0156646f-5e62-4ec7-bb58-70d9dffdeaee
WRITE 86 f3f9b52a-bbca-4c92-a57d-e5ca331477e3
WRITE 371 a20019f0-9734-43ac-b8f4-29c296fcc833
WRITE 889 3021ecf4-257c-4f32-99b1-4959975ebc2f
WRITE 132 38abae5e-993a-48e8-bbf4-d54d3ac84164
READ 371
WRITE 38 3c60d393-9222-4ff9-b9b5-9b14130903ff
READ 38
WRITE 748 a55c1a1e-a6c5-44f0-aa3e-74d654303361
WRITE 367 5430c77e-75b0-4a96-a959-cf3017f9acdc
WRITE 655 eed8a1cd-f434-4c27-bcdb-36a874aa6a85
READ 655
READ 367
READ 502
WRITE 787 2b8b3173-516c-46a8-a405-af81fa5217d1
WRITE 569 d7fbc753-cef4-49f3-bda0-afdbefad379a
WRITE 836 ef69eba8-c1e1-44b7-8b8d-87987f88e73b
WRITE 429 a5e64fc0-6be2-4f4c-9eef-6ec80acd5e79
READ 836
READ 569
READ 787
WRITE 581 95c3d83d-c56e-4eb7-a025-088fba34119d
READ 57
READ 313
WRITE 308 122d09e2-b416-431d-a008-e9ab0cebb6e8
WRITE 137 b44a6b4e-e96b-40bd-9bb3-9735113513ae
WRITE 535 d689ec05-4f71-4fc0-a398-e740f3deda79
READ 180
READ 924
WRITE 928 0b2748fd-f115-4403-a04e-7938ca4ff3b1
READ 137
READ 535
READ 928
READ 342
READ 917
WRITE 486 4a700807-07a6-406b-b21d-e192b0627789
READ 944
READ 486
WRITE 69 516be864-b254-41ff-a340-f9dc90d8ccb4
WRITE 861 b21f226b-d574-4a4b-8f3f-d84cf978019b
READ 337
READ 861
READ 69
WRITE 988 604c3857-2872-4257-ab91-01fdbe35b330
WRITE 709 c5bccec7-e28a-44b8-b4f1-95fb0a09af57
READ 734
WRITE 478 94bbaad3-4776-4646-b84f-6da78bb9f997
WRITE 70 257aac6a-c571-402a-b2fe-9342bbd5dc19
READ 478
WRITE 297 a8dd3843-daf5-4941-b96c-baafa9bd897f
READ 709
WRITE 464 7f52b1d0-1cdd-4fc2-8afb-d9cac8a80a9e
READ 702
WRITE 768 477da558-865e-49d2-aeb4-0da101d4a810
READ 859
READ 297
READ 695
WRITE 657 550710f4-447f-49c1-97d7-fa3f23b74e18
WRITE 302 69581e97-7e03-4fa4-a8da-eabe4933f050
READ 680
WRITE 405 c9985cef-4583-439c-96a6-6b4004972773
WRITE 583 ad2286da-8bc1-4a8b-aeca-8edd781c87b9
READ 862
READ 93
READ 393
READ 405
READ 893
READ 966
READ 335
READ 978
READ 357
WRITE 843 19a57afe-f3f9-4cb6-9153-02bed9e801a3
WRITE 854 52b032a7-58fb-4c49-8095-2843705cbf0b
READ 658
WRITE 840 c72ed6a0-386d-4bec-8c64-e226e32450b4
WRITE 9 70fef3f8-5131-4a87-b7f8-07ee012ebe34
WRITE 452 b53d7270-d1bb-4acd-a359-7336670b93fe
WRITE 977 f9e20635-6f4c-4bc6-9349-f249eb6634b9
READ 409
READ 452
WRITE 569 4ad68bf5-f04d-4600-89a7-5107defb6c5b
WRITE 376 743a9741-df8e-4d57-8f99-f78ce948f360
WRITE 316 6f87c5d8-d64e-444f-8236-6700d49225cf
WRITE 839 bcd842eb-b7ca-49f6-8847-2c31eab95d76
WRITE 247 19df4aa0-6f37-477b-9f5f-59e17d37d897
WRITE 310 e265f99e-4bfa-4bc2-b928-f22868c0f538
WRITE 148 53fbc77c-e11a-4c88-850c-1c166a357b71
WRITE 209 078610f6-7e85-4c2c-beec-d48ee03a5015
WRITE 593 c63d6917-8a93-4e7f-a316-7250dc2e1355
READ 839
READ 148
READ 310
WRITE 679 cf7ba957-082e-4264-979e-0d91cb92d9ac
READ 593
WRITE 224 a7dca4bf-db1a-4b8c-9aa5-e1be864e6a7b
READ 679
WRITE 695 1ffdafd1-2e33-4800-9bdb-162416e6bdfc
WRITE 55 dde4176b-2598-41a8-9d80-193ea57097d2
WRITE 663 b4c4dce8-6699-4994-99c8-7c4e566f59e0
READ 224
WRITE 531 d28279ba-1af1-4bbb-835b-351f6daef54a
WRITE 409 d44f76a4-3bc5-4ea7-ad4a-3899e09045aa
READ 55
READ 409
READ 663
READ 531
WRITE 762 cb2c29c4-022a-4fe9-9ef0-8b3119df3ab9
READ 762
WRITE 58 4e4b515d-1e35-40c1-8497-f4d8195a5019
WRITE 181 88bee143-c8c3-4782-b672-a11294e40687
READ 977
WRITE 19 cdcef6d4-f366-4d02-9725-2d99972b6b48
WRITE 953 0ce87a22-911a-448d-a931-9aacdc31cccb
WRITE 752 829c0f06-2691-4dd2-8540-683fe33f425c
WRITE 864 8520bc51-3082-48ad-8608-89a147c00a44
READ 429
READ 340
READ 864
READ 355
READ 752
WRITE 577 44685bc5-a840-47ee-8c17-2a06691494dd
READ 333
WRITE 689 3c1ca461-b7bb-452d-9bad-8fb6ab0a3375
READ 704
READ 357
READ 641
READ 343
WRITE 274 ddb5808e-2ae3-4fb5-ab53-20cce48efcaf
WRITE 484 04adca8a-0380-4307-8b85-b81c23197988
WRITE 657 3ccd6de1-10ad-4ce7-ba38-b4e5e75e433d
READ 274
WRITE 387 13a96f20-f290-40c1-a596-a0ca5ca079c7
WRITE 589 ef5c5f5b-c0c3-4508-91ef-7523236b92bf
READ 657
WRITE 412 92331c80-c413-41ee-9f4c-36eef6c9f414
READ 387
WRITE 957 bdeeec4d-f544-42b7-b28f-5a234978376f
READ 726
READ 461
WRITE 995 5c824f00-6162-4d34-9c35-b8046334b73b
READ 957
READ 675
READ 151
READ 454
WRITE 435 e3828e16-bff7-4786-9315-3dd8ef222c10
READ 435
WRITE 523 5ed50440-a498-49ee-a0e5-e55edae56936
WRITE 248 4fa3ecd7-e675-4230-ae64-f9bd7fbd2a2f
READ 781
READ 91
READ 694
READ 289
WRITE 428 5f6e7088-55a2-4799-a740-a9c9d9a92d44
READ 248
WRITE 482 f1a1531d-22e5-4528-8c86-e0b80feeb781
WRITE 789 6b4dd153-c14d-48d5-9797-5d2fe0b12162
READ 280
READ 996
READ 482
READ 789
READ 457
WRITE 717 3d068ba4-8680-4357-95d6-522aa18ee1c9
WRITE 317 00181c12-2c06-4405-bda4-d7fc9afa3ff1
READ 124
READ 255
WRITE 140 df117156-5afb-4728-9876-5d03b75c1630
READ 322
WRITE 368 94209dce-e3b7-40e8-b942-d1a669818cc3
WRITE 687 33b745a4-4f4b-44d0-a7df-c16c84baecd5
WRITE 692 ab2fc8b9-9870-42a7-a06c-052ebc5ae98b
READ 900
READ 564
READ 746
READ 368
WRITE 16 5ec61ef0-8fc7-427a-bf72-ecd9c1b50fe7
READ 16
WRITE 439 f8bc3743-ee95-4a40-9a06-f53a62cd3072
WRITE 594 be50b5b5-99de-499f-8d93-51fa5b07656d
READ 439
WRITE 701 6bb0685e-a9b6-48d5-bd85-029c3686fcb4
READ 701
READ 594
WRITE 349 b7d19e50-8c87-4d0d-b570-dcefbf669aa5
WRITE 327 e324b216-af40-41c1-8d4c-931fff84f5b8
WRITE 886 cd61c567-a680-4a90-a9b7-5321b47bf432
WRITE 845 0270fecd-4542-4901-8069-a7ced531d83a
READ 327
WRITE 243 3af239a8-b63e-44ab-8ae2-ea7cee39aca8
READ 886
WRITE 227 f6c882cf-214e-431e-a855-cd2db925a168
READ 845
READ 243
READ 528
READ 227
WRITE 877 a86ed89c-dfbf-4b7e-b7b5-e2ef169574b3
WRITE 320 22c503bf-51b2-4ac6-a3b3-fb941fb3dafb
READ 320
WRITE 230 f179996c-992f-45c7-8f04-050ea005a35e
READ 898
READ 258
READ 858
WRITE 452 168feaa0-73fc-40a2-a575-61d6f90e3323
READ 644
WRITE 196 9fd72e0b-ad7b-461e-b594-3d318986ca54
WRITE 211 d8f15b4a-7ad4-4498-be35-04ced831d60a
WRITE 250 ee79ce01-a256-40a1-95bd-596b78e07e03
WRITE 405 cbb1bab8-6bc4-429a-a423-618596bf82c7
READ 452
READ 250
WRITE 184 c6a9ab69-94a0-4cfb-8ba6-475d7f7d9b03
READ 211
READ 184
WRITE 129 c557483c-9596-4788-a0f4-9cd39a20d653
WRITE 64 5de72513-476c-4781-a156-e3ec8699e002
READ 129
READ 250
READ 272
WRITE 584 7730db2c-8e5c-40a5-9b8c-d88b561ee165
READ 882
WRITE 594 64f0cfb0-2896-44f2-92ed-a3a8444c5f05
WRITE 417 3ac9362f-4fa7-4d48-b01a-9b9350690d9a
WRITE 213 77b4ed97-cf26-4d35-96d7-0decf99233ef
WRITE 395 a064fa71-4ba1-400f-8662-10b13e5d73ff
READ 594
WRITE 671 496f81ce-95a4-494a-b184-78cd3fec8619
READ 623
READ 417
READ 118
READ 442
WRITE 586 86146ad4-21d7-45f4-8ae1-b854d82ae9e1
READ 671
READ 280
WRITE 77 1af62370-f69d-47d3-a953-2f29fc79dea6
WRITE 122 6fb13d6b-4a55-4a3b-b009-75dcb78013bc
READ 77
WRITE 242 c69a3e11-bfec-4637-8ac9-1ff6c9ace92d
WRITE 839 dae1dbe2-2b8d-4c48-8d04-d5aa1335bd60
READ 223
READ 932
READ 839
READ 455
WRITE 91 ff2acb13-c1ae-475c-8a63-867b131f45a8
READ 455
WRITE 98 a7fd388b-7e53-4949-ba32-fa4930f4732d
WRITE 922 ce28b17d-9cc5-4bed-a66e-e30ca5fbc00f
WRITE 357 43996d8c-e5f2-4db7-9cab-2264bc829403
READ 486
WRITE 162 ee9bde7a-7556-432e-b213-087e9b0842d3
READ 98
READ 958
READ 162
WRITE 87 b751a6a1-ef50-457b-a535-c507feb15d4a
WRITE 194 c1d42970-6b7a-4e6e-9f7a-19135f01c0c3
WRITE 154 5d43ddc7-a23e-4b23-a4eb-dea8a8e3c661
READ 87
WRITE 922 0898f45d-ed38-4c0c-aba0-7e70fcab8c3f
WRITE 889 356292ad-ee90-4d7b-af41-933192cb5b3f
WRITE 413 5f8e989e-32e9-426e-8698-a7179946ec7b
WRITE 215 22d3d95d-1ea9-45c2-b264-bf8e15c73a9d
WRITE 172 dbf6ca23-ed4d-46ea-9f27-d3f0698e1088
WRITE 233 62af6b69-6b07-4357-98fa-b4b7b33fe6b8
READ 922
READ 889
READ 413
WRITE 215 b7025f9d-02f6-4b26-8f26-5498ed943d8e
READ 233
READ 101
READ 215
READ 553
WRITE 429 759bc17a-72c0-4c35-b387-5dccd96f65c8
WRITE 525 e1a99724-e05d-4ae5-856d-3dedc9e21341
WRITE 236 13df40fe-1d45-45b2-91fe-ddbff91e616a
WRITE 133 3a515a11-6745-4e97-ba2e-d7eb39bc1e4b
READ 133
WRITE 445 6f188caa-ea4c-4054-8d0e-005b41dfbd24
WRITE 677 055cb50b-d30f-46b0-b0f7-21f68eef47f0
WRITE 527 3dcafe37-ae2e-4b92-b42d-ed91ba9863c2
WRITE 609 ac51ccb5-c8c6-43e0-ae7b-ff36765c6b35
WRITE 342 e0f8cd02-b2dc-44c6-8731-136645d291c4
READ 609
READ 677
WRITE 846 276c447f-22fa-4459-86fd-570b5c2f187e
READ 825
READ 682
READ 698
WRITE 935 38e7b198-652e-4717-b7bd-45cd9acf3a18
WRITE 10 8e929274-500d-4e3e-9427-0bcf23d67509
WRITE 54 8a92c25e-a7f0-4e23-9b39-3ad9c6a5cce6
WRITE 81 ebfcce10-0bb4-4ce3-bb5b-119feaeb83eb
WRITE 102 b6c30c65-b7c1-4574-ba3f-379ed1e6a99c
READ 935
WRITE 432 5250d83e-029b-472c-b5a8-98858010f6c3
WRITE 237 a463517c-3e15-4335-baa3-8c5fc02a561a
READ 237
WRITE 561 e7ce3185-a5e6-48cb-8045-cbd4ae65c994
READ 432
WRITE 499 e4c21ca3-dd25-42a0-9065-19a7b086b6ed
WRITE 979 feca83df-d86d-42c0-86b4-1a11c3d9f964
READ 561
WRITE 658 83a3731a-666f-4fa6-94cf-adee97915a1d
READ 900
WRITE 118 5f08c241-2f74-4063-b0fb-230ada97e2a8
READ 499
READ 979
WRITE 674 8d096312-1062-4e20-a9b7-66441a4279e2
READ 794
READ 404
WRITE 13 e829d67e-891b-4509-b114-de96f8f04000
READ 13
READ 120
WRITE 91 f7c0ab5c-4cba-47ab-9254-8c7fd0a5d5df
READ 91
READ 685
READ 578
READ 600
READ 724
READ 23
READ 617
READ 64
WRITE 220 d77e9622-a084-4d31-8119-023a9698f211
WRITE 8 e560158e-a32e-4473-a563-a88e4b607a0c
READ 114
WRITE 6 1bcb389e-5adf-4a17-b858-d48132b24540
READ 311
WRITE 995 22961ad4-b863-4434-b4e8-61006b0c50f3
READ 794
WRITE 874 25bb9da1-f869-41fd-8059-d3cdcb46c5a0
WRITE 89 96220724-3d5c-4432-9861-50c4ae5f6118
READ 995
READ 89
WRITE 434 7712b47b-0005-42ca-8951-5f462712f937
WRITE 948 232b421a-4ea9-4b9f-a4ef-a18232536e9b
WRITE 352 3badd07a-e03f-4d28-ac2b-7cbf0ff5ad5c
WRITE 341 cd624f0d-0702-41ae-a8d6-732fd2d1861d
READ 317
READ 428
WRITE 163 417c3e81-6708-47e4-8b17-91d328bb2945
READ 948
READ 86
READ 244
WRITE 782 5edd3461-8ba3-4922-bb6f-794add9a1d0b
READ 182
READ 16
READ 223
READ 105
READ 116
READ 545
READ 274
READ 516
READ 206
READ 713
WRITE 752 40ea5465-eae1-4d4c-a61f-81ae56119d8d
WRITE 901 84b7f69e-d17d-4e7d-8f1c-07543f01b375
READ 752
READ 793
READ 700
READ 978
WRITE 903 d673ed4a-ff4d-4fd4-8696-7694f795d904
READ 758
WRITE 311 9d8847d6-37c4-41bf-8927-e3f80054988e
READ 529
WRITE 907 66410999-2172-4183-b601-24dd1d192bc7
READ 907
READ 311
WRITE 976 78f89ff2-5c99-42e9-9138-37051ff105bf
READ 976
WRITE 283 d32fbc2c-0652-43b8-9c87-393dea5d38fa
WRITE 89 b7665337-6903-425c-ba53-326a95a215b9
WRITE 72 99556657-de61-4b40-a171-380406e23567
WRITE 43 b3780d07-f4be-427e-84ae-345cba20a135
READ 283
READ 89
WRITE 124 3f44856b-cdc6-419d-8591-447e07645cbf
READ 43
WRITE 958 c27fee01-eedf-46d9-854d-694bf54cf243
READ 124
WRITE 290 9506e94e-9810-4eef-a751-ba7b945b0904
WRITE 801 14eb6d1f-e440-43e6-9190-40a099ca5934
READ 577
WRITE 323 3b0a8d46-9b7f-4f64-96f3-29404a9b6d03
READ 801
WRITE 12 fb2fdf8a-a196-479f-aa3b-fb4a2612f74e
WRITE 368 746fcf08-3a63-473a-89ae-04640552e3cd
WRITE 289 55bb6731-cc3f-478f-9924-768b8e219f38
WRITE 581 e9154a05-feb9-4706-9b3e-215949bcfeca
READ 581
READ 516
READ 233
READ 530
WRITE 45 695e4688-f154-4811-925b-4fe1ac7851de
READ 43
WRITE 726 b0e46227-e468-4712-b743-090806b37fa4
WRITE 598 386a66e8-26a9-40d8-867a-e96c02e27554
READ 598
READ 45
WRITE 60 8b40d596-4908-40f5-8547-e013499277c9
WRITE 614 98211d5a-7ef0-4add-be00-8eac0b1ca546
READ 614
WRITE 557 7c1ed289-afce-4f61-9732-5356166da33b
WRITE 909 d577861a-6a65-4430-af99-2e820d7627d3
WRITE 995 2b033f99-73fb-467e-880c-6dfabaa8834b
WRITE 924 f7d3e4b7-9a8c-4656-a300-0b6ea2939d67
READ 924
READ 909
WRITE 347 923e1b00-447c-4a9b-b7bf-5cee1dc87f8a
WRITE 190 7127d3cf-b8fa-4b93-ac8f-a48c62f040ee
WRITE 804 56d9c7fc-1d6b-4904-80a4-ed4de06ee95a
READ 347
READ 804
WRITE 335 6b1b15bf-d6b6-4ede-a580-75a563fa1ea3
WRITE 466 76c158ce-617a-4ba2-a094-7cfc8cc2cd88
READ 190
READ 466
WRITE 596 46278864-06ce-443a-afb2-8e49aa8b9e08
READ 596
READ 574
WRITE 448 35ededd9-82cf-4a90-9ab1-e77bdbb75141
READ 308
WRITE 645 0ead086c-1612-4296-a754-019d0b553dc4
READ 448
READ 888
READ 951
WRITE 952 faa47dae-1413-46c7-8d86-cf8c3ba8a189
WRITE 941 5eb34108-67e2-4298-a91b-565a23272abd
WRITE 4 1f32f23c-9361-4ab4-b0b7-51e5fcf4af1e
WRITE 284 4f635b28-373d-406d-b49c-ad3babb5733f
READ 952
WRITE 939 6e85d969-143b-42b4-ad7a-4108ebf349e3
WRITE 756 063cd24c-35b9-4e30-8490-58d63ae4f3ca
WRITE 662 42d89c8a-843c-468e-ac4f-f3d3b19e4a2c
WRITE 514 81c4ddd8-1782-4509-a989-9949ea4d70f5
WRITE 691 712673fb-d1d4-45be-ac63-8ceeb8cdbfa9
WRITE 834 87c054fd-6960-4045-8631-cb755009fab6
WRITE 207 3de13589-0f69-44d0-a929-e542d9e651e6
READ 514
WRITE 926 8f7967c5-b60f-4f2e-8a5d-6854b784bc14
WRITE 670 321bafc0-a6ed-4ace-843a-d4fdf5684de0
READ 691
WRITE 906 22861de9-5395-4776-a60e-745e16f7daf1
READ 207
WRITE 981 afcb245f-aeec-4f83-a23e-3d748ba29b4c
READ 906
WRITE 262 050da5f2-d83a-48f5-9e1c-e757b1726a2c
WRITE 98 46c5da85-40c5-4ce0-b136-9debc24d2056
WRITE 223 899336cb-cd2a-41bd-a4c5-ee40fb428951
READ 98
READ 262
READ 107
READ 332
WRITE 698 1fe2f5e4-3c69-4d8f-813c-d177d13f302b
READ 96
READ 364
READ 348
READ 268
WRITE 806 792219fa-3c0a-48c7-8701-84d612c16ac2
READ 698
WRITE 681 cdbf08df-5568-4b78-8ccc-3a9330302a82
READ 299
READ 405
READ 626
READ 668
READ 252
WRITE 20 f287293a-b0df-4996-af41-c19ded2b134b
READ 730
READ 785
READ 537
WRITE 506 754eeacb-5962-4e8a-b297-2e4aa110ace6
WRITE 95 5c41bcbc-c7b2-4b48-86ed-1125249d2b7b
WRITE 319 1a5b6ba3-cc9a-47b7-9ef6-f5a566cbc2cd
READ 518
READ 49
READ 288
WRITE 528 daf3587d-faf4-4924-95cc-1960bcfe78cb
READ 319
READ 241
WRITE 562 70b48a78-ffb4-4c57-8c60-1cde639c4bde
READ 400
READ 528
READ 967
READ 765
READ 90
READ 715
READ 615
WRITE 501 3577082d-021b-42db-9994-98fe68420ee4
WRITE 699 b3c446a4-5c14-4ef2-8ae4-64cce7de9d15
WRITE 366 6ff01fa9-21af-44e5-88d3-7630a7ffc0ed
WRITE 865 2373bd7d-239b-4ea9-ac86-0188ff584251
WRITE 79 dd0f20a8-d934-418d-bac9-b3e011e11d5a
WRITE 330 c83298a5-f752-448d-98f8-d6bc6f71c005
WRITE 198 537821f3-3551-4ff1-891e-abca1fb42ace
WRITE 339 84f4fbc4-c22e-4ebb-9ea0-21a48674ca13
READ 366
WRITE 831 3a626efd-149d-46e7-8315-36ccfba024fe
READ 330
WRITE 431 f05ea1f4-a3db-4b70-9f5a-045c11df7e06
WRITE 22 7672fa0c-45c5-48ba-88a0-ab7dd486097d
WRITE 779 fa897ac0-be75-4d94-a14e-034334fba9b0
WRITE 506 2bc8cdfd-914b-4fb4-b33b-1837b635e448
WRITE 977 47dd66c2-cd8b-4f4d-8eea-55dbfc741f2a
WRITE 666 80c95e8a-4d4d-4e9d-8b8f-d89136f56d64
READ 431
WRITE 692 08b99cd0-1f2a-4d22-a14b-fe0cf96931e2
WRITE 429 b768e781-e695-4188-9df2-ff5e44c2645d
READ 977
READ 608
READ 692
WRITE 554 af83f29f-0eb5-43ac-bb1c-518a292d6321
READ 429
WRITE 49 082ef1a5-37b8-4fe3-8cbb-748bc4095b8d
WRITE 132 67bf6479-3a3e-4317-b9c4-cf7435918db8
WRITE 949 691965f1-4121-4c46-8eee-855633a8c09a
READ 949
WRITE 465 74f1f020-b151-4b29-9fe0-6c6d3723bb82
READ 132
READ 38
WRITE 286 61136db7-c89c-4504-9e6b-024a3f7cad9b
READ 802
READ 286
READ 465
READ 598
WRITE 840 364ca47c-6240-408d-ac12-cdf7d3eb6cb8
WRITE 223 e04f7d92-02d4-492c-809e-2979f6ba5dd5
WRITE 655 cc3c7695-29e4-481c-9a48-52c6468f7f89
WRITE 24 f616df6f-0896-4aa0-8f52-455ccc219848
WRITE 151 a3b05f2d-7a28-499f-930b-e0a02fc55c95
WRITE 928 f5d2ee29-c130-4f85-b596-4556372004e0
READ 840
READ 131
READ 655
READ 24
WRITE 366 e22bf665-99a8-49a4-9ee7-aa5f0af25062
READ 366
READ 936
WRITE 230 68cff97e-e95f-4f7e-a158-a1beccad3ae0
READ 230
WRITE 97 9c6b46ef-b277-4862-8c51-eb129b9ae5dc
READ 129
WRITE 950 f56a48ce-710c-4675-a6a9-ab0461e87954
WRITE 415 00dc9fce-4ec6-428c-bd1b-853845cca976
WRITE 759 9f76b49e-553e-4da1-a468-4fe7f5ec7bde
READ 759
READ 97
WRITE 917 7d431671-e700-476f-976a-4669613a7730
WRITE 814 a94bea2f-a00b-4514-8fbb-60dd0985da25
WRITE 463 d4e8bb1c-802f-4e72-a1bc-118b35806d6e
WRITE 12 9447954c-41b0-4790-a75e-08a46a09caca
WRITE 918 e6fe4a7a-3a63-44fc-9b1e-2d3f6f047c87
READ 917
READ 12
WRITE 687 9919c6d8-1dd1-4796-a9d2-ff94a228ff84
READ 918
WRITE 712 73442702-cebd-4b33-9c7f-32a8ce233dd5
WRITE 129 794d2d27-a30b-430e-98c6-bcae6be5a675
WRITE 140 35789e52-e729-4bfb-9601-6d49c71cae56
WRITE 634 5935e479-53d7-4f05-a905-f77387207784
READ 634
WRITE 806 f4477878-6287-4ba7-b44a-d7fae8094899
READ 140
READ 806
WRITE 526 17c2240f-f02e-4767-b335-6d4a431775ed
WRITE 172 1c441384-fe0d-4922-9a27-34eb510a373d
WRITE 899 ab6be4b6-a64a-4d14-a65d-522f67c90ba0
READ 172
WRITE 422 f931c378-d3e9-40ba-b966-84f1b5f8edd0
WRITE 658 b909bed8-1a28-4066-8510-57e88c323527
WRITE 817 39e22d66-5bcd-4fa5-8e8e-3c0cf3d8262f
WRITE 300 a80716de-0035-4421-aec9-06edaa34016d
READ 658
WRITE 726 a83359a2-0e8a-4085-919a-f969249ea6cb
READ 817
WRITE 710 c491ea7a-8451-48dd-a6b6-fabd58b05a44
READ 726
READ 300
READ 216
READ 594
READ 857
WRITE 553 cc9927ce-5704-4af7-bc5d-8cf751d36c64
READ 553
READ 368
WRITE 29 110dc4ce-fcbf-42ce-ad8b-e2a2f6a9e6f4
WRITE 0 8859dbee-7e2e-4a31-875c-f25d3467413e
WRITE 208 19077bee-559e-4049-bd97-d949773545d9
READ 238
WRITE 279 632dc666-5f45-4aa0-8c1f-948cf41b773f
READ 208
READ 29
WRITE 461 08ebff8f-453a-4b25-95ab-9c41b1a94772
WRITE 396 b72268ae-6147-4193-8d82-53b747fffd2a
WRITE 748 ebfb390a-7d2b-4094-9778-61022ec3327c
READ 461
WRITE 945 bb57601d-b5df-4fec-b723-8ed90acf6c6b
WRITE 318 f589ef66-edb9-42e7-b9da-bd8e3cea8f25
READ 748
WRITE 723 7223b232-13eb-41c9-a5b9-d9e54288349e
WRITE 308 78a89edd-1148-48ab-afcd-3cc5eb659a73
READ 308
WRITE 569 09c0cbe3-cd94-4fd9-8a79-b2f7bb089955
READ 569
READ 511
WRITE 662 6a313d69-25bb-4923-98e7-573d037f19b2
WRITE 656 4ad767d8-fe98-4f3b-a770-eb0143316aec
WRITE 371 a4efbe42-81ea-45b7-beec-1e6e83012355
WRITE 746 45652071-e9e9-4337-bf77-30681be423da
WRITE 667 2af2fd24-084e-490f-94d5-4c3f1ee72b06
WRITE 899 b4d6029f-8fa9-4952-88c4-f6bf043cc9f1
WRITE 61 4c514653-0eb5-43cd-91fb-003d652fc6a0
WRITE 233 1d6bac47-c80a-44ed-8d4e-4488c6216953
WRITE 213 981df674-ff70-4d1d-b4b2-e68f17e66932
WRITE 849 7fb71093-010a-4903-add5-0447160e943d
READ 213
READ 849
READ 233
WRITE 668 77691611-db8a-4903-ad3a-2054c40c762b
WRITE 339 1c19ee88-13c2-4d06-b4d1-4bd8cb6e8aad
WRITE 100 b1579eed-4e4d-42ba-8c0b-373e0eb1b81e
WRITE 879 86a90b2c-4887-4cc8-8b53-23e06872cf6e
READ 947
WRITE 281 09c87ca8-e2ff-4cf7-b7f8-68466317121c
READ 668
READ 100
READ 863
WRITE 874 445c016a-dd19-4d62-ad39-160d8255d28d
READ 35
WRITE 144 49fbfe3d-d069-444f-a50e-0db37a77f733
WRITE 575 6f0340d3-774c-44ee-9ae4-4cdbf8d8ead9
READ 874
READ 659
READ 144
WRITE 985 0d1a9416-6fa9-4d6a-928e-6a584737bab1
WRITE 16 adb03234-46d2-4bd9-a89e-751ccde53c2a
WRITE 608 341f877e-71a2-4801-a3a1-03381e24fe9f
READ 694
WRITE 630 45089557-522a-46b3-9731-4c163d6761e7
READ 608
READ 616
WRITE 345 fd18d5e3-5627-4037-8e70-8c8f769d4e47
READ 33
READ 360
READ 6
READ 139
READ 757
WRITE 536 217a7ff8-ab47-46a8-ab4d-cc6f1c699afa
WRITE 923 9095baff-03ec-4855-a4f0-a0a6f4fe2dd4
READ 535
READ 923
WRITE 423 ab76ed97-6be0-4538-87e4-810cc3954dea
READ 12
WRITE 624 337d87af-b672-4e6c-9feb-3f36f42b2c7d
READ 423
WRITE 338 57992068-cbea-4b52-b9ce-cbfbee0e7fe6
READ 338
READ 624
WRITE 559 4deede93-9bf3-40e1-9b44-228d249f2af6
READ 204
READ 714
READ 920
WRITE 717 b2598267-41a0-4bc1-905b-50f0f133c449
READ 717
WRITE 806 04468890-fa8d-4151-a33a-3439bf8763c9
READ 544
WRITE 711 c5e72b70-ff84-434d-a36d-3b7f2f8f557f
WRITE 735 42829962-e660-42cc-8e78-d95866d7bcc1
READ 2
READ 48
READ 711
READ 674
READ 630
READ 943
WRITE 842 b1940f51-0bc2-49f0-8bba-4030b7e61cc6
WRITE 272 67d5d8e6-80e7-4a41-b9e2-93dcedd9ce79
READ 272
WRITE 450 45d85125-577f-4133-9cd5-1a437eb97411
WRITE 503 1ee75e37-5dc4-4121-b8d1-be0372823b34
READ 39
WRITE 468 550ea734-8115-4020-bf05-2839a649d9ef
READ 193
WRITE 112 1ae2b6cc-da25-4d27-9839-20e6049d8049
READ 503
READ 468
WRITE 665 fc804fdd-2ea2-4cf2-8783-a4976f0e39d3
READ 112
WRITE 894 5df5364c-3f69-4472-bd64-0d60b5f5d36e
WRITE 145 0dae4ebd-0aa4-49ba-8eeb-35e56f1615ca
WRITE 492 238a3056-0ed9-49e9-81e0-f287080e8084
READ 665
READ 145
READ 489
READ 238
WRITE 782 abd1fe3f-ff01-4c08-9641-cbea61490243
WRITE 958 4bc3bcc9-b77e-4798-9ccd-8f1105550fe0
READ 603
WRITE 467 9ec0f21c-e717-45c1-9777-b90750679b06
READ 233
WRITE 649 821f84c8-a773-49fa-a41f-0839c5acff65
WRITE 645 a174b26f-bd3d-4555-9b9b-4e676fbfd0ff
READ 467
READ 303
WRITE 311 be387f93-54c8-42c2-a613-903a34a047a5
READ 380
WRITE 75 78568694-2508-4eed-a7ba-4cc6923efdbb
READ 75
WRITE 380 e7f7842d-fe0c-471f-ac36-40771022dcf6
READ 480
WRITE 836 f4c43150-6656-4dd1-bec5-ac09b5693156
WRITE 135 8b738581-4c6f-4f78-8855-12fdff24b622
WRITE 653 7100e338-79b0-4354-8eac-40eb54c62e6c
WRITE 560 391e73e2-9b16-4860-9245-eb619de8c284
READ 836
READ 560
READ 291
READ 81
READ 815
READ 66
READ 959
READ 344
WRITE 441 f5abca86-3d65-4e0e-a268-5f77f35dc14b
WRITE 615 63f04194-f915-4cd8-b7cb-343a0e4a7ab1
WRITE 411 b93540c5-ce63-462c-a44b-f1d7b2265d51
WRITE 711 5495ac6b-a2b4-4c5c-8beb-90c931915510
WRITE 214 da60afbb-53a5-442a-bed4-d1d5c39a2238
WRITE 685 c9596b2b-b995-4eba-bceb-aee9047fac5c
WRITE 734 9395490f-e346-467c-9e52-2739b0314255
READ 711
READ 685
READ 214
READ 379
READ 324
READ 734
READ 690
READ 938
READ 870
WRITE 593 a014baaf-69da-4d03-b876-f021367ce597
READ 592
WRITE 946 75d8d90d-6d5c-42c3-aae9-43f6065d05c4
READ 591
WRITE 429 fa422fac-1125-4da7-9b27-41c11c3989c8
WRITE 44 5f54e27f-7ffd-4430-99c6-c8db150d1edf
WRITE 634 fb643944-4cb9-4e1d-97cc-0a4ddce844db
WRITE 261 2440f371-fb90-4146-99e7-d54f66973353
READ 44
READ 642
READ 429
WRITE 663 f44e2cc0-ceb1-41fa-b21f-124c5a18534c
WRITE 58 16fa4f6d-2615-4128-8de7-4283ceb9192f
WRITE 365 0b2fa8d2-5eed-416d-8926-aecab6d5be01
READ 76
WRITE 109 18a84fef-591b-4720-8161-afb1d731658a
WRITE 181 523b4cbc-b47f-4cfc-98d5-1854a40e3485
READ 181
READ 58
READ 292
READ 313
READ 109
WRITE 218 957a4c4c-b8be-4564-882c-ea7ebef1b475
READ 604
READ 237
READ 743
WRITE 867 83ebc780-b8ac-4787-a6f4-9a7477142d13
WRITE 669 c9639e58-509d-4d38-9cfb-b03943e2e47e
READ 218
WRITE 718 a162c0e9-ecf4-410a-936c-c6998d163457
WRITE 358 c043fa74-3652-40de-a492-5a5089f1180f
WRITE 820 ef5c137d-ef83-402c-b1ed-321641986e3e
READ 867
WRITE 772 dec127e7-ea8c-4227-9b20-5b589b03a157
READ 154
READ 216
READ 494
WRITE 357 2ce29e55-ca40-4b73-a3f1-40779a7a35e7
WRITE 23 59e296d0-782f-426b-a5a1-4b3cf8ea5ce8
READ 357
WRITE 589 83fa2476-776a-408b-a0b4-a335e2aed02b
WRITE 285 281b01a7-1d53-4cbd-82d8-13064d86ca5f
WRITE 190 8f3f1992-c420-4e73-a4a3-64e23ffb474f
READ 23
READ 285
READ 589
WRITE 234 b6600e8c-509e-4341-b830-071dc56e09ee
WRITE 757 72b0ef78-1032-49eb-9752-397613a4e5f5
WRITE 993 c6ab6c51-f616-4f91-875d-800a35ca6bf3
WRITE 763 77257060-acfa-4281-8d40-f2a725f64832
WRITE 27 98075554-f8c0-403f-8205-b29f9b8d9df2
READ 763
READ 757
READ 993
WRITE 716 27d00dd9-5e59-4d16-b48c-56126b4119e0
WRITE 690 dc6a23b5-4eb7-422e-9d87-9bfa4ac33ce8
WRITE 2 2316dc87-a4ea-46ac-b91a-363ae01328ad
WRITE 743 a88442b3-9c1d-46c2-bafc-c8f832e3641a
WRITE 713 607bbd55-b888-4433-81df-21da4243ddbc
READ 743
READ 716
READ 690
WRITE 955 8764eedc-f8aa-4b8c-91af-cbac2b47ed1f
WRITE 6 ff638b44-bc88-4c9e-88b9-bc73948405b2
READ 955
WRITE 486 b82497ae-217f-40d8-965d-8bd4d1d2fd23
READ 643
WRITE 818 12ade92e-b788-452b-9276-f80e7d45fb89
WRITE 136 86e6fc56-03cd-45bb-93d9-1f1853bfcc5c
READ 818
WRITE 74 ce7f5c2a-6309-4a37-9547-6b41f408d2f9
READ 486
READ 74
WRITE 475 d8870914-b22e-43a6-9f85-d510dcdb2046
READ 198
READ 818
READ 474
READ 276
READ 4
WRITE 898 8f7ab260-2615-41ac-9a01-df0b8df1fbac
READ 301
READ 582
WRITE 799 03393eeb-03c0-4499-b7e3-977b73058c96
READ 250
WRITE 568 208de2a0-e630-4dd6-aaff-b415d5354c5d
READ 39
WRITE 140 47415eed-4f88-48ee-9f0c-b698c856e73c
READ 163
READ 187
WRITE 22 30056592-8ee9-4f5b-8458-d6440d115dfd
READ 20
WRITE 413 5dd39f29-1ea8-4473-be24-e5eeb6078ed1
READ 105
WRITE 938 739b60de-ae70-4cff-95ae-0062faa8e680
READ 163
READ 416
WRITE 592 458c193b-3dd2-42b3-9400-d749acf45e5b
WRITE 935 30df35bd-2c03-42b7-bbf8-17303d6b3ac7
WRITE 945 c64ac351-0323-42e3-8a46-4db694572735
WRITE 44 8a09f720-e690-4255-b7a0-0b2475f26aff
READ 592
READ 395
READ 281
WRITE 330 103f5449-04e5-49ac-b5ba-29297263f177
WRITE 634 7ffbe044-b07a-41af-ae1c-228a16d6c171
WRITE 362 744dd615-7b56-421b-a3b8-d12897b04a50
READ 906
WRITE 288 a7cc8e4f-5302-43bc-9eba-71f26203d655
WRITE 188 496eadcc-f598-47ae-9d16-0274df7d5962
READ 330
READ 634
WRITE 687 9cf44569-bea6-48f8-bec0-01e0c9666dd6
READ 188
WRITE 668 3c81628c-147d-4988-82b7-beae7a9d305b
READ 687
WRITE 173 ed1c221a-9482-44a6-9ad2-acb469c1be5e
WRITE 863 2dda66b9-c001-4424-a1e8-294151b061f7
READ 668
WRITE 272 9a5b7c5a-41f3-459f-9815-07dcee24ab20
WRITE 942 1298411f-f949-42f6-807a-bcbd24477daa
WRITE 879 07d65d5c-4033-4f54-8c01-f4d92941cce3
WRITE 479 f135d095-069e-4779-896a-a2838fc4d226
WRITE 655 e7401c2d-228c-4886-af48-873561a0304c
WRITE 339 46d71b72-e79b-4d55-9947-5b764054914e
WRITE 879 7c57420e-1442-4af8-9ea2-b532d1b31cc1
READ 655
READ 879
WRITE 355 8ac0ba81-d03a-4e38-be8d-8df9bdbe90e9
READ 339
WRITE 889 797fdd5f-947e-4f62-a77c-1d2053beea1d
WRITE 141 7d48c8f3-aa1e-47ce-9b9b-318e3f12813a
READ 141
READ 355
WRITE 336 35ca4ae8-222b-4771-b60b-475e4267bb85
READ 297
WRITE 602 91c052e7-fa4d-4c96-a707-da936dd3ce2d
READ 336
READ 353
WRITE 556 d621fc12-bb5e-416c-a9b5-0452a6e5aa05
WRITE 829 10bb4a59-9fe4-450f-a051-f0ee3744de71
READ 602
READ 915
READ 301
WRITE 967 24d40f05-e3e8-4c50-bf22-255df480447f
READ 556
READ 618
WRITE 165 aa58415a-29e4-45bf-b70e-48b92e98b7b4
WRITE 385 1d0e066e-6e5f-41b8-a44a-25046fc8ed84
READ 165
READ 749
READ 385
WRITE 704 86cf1d9e-5b4e-4519-ab51-08df4849a2fd
READ 920
READ 369
READ 704
READ 319
READ 890
WRITE 368 514e3172-5b5e-485b-9211-2af459b35719
READ 304
WRITE 506 4d61b9c3-56aa-4002-b2ee-8eab698125a8
READ 303
READ 260
WRITE 355 3df71b2a-be2f-43b4-bdd8-a92b87d1ca87
READ 355
READ 143
WRITE 928 d9bc4af3-ef37-4143-aaaa-bf3ba545735f
WRITE 647 e4299aac-a570-47eb-ad5a-e72e76de3833
READ 638
WRITE 186 f0437260-1ae1-4103-ad58-62d75d2141b5
WRITE 295 4de27116-31ae-46a6-afce-769360b1af37
WRITE 690 fced2427-ad4e-46bc-918d-13f5b71cc01a
WRITE 903 64dd2922-3c53-4ddb-92ab-e055489408ed
READ 647
READ 295
WRITE 936 1a611acf-81f2-49a1-9cbf-481d7ccf240a
READ 690
WRITE 55 987cafa9-ab6e-4809-ba74-cbb4aaa59665
READ 903
READ 55
WRITE 155 31249846-2d52-41d6-be68-c9300e90a7d0
READ 17
READ 258
WRITE 695 c3c6b762-f845-42b7-b50e-d17bdcc91faf
READ 682
WRITE 281 e4de46ce-7f8d-481b-8d70-732d5865b8e1
WRITE 322 cb10450e-e402-46da-b9d3-e4a670aef8c8
WRITE 468 f0cfda6c-33f0-4bdf-888e-e3653493b531
READ 468
WRITE 218 c1e857d3-9415-45f3-8f48-86e4c6183b49
READ 281
READ 218
WRITE 465 cb38d05f-ffdd-4d00-83e1-56e0dd3d1c91
WRITE 495 3038b9bb-fd25-4f5c-8694-eba85fe21a37
WRITE 484 6a6eb949-d659-43db-a927-39451e29e54b
WRITE 161 31fd5a8c-e3cc-4015-bd06-eb85a464c8f1
READ 161
READ 484
READ 495
READ 472
READ 655
READ 148
READ 75
READ 785
WRITE 231 0b850fe3-598b-449d-ae99-557fec05ba33
READ 55
WRITE 149 23f196fc-3424-4dfb-bcd8-377a710753fb
READ 878
WRITE 291 62b31258-7077-4219-a8e8-6aaa171f25ff
WRITE 218 4a95f63d-0f39-4eb1-b8d2-7985ad150dcd
READ 44
WRITE 341 65bc7d2f-40d7-4c84-800e-95e365d52a8b
READ 341
READ 291
WRITE 825 aebf97d5-079a-449c-b377-4d9cfdbcdfc6
READ 237
READ 825
WRITE 75 84a48885-0118-4da7-bd4d-525dd09b2377
READ 75
WRITE 99 4ee96c5c-611b-4462-91af-fd7b769e6f50
WRITE 994 71f70646-49ed-45d8-8a8a-5e7070dba3e7
WRITE 94 0bd7bac3-2426-404c-84e3-4fd356aa3256
WRITE 129 3d9acdf5-96b2-4896-9686-26041d51675a
WRITE 583 cdee64c5-963b-4185-8af5-45ec7bda46a3
READ 994
WRITE 485 b9fee735-8d75-45be-860b-35eb5edc5a5b
READ 94
WRITE 323 05fff871-0040-432f-b2ae-dac95fe37607
WRITE 549 20ec97b1-674e-41be-9530-7ed6e68b672a
READ 323
READ 549
READ 688
WRITE 450 9dc2d88e-4328-401f-a80f-eff1dd633fa7
WRITE 99 3257dd3a-6c0e-4045-bc13-fb77d03d21b0
WRITE 712 331cc157-c1d3-4bfb-8b7e-40ea712313a0
READ 64
READ 712
READ 500
WRITE 855 ce6016b1-39d6-4737-8963-dbb5267c78a9
WRITE 518 af7ae47e-02e1-4199-b915-dffa046c63ec
WRITE 505 96acd8f4-07dd-421d-b467-07684bd1791c
READ 505
WRITE 784 1a369338-9625-466a-9e68-65c0d2b93819
WRITE 994 6438125e-bc1a-41b4-8df1-3969a12ff594
WRITE 427 1adb476c-b9fd-4ee1-a133-97b29f12cd54
WRITE 608 ad4fa435-e74c-437f-b45e-29e8b95e5eba
WRITE 387 16ee2cd3-497d-4be7-9782-c2af278bd3a8
WRITE 655 50c4227e-64e2-4b5b-8db3-e366e400793c
READ 608
READ 994
READ 387
READ 655
WRITE 971 3d6c4edb-7b98-417a-84a2-4d1fd1d7722a
WRITE 141 dd6ba979-5426-47ea-8e5e-be1c0f8dfd1b
READ 632
READ 426
READ 932
READ 141
READ 583
READ 451
WRITE 203 5af4ee49-0fbb-4eed-879b-8361d14e64c6
READ 203
READ 715
WRITE 452 339bb7c2-0b99-45a5-9ca3-f6456dfd569f
WRITE 369 6d494088-ae71-4204-9c04-a48d7cc0475f
WRITE 560 dda693a5-179e-4bb3-8028-f846848d2058
WRITE 285 38887330-6ba0-445d-a3a2-2d272fe78cd1
READ 285
WRITE 985 eeba119f-fee6-4f42-82a7-3210c3abedd8
READ 369
WRITE 434 2d1dce56-044b-415d-994d-5fd9ec26aea6
READ 592
WRITE 978 20bd984d-2f7a-47db-bfee-f38689a95bb5
READ 434
WRITE 419 b762dbd2-2419-4905-8db8-2f772da20507
WRITE 745 3014b5a6-9d64-41ed-a064-d109754d4e30
READ 419
WRITE 140 eeecc311-1976-45b0-9b90-b3308aed0b36
WRITE 351 09fc653c-e991-4c27-b932-77ce95666f9d
WRITE 158 16d42dfa-b213-4954-a25a-15c67a586a02
WRITE 555 7404e2a8-6b88-44ce-82d5-a568297b53d3
WRITE 998 62800eb7-f73d-4a3e-b4d9-c65e1bf32e4d
WRITE 453 afe6a20f-eda5-4f38-91f9-d0b82427fde8
READ 351
READ 109
READ 158
READ 372
READ 998
WRITE 995 9a70dd53-df79-4cde-a00d-b73f8f548616
WRITE 674 e2f5e078-06d6-4c6c-ba28-75297a97c2e4
READ 995
WRITE 316 2d1bff8a-91cb-4264-afd6-b86890246531
READ 137
READ 429
READ 316
WRITE 501 8f50f923-85f7-4bf2-9e4d-670591e5bc55
READ 881
WRITE 191 af836861-21ff-441b-b045-9f5de32224fa
WRITE 296 e1663478-2b5d-4e83-b46a-7be0d55d9b40
WRITE 766 7706ab45-6242-4b65-bbc5-afe8c6fc4f21
READ 70
WRITE 301 65f0e1ab-c4fd-46c3-a6e9-4cd190424ba2
READ 766
READ 191
READ 571
WRITE 164 2616afb3-f2b8-4949-8c64-ce6e1757a884
READ 679
READ 301
WRITE 600 f715f5af-76bc-4834-9ca1-79ff2ddb7121
WRITE 876 cb511193-f64c-4d59-b618-526a32b82632
READ 876
WRITE 261 6cd8323d-f436-44c7-96f5-d2e800ec9ed5
READ 261
READ 261
READ 600
READ 475
WRITE 910 9d3546c4-7ded-405d-91ca-9f8181f081e9
READ 910
READ 588
READ 510
READ 897
WRITE 126 10275664-e5dc-4b7d-8892-eee537b36356
READ 323
READ 918
READ 714
WRITE 143 e4d9ee7b-99df-4a83-9e54-a14d9d712e4f
WRITE 859 27532b20-da33-480a-9ba5-690b56372577
READ 865
READ 729
WRITE 701 8d155e7a-7625-447b-9ee7-8d0e1c442ea7
WRITE 632 ce133275-e06a-4f42-a9ad-2df0c0060cf9
READ 632
READ 859
WRITE 120 686957d5-08dd-4910-b102-d9f853cf96a6
WRITE 265 a18c59fd-ff59-4f60-b0dd-d9118e569320
WRITE 849 e86416ae-ecb9-44fd-b2e9-e41b73548083
WRITE 92 f6e3c951-a419-47e3-b5ec-cc30cd900e5e
READ 120
WRITE 350 6c26e36e-aa73-43d7-ab5d-aedabdbe1b46
READ 92
READ 20
WRITE 635 2ae38f82-711a-46f5-9244-ab2e8e4ad79b
WRITE 260 841cf5f6-8f3e-4963-9310-6f0e39b0f044
READ 260
READ 350
READ 635
WRITE 112 1eeeda54-148b-4d0f-a9ed-c43a4fc9be54
WRITE 56 95e5cdb1-2a68-4d18-b2a6-b2eb4fa5818f
READ 801
WRITE 440 afa16196-22c2-4ae8-a5a8-769a3d1035a0
READ 440
WRITE 993 17837a57-8e42-4c5f-a07f-126a9e958b57
READ 993
READ 922
WRITE 812 95f65983-243a-437f-9a47-ff4259cb238a
READ 745
READ 477
READ 262
READ 93
WRITE 827 18af5043-2343-4923-ab71-f54ab921ef1c
WRITE 682 e955a9e4-23bc-48d9-b606-81dc8b9d2371
READ 308
READ 47
WRITE 648 35c49a9c-629a-4b3d-b2d8-74fb49659c89
READ 886
WRITE 904 a6071180-93da-49e4-9ab1-c67e62b3238b
WRITE 641 fa439052-0100-4199-9e0d-4899cc682880
WRITE 677 c42cffca-a712-48d1-8eaa-78754b17a9a2
READ 46
WRITE 311 2840205e-9691-47ae-8322-7d8182d8f49f
READ 311
WRITE 913 c98c845b-448f-4b5c-b841-69ac3f9de213
WRITE 142 6a3974cc-84fe-49f2-a08e-405fe0aa0fc2
WRITE 395 3c09dc79-d2bf-4ea1-b044-36a013cab63a
WRITE 654 4064f050-4a20-49e1-be06-c3c9de50cc8b
WRITE 732 5fd7687c-d467-4182-a15a-a580ab2d021e
READ 142
WRITE 209 53627df2-7003-4339-98b0-835352d36e14
READ 732
READ 209
READ 14
WRITE 636 7ef42d60-841c-4ef1-90f6-31788b35d977
WRITE 582 91f8297b-b83a-4a63-a3cf-ab8b4088eb39
WRITE 389 d3d9a135-2224-4a70-942c-96a3ca1ec882
READ 389
WRITE 689 dd9025fa-e2d9-452d-bba7-a22c12fb4316
READ 689
READ 488
WRITE 778 cfb4ef1a-4c20-43ef-b156-2bc624ee1ebc
WRITE 705 6289d676-ad4d-43c4-ba64-99c669d41fe7
WRITE 89 e0485072-620a-47eb-8766-ca513b2c6f61
READ 705
READ 89
READ 778
WRITE 128 6a1adc30-61bb-4dbf-850a-87b3b831da1f
WRITE 971 74e7d060-343d-4395-bb3e-930143bb2ca2
WRITE 857 4034f5c7-2700-41b4-8a47-cb0501e13080
WRITE 137 83916fcf-e82a-4818-adb0-f9e796a3b86f
WRITE 722 e6d8194f-ec3a-4c7e-a267-1f77aec1e7c4
READ 618
WRITE 216 423044c2-11b2-43c5-9195-02c260e6d101
WRITE 914 6471a50c-dbbb-487a-ac22-34f850075e21
WRITE 783 a48dd12a-40ca-4f5a-a488-c4dfe263d7c0
READ 137
WRITE 3 498fc085-e684-4e1e-a0c5-5f00872fcacd
READ 3
WRITE 642 5c35d947-b5f2-409b-92f4-4829420eb98f
WRITE 297 0d447b6b-fd80-409f-8323-60117f0d4e7b
READ 642
WRITE 198 c8a734b9-d246-4351-bb46-dbb9f270d434
WRITE 963 b6bffe83-1065-4909-b952-0b47a07fb90a
READ 258
READ 198
READ 733
WRITE 450 cb56684a-c0d5-42bb-a183-ad69176be0eb
WRITE 43 849be115-0510-4c01-9c7e-12f867a2b9fa
READ 138
WRITE 11 ac553f9f-cf59-4090-8336-604aa5b73d91
WRITE 951 488c0a6c-83d6-44da-b7b0-0f25e32c761b
WRITE 836 1344a3b0-bf94-413b-9038-3413f5a849e5
WRITE 138 039a3588-d948-4209-8ec5-2fa04c0de1ce
READ 11
WRITE 231 045f8469-dac9-4bc6-a6f8-0c2cc78c8d40
READ 138
READ 231
WRITE 277 e128affc-6244-42b1-9f3b-771626b9e50e
READ 221
READ 704
READ 305
WRITE 70 40eb45a2-1aca-404b-8309-a5f3f2565601
READ 973
WRITE 365 5a462998-8e3e-480f-865b-d944c9112d7b
WRITE 725 92293cf3-51d9-49dd-8839-48da9c05d636
WRITE 547 30f15a44-95ae-4b46-9d4a-069236c9ed9c
READ 365
READ 547
WRITE 666 019e31ae-2843-4f18-984c-1a85d656afd3
READ 666
READ 725
WRITE 571 dd255c1c-2e8f-4581-827c-381bd6f8c072
WRITE 994 6a32f2c8-ce30-4c7b-88e6-a75dd1eae573
WRITE 388 1d429913-84b8-48f7-a102-14ccd6e2354e
WRITE 870 7afa9f6c-26f8-40b8-8c26-e2d808ab97ac
READ 571
WRITE 147 8c73951d-8e04-4e90-8fbe-a248c969c846
READ 870
WRITE 256 148970cd-5617-4853-9d12-4cc0de97b5dc
WRITE 534 1a28089d-8e2a-43ab-8ac7-60f3126cd28b
READ 147
READ 256
WRITE 720 a2d297d5-7098-42a1-85a8-0d5e3efb977a
WRITE 390 8b1cd32d-ee23-4957-b7eb-e4d3dc10c4fe
READ 791
WRITE 979 a3aeee8f-921d-4046-887b-28e29e787062
WRITE 799 684b55ce-2f2f-4634-8fb5-5d99c14b98a4
WRITE 948 cc64def0-97e0-48a0-a824-ef2782a2eb86
READ 831
READ 390
READ 395
READ 979
READ 799
READ 348
READ 715
WRITE 44 78661d8a-0b61-4e63-91a8-8a503803c6ff
READ 44
WRITE 663 15f0a211-021e-43a7-9962-a91ad5178955
READ 683
WRITE 602 00ed3184-2b05-4d5f-b5b0-1797e96d7454
WRITE 822 36fb1455-d992-40a2-8178-e5eeafdc835e
READ 602
WRITE 772 d4b33e6c-fe78-4e3e-b4f3-6959e5a53b8e
WRITE 116 46815ec8-8603-4573-948f-e481cc59a3a7
READ 772
WRITE 972 00ee4220-aacc-4b45-8231-57b017a17216
WRITE 967 262d612b-12e8-4730-ba2c-e20c4a1b205e
WRITE 47 b20886a0-a083-40a5-a977-c95de6267082
READ 967
READ 116
READ 47
READ 198
READ 939
WRITE 590 afc3d208-c295-4041-894b-1395cd86a11a
READ 590
WRITE 62 d5f67310-a5f0-436a-b713-fb3e6fde810a
WRITE 532 215ac3a9-eaff-4c02-9a24-a6b6efc023b2
READ 532
READ 293
READ 62
WRITE 670 5ef0d5fe-c97e-47f4-84ec-5587a32ffe62
READ 670
READ 978
WRITE 925 eeca1da4-da4e-419f-824a-1f88e73383ff
WRITE 587 064c0848-8d7c-4191-ad40-918e44ae3002
READ 805
READ 925
READ 587
READ 584
READ 121
WRITE 550 0c19930a-a335-49a5-875c-c826e158cda2
WRITE 256 c01e7918-997d-4f75-9bb1-27013fc667d4
WRITE 628 de1aa9f4-ecec-4858-8ca5-993ac76d7e95
READ 550
READ 256
READ 626
READ 628
WRITE 818 62ef4976-00f2-4639-9a8e-7397d086d3c7
READ 818
WRITE 741 ebb9c564-14dd-4831-a1c2-fe4d2e5037ed
WRITE 748 490ed4bd-1e63-4835-93e3-254909695b33
WRITE 560 9b2390a0-e806-488c-a972-e32b2fbeeb97
WRITE 114 24a4bae2-142b-4e09-8636-f40f87bac913
READ 114
WRITE 381 3617fabf-2809-4bd0-991d-de0fcddd7b9a
WRITE 59 b1f756f1-f884-45ea-b38b-4f1ac13b30bc
WRITE 482 9c4b395c-293d-4ad7-88e9-1b777a798949
WRITE 444 e62b6266-cab1-4a1c-865d-715c4ab239bf
READ 128
READ 59
READ 381
READ 241
READ 444
READ 132
READ 786
WRITE 727 81fbab22-72b5-4836-828e-8b9cc46bef96
READ 727
READ 953
READ 799
READ 996
READ 247
WRITE 820 acf65141-57b9-49b4-a439-e6bf8be714f6
READ 820
READ 956
READ 183
WRITE 698 03ccef8b-be02-44ca-a60b-1d334a888a37
READ 698
WRITE 724 647292f5-fa24-4d6b-b7c4-5d071bf40c38
READ 724
READ 474
WRITE 257 3c6ff0d3-54b0-4773-9678-5f2fc6e64226
READ 257
WRITE 839 5ae80305-94d9-461b-b469-d16fac5fb6f3
READ 839
WRITE 579 690bd5cd-b788-4116-84ea-1591242076b7
WRITE 968 0bdf8927-ef36-4b0d-8d71-df23b0023972
READ 968
WRITE 720 e1e5db14-1e8a-4061-903b-484773edaa16
READ 579
WRITE 888 6a1b2386-af62-404e-b08d-55145fd82671
WRITE 649 ad7e7164-ee25-49a1-8a0f-d2c9e4b79a5e
READ 888
WRITE 444 15c20c74-e995-47b3-9e67-f574253b8523
WRITE 242 410689ad-f932-489a-aecd-2f484af92a6d
WRITE 951 5779dc87-469d-487e-9638-b0c5a4fee07b
READ 649
WRITE 758 b2e36b07-9c03-480b-bd5e-1b5e374dcd28
READ 758
WRITE 811 3ceb843d-196e-4ab1-8cbb-e85970691500
WRITE 355 bfdf7d75-1b34-4b09-bf5b-7aa6fff130e9
READ 703
READ 743
WRITE 804 5a2cd270-3912-4460-86c6-3a7cfab54a67
READ 811
WRITE 898 8aed604f-9dc2-4c0a-819d-c6869048e231
WRITE 575 2cd66ccd-b3c0-4754-943c-395dfe9bc6a6
READ 804
WRITE 130 7ef22613-f62c-43af-bd5f-435184c95788
READ 222
READ 517
READ 575
WRITE 74 f6c9a396-6b7e-4042-8003-11ec6bbe2e48
WRITE 156 e5cb2025-57ff-4dd4-ab71-f47358099834
READ 130
WRITE 426 bd6a6071-5be2-4278-ba17-b702a7161c21
READ 156
WRITE 873 53c5061c-90f0-4d5f-b981-7c89d8bc06e0
READ 74
READ 147
WRITE 305 b315b4f6-3a78-4bdc-953b-03898708e978
READ 426
READ 305
WRITE 258 966f14dd-331b-4588-a255-3f6ff6508638
READ 258
WRITE 735 a128eb3e-8e97-49bb-b345-df9e2ea9830a
WRITE 36 061e7fff-d807-4149-8a52-80219fe334b6
READ 243
WRITE 440 b7412e24-3952-4ec2-b5ed-ea800562672a
WRITE 397 f688dc20-f687-4a12-b698-5730c48360f5
READ 36
WRITE 17 dfe7dc7a-5ac2-4055-a5b0-53dff79ef506
WRITE 326 0933c48e-1318-4363-8d93-4ec9959ff5f3
READ 440
WRITE 532 b0259440-53da-4804-8de1-94628758e492
READ 326
WRITE 31 0af857d3-c15c-4ecc-86f3-ed720455f814
READ 563
READ 945
READ 728
READ 141
WRITE 402 de839003-8d24-4662-b4e9-8d13ba83b79d
READ 876
WRITE 57 bb58c7d5-e7bb-4cfc-8cd3-bec8f581aa3c
WRITE 320 af9e72c3-8bbf-4c72-838f-be0268ad421a
READ 413
READ 402
WRITE 448 66c833e2-cfd1-4060-ab9d-2c9d8077ba82
WRITE 679 b09d0428-011a-47e5-8e1b-ab877fbe6bdf
READ 448
READ 679
WRITE 137 54fac01d-47d2-433a-a9bc-08089ea51713
READ 153
WRITE 609 70cbd6af-91fe-403c-9cef-b88a7fdd53a8
WRITE 552 36a13762-6965-42e6-9015-59421156099e
WRITE 152 8466f453-fef1-4ceb-b970-179bbe9c9c42
WRITE 508 6b7d7218-c085-44dc-8829-74e7181517af
READ 508
WRITE 338 47597e34-b04c-42aa-8370-cb59c5e825c1
WRITE 747 34eaa06d-c840-493a-9719-aa2d59ca69fb
WRITE 12 a3f0d101-62b1-41fc-a053-4ed41e73c32d
WRITE 732 115234d8-844b-4d03-af57-a6986b65dcf0
READ 338
READ 732
WRITE 623 f47f9df8-c29d-4d41-98fe-25f541d9064b
WRITE 678 3dbf27a9-a2b3-4472-99a1-cf257c61663d
WRITE 148 63d54453-56a8-4d1c-b9e2-a4600fbd6d2f
WRITE 371 30fcf158-67a9-4bdf-8954-fc89f88622bb
READ 623
WRITE 535 c6cae41c-72cc-4f22-bcde-9adcfdc3b22e
READ 371
WRITE 785 78c68a89-bfd7-440f-8362-bf7277b5859f
WRITE 303 ab10555e-4069-472a-a3c3-40de0acd9464
READ 52
READ 535
READ 126
READ 785
READ 821
WRITE 243 bb48aa43-7071-4d00-9f08-114331bba285
READ 483
WRITE 16 c67800e1-e6d2-4a7f-9ccb-8351e3b4c1b8
READ 417
READ 243
READ 766
READ 16
WRITE 601 3fb0f88e-dd70-4dd9-921f-dbab2bfa62c3
READ 817
WRITE 566 a3121de6-3f07-41df-b2e5-a7f7de11d6ef
READ 601
READ 225
WRITE 279 a581eaa3-5ca8-466e-aab7-972a04b9d9bf
READ 995
WRITE 223 476abd5a-2fd6-4519-8726-89e069af00c5
WRITE 17 edbd4c54-89e4-49ad-8454-656c3b26d4b6
WRITE 484 7750f7ea-f452-4b8e-85b9-e6ea16e33a16
WRITE 941 eca96ff2-1bdf-41e9-ab42-f28d1f18f7d7
WRITE 804 96e0ed3c-a4c7-44cc-a58a-b519d002245a
WRITE 620 85b7dce5-3f8a-4fb8-95ad-8952be64e8ee
WRITE 583 c41c1a01-64ec-4957-91a3-531fd3ebaa98
READ 889
WRITE 957 a242bca0-49e8-47df-b3d3-2ae5aa7fbded
READ 804
READ 583
WRITE 733 e5721997-c944-4850-bf01-dcd44c727a11
WRITE 250 d2b41b10-0ff2-4995-a0d5-88e931c39615
READ 957
READ 203
READ 898
READ 884
READ 250
WRITE 85 46b48137-3332-4208-9fa6-f0760a508afb
WRITE 608 2552b12e-59fe-4985-bc4b-d5a91f5675de
READ 485
READ 792
WRITE 701 94c054f7-224f-4451-8c8b-9004ad2cac45
READ 584
READ 85
READ 87
READ 527
READ 26
WRITE 608 669ae02d-f297-4d33-b06d-197ed0162c62
READ 223
READ 233
WRITE 558 72841cf7-d4c3-4fcc-a6d9-d75bc9995afd
READ 114
READ 558
WRITE 364 5d704117-303b-48b7-80c7-ad087bcfcd32
WRITE 258 4f00bd50-0a36-4d9d-9a1d-711a2d621f26
WRITE 216 6b587d89-8d2f-41a9-8f30-b473e0f988a8
WRITE 246 88ccd4bb-d6ff-461f-bc8f-21b8f9ee1e8e
READ 653
WRITE 762 40f4f53b-ef00-439b-ae9f-1a07ceeb07dc
WRITE 443 7169d139-2481-405f-9dce-24579909744b
READ 216
WRITE 968 41bebca0-928b-4c97-84d2-2acfff364b34
READ 968
WRITE 298 22f59bd9-c361-43c7-b6eb-e4bbede8cbd2
READ 291
WRITE 829 86c97bb4-9070-4de0-89c9-82b885afeeb6
READ 298
WRITE 859 65faee48-1167-4581-9b23-525630bd725c
READ 223
READ 274
READ 735
READ 419
WRITE 395 76beaa61-b10f-4dd6-bc95-346217092493
WRITE 8 900fec73-3a6d-4075-8465-2e61e53c098a
WRITE 190 d9a16d8a-18de-4942-85cf-5dbce2d0165e
WRITE 803 3869dea9-e65f-4ccc-82b1-287bcbe5f78a
WRITE 22 6e0e3f36-aa73-4b22-9a9f-2ff4d73d82f5
WRITE 365 542ee31b-6a37-48ad-b92c-ae9bfb410fa3
WRITE 182 c2c912bb-7426-433b-9522-1c5500dda6df
WRITE 327 fd78a8c2-f5cb-4894-8675-ccca5ddd896a
WRITE 398 8606ab1c-e1cc-47c8-a1c9-287c0a0166c4
WRITE 679 540cdec2-20e6-4b58-bb23-c8ef08a148f3
READ 365
WRITE 656 49d289ef-c19a-48a0-a42e-ead18f1a73f7
WRITE 271 5a67c446-2b25-4740-a621-8f3fdb8ed977
READ 327
READ 398
WRITE 382 c486a2ad-9ce0-4ff5-8720-f90a33f98c1d
READ 397
WRITE 341 9bdf3d15-7f4a-45b9-a1ec-e8abc675e54d
WRITE 688 b193b026-9e51-4ae0-9c9b-3b9593632a65
WRITE 877 fb57371e-6eae-422a-b1eb-d54cea9db40e
WRITE 660 77176b4a-15da-4c0e-a3f8-9c6bffe5cd8b
READ 877
READ 660
READ 688
WRITE 105 73cdc0b7-17c7-415b-b605-07a6ad5e2b3b
READ 717
WRITE 643 3e69d702-0d6d-4524-a2cb-be5abf43d4e5
READ 643
READ 154
READ 921
WRITE 93 86959333-6553-4202-8c0d-2b161c523604
WRITE 791 549b62f9-6154-4716-a9b2-732f4a73227c
WRITE 186 2797c646-1f8d-4a4c-9a1f-e9a1741d3d73
WRITE 709 6c2f5720-f1e9-4944-8025-7dc288006a25
WRITE 264 51ae6693-dd62-4a2a-b854-bd77c9d9d331
WRITE 648 75c76a1d-61a7-433f-8bd3-f9e3d1718bca
WRITE 346 6321d8fa-0aad-41bd-abf3-23dcc1342c29
READ 346
READ 709
WRITE 704 58f1c5a6-b52a-411c-95e5-d329bb8a898b
WRITE 398 e581f7b0-838a-405f-abe7-35aa0bce984a
READ 648
READ 398
READ 592
WRITE 515 e7771a54-ed85-4a6c-8825-59ca7df6d71c
WRITE 110 756275b2-0c39-47f8-b413-54ce567b62c6
WRITE 325 25ea4ac0-9853-41e7-9c20-3b026c8e7586
READ 325
WRITE 381 de7f58c4-a1e0-4dfa-9759-1b45f37fe818
WRITE 891 2e724cbc-1fc6-48ad-beeb-e0adf65542b3
WRITE 813 43809d33-99a9-4422-ab58-b0ce050da738
READ 110
READ 891
READ 381
WRITE 214 d64c4eb1-df4c-4821-a5a9-ac93cc1067eb
READ 27
WRITE 756 845bce9a-374f-419a-8519-3350a1a94a36
READ 589
READ 393
WRITE 455 e964d1b6-461c-4c89-aff7-31499ea15291
READ 772
WRITE 991 39fc179d-bfad-442e-96d8-62cfa8ddf670
READ 568
WRITE 645 869ab508-6a89-489b-b97d-bb93a2e4a8a4
WRITE 159 e9192069-e779-4a91-9c8b-73a9a89710f0
WRITE 975 f8836647-05dc-4063-bd2d-5f6a6d7c4c4e
READ 991
WRITE 156 568779ac-19c7-4a87-9ac2-808623f1b885
WRITE 578 66f1ee70-9f50-4c25-b98a-110cdc8e50e9
READ 975
READ 159
READ 897
READ 368
READ 156
WRITE 908 d9cbac75-8129-4cac-83b0-f55f66fb934f
READ 15
READ 150
WRITE 441 04e4f2e1-29f5-4d3a-8dbe-01bfdbfacb09
WRITE 942 2140b7fb-6fbb-4278-9bb9-2e3813024720
READ 293
READ 441
READ 509
WRITE 810 2e18772b-5645-48b6-acd5-3f8c1bb79a7d
READ 810
READ 750
WRITE 476 ae4c6a0e-94ee-4da5-bf2b-f46299375f06
WRITE 392 9ee9c85d-db59-4627-b358-ec44c7e49022
WRITE 350 b78cfc72-dd2c-4dba-aeec-2151472a8f61
WRITE 286 1768f0df-937d-48fa-9d71-7b028a64261d
READ 696
READ 496
READ 688
READ 286
WRITE 482 eaba1fe3-ade1-44a1-ac61-ca05a0ef4b23
READ 254
WRITE 507 f831db3f-bfa4-4ae0-b04f-6a109b54708e
READ 482
READ 70
WRITE 458 305d3417-9986-4025-b71e-9ae41fdff606
WRITE 451 5cd8c41c-24c0-4d69-a131-7fc2ec6c301d
READ 458
WRITE 844 36a50bb0-6131-4e53-b4fd-e8cd1e98071c
READ 851
WRITE 362 e195b74b-8fcd-462c-ac79-c9524587e49f
WRITE 516 20455f7c-3a58-4bf9-812f-fb89f7cbb3ef
WRITE 523 3bcfcfc8-7c9c-4e24-aec9-98f752b3a763
WRITE 262 68385edf-b2f0-49a7-8972-82535fe99949
READ 362
READ 262
WRITE 563 0ae8e6d1-8f0e-461e-aea4-56aac56f1e15
WRITE 980 5a7c13cb-4724-420e-a4b7-24a246c671ed
READ 830
READ 312
READ 34
WRITE 49 bace5ba4-7ea6-46be-bce9-4b323b1735c4
WRITE 311 443e0d35-3bc7-4d43-a21b-23cb0e3b3dfc
WRITE 408 58f31e52-4326-42e3-805d-b8cc6f99763f
READ 981
WRITE 389 c33d82be-01ea-4041-9ae4-9037a7974494
READ 389
WRITE 865 57368f0e-d2c6-47d5-ac29-402c219bc57f
READ 311
READ 408
WRITE 861 88289342-0333-4286-a338-083a9e44c994
WRITE 108 6aec04df-be59-46de-bcfa-88b9315f44a4
READ 865
WRITE 955 69396576-6ae1-4367-ae33-708621d95a1d
READ 108
READ 955
WRITE 486 9c3f0f04-9804-4639-acc1-1d8f7fb76ec2
WRITE 567 b090267a-c675-4503-8123-1c99254313eb
WRITE 450 72cf5156-4ba9-4c37-821f-723890814077
READ 486
WRITE 53 609d8aea-f075-4e43-af9b-1a9d74de8566
WRITE 269 6ac08b14-d7cc-49cc-b676-adae4f0f21db
WRITE 985 4ab5f627-99b2-4ca3-b357-32379c5e7b3e
READ 269
READ 904
READ 53
READ 194
WRITE 602 5ca219f5-c01b-45b2-b9f2-0ea93d534b50
READ 602
WRITE 891 7cf91750-f839-4ee7-a6d5-5ebd8eb9fee8
READ 430
WRITE 654 99ea2892-d9ae-4ecd-a48c-8efd0976b761
READ 891
WRITE 87 00a7dd23-fc54-4d70-9871-3d3cff41963f
WRITE 501 9e5ea1c9-e51b-4fd3-80b3-6f5dbad36e5d
WRITE 95 4cb75272-b645-4da6-b964-283c2066463e
WRITE 935 32e09adf-a694-4b9d-892d-9fbeb3535d5f
WRITE 360 4971828e-3a67-4ddc-93de-a9b22d969e67
READ 87
READ 501
WRITE 649 f6d06307-a88b-4f6c-936d-c620fe6e9d53
READ 95
WRITE 89 faa014ec-91df-4c67-9d9d-3c61443c9d1b
READ 907
WRITE 459 93dc14bf-2443-4212-a97d-5b4b258019cd
WRITE 405 c814c540-ff10-4ed3-8ca6-2111648febfd
READ 649
READ 630
WRITE 602 236b79d7-351c-4eb6-9f46-0006644f099a
READ 405
WRITE 111 91460c4b-0b36-4a65-b14f-356a66ae190a
WRITE 607 737fdf70-c75f-426e-8610-7cbfe96f61c6
READ 111
READ 898
READ 602
WRITE 796 959bde8b-5ddd-4602-b55d-1e2c7f56f369
WRITE 358 5f65fcba-8f20-4d18-8127-bbea7d20268b
WRITE 430 6504878d-4276-4507-aacf-ad64c639558e
WRITE 561 ad32a269-9eff-4838-a882-25d668749b6a
WRITE 900 a73f2226-949c-46e9-9df3-e5478a3d8c8f
WRITE 175 2d23683c-4ee6-452b-9677-8347529992ee
READ 358
READ 175
WRITE 102 d2250118-2e2c-40f2-b7b9-31ad88d23111
READ 900
READ 292
READ 367
READ 87
READ 70
READ 765
READ 422
WRITE 826 5c7e1ff2-06db-4a21-abbe-8b6ee89cbda8
READ 790
WRITE 782 3196af28-2575-4a13-8db6-34b9ef2c876b
WRITE 662 4c06bbb9-a929-4b8f-911c-6d3233e82fb3
READ 344
WRITE 547 b71c417e-9c5b-4ff7-b523-77fcb14d6b09
READ 826
READ 619
READ 662
READ 587
WRITE 429 fe20bc3b-fe26-4323-b83b-79bbfc0b8a9d
READ 429
READ 372
WRITE 688 6259310e-a09b-4a82-9c5a-d09bd711d04f
READ 318
READ 0
WRITE 774 df7cd812-14ce-4bc7-b8b9-1fa501398fe8
WRITE 102 6870d277-c2ae-449c-a01e-eb6167a6f050
WRITE 385 ddf5e638-75cc-4996-91e9-2a6c80726ead
WRITE 389 d0d33a84-e6a0-4085-b630-1a37384d6b12
READ 870
READ 102
WRITE 884 99f7b9d5-5af1-4557-8931-598aa4c5d064
READ 529
WRITE 728 fb3b3614-d15e-4743-b3c7-fea12999e7b1
READ 685
READ 884
WRITE 315 7457f11e-5c74-40ed-995c-96b3864be342
WRITE 743 ad114ae6-9932-47d0-b414-1eaaec7c375a
WRITE 815 8ee005c4-6557-4031-aa7a-b450d035a4a8
READ 315
READ 815
WRITE 296 01bd5b57-fbee-47fe-9c0b-f43931aafe4d
READ 743
WRITE 226 b7f1ef1b-f995-4c5f-836d-997c73b8ac48
WRITE 303 3bbc1a1d-a593-43d4-8551-fd6889973812
READ 296
READ 303
WRITE 352 85e740f0-2e5e-4578-8d62-e45cd94cfac6
WRITE 53 8c321c37-5e55-4e75-bf96-39a4226b2fd1
WRITE 779 71ede2c2-2bbf-4543-a9af-21b9df2bde67
READ 352
WRITE 823 85fab711-d29a-4257-84c8-922b8d7c7390
READ 53
READ 962
WRITE 209 6a888d70-d281-4285-ac91-f5282a0ce99b
WRITE 362 999f32cd-cd11-4962-9f21-8ac8ab25d2b6
READ 194
WRITE 642 3eb79b6b-c038-404f-9632-931b1d816d19
WRITE 367 50d46eec-6548-4ad8-9ee8-96794b573fd0
WRITE 317 dc6907b5-4f55-44c6-afbf-20494f97de76
WRITE 220 9c911f7e-6524-45cd-aba2-84ae7ac991a7
READ 367
READ 220
WRITE 75 d0314364-e552-4cdd-b493-4fdf75b71f00
READ 317
READ 331
WRITE 615 24a50928-4d73-454b-ad24-56e44ac24ec2
WRITE 368 1bc54dba-6be6-4ed5-9661-66acd8e05701
READ 75
WRITE 156 a6d8e6c0-9d3b-4ef7-b7aa-53a9d28ddace
READ 156
WRITE 570 623ea524-d734-4c1f-9356-bcaf967408d6
WRITE 2 e43b4729-909c-4d44-a686-63a488d8ab70
WRITE 185 c8563d4a-014f-495c-b561-31cfc95f1d03
READ 10
READ 509
READ 574
READ 185
READ 102
READ 871
WRITE 375 f0d17b4d-f8f5-48c5-8165-3fd7f895135f
READ 24
READ 276
READ 375
WRITE 147 0f52c009-af9f-4789-aefc-eb70459ecd1e
WRITE 40 72a3c214-ea8b-4605-9897-4dd43a0a956c
READ 213
WRITE 587 58cc3e96-b461-4ca7-b538-530618751f2b
WRITE 623 33ea65e1-6830-490e-803a-5f52f8f77938
READ 587
READ 147
WRITE 768 6383bcfe-011d-4519-8370-f25b05def57d
WRITE 64 70cd1aa7-a7d0-4354-915c-ce74eb186ca3
READ 787
READ 623
WRITE 970 bb1b3468-0fe4-4bb3-84d5-00215c33e8d7
READ 8
READ 792
READ 140
READ 970
READ 481
WRITE 863 e6e2b469-b7a0-44d4-9fa1-53e773f3d08a
READ 551
WRITE 512 e872de2e-7e3f-4ef8-a3f1-207ef66ab9f0
READ 325
READ 138
WRITE 495 7a5f4df5-b1e9-4a74-9d09-63ab0cd546de
READ 555
READ 899
READ 635
WRITE 349 0bbd51c3-a53e-4988-a5fc-f0d69bf9cd6c
READ 495
WRITE 450 d12ed606-2043-463c-8d76-9e481b96d6e7
READ 385
WRITE 19 229409b8-7d03-49bc-9e2d-c6e56b48f522
READ 678
WRITE 814 fad56c26-83a9-4b5b-bf06-663199a92210
WRITE 19 e0c1d1e1-f594-4fb0-9a5d-f244a1b9f7d8
READ 450
WRITE 30 f3a23594-5878-4e91-a447-659dbc1a4282
READ 814
READ 947
READ 30
WRITE 939 325767d3-d448-4691-abbd-3d3b79cc22ca
READ 418
WRITE 145 5429b141-d633-4ca2-a3c4-7c4deadf567a
WRITE 554 ce5d879c-1915-4926-8e2d-458ebfba6316
WRITE 430 9439a55e-d2d8-4bf0-b2f3-80ba54799c04
READ 939
READ 554
WRITE 759 f805f3e4-00f9-4782-b178-296640c0b00d
READ 145
WRITE 834 cb438330-bd56-4fe7-b33b-fc26c7abe59f
WRITE 567 164ffa35-eebf-444a-8ea4-d9174c3e9441
READ 864
WRITE 531 6d793030-6e81-4bb8-8e30-0487983fc795
READ 639
READ 834
WRITE 344 3e69fd39-1a86-4889-96a3-1b1aaa4674ee
READ 531
WRITE 856 5322b1ef-e690-49d5-b45c-a1f12137c5ad
READ 679
READ 771
WRITE 149 249cc1fd-c238-4c81-ae22-20209ae48fe4
READ 149
WRITE 575 1ec22891-def9-42dd-9ec9-ff3caae94cbc
WRITE 767 6893bb5d-5e28-4d7b-b4f6-05161ca805c0
WRITE 254 7b1a0536-e9c2-4f72-aff6-05d2e254e25e
READ 130
WRITE 978 7561d56b-b043-4dca-b4ac-8ef4dd50101e
WRITE 636 4531894f-6c53-490f-8e35-00a7dc8f4961
WRITE 189 91e00ef7-20d5-4eb4-9c4e-d6351a6e88df
READ 882
WRITE 555 41c2e081-c2e6-4e2e-bfe3-7c55b85bc443
READ 636
WRITE 519 e5792e8d-6f98-464a-b011-1bbf0f684bd8
WRITE 203 82572ceb-3242-4cf6-8f6d-bd7a3801d58a
READ 189
READ 519
WRITE 683 a132737c-a5e8-4c1f-8a4f-ea960824bcae
READ 203
READ 743
READ 34
READ 396
READ 194
WRITE 382 ce30ef34-ef61-4e0f-a915-f24300f2b765
WRITE 587 5e151345-ad4b-485b-9b05-9be3b4609f2b
READ 587
READ 894
READ 304
READ 618
WRITE 551 94614066-3e22-473f-adf6-e02b97154e15
WRITE 476 9d4f3b0a-54e5-4964-b29a-b48c1d7ab56d
READ 851
READ 113
READ 830
READ 551
WRITE 695 e14c69f3-0c90-477f-98bd-6598f44e6496
READ 728
READ 695
WRITE 782 700e3ad4-91db-41e0-bf9f-14cfbb638071
WRITE 742 e33c77e7-9929-4d41-ac14-63f5800e94f2
WRITE 373 b200df6c-fb56-4ffe-948c-719a8d7bf104
WRITE 181 c23b67ee-7165-42ed-bd0a-1097c51e27f0
READ 181
READ 742
READ 318
WRITE 905 da9ff02c-e7d2-4a12-8352-15f845e8fb8d
READ 373
READ 464
READ 385
READ 905
WRITE 747 95d85787-caf3-42a6-b762-eb69798de572
WRITE 754 e38f1d57-596c-48ae-b523-ab70dd9c17be
READ 671
WRITE 129 50067a27-b4d4-4624-82ce-fd5418852f4f
WRITE 515 eb76d86a-c4db-4e2c-9b39-875929cc447d
READ 129
READ 747
WRITE 927 b824237c-c909-4872-b4a9-505543a83c2d
WRITE 517 752252e2-3522-4479-b7f6-62e7b9548d88
READ 844
WRITE 274 eec9e123-d63c-4b85-8844-141f000246d0
READ 274
READ 927
WRITE 639 4fd7c4a6-6d9d-4449-b475-a1f66c495d40
WRITE 277 b546030b-9011-4688-9644-5f292b105fd6
WRITE 471 0634cf62-60e2-4528-a891-3471c89df39b
READ 684
READ 639
WRITE 541 652b8981-ab51-4812-a8da-c6585ac9f762
READ 139
READ 720
READ 541
WRITE 516 b7e3c6c4-117b-4f15-83a2-86fa3b988a1a
WRITE 261 3978fe0b-6ae4-4459-8a05-e0013cf2fd95
READ 383
WRITE 777 c8472054-ce29-4e79-9845-d41dd3de7715
WRITE 366 9d656e28-c15b-4494-b392-977e9fdab99a
READ 261
WRITE 106 4862e2f7-da0c-4780-b0af-f212550a6dbd
WRITE 219 959bb0c5-c7b8-4bce-896b-3ee262c0e5db
READ 777
READ 219
WRITE 562 d448a6f4-cf78-4966-8060-d06b04c76a4e
READ 106
WRITE 799 8fec338b-2783-4281-9839-f3f5e055921a
WRITE 717 0778fc09-b063-4fa5-bb73-78afdd590283
WRITE 458 3c935429-1ae6-4eb1-9fa2-4d704e0f52f0
WRITE 926 7e75cb28-ad2e-44b9-84dd-a1d4cf962ff2
WRITE 322 c298fa48-cf86-4a74-a11c-db3761e0dcc2
READ 926
WRITE 366 87df3c5e-f431-4738-9f7a-03c28ba003bf
WRITE 249 c3fd53bb-6a43-4887-91c5-eaef0de47506
READ 458
READ 591
WRITE 839 e7627f9c-430e-4c38-ba88-23ea1c2f9058
WRITE 64 666466d9-ae3c-4d87-967a-7f6d5acab154
READ 249
WRITE 716 f5df6d07-5103-4442-9480-e43470a0ed1e
READ 64
WRITE 751 6d802b6a-c2ef-41ac-ad9a-4e30371d6948
WRITE 974 36bba36e-6bf5-42f0-8667-e35dd3f96c57
WRITE 942 ed23bdea-e17f-4816-8036-d2cc85b55f41
READ 760
READ 942
WRITE 41 e2357b1d-805e-4971-9662-40f8fce25b50
WRITE 775 4f72e49f-b839-4bf9-b0cf-00198e480f1e
READ 775
WRITE 791 7762e069-cef3-4ed5-b519-85cf97d1ba4a
WRITE 762 02f60243-cdff-47e8-b49c-91c377db0f80
READ 791
READ 41
WRITE 23 7d46c4ed-e65a-49db-b3a0-ef759c7768c1
WRITE 725 c6f7ff70-7838-40cf-b8f6-52cda29a9ef1
READ 762
WRITE 322 056089da-3b4b-4057-9ad5-4c2e307f753f
WRITE 298 64a165db-d241-4080-b9c7-b764d8606aa1
READ 23
READ 296
WRITE 345 aaf9f31e-4d1e-46d8-8fb4-a39af49456b8
WRITE 499 557cdcd2-bc27-405c-91fd-8b1058ac3927
READ 211
WRITE 85 f5116b10-02cf-4ba0-a468-a4b76374de7e
READ 499
READ 438
READ 225
WRITE 422 40395758-4671-4c9a-b92d-76bceada9e56
READ 85
READ 854
WRITE 432 3b5910c2-3aa2-400d-ae1e-3b9b3447f579
WRITE 901 f60f57c5-03e5-473b-8b1a-1b16a0be8636
WRITE 771 f86b6857-099c-4844-b193-5d074ef53e2d
READ 689
WRITE 619 278fb33e-5c89-4516-85c4-01158a99ac85
READ 619
READ 235
READ 20
WRITE 141 e8483287-0ff7-4db5-a870-7e5675f19469
READ 384
READ 32
WRITE 296 0b07f1a7-643f-468d-a6f5-3f1ed93b7196
WRITE 297 9286e4e4-7c18-4b35-9a65-76f9187b6dea
WRITE 101 c14e2602-6d96-4e01-acb0-d97fd1b12887
READ 141
WRITE 334 45a6c6e6-5585-4631-bab3-7af1afd52bf7
WRITE 104 c4acaafa-b8d6-4305-b5cc-ffe9bc045333
READ 101
READ 751
WRITE 454 b9ab002e-0d52-49da-b172-491d9afa3a05
READ 143
READ 104
READ 650
WRITE 807 00208e8c-88a8-4bd1-8632-399dbd0b2915
WRITE 457 36f88e41-58ec-4734-a87b-c6b1586d00c1
WRITE 204 a03fc6f6-a642-4bd3-9e6c-bc11ea8d5684
WRITE 292 0da39b03-5bbe-494d-90f1-bd979766e302
WRITE 721 e957bbc4-6110-4e36-b709-aa8ebc48443d
WRITE 990 39d07fda-db43-40e3-b540-abf2a668a881
WRITE 271 82edafca-5b44-43c9-baba-79cf8bddb89a
WRITE 128 3f84d2b6-7a56-4451-a775-9c83adb3b1f8
WRITE 871 7015db11-5cfd-4ba9-93ac-118ec785bff3
WRITE 493 470c22e0-4740-4bcc-96ad-66d8837d3a85
READ 128
WRITE 933 9e4ccae3-4073-4c22-b45e-4a7eea92b2ff
WRITE 139 640d38de-4b75-4a58-90ee-4bebf51eb42a
WRITE 618 1edd4af5-78b6-4292-9f7e-0b4b5eb84a1d
WRITE 819 c55584e5-7f5a-4bbf-9189-4b957e6de3fc
READ 139
WRITE 943 f65f0eb4-c35e-4cad-aa9c-b9f7b36676be
READ 618
READ 844
READ 943
WRITE 371 35e30f1f-a667-45eb-8f72-150ac9c23a7f
READ 578
READ 371
READ 588
WRITE 481 b3b1b718-0c54-4bac-9f9d-e306d5b69215
READ 465
WRITE 480 13aa44ec-db43-433e-bbea-06bc1864252c
WRITE 914 1e441b20-dabc-49c0-85ee-e19fdfe94868
WRITE 252 868c94db-bb55-4333-afb6-542c4c829483
WRITE 941 33e0b582-2e46-473e-845d-d0cbf70f7d46
READ 914
READ 480
WRITE 254 54fbec55-8c26-4b62-9769-58b7db2fa78a
READ 252
READ 254
WRITE 186 b1eb48fd-7e02-4896-a4be-9e3534db6b07
READ 813
READ 186
WRITE 407 74b1911d-d5e6-48dd-919e-67754563ad70
READ 407
WRITE 658 aed46f44-9c1e-411a-8747-2512c0c6658d
WRITE 474 4a95034b-06e5-4be7-90de-ab2641f9eaca
WRITE 139 4b3eb614-4999-46b7-b83f-b1699d7f4a52
