WRITE 0893 13a7495e-81e2-4e72-b4c9-b38e55ddc135
WRITE 0949 c8d62db0-11a4-40d1-928d-7b6dac3accf8
WRITE 0963 7a4bc9eb-943b-48a2-b7dc-2c9367252b86
WRITE 0716 177cce84-eb13-40fe-8d64-10e73a91fa16
WRITE 0832 9ec1a201-c2a7-4fb2-8de9-b41f5d22fbb0
READ 0716
WRITE 0818 666df06f-5cad-4a6f-8be6-02d39d2e240e
READ 0963
WRITE 0481 924b32dd-e2f7-4e10-b4a0-fb01e05df98e
READ 0818
WRITE 0932 c9adabb4-73cd-4a83-b44f-748805d92919
WRITE 0602 53f7a9b2-db6b-4042-a646-6a4f8e6854c5
WRITE 0272 14929dd9-72e5-4edc-8254-a233aafdf51b
WRITE 0564 17fbd636-a4c0-4595-91c7-04f475dbc532
WRITE 0767 02313031-ed0d-4a39-a84a-894e67133abd
READ 0280
WRITE 0129 5a479284-9381-4285-9d93-03156c968945
READ 0272
READ 0564
READ 0326
WRITE 0825 ca22ea79-6303-4a9b-b480-58fce77780de
WRITE 0864 ab2d5635-5dbc-4cd9-8623-5c3024f5c40d
WRITE 0102 46702b13-c406-483d-8b3d-722208387b0c
WRITE 0041 7d434fe9-d981-42af-9d24-3893c422c4ef
READ 0825
READ 0041
WRITE 0151 cb742f72-ed05-491f-9d8f-e065d4072f50
READ 0151
WRITE 0374 0703499d-fe29-4c6b-a398-7b77fc55c892
READ 0374
READ 0323
READ 0840
WRITE 0783 930027ee-310b-4ac0-833f-f8d2282afdb5
WRITE 0130 a758664d-3dba-4a48-9d99-c37e96fe0687
READ 0305
READ 0783
WRITE 0485 f28b019b-10bc-472f-8b5e-e298024d16a0
READ 0130
WRITE 0328 5c385f6c-d96a-46f6-a937-4c8cd8e36b2c
WRITE 0943 307ce8a5-0776-41ce-8638-67e723285bd9
WRITE 0371 1e8d3069-d0ef-4777-a316-fcb9418ecfb0
READ 0485
WRITE 0995 0706770a-db87-4943-a26a-adc5b3ea7989
READ 0943
READ 0439
READ 0802
READ 0371
WRITE 0033 68d53dc5-6212-42d5-a0bd-21c23d5530b3
WRITE 0242 31c6e7e6-7c70-484c-a9aa-0c6b51b49347
WRITE 0374 bc9bd469-dab8-4fe8-b22c-2c0ef42bff10
WRITE 0827 fde6a92c-bbe3-40a4-ac1c-a1911d763b87
READ 0374
READ 0827
WRITE 0573 2de82fe0-2959-4fb3-9641-fc865901bdf5
WRITE 0096 ce7a725f-973d-4a80-8206-5d127a854ac5
WRITE 0512 02fa76b6-7ba5-4e4a-a046-722dc3bdf71a
READ 0573
WRITE 0358 8b4b8b68-04e7-4124-86ac-2c4bfa694fb9
WRITE 0086 4afa5c13-b942-4e9d-bea1-359ab12d19e6
WRITE 0371 96c4e26d-eab8-4508-ac8f-5183bba27797
WRITE 0889 b668827c-4748-4b5a-947d-cbf190d6b3f8
WRITE 0132 4131de9a-511a-473c-b947-93477a0a434a
READ 0371
WRITE 0038 d96c9cdd-ebeb-4481-9e6a-17fd09d57fe6
READ 0038
WRITE 0748 67da7fb5-be6c-4799-bebd-63b2bbd11c72
WRITE 0367 056d32c9-7812-4a43-888c-3aea784af8a8
WRITE 0655 2a1506ef-933e-47e1-8a51-bf41535dd906
READ 0655
READ 0367
READ 0502
WRITE 0787 f872bf6b-e14a-4a27-a851-1eb7df5bc0d5
WRITE 0569 33cdafa1-0825-46da-97ad-d7cf16cb3380
WRITE 0836 adb1f4f7-7066-465e-a7ce-4a8b9e0b2ab0
WRITE 0429 524ed836-3b06-4b3d-92f5-69100aafbcbf
READ 0836
READ 0569
READ 0787
WRITE 0581 424db931-3772-4fbd-a8cf-a22eb20bbe05
READ 0057
READ 0313
WRITE 0308 2583296b-0f78-4028-ae7a-f4a59f609078
WRITE 0137 55489d1a-4462-40d9-a4cb-d5f9474c821d
WRITE 0535 59d7c924-b7f6-401e-a2aa-fff427a6ce55
READ 0180
READ 0924
WRITE 0928 decc7667-f7c0-44c6-9411-7fce544d5ac1
READ 0137
READ 0535
READ 0928
READ 0342
READ 0917
WRITE 0486 236121c7-afab-43ce-914f-0c1bb69d25e1
READ 0944
READ 0486
WRITE 0069 59e9db8d-e85c-48a4-971e-9b4ec69a5815
WRITE 0861 2199befb-9c3c-4eee-989c-1fe72e778445
READ 0337
READ 0861
READ 0069
WRITE 0988 6f29db5f-13bb-48ba-a5fb-c8aa428d7e07
WRITE 0709 04e21c2e-383f-4160-b2cd-0311ad89e82f
READ 0734
WRITE 0478 ac747b88-5af9-4477-b5c6-047c83e7e305
WRITE 0070 3f6b4718-0ac4-4dff-92c8-343b6f219caa
READ 0478
WRITE 0297 4ba12868-2a8d-4f8a-a93e-656ab85dfc06
READ 0709
WRITE 0464 4b22c738-05a4-4d46-a432-f84578e7f7fd
READ 0702
WRITE 0768 c3085373-bf04-47d3-903f-72113cb107c4
READ 0859
READ 0297
READ 0695
WRITE 0657 c5b2730a-29c7-42f6-b758-4d75b41bf39a
WRITE 0302 828aac20-df02-4f09-9be7-82f399b45f3f
READ 0680
WRITE 0405 119dc8da-28c7-48a3-a59a-1eed1ffddce0
WRITE 0583 d4c535be-be25-406b-923b-3d0b991499b9
READ 0862
READ 0093
READ 0393
READ 0405
READ 0893
READ 0966
READ 0335
READ 0978
READ 0357
WRITE 0843 a2a5aaae-90c3-4ea4-a2ee-9bc78a189740
WRITE 0854 8bff877f-527d-421e-832c-4e4fd3478875
READ 0658
WRITE 0840 a4ff88ae-1717-411c-9401-1946c5cb0697
WRITE 0009 daca8ee5-533a-4b72-bad9-7ceebd26d7c9
WRITE 0452 0b9c4518-06aa-482e-bab6-76aa804ec629
WRITE 0977 3d7fa981-54f1-40d5-b43d-ffae4b3687f3
READ 0409
READ 0452
WRITE 0569 22c789e7-0ac5-42af-915f-24e74417d5d3
WRITE 0376 222bb012-0fbd-4546-9307-45cdd4ebffb9
WRITE 0316 e086d24a-18ab-4e8a-acc3-0a5a1b1baf7c
WRITE 0839 a337bdbd-d1d9-4395-8c7a-ac34a98e37d1
WRITE 0247 da63a7cc-690c-4cd6-8bf1-52ae91ba394e
WRITE 0310 2a0a566c-c837-467f-9535-a86070e8aceb
WRITE 0148 486d64c5-527a-4652-ab4d-68764e8c7309
WRITE 0209 6f6345b6-8a64-4a82-bead-b6d745df1974
WRITE 0593 0bc5864a-2d7a-4265-8d61-374d1cc7eca9
READ 0839
READ 0148
READ 0310
WRITE 0679 f4e4fa35-87a0-4ec2-afc8-e28b45d7b4c3
READ 0593
WRITE 0224 e13deab1-1f73-4530-9b2f-a0e7c3a9fb1d
READ 0679
WRITE 0695 5cf3495a-94f4-4aa9-88ac-cf0119a697b1
WRITE 0055 612ab97d-d9b6-4f5a-81aa-f3f053d1f72e
WRITE 0663 8840ffe5-4bfe-4a26-8561-9e4cdaf4f69c
READ 0224
WRITE 0531 9078f1c0-7b28-407a-82e3-14f1df7c63af
WRITE 0409 2757a79f-6582-4ea7-90aa-cf9f61ebcb6d
READ 0055
READ 0409
READ 0663
READ 0531
WRITE 0762 c55647e5-0f01-4b4d-be63-2040395f62cf
READ 0762
WRITE 0058 19ac4eec-935d-4fd6-a89c-b2b9b9108527
WRITE 0181 3364538b-b900-41ed-b059-dadc34f0ab8e
READ 0977
WRITE 0019 58e07a55-b1e2-402a-bdef-27c6c631bb0f
WRITE 0953 16460187-afe1-4abd-8fd5-14da1f71ccda
WRITE 0752 7162c58e-fcf2-426c-8e71-af969c364395
WRITE 0864 48aa6c26-6362-479c-a499-8bb59b2634ca
READ 0429
READ 0340
READ 0864
READ 0355
READ 0752
WRITE 0577 868b06ba-9de1-42e3-9d18-d1d17b69a9f9
READ 0333
WRITE 0689 f8899343-c60f-445e-a5ee-1d5234147d8d
READ 0704
READ 0357
READ 0641
READ 0343
WRITE 0274 47cc493d-c726-4c73-a50d-fd1df3358103
WRITE 0484 283598b3-cd44-4387-886e-6cde58701bd2
WRITE 0657 b826aa2f-31dc-443b-80f7-889b1cac96ad
READ 0274
WRITE 0387 c0cc1074-0e3c-4261-9082-b62166b8b9da
WRITE 0589 0e4e4b94-ddef-4b36-bce4-979336350106
READ 0657
WRITE 0412 5521ba7f-98ab-450a-9972-f03fc40b27ea
READ 0387
WRITE 0957 84906b63-ae2e-4c89-8440-fde3125a1308
READ 0726
READ 0461
WRITE 0995 0c9e9681-9874-4241-88ff-be1820a5212c
READ 0957
READ 0675
READ 0151
READ 0454
WRITE 0435 15529e31-f9e9-45a1-b177-89c2cf13bb8c
READ 0435
WRITE 0523 c7819378-cab4-442f-aabe-223e76946436
WRITE 0248 14cc6f10-b35c-4a8d-a976-f750136bd13d
READ 0781
READ 0091
READ 0694
READ 0289
WRITE 0428 3f5bd0bf-29dc-4a2c-afac-2adea3d2d836
READ 0248
WRITE 0482 efb47e10-5de2-4669-af83-a678b3c88179
WRITE 0789 ab779ab3-b4ac-47bf-9f29-9da0546611b2
READ 0280
READ 0996
READ 0482
READ 0789
READ 0457
WRITE 0717 e15f62c3-791c-48f2-915b-dec426c6e03f
WRITE 0317 cdbf0735-901f-431c-8bf8-d302d0829f9e
READ 0124
READ 0255
WRITE 0140 20bc7a30-f2a0-4478-9a0b-f660a1fa6ed6
READ 0322
WRITE 0368 fc5cf7cc-4729-43bd-bd4b-a711aff18dce
WRITE 0687 70a98a01-23c8-45e5-b054-bdd7a4268dea
WRITE 0692 57c73fa7-679e-4bca-8173-d161c4f754a5
READ 0900
READ 0564
READ 0746
READ 0368
WRITE 0016 820e5f8c-9e10-402e-9211-41ecc777fba3
READ 0016
WRITE 0439 ca678f57-0398-4576-b557-f5d8476b13b3
WRITE 0594 eb7b1343-c50a-4c50-9f8d-9215c7b4e576
READ 0439
WRITE 0701 64a523d6-8391-4352-9832-ccc28a9ed40f
READ 0701
READ 0594
WRITE 0349 33e820a4-5d3e-4c0e-86b5-4e8b7d43b4b2
WRITE 0327 843da492-7398-413f-9a2e-b210afd297eb
WRITE 0886 468c0532-c3da-4bba-9995-7997aec2551f
WRITE 0845 7873ef27-3dfa-459e-9616-7e13978ba304
READ 0327
WRITE 0243 0aa98ae2-226f-40ae-b9a0-8ccadd181b29
READ 0886
WRITE 0227 9951b6cd-5f29-492f-9190-a341f5c81819
READ 0845
READ 0243
READ 0528
READ 0227
WRITE 0877 90f38dd8-50d4-43e2-89f6-7246db866703
WRITE 0320 b918e220-256e-4581-8474-7c8859d14177
READ 0320
WRITE 0230 5aa6c643-d61b-46e5-90bc-4796bc5e52de
READ 0898
READ 0258
READ 0858
WRITE 0452 0c904576-1d9d-4dfc-971b-bf1b9f361997
READ 0644
WRITE 0196 8dc82342-fbb7-40de-9ad8-85860de7a769
WRITE 0211 7b1f1d10-bed7-4f92-a9aa-6254c5c4333c
WRITE 0250 7d4d20ff-ca90-4114-a8ff-5a41e8f2db38
WRITE 0405 54c7e59d-6162-458f-bbcb-aa862629ce5e
READ 0452
READ 0250
WRITE 0184 ae0b4f14-b75c-4e19-a082-f823f08b4eed
READ 0211
READ 0184
WRITE 0129 6dd2bc41-e0d0-47b0-a595-1858961aef3e
WRITE 0064 f4ca8945-0fe0-4b59-ab24-7116e6d82ed6
READ 0129
READ 0250
READ 0272
WRITE 0584 a43046cb-f222-485c-a524-3b86e9845c69
READ 0882
WRITE 0594 294c6fce-18cc-49ac-9580-e62484dc3bd0
WRITE 0417 b7836c92-7d9e-4fc4-847d-974dc3f58114
WRITE 0213 dbc67408-2a01-4156-83a6-bac8e6f1a8f9
WRITE 0395 d566ee74-0ac4-4b5a-be78-7c97818930e9
READ 0594
WRITE 0671 6bfaec77-8f53-481d-b1cc-04f7557ff89f
READ 0623
READ 0417
READ 0118
READ 0442
WRITE 0586 075228d9-35c9-4f91-91ad-4b6bda276995
READ 0671
READ 0280
WRITE 0077 19da9ede-3007-4057-971c-bc1dbe67e0ae
WRITE 0122 a08e225e-bef6-4037-ac9f-16ab1ba77316
READ 0077
WRITE 0242 fd4a2e03-6f34-4d61-b594-b7cf0c3f253d
WRITE 0839 f8f54702-95a0-48db-b029-d5ae52a8a239
READ 0223
READ 0932
READ 0839
READ 0455
WRITE 0091 a246bd07-bb57-41cf-bd7e-5bb4f375d9f2
READ 0455
WRITE 0098 91ff4239-edb4-42fc-95d6-0c4cc513d8fd
WRITE 0922 62ca277f-f24f-4a60-a988-4ba8bf51646e
WRITE 0357 2ba1ab2d-554f-4870-8a48-7e1683fdd8c8
READ 0486
WRITE 0162 dd9c7fda-5129-4336-b339-373294a72f51
READ 0098
READ 0958
READ 0162
WRITE 0087 8257ea50-aecc-42b6-8c0c-fa5672da5c7c
WRITE 0194 7a71a63f-0f7a-421b-b902-08dcb0111611
WRITE 0154 95ac4906-b4ed-40e1-a072-6cb90dad4835
READ 0087
WRITE 0922 7b898d89-e778-4d7a-bff7-193db1510157
WRITE 0889 b58eed1f-bff2-4aaa-b42c-c35f88215d12
WRITE 0413 33f143a4-ec00-4ed7-b716-e46acd3a0f83
WRITE 0215 b3a4adc0-52f5-472e-8d73-27c34dfb7cac
WRITE 0172 d9b78aff-ffb1-44c3-8ba8-f0b85a237e27
WRITE 0233 c1b8a98f-79cc-46a0-87f2-270b698b5671
READ 0922
READ 0889
READ 0413
WRITE 0215 6ff8c76d-c496-4057-9f94-b22e8f35a8c3
READ 0233
READ 0101
READ 0215
READ 0553
WRITE 0429 2ee0c3fe-2404-43e9-a453-b431a974fb53
WRITE 0525 5ecbd9ef-7119-44f7-966c-902a5d60eaa6
WRITE 0236 fc36e158-49e7-462e-b3bf-1efea12544c0
WRITE 0133 e47a2bcc-d6eb-4d5f-8e05-4cfd5bef6f19
READ 0133
WRITE 0445 5faebee5-cfbb-429a-b0d7-0fd931693324
WRITE 0677 8171bc0d-3eb8-450f-99f7-70532937faf6
WRITE 0527 8f505e7c-aaf5-4b65-8294-76f7508f3807
WRITE 0609 6c2f4ec1-fc48-4398-9920-155071d13aa9
WRITE 0342 73d5cc55-af27-4bd6-8501-9f403e0bde6e
READ 0609
READ 0677
WRITE 0846 5e790b36-3b17-4f4e-b66d-21c3899fd49c
READ 0825
READ 0682
READ 0698
WRITE 0935 c60bf32d-796b-43bc-aadd-5cbe46954eb6
WRITE 0010 84c6221f-341d-4b54-99b4-532d4cbd7298
WRITE 0054 663a0f4f-f2aa-4fc4-b427-deb59c3f7b88
WRITE 0081 aa57633a-a61c-43f9-9714-2a8c57be928b
WRITE 0102 27b98940-b526-468d-84be-812761fb0bfb
READ 0935
WRITE 0432 b58fab64-328d-43bf-b249-372c78d49809
WRITE 0237 f7fbef51-a06b-40ce-973f-99cb3d66f77b
READ 0237
WRITE 0561 b9e0fefc-c3f4-4773-a4c1-719c22b3137e
READ 0432
WRITE 0499 59e81121-9cd6-4133-bbd3-48c7742320fe
WRITE 0979 d0e82fe7-4f80-431c-a75a-5ee22e05a3f4
READ 0561
WRITE 0658 c0c2a470-c3a0-48a9-91ba-4957cc8ac3b4
READ 0900
WRITE 0118 187c5589-42c6-44eb-b221-e0f960dc1d8e
READ 0499
READ 0979
WRITE 0674 1c36cd71-55a6-486b-afbe-b5a5cef482fc
READ 0794
READ 0404
WRITE 0013 1561870b-9907-41a7-8f16-a07f1623cd92
READ 0013
READ 0120
WRITE 0091 54f1271c-7143-4d9a-8145-28485c295a75
READ 0091
READ 0685
READ 0578
READ 0600
READ 0724
READ 0023
READ 0617
READ 0064
WRITE 0220 7be83ee5-8760-419d-b44b-0604e8180aa4
WRITE 0008 03bbcd6d-d9b7-4d21-a312-18f560feba4e
READ 0114
WRITE 0006 489a9446-e1fc-48f3-b00f-3419fe4f3a7b
READ 0311
WRITE 0995 4f6c8608-0d02-465f-88b0-aad64b6fbc3f
READ 0794
WRITE 0874 2d552e7e-c086-493d-a824-8ac509cd2a1a
WRITE 0089 3b11bc18-4155-4665-90e7-4032c8c32924
READ 0995
READ 0089
WRITE 0434 ac8c16c7-f548-4d2e-bb7b-d57ce56a59d7
WRITE 0948 15091c70-a201-4018-82be-86919bbbf236
WRITE 0352 1cd2c94a-3cdf-4191-bd3a-de985fae2678
WRITE 0341 ad920e8a-7bc3-4a42-af7f-f26fe867ec47
READ 0317
READ 0428
WRITE 0163 f667de83-e614-4007-bcf1-93fc5f69620d
READ 0948
READ 0086
READ 0244
WRITE 0782 c205aa25-b671-4e90-ad25-04bb46952a35
READ 0182
READ 0016
READ 0223
READ 0105
READ 0116
READ 0545
READ 0274
READ 0516
READ 0206
READ 0713
WRITE 0752 8434f57c-cd3b-4f49-bad8-fbb677410adc
WRITE 0901 e49a3426-d05e-4550-bfdc-6b917d727269
READ 0752
READ 0793
READ 0700
READ 0978
WRITE 0903 b335db95-2b23-474d-9576-3344c71aa600
READ 0758
WRITE 0311 592f7277-742e-4275-8f94-05140c1761a2
READ 0529
WRITE 0907 7f953e1f-64cf-49d3-ae19-6aaaff191f94
READ 0907
READ 0311
WRITE 0976 e8c1aed5-f57e-4978-95a4-3bef858ff3e6
READ 0976
WRITE 0283 eb2d89ef-a16c-4d61-9908-75bec61d785c
WRITE 0089 3de8b99a-f70a-403f-9b5e-0ab26c3d95a9
WRITE 0072 6761b9a2-9578-4322-ab9a-3272348aab0a
WRITE 0043 5c3c9017-308f-4173-a0ea-8d73ed41aaec
READ 0283
READ 0089
WRITE 0124 d388349c-31ca-4ec9-bc14-74a86149e638
READ 0043
WRITE 0958 aea6fc64-472f-4db4-8160-c37f45a0d96d
READ 0124
WRITE 0290 40fbd31e-4bf7-4eb4-84ce-dc70ce941b9e
WRITE 0801 5cabc50d-ade5-4e2c-b095-8f4406ba3040
READ 0577
WRITE 0323 b2a1f250-3a37-4516-b954-5d792f9f4ed1
READ 0801
WRITE 0012 28025cfc-8ac9-4340-a536-4a465d7519c4
WRITE 0368 73232370-796d-4833-a205-d62f9e894a6a
WRITE 0289 61e74a69-cca0-48ec-abbd-dd9afd733629
WRITE 0581 75b84a49-548b-445e-83c3-61369525e6bb
READ 0581
READ 0516
READ 0233
READ 0530
WRITE 0045 92f433f6-e962-43ee-b886-82cea99c25ed
READ 0043
WRITE 0726 792be597-e309-46c0-8251-0542f556a5fb
WRITE 0598 30564a96-3e18-4d3e-befd-f1ac7b5b28c2
READ 0598
READ 0045
WRITE 0060 514fccbd-d3f2-4d78-86a6-51ebe56b1730
WRITE 0614 d1726816-82af-4ba8-b299-edc3f875f03b
READ 0614
WRITE 0557 a4ea5b61-be12-4e3a-8f1e-42ffa1564d5f
WRITE 0909 8a2417a0-0586-4ee4-a0e2-1218037eedec
WRITE 0995 b4e2f8af-f804-43fc-b29a-6da0751d2ca5
WRITE 0924 45188683-0519-4177-a2e4-606b71c216cb
READ 0924
READ 0909
WRITE 0347 b41e919f-c495-428c-96eb-36ad138d295d
WRITE 0190 dd7fdee4-f87b-4e82-8e05-1f294f934fb0
WRITE 0804 a7d99402-17ae-47fb-bde8-6e1a37ebfb91
READ 0347
READ 0804
WRITE 0335 26d93d0b-6f84-4d73-b990-bc0a249d2793
WRITE 0466 f6d531c6-8a6a-454d-aeab-5f9b3fe373a4
READ 0190
READ 0466
WRITE 0596 a16d2914-576f-4234-944e-9cea8ab95ef3
READ 0596
READ 0574
WRITE 0448 e5dc6342-cd06-454f-bdb4-1c94d4fe7367
READ 0308
WRITE 0645 d7630ee0-3a98-43f2-9a25-25a278da9118
READ 0448
READ 0888
READ 0951
WRITE 0952 075e8eaa-97a0-4dde-8c12-0dec56ad8048
WRITE 0941 16f1117f-e18c-4fa0-bbce-9ecc13e5e6b3
WRITE 0004 7508b70d-3376-4d9c-b90b-75ed43db0190
WRITE 0284 905389ef-305f-49b1-9d11-418d10a2408e
READ 0952
WRITE 0939 8d92ead4-451d-4ff4-848f-9089c046f251
WRITE 0756 eadfc242-2ef3-4737-836a-0f7b15e55fd6
WRITE 0662 bd44f646-0d9d-4217-9865-100e9e6a82c8
WRITE 0514 812de233-70a5-49fa-81d4-640e851ae85e
WRITE 0691 cf5ed1fa-2119-4ed3-a6bb-dab4f32808d6
WRITE 0834 4c5d4139-f52c-4e89-855a-fa067c8c7e6a
WRITE 0207 0c1aba5f-356f-4233-988e-af189766e508
READ 0514
WRITE 0926 3124edba-49ae-4465-8fbd-57524936d307
WRITE 0670 18c67255-6e40-45d9-9473-093dd24cbf53
READ 0691
WRITE 0906 c22e3cd6-c499-4ecd-aace-ea12af337274
READ 0207
WRITE 0981 2460f9a9-aa6e-41e0-ae50-99ca4d52faf1
READ 0906
WRITE 0262 dde460bb-c492-4727-8c8f-f1f251c397f3
WRITE 0098 e9d91ff7-876d-41ee-a241-0cf6e1ab5c5f
WRITE 0223 0cbb849e-11d3-4d7c-8432-fa464bc57507
READ 0098
READ 0262
READ 0107
READ 0332
WRITE 0698 880d030f-2b19-44f4-9d2d-73625a1b4ad5
READ 0096
READ 0364
READ 0348
READ 0268
WRITE 0806 046ba552-f133-4001-8137-d48313048a01
READ 0698
WRITE 0681 cfdcf0e6-b9cd-471a-b74d-c8b19c517d66
READ 0299
READ 0405
READ 0626
READ 0668
READ 0252
WRITE 0020 02c29e64-a8e5-4a0e-9264-c9d2a4a7c181
READ 0730
READ 0785
READ 0537
WRITE 0506 a9c60d44-50b1-4ab8-9874-fd36aafc416a
WRITE 0095 c15d3696-ffc5-4b1a-b434-2bd1bdf84564
WRITE 0319 098abd72-99e9-4f92-911e-fa726d42d0a2
READ 0518
READ 0049
READ 0288
WRITE 0528 05144454-7be6-4115-a3eb-149565364fa8
READ 0319
READ 0241
WRITE 0562 1021675d-73d5-49af-b5ca-5b5f2d6d536c
READ 0400
READ 0528
READ 0967
READ 0765
READ 0090
READ 0715
READ 0615
WRITE 0501 7f6f4584-ea55-4cf6-b3a5-4eafe41732aa
WRITE 0699 d3ef4939-2b68-499f-ada8-a6bd7106eae3
WRITE 0366 dc14493b-8165-4170-8d6f-20ceebfa53ec
WRITE 0865 833eb721-21aa-4261-91f1-775c44f071ed
WRITE 0079 7db4ac64-ff33-464e-b4ca-a24a068e8674
WRITE 0330 7bc8ece6-eaa8-4e39-803b-f4a8a87a7e6b
WRITE 0198 7aa65e54-7c9d-453a-8b27-bc84ce8925c8
WRITE 0339 b8bd43b4-2781-4e6a-aebd-23dbd0e72fb9
READ 0366
WRITE 0831 e9d134cc-7778-4861-b7b9-24d98e150d65
READ 0330
WRITE 0431 444bccf8-3802-4ca7-a51b-0f71482c336e
WRITE 0022 ed8c35f5-fdb2-4025-a0f2-89fae9ccc580
WRITE 0779 575386f9-6660-4a18-9ad0-56c2403ca1ee
WRITE 0506 20bb3b7d-98d1-4e6d-bd95-852fc215a472
WRITE 0977 b7c7d803-ed7d-4337-9a3f-1218db7f5e35
WRITE 0666 7147a6aa-db49-4e41-96be-704b0434d597
READ 0431
WRITE 0692 1c4a03bf-a6a1-4744-b51c-ec9e248da13a
WRITE 0429 16334137-f9c9-463f-a30c-6d273b97d48c
READ 0977
READ 0608
READ 0692
WRITE 0554 ae7c88be-db51-41e8-a7e4-4e330042125f
READ 0429
WRITE 0049 26efed4f-c82d-456f-85eb-b10d9d66231e
WRITE 0132 4dffab00-25b0-4196-86e8-077a02abb5ee
WRITE 0949 64f22c87-c281-4d0a-acfa-0a4c66b15f40
READ 0949
WRITE 0465 1b0e3041-3351-474b-be50-0e0c8a6e83a8
READ 0132
READ 0038
WRITE 0286 d992cc94-d728-4eb7-832b-60e30e37065d
READ 0802
READ 0286
READ 0465
READ 0598
WRITE 0840 a9e880a5-dc89-4521-a569-fc99977e1f18
WRITE 0223 69ff1ddf-99bb-4c2f-b086-84194cfeb6cf
WRITE 0655 81531154-99a8-41d4-bbe5-b989bed0fd30
WRITE 0024 8a8794e9-9b51-455f-a3da-a7e32f57bb45
WRITE 0151 e52c8168-5bb2-49e4-a454-9d40c48b0d43
WRITE 0928 a8d9eb3c-00b6-4850-b828-5acd8fdc9042
READ 0840
READ 0131
READ 0655
READ 0024
WRITE 0366 d9182301-429a-4c36-a34f-3dc7f7cd07be
READ 0366
READ 0936
WRITE 0230 384fcf37-5ae5-4fa5-bb26-ab0f550d62b8
READ 0230
WRITE 0097 4f3c0ef4-8c7c-4c39-973a-d50027e597fb
READ 0129
WRITE 0950 ec4b6bd8-ea31-4a2b-ba01-0740cf1cb338
WRITE 0415 4b6bbadb-c566-45e1-b93c-81d9606783fb
WRITE 0759 9ee5f689-1c7e-47ca-8df0-1ae33cbf1432
READ 0759
READ 0097
WRITE 0917 bb61d932-b868-4ed7-abe3-f8ee32ca9c84
WRITE 0814 363046e1-ac46-4f49-af97-38832cb0c245
WRITE 0463 e9b4d4e0-0b9a-4e2d-8c35-01ec685882ca
WRITE 0012 a3c79274-2f65-4f87-8aad-87d8b2ef4584
WRITE 0918 da6bb1c9-0d51-4c20-bd0a-69180e441d80
READ 0917
READ 0012
WRITE 0687 62558f34-94cd-4733-ae59-07cad0f1714d
READ 0918
WRITE 0712 32a0e80d-aa1f-4a2b-b7b7-8845797d9305
WRITE 0129 e5ee26a5-c32c-44d9-9cfc-f66d6c59fd4b
WRITE 0140 c106c639-ed34-4158-9525-b4764c5bac85
WRITE 0634 e338c4cd-a755-49ca-80ff-643eed1c0414
READ 0634
WRITE 0806 d0669cfd-913c-4613-b6d8-07c271bd9a48
READ 0140
READ 0806
WRITE 0526 cd60ef68-0e28-473a-801c-f77adf75f5c8
WRITE 0172 3acdd823-cec8-4257-ace1-33aa316e51f5
WRITE 0899 cb2f3996-e253-4f18-a8fd-0a1f95703a25
READ 0172
WRITE 0422 32a12c14-7018-4994-b5a7-43451dad6ca7
WRITE 0658 ea0039e7-c9bd-4a8a-871b-fd7fdfccc379
WRITE 0817 f8c41035-0a24-499b-96e1-a4720b5cec29
WRITE 0300 bd721f36-494c-4732-91da-92846fe6712e
READ 0658
WRITE 0726 ea61c584-cbcd-4132-8ca6-c52171d46668
READ 0817
WRITE 0710 cb41dbfe-18c0-4b17-8ede-60df37ae06ba
READ 0726
READ 0300
READ 0216
READ 0594
READ 0857
WRITE 0553 05d717a8-a4f0-4408-a842-f337f741c23f
READ 0553
READ 0368
WRITE 0029 7d7e9203-0c11-4f26-a306-9a47db2a7dac
WRITE 0000 622cb026-ac62-404f-a697-320942f5bece
WRITE 0208 a7dd2e36-4e54-4816-ae7d-e6603fe6d300
READ 0238
WRITE 0279 7e427705-bc6f-494c-a704-4cf111fa551b
READ 0208
READ 0029
WRITE 0461 4e2102c6-5822-46b8-a23b-4cbbfcf86c7e
WRITE 0396 c1e92d67-13a4-48f6-af20-d7cfdd3a3110
WRITE 0748 d51951e3-4c38-41ec-b495-af117dca6d42
READ 0461
WRITE 0945 21ecdfda-b07d-4bfe-9924-d50dda3bd818
WRITE 0318 6bf4ef7a-7be1-46bb-9545-dcd920511687
READ 0748
WRITE 0723 8270d783-3d7f-4f8b-8718-660c1b4084e9
WRITE 0308 43bfcb13-8653-400c-8532-eab1a376b8ae
READ 0308
WRITE 0569 fa8c009d-7f9e-4534-9a99-7e46472ceace
READ 0569
READ 0511
WRITE 0662 371e7d67-6f68-488b-9edf-8cd2954a8546
WRITE 0656 4d33e7b2-b8d3-4116-a0bd-b14423e2bad5
WRITE 0371 be257c85-9829-42c9-8599-cd60c483f881
WRITE 0746 7a4a79f7-9ae2-44df-8337-816d11a7b951
WRITE 0667 43d3ee7d-0e49-4a81-aba0-fc384349fa9b
WRITE 0899 fdf3b8a2-3668-4754-805f-62afa8b36e95
WRITE 0061 fa6730d0-9ca6-4e42-92cb-dea522257f54
WRITE 0233 fd9688b9-0c0f-4e7d-9f5d-6267bf686336
WRITE 0213 37ed5ad5-bb96-4280-9615-2ecb81b5abfb
WRITE 0849 a434d101-7ab0-4fd0-9d16-00e45ab3539b
READ 0213
READ 0849
READ 0233
WRITE 0668 3eecf80d-004d-4cb8-8137-734ce62f7a5c
WRITE 0339 618aaa3a-fb51-4787-bdca-18248c4172c6
WRITE 0100 59b001bb-2ea8-4e00-a79b-baedd9cdaad1
WRITE 0879 b7e16f71-e36b-4536-b423-082fa0c78c5e
READ 0947
WRITE 0281 9e2dade6-617e-44b2-9f27-6a30f6d4ccca
READ 0668
READ 0100
READ 0863
WRITE 0874 a3359f7d-7c40-494e-8154-e578457433fc
READ 0035
WRITE 0144 de9726fb-fd66-42cc-b9f5-3f4ecd6e7cb6
WRITE 0575 aa126afd-25eb-4451-b601-b66794b3f697
READ 0874
READ 0659
READ 0144
WRITE 0985 86cf5130-c6b7-4dab-bd11-5cff25fda7ab
WRITE 0016 3add2ca0-5294-45b5-8953-36b0bdebcc77
WRITE 0608 a965bac2-1542-4af7-b2ea-5e0a1c3d443b
READ 0694
WRITE 0630 0bd7794b-38c7-493e-b9d6-e26814bbab7e
READ 0608
READ 0616
WRITE 0345 b7ba2641-f99d-42f4-b11a-81a50587a022
READ 0033
READ 0360
READ 0006
READ 0139
READ 0757
WRITE 0536 2e7038ee-624a-4a92-82c2-926f014331d7
WRITE 0923 8c5ad109-07bb-40c5-af3c-f04b4566a26f
READ 0535
READ 0923
WRITE 0423 ef00c73e-a081-4353-99cd-b55e2a256941
READ 0012
WRITE 0624 b8657b2e-98e0-4671-a568-05a88d9866aa
READ 0423
WRITE 0338 f84e5a40-56e5-4a35-9aed-638a6ed226ab
READ 0338
READ 0624
WRITE 0559 8112ccf2-3b3a-4742-84f6-0bc2b74f9302
READ 0204
READ 0714
READ 0920
WRITE 0717 fde203f9-a892-403d-95ad-306304c22a87
READ 0717
WRITE 0806 715fe6ef-54f0-43d0-b2f5-3471aef5adfd
READ 0544
WRITE 0711 af84a639-0eba-43b8-b2e0-07f122175a86
WRITE 0735 37af132c-4f56-4b0f-b636-4be49db1f10c
READ 0002
READ 0048
READ 0711
READ 0674
READ 0630
READ 0943
WRITE 0842 e7d13cde-58bc-431c-9112-671f8e59ad3d
WRITE 0272 3eb7d2e0-9f9f-4e1e-a45c-d8a8b0b0f984
READ 0272
WRITE 0450 c84f1f9c-77c9-4c8b-97a5-d73a3f6c6d0a
WRITE 0503 36014126-ed9e-4be2-a22d-7ee796a668c3
READ 0039
WRITE 0468 5c6e4be4-7304-4979-b051-9ea58c3517ce
READ 0193
WRITE 0112 e264dd84-43db-489a-b246-da512f98d16f
READ 0503
READ 0468
WRITE 0665 3a1229d3-f976-42d1-9012-a839dd9f06fb
READ 0112
WRITE 0894 096bf043-ce05-4ee5-9596-739f5d6079a5
WRITE 0145 4a0401e3-4eb8-4d53-ba89-f044a9c13625
WRITE 0492 79cfea2b-737f-42de-ac76-6a2049b76fdc
READ 0665
READ 0145
READ 0489
READ 0238
WRITE 0782 1797b0f3-e16c-4bf0-b491-74a5ed92a420
WRITE 0958 de8461c5-6e61-42ea-a44e-2a35b818e5ae
READ 0603
WRITE 0467 0815cb81-3457-4a68-86a5-e1f416d5ffed
READ 0233
WRITE 0649 5de53f52-882c-41e2-8d5c-9edf2d481d8a
WRITE 0645 f68f0573-35ea-4410-8040-8cc6af9ce67e
READ 0467
READ 0303
WRITE 0311 c1d29f48-1880-4d8d-859b-0094c5d6b2c9
READ 0380
WRITE 0075 ab5eb309-cdc7-4bec-acf4-6d1d3e9c7e5d
READ 0075
WRITE 0380 eb0fd2fd-c401-4e8d-8957-b4a0bd324dea
READ 0480
WRITE 0836 28069a11-2c39-4862-9b66-edb67b67a5c5
WRITE 0135 8506a47e-a7bd-46e9-8eea-ff11f4493a74
WRITE 0653 7e8611bf-ebd4-4ed0-ab50-f984210839e8
WRITE 0560 4474a45a-d930-4c0a-ae40-c227646cb536
READ 0836
READ 0560
READ 0291
READ 0081
READ 0815
READ 0066
READ 0959
READ 0344
WRITE 0441 36a92468-3d63-4fa7-9b2d-238c73ffe0ea
WRITE 0615 c86d5b6e-02f8-4177-9ae3-595aa57d5f8d
WRITE 0411 7e96427e-9e0a-4fdd-9850-24a9b1624bf1
WRITE 0711 f124544e-b4c8-4588-b2ea-79e91201a1c6
WRITE 0214 e61b2233-4501-4885-b00f-f81879496384
WRITE 0685 ba4e0a21-cb36-462a-a8c8-d677b24a3ce7
WRITE 0734 e52e77ec-6694-401b-b5d7-2ad5df314f69
READ 0711
READ 0685
READ 0214
READ 0379
READ 0324
READ 0734
READ 0690
READ 0938
READ 0870
WRITE 0593 baf06dd8-49b5-4754-9e76-09846f8f3acf
READ 0592
WRITE 0946 10c44c02-4d1c-4e95-a465-636df554a815
READ 0591
WRITE 0429 f5f7d186-611b-4e2a-a156-cf6e7ec1e1ad
WRITE 0044 1f420ad2-598b-416a-b8a3-91bb2e926067
WRITE 0634 3d5a80c7-2b53-4543-adce-bc1014c646ba
WRITE 0261 17d3a75f-6822-4fee-89cb-14e4fdc5f1d9
READ 0044
READ 0642
READ 0429
WRITE 0663 b1e003f2-b7ef-4061-be1a-4cba0617d7d5
WRITE 0058 a6fd976a-41a3-45fa-adfd-1720e9d11aad
WRITE 0365 e1bcb7e8-ef69-40e4-84f2-8ab289b15696
READ 0076
WRITE 0109 1ea84cb2-2c1b-4410-8355-8c14a8bef142
WRITE 0181 e05f1d1b-2ce4-4955-a92a-3e276cb1d1c5
READ 0181
READ 0058
READ 0292
READ 0313
READ 0109
WRITE 0218 9f4b434b-5629-49d5-9225-b552f37f50de
READ 0604
READ 0237
READ 0743
WRITE 0867 c30291a1-5405-4684-9183-f883206da9a1
WRITE 0669 1cdb0fb4-7238-47fb-8eb7-881fc3d8ed09
READ 0218
WRITE 0718 74a1d575-5e39-43e6-8d3b-e43d88b419b5
WRITE 0358 9d5d32cf-9ad6-41a2-8825-df254f058186
WRITE 0820 e7e7dcb8-0ea3-407c-a605-a50867244ed0
READ 0867
WRITE 0772 6142010b-2c71-4ff7-8133-7bf08e9c0ae1
READ 0154
READ 0216
READ 0494
WRITE 0357 caa1f255-bb27-4426-ac75-81571302b278
WRITE 0023 2b55d189-0512-4241-b309-7293bb678205
READ 0357
WRITE 0589 f8d4f18a-6427-4f91-bd72-b94d03899997
WRITE 0285 a2babb85-7bc6-450c-8988-939ff9e2499e
WRITE 0190 61989236-d50c-43bc-b916-25c8f4802bba
READ 0023
READ 0285
READ 0589
WRITE 0234 9a40bc7b-f5fd-41d4-bbe8-c85348961760
WRITE 0757 aa9ebd70-dc14-460f-9ddb-3b15e417181e
WRITE 0993 2f784a63-79d4-4503-af17-000a7cac4814
WRITE 0763 47c781be-52c1-406a-afac-8eb94cc6e6b2
WRITE 0027 a1843ae4-ef13-476b-b736-88903dbd6fee
READ 0763
READ 0757
READ 0993
WRITE 0716 4ca930a7-3895-4341-9e34-dfbf8e8c5f1c
WRITE 0690 10139e36-ee3c-4c31-be33-69c41be41688
WRITE 0002 3e838da8-8db9-47f7-b7e7-1f4d2dc5d271
WRITE 0743 b6592479-65d9-470f-bf1e-b78538d708e3
WRITE 0713 dcbf8dbf-391a-4fa1-a699-5ce24d0ef5d9
READ 0743
READ 0716
READ 0690
WRITE 0955 4e697228-e241-4b0b-a602-ef3001041fb5
WRITE 0006 7f10e08c-0ec3-49b2-903e-6362b5f44e02
READ 0955
WRITE 0486 b55bd806-7472-49e8-97bf-401b490a9a13
READ 0643
WRITE 0818 f2e91345-4577-4d12-b22e-2aa32b1cb4f8
WRITE 0136 7d2c3ed2-09a7-49a4-a786-a07569621af4
READ 0818
WRITE 0074 d8d0b0fb-1e11-4261-93fa-de91e3fa9c43
READ 0486
READ 0074
WRITE 0475 385e0e6f-b3f9-4d1e-84db-b85cceaddd02
READ 0198
READ 0818
READ 0474
READ 0276
READ 0004
WRITE 0898 b7ad8d64-b58e-4847-9a37-bff51f525c69
READ 0301
READ 0582
WRITE 0799 c4c1e372-e2a1-424f-8ec3-33df66287fdc
READ 0250
WRITE 0568 2b1dbe48-ae93-4a83-a394-14fd9f2ee884
READ 0039
WRITE 0140 1261e435-d9b3-439a-81eb-30976386e439
READ 0163
READ 0187
WRITE 0022 3ff4a5d0-34b3-4a4e-946d-fa84220b6a37
READ 0020
WRITE 0413 22492c33-9ca1-4906-b6e5-7d7d06e17b0f
READ 0105
WRITE 0938 8b8862c3-8652-4a4d-8a61-9530b2bf9775
READ 0163
READ 0416
WRITE 0592 a4ac9155-b179-4a3f-810f-9b7cfdde98ba
WRITE 0935 d5378540-aec4-4e46-8777-482302812308
WRITE 0945 7ac14322-4f28-4e4b-880e-525a9ad9f633
WRITE 0044 b0633340-9eaf-44f8-a255-8eb8bf0f3f98
READ 0592
READ 0395
READ 0281
WRITE 0330 b5467e7e-1f6b-4d2f-af5a-1051a154dc90
WRITE 0634 a5944ade-9e18-42f4-bbc8-8908c7803ef0
WRITE 0362 fe9da4e1-71fa-4149-9ed9-8135a10fd291
READ 0906
WRITE 0288 3e3eb2f3-0830-4546-b3e3-08eeffd0a576
WRITE 0188 181a33c8-a6eb-45df-b562-0d50b644cbaa
READ 0330
READ 0634
WRITE 0687 018861d3-43e2-44dd-ac43-60f79e1fe90f
READ 0188
WRITE 0668 0619f03e-3436-4cf1-b71e-11d0419688de
READ 0687
WRITE 0173 0d9898d0-b973-44a7-985f-52c2dbffca86
WRITE 0863 4dfa33af-7bf9-42e0-a7f0-627f51fcdb9b
READ 0668
WRITE 0272 e15bd1de-056a-4b88-9535-42031a72d8a0
WRITE 0942 812312b4-4c79-431c-8167-62c3ad28f72e
WRITE 0879 3d40f5e5-e5a8-4319-aacb-3fa3300adc0b
WRITE 0479 4c26cc08-798d-4b21-a17c-2a190e339145
WRITE 0655 021e7e51-f6b1-45a6-8dd9-ee5455e6f2ef
WRITE 0339 29c68e34-03d5-4bc4-9e8c-2a7f7d8bbb76
WRITE 0879 ae18554b-902e-441a-90c5-d1e02a5670ea
READ 0655
READ 0879
WRITE 0355 3f03aa92-72a1-4efc-adb3-018e2a69a13b
READ 0339
WRITE 0889 82e2948e-6b8b-4d2f-9eab-6b9e945377d2
WRITE 0141 73b8dbc1-326a-4fc8-b1dc-b14a1e20ec8b
READ 0141
READ 0355
WRITE 0336 97b573dc-22d1-4c35-9dcd-6d482cd553d4
READ 0297
WRITE 0602 26efe4fb-aa36-44ff-ac8b-8bfea1bb6781
READ 0336
READ 0353
WRITE 0556 6fcec651-531f-4e08-9efc-516ff69281d0
WRITE 0829 146e7187-80d5-465f-94ad-d4497b5fd28b
READ 0602
READ 0915
READ 0301
WRITE 0967 4a9ca26f-7076-46c5-ab38-f82192e606e1
READ 0556
READ 0618
WRITE 0165 14cdf520-43f6-4343-a4c6-a6ef80ba1da7
WRITE 0385 7b1d6e36-9cfa-41ef-993a-6633cbd9946b
READ 0165
READ 0749
READ 0385
WRITE 0704 fdc3944f-9b71-43af-9974-e11e9ad84bf0
READ 0920
READ 0369
READ 0704
READ 0319
READ 0890
WRITE 0368 1d06354e-5443-4646-9c9a-329ceb1344b8
READ 0304
WRITE 0506 922073ed-377e-4dcb-a4a3-33fa327e252e
READ 0303
READ 0260
WRITE 0355 59d3b98c-2302-4149-b267-31026cd5c81e
READ 0355
READ 0143
WRITE 0928 338abf0c-a8ba-432b-8ce9-f81606b4d987
WRITE 0647 34142dba-f903-4327-9442-de9c09cbd9c4
READ 0638
WRITE 0186 68cae49b-a702-4fa0-8ec1-fec4756863e4
WRITE 0295 a7d94655-815a-40f3-a9a7-dca6cc5629d0
WRITE 0690 26d47f75-8a05-4453-96c3-94a8756f8fef
WRITE 0903 065a6ffd-37c6-4019-8681-809f5535086b
READ 0647
READ 0295
WRITE 0936 c5c2da53-de7c-4174-96de-198657f68b79
READ 0690
WRITE 0055 b788da93-a9ae-4f7c-8c96-11d2d25bfec9
READ 0903
READ 0055
WRITE 0155 018d5d11-05b0-4e50-bc9d-d60556931ed1
READ 0017
READ 0258
WRITE 0695 2be4755b-690a-423d-b4b4-4df5983b3329
READ 0682
WRITE 0281 5ce3d6b9-322e-4e68-8ed2-7b2140a1c7d1
WRITE 0322 96dea4ac-080b-4a26-a3c1-e852171c1139
WRITE 0468 e126f6f9-4c7e-43cd-a9e6-1b2b361e6466
READ 0468
WRITE 0218 e1b74ef8-f237-4532-9c14-93e0948ad559
READ 0281
READ 0218
WRITE 0465 43f52325-7ab3-4525-926b-433ad9be5896
WRITE 0495 18b68103-ff2e-4d78-a088-9288f15779e4
WRITE 0484 ce705498-2baf-47b1-b2c2-cdc482ad34de
WRITE 0161 bc28365d-ec98-4441-b24d-6cae1b967e73
READ 0161
READ 0484
READ 0495
READ 0472
READ 0655
READ 0148
READ 0075
READ 0785
WRITE 0231 ffd6a9b4-2691-4c48-9149-c407af26c67c
READ 0055
WRITE 0149 6489a807-1ce0-4f96-b3f7-1ab322bb4fa2
READ 0878
WRITE 0291 13f44522-aa0f-45e4-9144-d9b030edd6fd
WRITE 0218 b9f8ef95-ca01-4529-b5d4-1b33e2c3f5da
READ 0044
WRITE 0341 6973d014-a635-409c-a204-a815cc15676b
READ 0341
READ 0291
WRITE 0825 da441a21-b731-4ec3-9fa5-e21f6eb64152
READ 0237
READ 0825
WRITE 0075 934d31f8-559a-4c26-928f-667d1e990fef
READ 0075
WRITE 0099 a5b65550-7793-459f-a491-7ab22c5db8cf
WRITE 0994 d4ac8f65-a1a9-479e-adbd-d93793af3bef
WRITE 0094 ca4887b6-bd50-419d-ac13-e859159e51db
WRITE 0129 193abcf0-9580-4bb2-bc8f-5c2c0e676af9
WRITE 0583 018a4178-a18a-4715-a74e-b72ed755614a
READ 0994
WRITE 0485 38cdd5bc-3390-4bdb-9436-45f213e058c9
READ 0094
WRITE 0323 79f64147-fbff-42b0-a091-c1bb7a2e8f34
WRITE 0549 fe1f8056-d32f-4ba5-9cbf-5eea8202d90f
READ 0323
READ 0549
READ 0688
WRITE 0450 8fc15172-ea21-48b3-a294-2cfa238ebeb7
WRITE 0099 7a4af0c7-23fd-4fe1-836f-167c56764e61
WRITE 0712 fa410469-d86f-4422-820d-16dc5920eada
READ 0064
READ 0712
READ 0500
WRITE 0855 cc9580c6-2362-4f88-a38b-3d4f23d43c5d
WRITE 0518 b76613ae-ef04-45e4-957b-95a122fe3f8b
WRITE 0505 1449f506-61e2-4224-b9ec-48259b820cfc
READ 0505
WRITE 0784 8ee375f2-1e71-4869-8e49-b89cbf4eb27f
WRITE 0994 c32cfc12-37dd-408c-bfd7-a623258964f1
WRITE 0427 3d0c0515-8d41-4b84-a6be-418567b8b0d2
WRITE 0608 b57afbab-75f6-4c4a-8051-0eb53e027f98
WRITE 0387 96c47da3-ee7a-44b7-ad75-3e9b79c588a0
WRITE 0655 94e960c6-3bd8-4d51-98bc-d1ed3846094d
READ 0608
READ 0994
READ 0387
READ 0655
WRITE 0971 599be80f-2de6-42bf-8f89-ac7a0f2477ba
WRITE 0141 a90fd24c-9de8-47f8-a862-9c47a4a27cc6
READ 0632
READ 0426
READ 0932
READ 0141
READ 0583
READ 0451
WRITE 0203 e1305fc5-5288-45e3-a4a8-c5f7c4c4ffe4
READ 0203
READ 0715
WRITE 0452 a9e2dd4d-f7b1-4be7-929c-0512f404d39c
WRITE 0369 eec39f29-f809-4dc1-b657-c121b6cbe885
WRITE 0560 8dddf6bc-17e6-44c1-bfff-f8cb6ffb09b2
WRITE 0285 f62a284f-457c-49c2-aaae-deb9fa8ef213
READ 0285
WRITE 0985 117c2d86-4608-4b19-a710-036d24a194bf
READ 0369
WRITE 0434 634c9898-958f-4cc6-9d89-09be56dc2bad
READ 0592
WRITE 0978 5246706a-38ba-4456-891b-dcde123d3fb1
READ 0434
WRITE 0419 2cd071cd-b9d4-4a98-b7e9-0bf4018ed07c
WRITE 0745 d096c8ff-ac59-4e6d-b27f-19609ff9b57c
READ 0419
WRITE 0140 e5d665b2-161e-475c-bc78-fdd615a5d718
WRITE 0351 e3191128-8d57-4891-ad09-431c13fc11d9
WRITE 0158 f98d9c2c-52b9-4700-b55a-b3f9f11b49d7
WRITE 0555 e46d308b-9bb2-45ab-9cdd-6fe9e6916e8d
WRITE 0998 cd63f9f3-092a-4fde-ad86-057667c57b67
WRITE 0453 aa603167-84bb-46e5-b8a5-f6b633cf5090
READ 0351
READ 0109
READ 0158
READ 0372
READ 0998
WRITE 0995 b31023c5-f060-4e0a-9884-4dee750448e3
WRITE 0674 f4541756-74b6-4607-b8c9-8af5d3e4af1d
READ 0995
WRITE 0316 6569fe28-cdc2-4323-9990-d9f0943fbe2f
READ 0137
READ 0429
READ 0316
WRITE 0501 94afeae2-cf05-40bf-8d7f-8ea0c903a42e
READ 0881
WRITE 0191 c20408d2-2156-47b8-820b-67f0c92c9363
WRITE 0296 fa447ff8-f610-4476-8fd1-e5fba60f3546
WRITE 0766 a0886a92-448a-4103-a5a1-8b3fa032ae31
READ 0070
WRITE 0301 0c15e8a5-e6f7-47b6-a39f-326c603e85a8
READ 0766
READ 0191
READ 0571
WRITE 0164 1dd501da-2404-42af-af71-7b15c39ad527
READ 0679
READ 0301
WRITE 0600 76769ce4-9d98-45b2-829b-359be6e9fe18
WRITE 0876 e631ee66-7bc4-49c9-b0d0-84ccb0394874
READ 0876
WRITE 0261 edca88ce-6676-4298-a99c-4a08cac4ca8c
READ 0261
READ 0261
READ 0600
READ 0475
WRITE 0910 d38d0371-1a2a-4acb-81bd-af3c86d19da7
READ 0910
READ 0588
READ 0510
READ 0897
WRITE 0126 3991f3d1-7d52-4a99-a71d-494928604d1b
READ 0323
READ 0918
READ 0714
WRITE 0143 c48930a5-7959-429e-812f-deea5c377d8a
WRITE 0859 bab7bf29-b7c1-4979-a748-6d786725fe9e
READ 0865
READ 0729
WRITE 0701 2efa20b1-4f1e-4f3b-aa92-c7882fccee89
WRITE 0632 39918231-6818-4f75-b549-ddc285cbb18c
READ 0632
READ 0859
WRITE 0120 a00aa152-eb8e-41a8-955d-21a024696283
WRITE 0265 b6d1e918-26ac-4cca-9d8b-41b78dbd328e
WRITE 0849 b40c43cc-d3b6-496d-8d36-155c47084789
WRITE 0092 16ec6d25-3884-4429-ad16-55eb95ec1720
READ 0120
WRITE 0350 a37e8fdd-58ca-496d-969e-3da79a39ad14
READ 0092
READ 0020
WRITE 0635 e9a6b7a6-32f7-4e11-a304-6991f392eee5
WRITE 0260 6b769e9c-fbc5-4556-95d0-761f00f02fe3
READ 0260
READ 0350
READ 0635
WRITE 0112 3b6d87cb-561e-4ae8-9095-53551552dd2a
WRITE 0056 51e1ec56-0d36-4c97-99f6-9142b22f1ff3
READ 0801
WRITE 0440 478b0e0f-3b90-41e8-9273-b7785df2fea7
READ 0440
WRITE 0993 da55219a-1d94-428d-923b-b758b36543b3
READ 0993
READ 0922
WRITE 0812 b27ec679-6bdf-499d-8d60-9f340d43d726
READ 0745
READ 0477
READ 0262
READ 0093
WRITE 0827 61ebab84-d9b3-44da-857c-d6f952e5ec9c
WRITE 0682 f23e7366-ba91-457e-b834-a8e11bc8bf12
READ 0308
READ 0047
WRITE 0648 4b75c55d-0309-4a83-89ce-9bc5deecd5bf
READ 0886
WRITE 0904 79521f20-49b0-4c83-bce5-da1a2800876e
WRITE 0641 b3fca104-fac8-43f0-9990-52f171bf9e02
WRITE 0677 1f5b8309-3339-487f-a3be-5de3d97e5c3d
READ 0046
WRITE 0311 d7afc73e-64c1-4a1b-a0bf-fb77252096e7
READ 0311
WRITE 0913 c321f87a-a545-4032-b171-d664c571fedf
WRITE 0142 537643fa-5713-4e17-a1bd-32e8898bcc0a
WRITE 0395 387b5b4e-a2c4-4060-b63e-38f72df4553d
WRITE 0654 9f90c4e6-c7c9-4e56-8ba4-e88aec08c305
WRITE 0732 33f8807e-b8a6-4e3f-bfb7-cc4b6788f81e
READ 0142
WRITE 0209 9c58bada-eb1b-4d59-a253-76a5298f50b7
READ 0732
READ 0209
READ 0014
WRITE 0636 e39e135d-d563-4ad3-a43f-c23667fa4980
WRITE 0582 d73ff00a-3ae7-4835-8555-5f7cd0736c75
WRITE 0389 49e18fd0-d367-4d17-802b-1134b3005acd
READ 0389
WRITE 0689 80a138cd-a5fa-4569-b078-5bb78c4cffcd
READ 0689
READ 0488
WRITE 0778 f14b521f-a3ce-40da-8e23-9d182caf06c6
WRITE 0705 4f3c86ec-cdbe-48ac-adc2-256a63680aae
WRITE 0089 b01da671-0b37-4637-9929-ce9fbfa9a94a
READ 0705
READ 0089
READ 0778
WRITE 0128 cca92bdc-a8b6-424e-8723-1d144d537d37
WRITE 0971 b11e3629-8be1-4366-ac5c-f25d42b627d9
WRITE 0857 89d58211-de17-46c2-97c9-b9bed64bcbb8
WRITE 0137 76579fb1-7ee3-42c2-89ca-d8ed2bed9c45
WRITE 0722 c41145a7-9244-40e1-bfc9-341105bb1939
READ 0618
WRITE 0216 a60cb12a-d7a4-4eff-ab8e-203eaa75a850
WRITE 0914 38afd376-8079-4a3b-a29a-75e1073a9666
WRITE 0783 a2a984ea-0559-4cfc-992e-a288c0c83da4
READ 0137
WRITE 0003 25697408-0b50-4a1b-9a69-62574c3689fd
READ 0003
WRITE 0642 36c95dd7-5837-4120-8125-33f64dae2ce1
WRITE 0297 0bc60981-67b4-451d-95f0-9866e170cfa6
READ 0642
WRITE 0198 145a55f9-cfc4-4899-b539-5f0361163abc
WRITE 0963 c7f8d8a2-a6e6-455a-b6fb-345462491c10
READ 0258
READ 0198
READ 0733
WRITE 0450 3e6ee493-5b12-44e0-ad8e-8730d0858147
WRITE 0043 356cf449-6a2f-4e94-b715-7479d51eb20f
READ 0138
WRITE 0011 038d05ba-53a6-49af-af32-2e58c6505c95
WRITE 0951 97be8afb-e589-42db-b822-779db5018515
WRITE 0836 4f372b68-2435-46ae-b849-5eb813496743
WRITE 0138 3161a26c-a035-424d-a377-3205bf654914
READ 0011
WRITE 0231 8ae47865-0b96-407c-b740-28455b652587
READ 0138
READ 0231
WRITE 0277 27f9bbf2-df06-459d-b1f2-c7c21b086f62
READ 0221
READ 0704
READ 0305
WRITE 0070 c52d4817-90f1-4cff-8e57-9f4e785fc8af
READ 0973
WRITE 0365 4d782cb4-031a-4030-a35e-5574f60a78e8
WRITE 0725 a22891f8-6046-435f-82d9-ec581afa95fe
WRITE 0547 0683962e-6933-4bf7-9893-75631d6eb7f7
READ 0365
READ 0547
WRITE 0666 93cc3967-03b3-4b64-98b6-45c6664f5396
READ 0666
READ 0725
WRITE 0571 e2fa3328-3fe5-46cf-b317-74fb0a4983f3
WRITE 0994 04cd1be8-bc6a-4dd5-8bba-606ee36aa111
WRITE 0388 006e575a-f2bd-41fa-956e-52430234e30b
WRITE 0870 5dd80786-ca05-4e10-8864-cb2fdba0be80
READ 0571
WRITE 0147 f8fa0e96-8838-4ddf-a8fd-5b1b09760d20
READ 0870
WRITE 0256 6fbd2394-b33d-40a7-b71b-3fe352fc47f1
WRITE 0534 54ce81cf-318f-4104-ba3f-a1c8307af5e0
READ 0147
READ 0256
WRITE 0720 66a4fd4e-cb88-4341-8b80-3519f3ffc6c5
WRITE 0390 deb5ec0c-488c-442c-9bbb-fb7802fbda3b
READ 0791
WRITE 0979 6398c210-670e-4c2b-ab2f-4dcbcd5a1b2b
WRITE 0799 27963f28-201a-4414-90ca-2512994d8927
WRITE 0948 d76958a1-6893-4758-88b8-df38faeffd40
READ 0831
READ 0390
READ 0395
READ 0979
READ 0799
READ 0348
READ 0715
WRITE 0044 2b7f6d47-cbc7-4b92-aa0e-f85b91bceefa
READ 0044
WRITE 0663 50c491ea-4f52-4bb7-ac66-73a7f886770b
READ 0683
WRITE 0602 a3663e37-e3cb-4b69-b192-a79881f04a52
WRITE 0822 64fa25cc-9b2f-4e53-8656-1ad6746afb12
READ 0602
WRITE 0772 051d61c8-26c2-44db-b6b7-1eb23602fa3c
WRITE 0116 91f99e9f-1265-43ea-9d9f-43a57230deb6
READ 0772
WRITE 0972 92152fd8-7a7c-48ef-8492-b68cdff30e8f
WRITE 0967 06094865-0758-49bb-a61c-df30c2cd24d1
WRITE 0047 dcb7b6f6-cf87-4e18-96a7-b39aab4d4bb4
READ 0967
READ 0116
READ 0047
READ 0198
READ 0939
WRITE 0590 de22cf38-5906-471b-b883-9ad138140be6
READ 0590
WRITE 0062 6f6f8a35-dc38-4920-8c27-3ab7b40c2d64
WRITE 0532 3ef69c52-1028-4495-b664-e659265bd3db
READ 0532
READ 0293
READ 0062
WRITE 0670 12442505-3bc9-40ad-82bc-774f45491d55
READ 0670
READ 0978
WRITE 0925 631b6d44-3cdb-4464-9c0c-a84b41a4154d
WRITE 0587 1393f4a7-baf1-4c3e-bbe5-61ee5a3f9c63
READ 0805
READ 0925
READ 0587
READ 0584
READ 0121
WRITE 0550 0314dd44-3f09-4093-9e60-a2606a2d8f95
WRITE 0256 494c4146-64d6-4655-ac92-d2c3debd2f07
WRITE 0628 62c9ec73-c2a2-4c49-aafb-6e7d4c3929ea
READ 0550
READ 0256
READ 0626
READ 0628
WRITE 0818 075a3f5d-3e13-4e32-a049-32ba2bb9fdff
READ 0818
WRITE 0741 9a2f090a-3cf5-416e-b9bd-d73f210ac4d3
WRITE 0748 8a24cfbc-c5e1-4d48-98cd-763d97e1f519
WRITE 0560 049fc82a-4ff0-4256-8625-3493dde0a03c
WRITE 0114 5660ec02-f9ca-45b1-8a41-ca317f649c88
READ 0114
WRITE 0381 a89b7f1b-16a2-4870-aec3-cff62cb66e35
WRITE 0059 aa8be5e9-b6ee-44fb-b401-3e2acdf5fb55
WRITE 0482 e21daac9-6719-4c4f-b366-8771d34fd011
WRITE 0444 694b3cb4-d2c5-46a1-9a06-e760dad78679
READ 0128
READ 0059
READ 0381
READ 0241
READ 0444
READ 0132
READ 0786
WRITE 0727 82af439f-2abc-4308-977d-7a8406a5f1d1
READ 0727
READ 0953
READ 0799
READ 0996
READ 0247
WRITE 0820 c058b8ad-3543-49d9-b76c-a6e9f7fcb188
READ 0820
READ 0956
READ 0183
WRITE 0698 c39b2c4a-c079-4c0e-baf6-ffd577d61468
READ 0698
WRITE 0724 cf2f69e7-3d01-46e9-8126-8132aef36976
READ 0724
READ 0474
WRITE 0257 c698762c-2452-4ca7-b339-dbc00a6f72e9
READ 0257
WRITE 0839 fe2a3716-f384-4585-a185-d677fa1ff106
READ 0839
WRITE 0579 6c096ee0-2e7f-45d6-ad42-7d5fe2bd3be4
WRITE 0968 174c5899-5eb4-491c-ba3d-1c8ea6cffd02
READ 0968
WRITE 0720 3893b02f-a8aa-4b99-8489-b5ba57e008d2
READ 0579
WRITE 0888 c9c24382-3e93-4011-b453-2070ce131726
WRITE 0649 ba3a33ab-36e4-4a24-8ad1-3f8e3a972736
READ 0888
WRITE 0444 90347071-2b37-4cbe-b519-d722b4615567
WRITE 0242 3631f69f-2012-49f7-9862-5cb093b2f8fc
WRITE 0951 0c681644-dc87-4473-a7a0-cf00d214e6c2
READ 0649
WRITE 0758 a09541b9-ee3d-42d3-b819-0716cd811c9c
READ 0758
WRITE 0811 ffc1a288-58b5-47c1-af7f-d9badb1501b4
WRITE 0355 33804147-cb74-4f4c-97bd-3bf5c8d76604
READ 0703
READ 0743
WRITE 0804 d3e63cae-ca3d-458b-8f98-49ea51ed5d0c
READ 0811
WRITE 0898 9cdc9d5a-c5ef-47b3-b328-49f944e30173
WRITE 0575 1b947853-2bcc-489d-9cb2-a38c7e231f1f
READ 0804
WRITE 0130 64264d8f-d161-40b9-bbb0-0526bbd63390
READ 0222
READ 0517
READ 0575
WRITE 0074 b0b4fb9d-6b4a-41d6-b486-9b0e9be78c32
WRITE 0156 7d0c6497-6f8d-49e8-bc6d-b6c01f21ade6
READ 0130
WRITE 0426 23f65d81-d117-4927-b79b-af4e7e814f47
READ 0156
WRITE 0873 942ecde5-5be5-45bb-b1b1-efbfdebec1ad
READ 0074
READ 0147
WRITE 0305 7a855f95-fe3a-4f50-a465-7faf76db10cc
READ 0426
READ 0305
WRITE 0258 c27574f3-1745-441b-8914-e23c73329bed
READ 0258
WRITE 0735 0440067c-67c6-4c9f-b070-c30cac62c00f
WRITE 0036 3cccbd73-3783-4103-9853-29aca9bc3395
READ 0243
WRITE 0440 ee954d4c-f039-4d6a-af9d-cb1a3e6dd844
WRITE 0397 b5f1b5af-7ec4-4f4e-b833-8434e468db62
READ 0036
WRITE 0017 75bb09ea-28b7-43d1-bb90-fd3a6bb7d6e7
WRITE 0326 174d5352-56d5-492b-9510-cae86115bdf4
READ 0440
WRITE 0532 e9bd9eb8-a784-431c-b9c7-0bcce9bad1cf
READ 0326
WRITE 0031 094a24cb-bf5e-4d15-a838-1691e2f332cf
READ 0563
READ 0945
READ 0728
READ 0141
WRITE 0402 bf351d5e-a48f-4071-82ce-acb05adc6695
READ 0876
WRITE 0057 131dbccf-dbff-4335-afd1-1b3ed2cb40fe
WRITE 0320 49d8bf65-69c3-4671-b5c5-007d6a9a03bd
READ 0413
READ 0402
WRITE 0448 09751cc8-3589-48c8-9bd2-f6269bf98feb
WRITE 0679 caedbb29-2b83-4db8-976c-7225d119f2b6
READ 0448
READ 0679
WRITE 0137 c13bef96-fbdf-427a-bed1-6aa4afa55daf
READ 0153
WRITE 0609 eaec112c-4a94-44fe-81e8-91fde8fbafae
WRITE 0552 fcfbf249-0fc5-41dc-98fe-29df12b93222
WRITE 0152 34e88630-0942-4847-bf9c-845877d57e41
WRITE 0508 1730f080-9a26-4070-ae57-ee87cf0a19db
READ 0508
WRITE 0338 76440078-d345-4b53-bc5e-8a8536ae4040
WRITE 0747 3c159014-026d-465b-9d97-cfa2faa026c5
WRITE 0012 9b955faa-ba10-46b8-9453-8e94d599e53f
WRITE 0732 0312f6e1-b7f4-4743-b356-ce39e0b5d750
READ 0338
READ 0732
WRITE 0623 b98320be-25d1-41f5-8a52-375b527ed439
WRITE 0678 92d62aec-aa5b-4af4-a478-d0fcd200a1a3
WRITE 0148 857ce992-da03-4c87-8259-dd0490f5f3d4
WRITE 0371 9733e4c6-9f7a-4d42-ba20-8caca6a505dd
READ 0623
WRITE 0535 8240532e-d7f1-4b9d-a725-063d16a99161
READ 0371
WRITE 0785 52563d43-f9b0-4cfe-ba48-b4bb2d8eb6ce
WRITE 0303 abad426c-ce21-4815-858e-a922d64998c2
READ 0052
READ 0535
READ 0126
READ 0785
READ 0821
WRITE 0243 3d3ad0b9-1d78-41d2-b2e1-962bf47f9fae
READ 0483
WRITE 0016 0e70ad93-4ccb-4c5a-a887-19521520b179
READ 0417
READ 0243
READ 0766
READ 0016
WRITE 0601 124889e9-6e50-42a6-be47-f264c19aa8b2
READ 0817
WRITE 0566 4e22bec9-612a-4e1d-98fb-c5adfdbe284e
READ 0601
READ 0225
WRITE 0279 62c772d7-e27f-47cb-822f-735cb5b9ead2
READ 0995
WRITE 0223 57295611-aa1b-4cb8-a508-f871f2178246
WRITE 0017 7423d20c-5792-49c0-a2a2-3381ef869f4c
WRITE 0484 1e156035-dffc-4546-9a75-8df775055adb
WRITE 0941 8407694a-98a3-4804-bb01-eacad8bfabe3
WRITE 0804 59dd957c-36af-4ea1-911a-87da36989815
WRITE 0620 9c2221d0-a2c2-40d3-8f2a-66b40a1b93d0
WRITE 0583 9dee6942-230f-4b0c-9f32-f4b7bdeec619
READ 0889
WRITE 0957 3f1d3a94-43bb-40e5-9c3c-6da9d766c718
READ 0804
READ 0583
WRITE 0733 7cf521bb-2c22-4b3f-9b96-04c38c89ffab
WRITE 0250 ba7ff029-67eb-4a19-bbe2-8a10f83a78f4
READ 0957
READ 0203
READ 0898
READ 0884
READ 0250
WRITE 0085 c8587875-2663-48de-84c8-33bc5b6824fb
WRITE 0608 c99fd57f-4aa0-4ee5-8ef9-914a7074ce9e
READ 0485
READ 0792
WRITE 0701 8b735b79-c6df-402c-8bc0-6834c8f6ce53
READ 0584
READ 0085
READ 0087
READ 0527
READ 0026
WRITE 0608 962a5a7f-0354-4f2e-8291-479413c3adca
READ 0223
READ 0233
WRITE 0558 e14a1355-e3c8-4f58-8bbd-b0752dfb1706
READ 0114
READ 0558
WRITE 0364 6ed05de6-aa37-4507-86b6-dae00916c7d2
WRITE 0258 9f30f567-4e24-4264-8344-d7f8eb78f557
WRITE 0216 4f39ebb2-c96d-4940-a0ee-185e58810e60
WRITE 0246 35c1480e-6efb-46a3-be0e-45cdb8195f25
READ 0653
WRITE 0762 4bcb2e2c-bacc-46b5-a163-08cb71b388a9
WRITE 0443 6d57583a-7ea0-4d1c-886b-12effb4291f8
READ 0216
WRITE 0968 4bbda4a6-f766-4f76-b2f6-864ad1000668
READ 0968
WRITE 0298 a3ae9c39-a1bd-420d-aec8-f6570cf4cff5
READ 0291
WRITE 0829 f50bcfac-89a3-48c5-80dd-eafad36c9683
READ 0298
WRITE 0859 7867a5c4-d0c3-442c-8d2a-2f53651b158c
READ 0223
READ 0274
READ 0735
READ 0419
WRITE 0395 c9108647-ab77-40a8-8c94-6252ca2be037
WRITE 0008 f67a4643-0e2b-42a3-a7d0-e493e4f48eca
WRITE 0190 45868d7f-cbb2-478e-9635-69f2329a3b89
WRITE 0803 8b88b068-ad85-404b-bffc-d59daf46cf27
WRITE 0022 14a351fb-3e07-4e1f-bd25-ae430345a4bf
WRITE 0365 bfb436d2-34c1-40d8-a3ec-a5e8a1951a9a
WRITE 0182 e8379650-cef6-4fcd-a3ca-2cb49deee08b
WRITE 0327 f991854e-e802-459d-ba39-adb03b419318
WRITE 0398 e7112744-e5fe-4019-87fd-c4cc55f154d7
WRITE 0679 acf3dd99-10e8-41de-80ea-a25a5f9d77dc
READ 0365
WRITE 0656 c67c01ca-f110-4a04-a3dd-f727d01745e5
WRITE 0271 d5527d24-8ad1-408d-8674-4f72a02957f2
READ 0327
READ 0398
WRITE 0382 7d08f79f-7fba-4c4d-ac69-545e6266668a
READ 0397
WRITE 0341 1ab29a68-cf80-4419-8b48-3c4c2049c88a
WRITE 0688 3368a3d8-deb0-4a9c-b259-34522075ae9f
WRITE 0877 ff482a50-0a42-423c-9616-9cd445578f82
WRITE 0660 8066c0f0-35e1-4c47-ac97-8ec8b13ff9f5
READ 0877
READ 0660
READ 0688
WRITE 0105 42e8a5e4-a0ff-4877-91d1-478e9b5cdb25
READ 0717
WRITE 0643 456e4ba6-3a80-4185-a982-abe63a4979df
READ 0643
READ 0154
READ 0921
WRITE 0093 833b7a0d-4855-44d9-b081-36b9c4ce1182
WRITE 0791 c344cab0-dc59-4ecc-b239-e35cadffdcf4
WRITE 0186 2e5993e8-5c85-4ab4-8d7d-bc2dc1f3f6b3
WRITE 0709 9769e855-2c85-4c83-8762-5ed0770c27d3
WRITE 0264 7e7d932d-b06f-4c45-9aa3-1a25574154a9
WRITE 0648 a68004eb-a6a6-4b01-b81b-a4f93b3900ec
WRITE 0346 6190af3d-0551-4338-a3bb-0d2830cd8f31
READ 0346
READ 0709
WRITE 0704 a4b62a13-30ed-47b2-a677-d619c3f8e78a
WRITE 0398 97d3c1e1-a217-4e5e-8ef9-39a4be9a2a76
READ 0648
READ 0398
READ 0592
WRITE 0515 a51b7fc1-e699-4473-b8e8-4c0496ce6ea9
WRITE 0110 c4d62617-c6f9-41da-bcee-96e654de9362
WRITE 0325 730b5150-1ff6-42a0-8c0a-1a071dadd420
READ 0325
WRITE 0381 dfefba15-f818-4b5e-921c-6f9f7bc4f006
WRITE 0891 37f884cf-239d-4db9-ae64-9fe328cad8a2
WRITE 0813 4db40005-7c0b-468b-8516-2cb1f7e23fce
READ 0110
READ 0891
READ 0381
WRITE 0214 42f09b28-f0dc-4717-afc7-bc742968b4e6
READ 0027
WRITE 0756 983564ee-ee83-4321-bd56-324955268ddd
READ 0589
READ 0393
WRITE 0455 2937f7b0-1af1-4722-a747-4dc5d2fca42d
READ 0772
WRITE 0991 7981e729-7480-4e63-b78a-68ee94cbed4c
READ 0568
WRITE 0645 7dc0ddb7-020d-4c59-954f-f2a2d6c6060a
WRITE 0159 401d508a-014a-4840-bc83-8c51880d6643
WRITE 0975 4178c00a-6262-4c6b-9ef8-4f05daa69b45
READ 0991
WRITE 0156 e7d8638f-a5b8-4189-9d83-7d25551775ac
WRITE 0578 9d36ef2a-ebf2-4e0e-8935-3944ca7e406d
READ 0975
READ 0159
READ 0897
READ 0368
READ 0156
WRITE 0908 e1ccbcd6-95d1-4e27-ae5a-1bc5688bb4cc
READ 0015
READ 0150
WRITE 0441 93e2bc69-0768-4c5a-ba21-7c7eb658c322
WRITE 0942 a65006d2-1c52-4a6d-b6c9-b032b7468e55
READ 0293
READ 0441
READ 0509
WRITE 0810 b8d4b780-3b91-41f9-9ccc-7dd6e417104d
READ 0810
READ 0750
WRITE 0476 069e62ed-0325-484c-9c82-961079584a36
WRITE 0392 47f89b6f-d152-4059-bb3a-5a9f031bf476
WRITE 0350 dddc9ebf-e8e2-48da-803f-d2ac60e27a03
WRITE 0286 cfb59469-63f7-417e-a8bf-1f3b58dec22e
READ 0696
READ 0496
READ 0688
READ 0286
WRITE 0482 8066f895-ab58-458f-bbae-70a218a5f1e6
READ 0254
WRITE 0507 5ddb3f84-a70f-417a-8005-9144e36e2a54
READ 0482
READ 0070
WRITE 0458 e4b58550-8e2a-4dec-9e08-21b2e08c07bc
WRITE 0451 edd9764b-1ba5-4c5e-957b-22979381f2c2
READ 0458
WRITE 0844 e8ff0f63-e971-480f-93b9-d5369e42954a
READ 0851
WRITE 0362 a99cf065-a3f0-48c3-a045-916cf57c4356
WRITE 0516 553a8a93-3629-46c7-8de6-4d6ad6fc9a3c
WRITE 0523 d0931725-9d13-4d05-8c97-435356fd2db0
WRITE 0262 ac13b6d5-0e24-4c92-8d44-2400429faaa5
READ 0362
READ 0262
WRITE 0563 a8a91802-fd85-41e2-bf86-bcff69343c65
WRITE 0980 3541d0be-b648-48da-83d3-ac362662f246
READ 0830
READ 0312
READ 0034
WRITE 0049 e8372170-a2d4-4926-998d-31b4ed4a2e1a
WRITE 0311 60a98789-c89f-4181-bbf3-9b85603f0f76
WRITE 0408 7e934ee3-2f2c-40a8-bbf1-fa3a90d7bff1
READ 0981
WRITE 0389 e83b6578-8aad-40f4-9f2d-3d2cedcb2c4e
READ 0389
WRITE 0865 d6ea731f-9bc2-434a-9457-aaa902c882d1
READ 0311
READ 0408
WRITE 0861 17a31b6d-405f-4b17-af60-a80de28538c6
WRITE 0108 4a2d8370-5110-4d09-b138-65f64647b97d
READ 0865
WRITE 0955 a7cfbc59-378a-4944-9db1-5373b4a45d4a
READ 0108
READ 0955
WRITE 0486 cc611865-497e-4300-8f21-37ad4599728b
WRITE 0567 3ce443a6-b318-42cd-bfb2-df8e5c6be83f
WRITE 0450 5e0a0a0f-6001-4d4f-b1ae-40c118ac2799
READ 0486
WRITE 0053 2d85c7a7-827a-4ea2-92e0-c0acd087a2de
WRITE 0269 1b0156e2-ca86-4545-92bd-3cbe4ad69695
WRITE 0985 01252139-d50a-47aa-9101-8e57913a3688
READ 0269
READ 0904
READ 0053
READ 0194
WRITE 0602 ca4e52a4-8857-44b3-9d25-4599b885dc32
READ 0602
WRITE 0891 ea1ea68b-936d-48f4-a28f-bcf68e946b35
READ 0430
WRITE 0654 cf3e5ef3-ee34-41d6-8882-68c193489424
READ 0891
WRITE 0087 38b5f9a4-d81f-486d-8b6b-fb3d021af888
WRITE 0501 0067d16e-48b4-4d4a-8b70-89b30f0ad957
WRITE 0095 93f3b340-f202-4e77-aaea-7d79b2b23398
WRITE 0935 f9e49bf9-ffea-4104-a5a2-379744100824
WRITE 0360 cee829e7-f035-4c24-a713-bc7b8877e3db
READ 0087
READ 0501
WRITE 0649 af61879e-ddab-413e-88a3-26954546a7d1
READ 0095
WRITE 0089 84e0a7bd-cf3d-424e-811b-36eb4e7c97d6
READ 0907
WRITE 0459 b1655488-516a-4744-903b-1c6908a929a2
WRITE 0405 27f37218-4f25-4241-960c-ecbf72177935
READ 0649
READ 0630
WRITE 0602 8f7ba577-07cd-466a-b42d-edcc51994a24
READ 0405
WRITE 0111 25138d51-d17b-46b5-8f1a-183a528b2073
WRITE 0607 a47a71a1-81c3-472c-8dc7-5b2976469c5f
READ 0111
READ 0898
READ 0602
WRITE 0796 5498693e-c90c-46b0-a614-4b9b9fd173d4
WRITE 0358 a0cb51c6-abf3-48c4-be08-1ee9d5a261fb
WRITE 0430 78a0cfc2-696b-4789-9511-d93103e45916
WRITE 0561 60b990d1-ff37-4faf-aba7-493313d5b501
WRITE 0900 7a1e226a-0e27-41d9-92e3-b8f53df03a26
WRITE 0175 e59c8df6-7f1e-4fe7-a1cb-96f8d0e4558f
READ 0358
READ 0175
WRITE 0102 ae97db5f-8cdd-47cf-8e32-3c58fc153a06
READ 0900
READ 0292
READ 0367
READ 0087
READ 0070
READ 0765
READ 0422
WRITE 0826 cbd24d7b-6203-42a3-9de7-ad67e6762b4f
READ 0790
WRITE 0782 19c1cfb5-a120-4387-90b2-2920c3afc11a
WRITE 0662 3444eae6-3983-40ed-a647-9e70c29eb1db
READ 0344
WRITE 0547 df47ede7-6966-4eb4-ae7e-182dcaf70aff
READ 0826
READ 0619
READ 0662
READ 0587
WRITE 0429 7ac99048-43d3-4300-8a3f-ce5868acf095
READ 0429
READ 0372
WRITE 0688 57faf0d4-c4d6-4422-a52a-4b3187c68b80
READ 0318
READ 0000
WRITE 0774 8abf16fa-28f4-4e70-99bb-05a4652b599b
WRITE 0102 20d571c2-564a-4b13-9515-7cacd5c02076
WRITE 0385 8ef18caf-86a8-43f1-aae7-fb82cf4f32b5
WRITE 0389 93e8510e-dcd2-40db-ac55-39ec1db8b08c
READ 0870
READ 0102
WRITE 0884 02c77cc6-d959-4e71-9e7d-cf238a85db40
READ 0529
WRITE 0728 f930685d-2b97-4b3d-be95-588e422161eb
READ 0685
READ 0884
WRITE 0315 5e429b8d-2db8-4032-83de-5ed3c5815308
WRITE 0743 1555524b-3fea-42fe-b1af-cfbe045b2ce3
WRITE 0815 f319ad22-886f-436f-9d64-641e46a81ae1
READ 0315
READ 0815
WRITE 0296 22a6d0f5-42c8-4853-9531-2b02ac2bcffa
READ 0743
WRITE 0226 fafda73d-a0d1-45ff-8eb0-6ed4f06846d9
WRITE 0303 0ab7cee9-4423-4a2e-a5fe-ca36b6e77541
READ 0296
READ 0303
WRITE 0352 7e6d284e-69e7-4f8c-acf3-23d251c82993
WRITE 0053 b44f02da-9047-4eef-b655-4e7fd5af38fe
WRITE 0779 b7cd9ec6-d47d-498e-a350-a88dc27fcb36
READ 0352
WRITE 0823 a2c01f7a-9e64-42ea-8e47-1069dc9000d6
READ 0053
READ 0962
WRITE 0209 e811eb27-cd93-44a6-89a1-6ea2d76d00f2
WRITE 0362 2e48417c-b96b-4649-ab74-f7342c580cca
READ 0194
WRITE 0642 df286c15-469d-4cd5-a928-127cd8e6b873
WRITE 0367 3939d6f7-96f4-4aa5-9850-4495dcb3c0f7
WRITE 0317 c3e976aa-9deb-47d2-ba26-7122c255d4ea
WRITE 0220 bac7e72c-846a-4b15-aa48-1d561817723b
READ 0367
READ 0220
WRITE 0075 90c89034-4f8f-4ad8-85e2-00f0970d62f2
READ 0317
READ 0331
WRITE 0615 b31ad97e-0a30-4860-b581-0919e6f69ca9
WRITE 0368 f4ed6329-0d89-42b4-9412-fa2791fff453
READ 0075
WRITE 0156 0d57ccca-3bcf-4068-9191-352de21c5f78
READ 0156
WRITE 0570 21507e71-1c94-4f28-be37-7d5b8cbdca2f
WRITE 0002 2905bb22-d4a2-47d8-bcc1-b3d659b0623c
WRITE 0185 b7d1a2ae-5b3c-4aaa-920f-0f0e7eefaec4
READ 0010
READ 0509
READ 0574
READ 0185
READ 0102
READ 0871
WRITE 0375 8ebb0e90-7837-486c-87dc-41bff03379d1
READ 0024
READ 0276
READ 0375
WRITE 0147 91fd66d7-b17d-44c4-946c-cf4837546e49
WRITE 0040 27dd6707-0caf-4aa9-9726-c846114a6a37
READ 0213
WRITE 0587 0311032c-a20f-4f1e-80ef-9e8aa8dcf16a
WRITE 0623 0cb1ec55-6134-4aad-ab13-1e764f92cc32
READ 0587
READ 0147
WRITE 0768 b12eef8f-a1c4-4f58-a4c7-2a248d905481
WRITE 0064 890bf48d-0970-4256-aef2-2e5495f729a5
READ 0787
READ 0623
WRITE 0970 05b84f80-0336-41e8-8404-e04a67e8c5ab
READ 0008
READ 0792
READ 0140
READ 0970
READ 0481
WRITE 0863 0df7cb20-aaf1-48ca-9304-58c3fe7b2b25
READ 0551
WRITE 0512 01c62bd3-f3ea-4ac8-8962-e2796ac3718e
READ 0325
READ 0138
WRITE 0495 01119697-f922-4656-b508-48c5a1c3714b
READ 0555
READ 0899
READ 0635
WRITE 0349 2a632a92-623b-4f11-9f96-9d11e71a641e
READ 0495
WRITE 0450 2547fb2b-2523-49bb-8fe1-60edefb330cc
READ 0385
WRITE 0019 888cb4fb-77b0-45b1-bd92-781598b5f0f6
READ 0678
WRITE 0814 20123dd1-2cbd-4f28-8b84-db625f52f08b
WRITE 0019 2591042c-bac2-4e33-a006-14989f512743
READ 0450
WRITE 0030 12b744b3-92da-42af-beb8-b260d720907f
READ 0814
READ 0947
READ 0030
WRITE 0939 707bfea1-b112-42ba-b3f6-af46f08605b4
READ 0418
WRITE 0145 1518bd6b-2b10-4db4-b19f-52a8a9223012
WRITE 0554 47e3d7c3-e84f-4760-b1fc-5e7105041da8
WRITE 0430 bfc50ded-8dd8-4137-ac6e-4250aa79f5e5
READ 0939
READ 0554
WRITE 0759 2574dd15-5e28-49e1-8dae-b2dd1b341526
READ 0145
WRITE 0834 c1e47e33-87b6-4510-9293-4c37b69d0ff5
WRITE 0567 150779c6-119a-4d18-a073-2111527650bf
READ 0864
WRITE 0531 4240bf59-3ed3-4c42-b465-e91f5041ace4
READ 0639
READ 0834
WRITE 0344 24ac944d-df5f-4637-a7ce-a7a60fa6a0b4
READ 0531
WRITE 0856 dac60623-2587-4717-9510-c3276a894a75
READ 0679
READ 0771
WRITE 0149 d00a8870-03d6-48b9-b3a4-7c0ccf960081
READ 0149
WRITE 0575 5b8c584d-a28a-4348-b04a-9c151565388b
WRITE 0767 a81dbb31-c0dc-4ed6-ac3c-e3d10699e915
WRITE 0254 409b50b9-30a6-42db-bc7b-f08840ad7ad3
READ 0130
WRITE 0978 ba003e38-0657-4f84-927c-b36560899c04
WRITE 0636 b1801048-3a2d-4ca4-8e0a-ad87ff6c4183
WRITE 0189 b57e7f2a-d432-4846-b6d3-c3203fd14fa6
READ 0882
WRITE 0555 92d8f42e-eba1-47c3-a639-b1edd18f56ae
READ 0636
WRITE 0519 cfbfc3f3-e38f-4063-abbc-116f44219bad
WRITE 0203 b57bd476-98c8-4c63-873c-13521d4e4907
READ 0189
READ 0519
WRITE 0683 6bcd1a51-7e7a-4604-9b5e-855ee58491a9
READ 0203
READ 0743
READ 0034
READ 0396
READ 0194
WRITE 0382 bfec2fdb-b032-486a-a916-08de4fe2220a
WRITE 0587 97dc3bf6-06e8-4abb-a03b-3a1572ecde5c
READ 0587
READ 0894
READ 0304
READ 0618
WRITE 0551 8c41034c-d0f2-40d9-80fb-328e53f0446d
WRITE 0476 6663f4d7-f7dc-47ff-acff-1bedae0e0563
READ 0851
READ 0113
READ 0830
READ 0551
WRITE 0695 ef915afb-e133-425b-b398-c37c2efc8366
READ 0728
READ 0695
WRITE 0782 44bcc9b0-a938-4e02-9d3d-ef88b9c551be
WRITE 0742 de3ff757-cc52-4b9b-90b6-c1f9dd09ad9f
WRITE 0373 eaf5e456-126b-4157-8492-2bff6436907c
WRITE 0181 9592fa82-2c89-4138-9e23-97f0b75bafd1
READ 0181
READ 0742
READ 0318
WRITE 0905 6eeb77db-d9f2-4656-9faf-70e420f7b1b7
READ 0373
READ 0464
READ 0385
READ 0905
WRITE 0747 86b65281-3a87-44c9-a5a5-42b1376f0805
WRITE 0754 6fc20739-44e4-40b4-8b16-e9c27794c3c1
READ 0671
WRITE 0129 82f0662b-fa5f-4d08-976b-f2d23233f86a
WRITE 0515 82205eac-4411-4428-acff-344583fa43b6
READ 0129
READ 0747
WRITE 0927 79ce6acd-639f-412f-bccc-4603669b54a7
WRITE 0517 40886972-6120-4c22-80c2-d7184caad626
READ 0844
WRITE 0274 ffc550d1-67ae-4202-972d-f0601b564570
READ 0274
READ 0927
WRITE 0639 5221c76b-c80d-4b74-ab44-c571e8870190
WRITE 0277 b1bd28e2-6155-41c8-8cc5-5604e86b61b5
WRITE 0471 d71aba4d-dedb-4204-b740-eaf74d4fd30d
READ 0684
READ 0639
WRITE 0541 30dbb0c1-11a8-43a2-b1cb-f46b7fad595e
READ 0139
READ 0720
READ 0541
WRITE 0516 07d1c6fd-603f-4b77-aa4a-1953b0915845
WRITE 0261 a82a6f71-d49b-4ac9-b6b7-3924798634c6
READ 0383
WRITE 0777 e92dca76-9985-49bd-8cbd-a7fe963747c8
WRITE 0366 55eb357f-7e80-44bc-b437-f3742dc6cc63
READ 0261
WRITE 0106 9fe2ddc0-e58e-47b8-9a8a-a1c7c6b2c3a1
WRITE 0219 f400f4cc-9f0e-402d-a6cc-4731cbba2601
READ 0777
READ 0219
WRITE 0562 720358ba-3921-4346-a56b-53017efa57c0
READ 0106
WRITE 0799 2f9cfb31-8d8a-40d4-94fb-6398f0a5a5f6
WRITE 0717 cd6c58d6-a35b-4876-a1b1-8a31eb79a37b
WRITE 0458 ba357b08-9332-44c7-bb02-4e623be428f1
WRITE 0926 a9f28be3-2484-4af6-985f-ce7a054a2397
WRITE 0322 be5d50ee-2ba6-4245-a3ff-59819b017d35
READ 0926
WRITE 0366 be459e5b-3c01-404f-9005-9da391d63d82
WRITE 0249 c6b32e33-e5b5-4325-9148-35ce58a4e404
READ 0458
READ 0591
WRITE 0839 f555f7f2-6f3a-471a-966a-6bafccdd5ff9
WRITE 0064 aec724ac-cee9-4693-b064-734f9eeaa0dd
READ 0249
WRITE 0716 e3915aa1-1326-4cd4-bb65-c4d3ee772f7c
READ 0064
WRITE 0751 d2e37ca1-2b03-4623-88cf-cc1e3ad1f8e4
WRITE 0974 7cb6ae47-6057-46f6-9334-c8035b3a02ee
WRITE 0942 a73d8381-b755-44cf-8196-3ed0026d9aea
READ 0760
READ 0942
WRITE 0041 3c71a30c-7f48-429f-84a3-fafebb8b3875
WRITE 0775 0edfee6d-bca0-4559-be66-85b786eb95bf
READ 0775
WRITE 0791 ba7fa076-c450-47ba-83c0-8e0b91dd2894
WRITE 0762 cf392e4b-f6d3-4210-a87f-05ea57cda7d3
READ 0791
READ 0041
WRITE 0023 c79435a6-196d-4cb2-9c48-30cef0b734e7
WRITE 0725 5c9556cd-6403-45c2-b047-d658b245e2c9
READ 0762
WRITE 0322 9b4b8a18-ea3f-4a00-afe3-cc30150b80ce
WRITE 0298 16b4244b-90de-44fd-84db-a9e2faa5ec83
READ 0023
READ 0296
WRITE 0345 2209dd22-4efd-4e8c-be7a-dd95abd9be6f
WRITE 0499 a15439e0-60dc-47ce-a3cb-26804c065e25
READ 0211
WRITE 0085 82cc37f5-5327-4fb9-98e8-6c8e7f538bac
READ 0499
READ 0438
READ 0225
WRITE 0422 8f034d48-3198-44a8-8b16-0b78b85350b0
READ 0085
READ 0854
WRITE 0432 569be312-ec07-4494-bfbf-3bb35ccd03df
WRITE 0901 6319e0a2-d253-4a14-9f2a-2ff47454bd48
WRITE 0771 cd1e05f0-cb86-4c24-9bea-f62d2da10244
READ 0689
WRITE 0619 d210793d-1de3-46c9-b4d6-989f493627db
READ 0619
READ 0235
READ 0020
WRITE 0141 b7418a54-82f9-4e2a-8eb6-940d952af24a
READ 0384
READ 0032
WRITE 0296 996d0bc5-87af-4bb1-815b-2013e7140e19
WRITE 0297 53261660-1dad-4351-bc8c-483c9357219f
WRITE 0101 8e0f8a1d-ee2c-4bff-b6bd-ef6364af68db
READ 0141
WRITE 0334 eb6c46f4-6937-4ba3-8f0a-d99b21822a94
WRITE 0104 02b6bd10-1dd5-436a-9c36-df893f4b09e1
READ 0101
READ 0751
WRITE 0454 d66e0779-4252-4812-83c4-97d76cd6b9f8
READ 0143
READ 0104
READ 0650
WRITE 0807 5768c65d-efcf-4f34-8067-1953dec9a0cb
WRITE 0457 ca72f87c-2cc1-4f0d-a2ab-62cafeab5d0f
WRITE 0204 c5ad8417-dcff-4947-8f5d-ba3350022871
WRITE 0292 aac41098-4f0f-4543-82cd-f0968ea7e3e0
WRITE 0721 cd79da13-4b1c-408b-9767-b21ba9cd9c8e
WRITE 0990 d28bfa22-7de8-4324-ba0c-63367c3dcace
WRITE 0271 75f1c8ef-017b-4737-93a4-0da9460944e5
WRITE 0128 c7be400e-b7a1-4d2b-b840-fe2a75d31bc6
WRITE 0871 9fe437fd-c390-4228-bf62-0802b93c4ac0
WRITE 0493 b6ad6755-31cc-49ac-bf7b-8dfd1267b79a
READ 0128
WRITE 0933 267c5d2f-9b5c-4c4d-84d8-f44b2e05e4e2
WRITE 0139 7c0b16be-3ca6-4a84-bb3b-c086ae412ea6
WRITE 0618 46b9050d-d32b-43a3-a0b0-c47fe016e591
WRITE 0819 7115c530-5a7a-4584-81a7-12e92c87ef6c
READ 0139
WRITE 0943 c43e59ec-98b2-4b0b-af74-daca6607a708
READ 0618
READ 0844
READ 0943
WRITE 0371 2868c441-0831-4b95-970a-7aa5513c7260
READ 0578
READ 0371
READ 0588
WRITE 0481 629f2a85-d7d4-4fec-ba93-6b09ef808a72
READ 0465
WRITE 0480 eea56880-2fad-4d7f-a7cf-1c403738b0d8
WRITE 0914 3369a463-f0a5-4b61-ac48-532a05689e0f
WRITE 0252 d423af2b-49bf-4dac-9a6f-74f7aa73d793
WRITE 0941 421aa2bf-c029-42f1-aef9-7e5f1de48c5b
READ 0914
READ 0480
WRITE 0254 8f93faee-c342-4d30-9539-c60886658547
READ 0252
READ 0254
WRITE 0186 6020ae1a-e64f-43c0-b62b-906eb4d9fb33
READ 0813
READ 0186
WRITE 0407 ef44b6ee-b30b-490d-aeb9-3460c77a828b
READ 0407
WRITE 0658 c57de228-8343-4852-81be-5bd1fcd3c330
WRITE 0474 106b08ad-9702-418b-bb73-02daa0272a11
WRITE 0139 440785d2-55aa-4a07-b95a-9e1fba0f4b43
