WRITE 0091 66658232-bb56-4b2d-b279-27308f05629b
WRITE 0006 34f8a8cc-8f00-463b-b2c2-d27ebd3cf82e
READ 0091
WRITE 0022 626f5dde-6e4c-4f3b-ade8-2c5a0c7d9309
WRITE 0041 1d667b5b-48d5-4453-8e8f-6c80751bd8a4
READ 0041
READ 0006
WRITE 0028 52abb5ab-a334-4a18-ae23-87275bf004e5
READ 0028
WRITE 0024 88005a84-4aee-4a61-bff7-3e2a5566f395
READ 0024
WRITE 0020 152cd3a9-695f-411e-83e3-b40263c8cb79
READ 0018
WRITE 0073 bdbbb6b2-f4dd-415a-b5ff-a27c2193ae96
WRITE 0017 1d49e43c-d6c0-4064-9ccd-9435b9b266b3
WRITE 0002 23af7f07-5151-4635-87fb-b05780330437
READ 0073
WRITE 0006 c7bf3c14-2ce0-40bb-b0ad-0578d5f6ea95
READ 0017
READ 0028
READ 0006
WRITE 0065 285534aa-9563-4f00-94b8-5587b4a37381
WRITE 0088 04623438-5248-461a-a554-fcaeff9575d4
READ 0009
READ 0037
READ 0063
READ 0050
READ 0043
READ 0037
WRITE 0023 f7a0c0bf-ffcb-4c41-a48d-e6a843816cb8
WRITE 0056 24925c4f-21cf-4c3a-9a7f-f672d76ed412
READ 0056
READ 0023
WRITE 0080 f8d9d275-df0d-4db5-81a6-33850b7b8918
WRITE 0080 29eb7e93-eeaf-4ba7-9550-6312e20ddb93
WRITE 0013 565d0824-8687-4a1c-8316-885486708b80
WRITE 0059 78c70550-61a0-491b-995a-64ad249c1958
READ 0080
READ 0080
WRITE 0068 ef38fb33-6d57-4202-b290-f9507c0a2c64
WRITE 0047 fef4a6c1-bfca-48fb-9db5-ba4199cc0719
READ 0068
WRITE 0024 386e3f5a-006a-4fbb-ba57-29dd4582c1c4
READ 0047
WRITE 0023 3b115f3d-7f45-4a75-b2af-b65293753f84
READ 0024
READ 0097
READ 0060
READ 0071
WRITE 0017 65aa9afd-c94e-49c2-8c80-d7e629d7a83a
READ 0023
WRITE 0039 3a532696-2805-401a-99bf-9900e96417b9
READ 0068
READ 0017
READ 0039
WRITE 0062 fe87636e-decf-4e5e-a58e-589a0dd54e2e
READ 0015
READ 0062
WRITE 0001 077922a9-01a3-43c6-82db-1aede461c359
READ 0074
READ 0055
WRITE 0022 fc82172a-425e-4ede-a71f-35c938cf074d
WRITE 0071 834eab14-199b-4060-b5a8-a17bc57c7d8b
READ 0001
WRITE 0001 f257314e-8d9e-46e3-bc78-d10905656a67
READ 0066
WRITE 0075 7e32d5a5-5229-4d7e-a4ec-22e0fc4951ce
WRITE 0088 9473d7d7-d248-4cc4-9db6-c85eb7097e94
READ 0022
WRITE 0096 3e2ae54d-c6a2-45f4-8be1-865643a6aadc
WRITE 0013 6efc3b89-4e65-412e-bd30-f37b5455a785
READ 0028
READ 0013
READ 0096
READ 0026
READ 0019
WRITE 0017 27ed7f01-9bae-4236-98c9-68b32f3f4d26
READ 0004
READ 0017
WRITE 0097 4932bb31-e00d-4f7f-bdd3-9f4971246a1a
WRITE 0003 cd296f85-a4a9-43fc-8534-7941ae2ac563
WRITE 0035 15e41df1-fd5e-492e-ba6b-5cf1d439f587
WRITE 0029 618d173b-da22-4aa0-ad14-5505919da89d
WRITE 0090 fbc22794-a697-44d8-9734-a09eb4bbc99c
READ 0034
READ 0097
READ 0090
READ 0011
READ 0029
WRITE 0024 0106588c-d421-4c02-872d-54b304263043
WRITE 0051 7aa4f34c-6d74-4a8f-bfe7-24b75bd5ce78
READ 0016
READ 0051
READ 0024
WRITE 0032 24bec01b-5b40-4412-b511-3c489efec841
READ 0075
WRITE 0060 b4654a11-3248-44ef-8c19-aac7c172ecdb
READ 0066
READ 0032
READ 0060
WRITE 0076 ff9e944e-6319-4245-98c6-4960ee68bd37
READ 0006
WRITE 0037 0a365036-11f4-4bbd-ab2f-dc81700ceb5b
READ 0076
WRITE 0011 6aa55574-8069-4e1f-966f-2cb2229c0822
WRITE 0080 38c86d8c-21f9-49d3-9f11-3cfc217eaa17
WRITE 0088 262253f2-017d-4124-bdfb-ce6af3e93eaa
WRITE 0046 f47ce9bf-8c9d-46d8-abb1-e4a33e1faa01
READ 0037
WRITE 0020 f9a5f8b9-5c16-4564-86bf-db9463cd3969
READ 0088
READ 0020
WRITE 0051 db9ea907-bf00-4e9f-a78f-8cf59ea37d2a
READ 0051
READ 0004
WRITE 0061 bdfd5fc3-ff9d-4fde-a97b-19a0c0f65fe4
READ 0015
WRITE 0095 5d504a7f-9c0c-4a84-84ac-b33c15e6afe0
READ 0095
READ 0061
WRITE 0005 9e93a9d4-d3c4-43a5-85c6-c227ecacd6b8
READ 0064
WRITE 0013 01a60543-ca9c-4c94-b3c7-5df43279281d
READ 0014
READ 0033
READ 0068
WRITE 0079 cbc14189-3cba-4f81-81fc-211a12f27481
WRITE 0009 922fd8eb-7092-4740-86e4-35ad60f9cc30
WRITE 0022 c3a45545-bf9a-4672-95f7-b1bb43a52d2e
READ 0079
WRITE 0012 42ed0f03-7be6-464d-8b54-6d1a4686b058
READ 0079
WRITE 0062 750b8f64-9264-48b9-b2af-8b79d0487521
WRITE 0000 6298386e-bfb9-4138-81c4-8d98254c4cd0
WRITE 0017 b1fe5d15-8063-4736-a89e-28ab8069d614
WRITE 0048 03413e32-8af8-4368-adf8-90c7f53e5c44
WRITE 0087 e4aaf1d4-6af0-4d0b-82fa-73b9b5f1b232
READ 0062
WRITE 0040 eb5711e3-c1a5-4b4b-b336-f9bd91139cdb
READ 0017
WRITE 0038 b80828d8-3db3-4287-802e-3a7395c2a2ed
WRITE 0022 7bc190d1-b71d-452c-914a-605c0d8b3d2e
READ 0038
WRITE 0061 064c13bc-b02a-4af8-876b-5bfdf41720ee
READ 0061
WRITE 0049 9d6c747b-2c80-43e8-9729-ab775b3dbb4e
WRITE 0064 09ee4f89-2439-441d-a111-be22caad582d
READ 0064
WRITE 0023 48f68194-dcd3-4aa5-abdc-970fb98edcd3
WRITE 0031 620e24fa-0bbc-4015-84b4-c745e565dccc
WRITE 0002 a440fe48-972e-4320-81f7-8e90f235e272
READ 0049
WRITE 0090 888f1c0d-809c-46af-add7-8a062f59d4bd
READ 0090
WRITE 0058 72f363bd-cef5-4d55-b04a-4afc4eb55f09
WRITE 0034 1c1185de-5b87-432b-b0c7-21d33cd87561
WRITE 0085 8143381e-940d-476c-b97a-a4cec7907a29
READ 0085
READ 0058
READ 0024
READ 0076
READ 0051
READ 0040
READ 0095
WRITE 0009 d4ee53f3-ccb9-42a4-a767-112a38d474ea
WRITE 0047 fccfa8c7-da34-4c4b-b350-087b810c59e1
READ 0009
READ 0045
READ 0079
WRITE 0012 e0df2fb6-ab47-42ab-b1cc-d8ba9324ee9a
WRITE 0056 65c43f83-9b8f-40f2-8d44-168bd66a6867
WRITE 0018 7c3beb33-a414-43ab-8f69-dd48db7c2afb
READ 0016
READ 0056
WRITE 0010 19fadd70-bdf7-4e68-ac0a-1e91b947314b
READ 0084
READ 0018
READ 0051
WRITE 0066 210d32c7-460c-425e-b260-6d048861c115
WRITE 0016 60c72737-eacf-4ba0-924a-8e3c4d29189b
WRITE 0078 41305399-0ae4-47d4-8943-1bd5674e6e82
WRITE 0013 050804af-a3b4-4450-9c7c-8e18ca8c4bad
WRITE 0043 0f779ab0-66eb-4704-aba1-f9db341755c5
READ 0016
WRITE 0083 edce1fbd-2757-4426-9648-338de3161078
WRITE 0020 86357346-3110-46d5-8a29-02cfb2acbb3b
WRITE 0073 1be22005-94c0-4635-bc5b-91b29ef38cc0
READ 0013
READ 0073
WRITE 0084 463766bd-6565-43f8-b465-0f28224fc637
READ 0020
READ 0084
WRITE 0075 1427dbd7-9d8d-428f-8b5a-8375670432c2
WRITE 0009 35d26bfd-6fb5-4ddb-badc-2df8aff8fef9
WRITE 0051 6e0e270e-e48a-4bfd-accd-6080a4160802
READ 0034
WRITE 0025 465efd49-2088-45e4-a19d-bb04e144a3ba
WRITE 0013 4dc7479e-ee75-49fc-a649-c271f3cdb12d
WRITE 0099 7bebafa4-5366-4faf-96a9-4b58badc9dfe
READ 0013
READ 0076
WRITE 0086 2920b9ce-d646-4272-8a6d-6ebf9c29ac93
READ 0099
READ 0012
READ 0086
READ 0038
READ 0049
READ 0043
READ 0003
WRITE 0052 896d9334-b72a-481f-879c-6f7a2d1d2a6e
READ 0094
READ 0076
WRITE 0029 abc65cb4-ee10-4df0-b895-f540555c4cd0
READ 0029
READ 0001
READ 0073
WRITE 0041 59dc137d-8447-4691-af4e-e2806c1bd22c
WRITE 0020 df3093ac-8114-4308-bc08-f08ee04aadb4
READ 0065
READ 0081
READ 0055
READ 0010
WRITE 0076 91336d07-e7d9-4e44-9c0b-d10219c58730
READ 0076
READ 0082
WRITE 0077 8bf68006-0d43-4c86-8bb2-d46632847323
READ 0022
WRITE 0060 12206a88-5861-4177-b521-546da62b9f23
WRITE 0058 d41fc643-8d3a-4003-8ac7-c1b9656957da
READ 0077
READ 0058
WRITE 0077 989f4021-b274-455a-bc57-d0b1a8ef7f7a
WRITE 0036 be10b3a7-f5af-4573-be55-82c69561cfb2
WRITE 0041 cdd931dc-c8dc-4dc0-9bc8-44a306d6ac9d
READ 0036
WRITE 0046 ab3ffcb3-8325-48aa-ae82-3a3ec7b12dc5
WRITE 0078 19d16b11-82c1-4afd-8e7b-9eebdfdb3c95
WRITE 0005 875f7f9d-0922-48ab-beee-421efe36bb84
READ 0078
READ 0046
READ 0005
READ 0073
WRITE 0050 39ef9976-6aa8-4c52-a983-97acb1c6d20d
WRITE 0038 4834a7d7-28c7-45b5-90d7-e13f4fc49679
WRITE 0090 3d3bb55e-3717-4568-a6f3-b63e132ca25f
READ 0090
READ 0050
WRITE 0091 bc62bf6f-5296-48c1-b5a5-949d643fceab
WRITE 0066 cdc463c7-f2d1-4432-b826-656d4870a90e
READ 0093
READ 0066
READ 0091
WRITE 0082 cdd973a7-c262-4ef4-8273-a8e4897ada68
WRITE 0059 21caff73-f986-43ba-a33e-cc397ccb1c86
READ 0031
READ 0054
READ 0003
WRITE 0007 5fd258f8-af7d-4d72-a994-399b4367c4b9
WRITE 0056 6f64d63b-6f3c-4c54-8723-b26d647e1e50
WRITE 0049 432b11c9-8f31-464e-9a45-dd08ad06b325
WRITE 0055 6480ee95-f11d-4d6a-afac-36e03b3359f2
WRITE 0002 c77edc1e-60f3-435c-ae8f-30e8c28d685f
WRITE 0022 17807c55-bf12-430e-b4a1-9687d155e4e4
WRITE 0046 9da726c5-fdc5-4993-9ffe-fdd3fe8ccadc
READ 0002
READ 0022
WRITE 0067 902c961d-74e7-4f19-beee-5048ec9f81c8
READ 0041
WRITE 0099 a563b6b5-0043-4375-ab2a-43465d7c8322
WRITE 0081 a3f14cd0-a7ae-4c75-b011-f4190078efab
READ 0067
WRITE 0062 ebec9083-4a95-4d74-b138-b2279de5d288
READ 0099
WRITE 0088 bc031e10-8175-4f3e-90ae-09f6adf593ae
READ 0088
WRITE 0042 6660ecfb-804c-4edf-94d6-4644c42c27d5
READ 0006
WRITE 0036 c871050c-f7cc-4e70-b545-98911e9af22d
WRITE 0005 1ad31d93-5e95-4c85-a7ef-78eeb9cfe4d3
WRITE 0082 53804459-3e5c-415c-9665-7f8ac672a4fe
WRITE 0003 22ecdd05-a9a5-44b6-bf01-c92fd5b2874c
READ 0042
WRITE 0074 3c0eae7d-856a-4691-8d16-b4946be57110
READ 0082
WRITE 0085 2efbf017-559e-409b-bf0c-bd2aa9b069d8
READ 0084
READ 0076
READ 0057
WRITE 0041 6b6c7a38-a2fb-42c4-9515-d489d4fd0dea
READ 0085
WRITE 0041 5da0c9eb-0378-4abe-8da5-e81233bfb303
WRITE 0084 58c10405-d466-4ac2-94d3-9168f18259fe
READ 0041
WRITE 0059 ebbf3c22-7ec7-4633-8b25-a37759cee4d0
WRITE 0014 fc58b204-5b02-4f01-b1f2-283cbd9c888f
WRITE 0095 5756929b-ce98-4626-ad7e-d56afc5afb2e
WRITE 0090 f1a43543-00dd-4bf7-8636-610cadb8e4e6
READ 0084
READ 0059
WRITE 0028 60b1143c-151c-49d3-aa2a-881d65c763ca
READ 0024
WRITE 0011 c8885c7c-e1f2-4930-9cc4-f9b7181e8584
READ 0078
READ 0083
WRITE 0003 52cfeaef-1634-48c4-942e-c5eac8fa6567
WRITE 0093 acadc3ee-34f0-4744-a255-a5eee6eaae85
READ 0093
READ 0011
READ 0094
READ 0041
READ 0018
READ 0035
WRITE 0022 05b4e68c-35ec-47cb-b18e-797a9566a50b
READ 0005
WRITE 0097 d63fc9fe-9399-4eac-8d64-e06f09fe1f72
WRITE 0081 fe7e7a91-4b9b-4106-bd15-565534c5c69d
WRITE 0069 18758f8e-d2ff-465f-b4d5-08fa225e2611
READ 0081
READ 0051
READ 0095
WRITE 0011 aaccfc6f-34bc-446d-9601-f1a6b28850cf
WRITE 0022 d28e4a77-b315-4736-aab1-d89287042e25
WRITE 0014 e072cd9f-13f3-48ca-aac7-58e9f9a96f75
READ 0085
READ 0011
WRITE 0023 678c4dd5-228f-4ba3-8da7-ecc358d06bea
READ 0023
WRITE 0080 b422a369-6717-4c52-b3e8-06a9937f5b5f
WRITE 0031 4c880574-e009-438b-8e2f-67e63f565b22
WRITE 0097 cb688cc0-f9d4-4b1d-bea9-d93ac527b4c3
WRITE 0035 5a4566af-81aa-40f9-a828-597f68062a5f
READ 0047
WRITE 0007 afb4992f-69fa-4e09-b152-37221934073b
READ 0007
READ 0031
READ 0091
WRITE 0073 6c42df51-5898-4146-aad4-b30f15ace2f6
WRITE 0065 c852d9fd-2e0b-42e8-8415-43dcef1724c6
READ 0073
WRITE 0040 846b450d-25d1-4950-b4f7-2767440b5a95
READ 0065
WRITE 0065 d491ae75-a243-4186-b921-7cfae6b24000
READ 0065
READ 0040
READ 0014
WRITE 0003 9e48494b-7e7d-4c2a-829f-fe7f9c656376
WRITE 0017 d1361584-8e80-436c-b910-b8794e7104cb
READ 0020
WRITE 0011 931ba29b-994f-4ee5-bccf-9461aca364d0
WRITE 0089 fc75ca8c-0ec0-485a-a9d6-3222fe5a6139
READ 0072
WRITE 0027 acfac313-a2f1-47a4-a71f-66da9e2e50a4
READ 0011
READ 0045
READ 0027
WRITE 0015 55db5c4f-1168-4bc7-934a-32dd0aeb8a03
WRITE 0034 902d751d-c359-4a13-aeee-50ddc2127b0e
READ 0019
WRITE 0073 fe76c2b2-b913-40ed-88f4-121f81adbe05
READ 0073
READ 0059
READ 0076
WRITE 0034 ad3e2372-f6c7-4232-b05b-53ad148ccd3f
READ 0073
WRITE 0015 6b5077b8-708e-4357-87dc-0158eddd023c
WRITE 0001 a778dec9-d7bd-4fa7-8e97-53c86b9c7339
WRITE 0066 17ad83a1-7ce5-44a4-9f85-40c963fd906c
WRITE 0042 e285b246-17d3-45dd-9dab-3c4accdc5f5b
WRITE 0069 9a476e43-eff1-4d3b-ac8a-66f7a5a42e93
WRITE 0061 557ded7b-c802-4597-b3b0-2608ab2ceb2f
WRITE 0060 61131079-c498-4bf1-bd6a-467f2c1f52a5
WRITE 0027 ab5ceba0-41e0-4530-add4-1b7f53392fba
READ 0042
READ 0027
WRITE 0054 778cacdb-e802-4cc5-ba67-b529e507b93f
WRITE 0024 bc38f81e-708b-4235-af7c-7794cfa45c31
READ 0060
READ 0054
READ 0024
WRITE 0076 9de62aeb-4973-4976-b07f-5e4eae36b3aa
READ 0086
READ 0062
WRITE 0090 e5461056-5f5b-4106-941d-f00ecec1305e
READ 0090
WRITE 0012 9ec8db1d-5891-40bd-932f-e77b9f71789a
WRITE 0052 fd53a1aa-3d2d-4327-924f-fd88513bcad5
WRITE 0081 c2732874-cb46-4f92-81e9-44ec385d2c22
WRITE 0057 00b6213d-fa7d-4285-8d6a-890b6a4af63e
WRITE 0003 ff1bc39d-ac24-4723-8b58-0470bfc2c4fd
READ 0081
WRITE 0047 2f4a5e2a-2ec2-4acf-bfa0-677eea616832
WRITE 0068 aa500588-af1c-45b4-abb7-70254da0337b
WRITE 0045 b42620f8-8007-44d3-9448-9c1ea79bb740
READ 0047
WRITE 0070 9f387fb4-1eee-4465-9a11-f4f36439ffce
WRITE 0066 6629ba96-9360-446d-bb6e-9b9b4121865f
READ 0066
WRITE 0094 35259cc8-5e9e-4cd7-aa3e-b5af8f2192ee
READ 0050
READ 0094
WRITE 0027 9bc2854e-b9c6-4896-ba2b-83c5e24e762f
WRITE 0035 bdf435e8-3dfb-412d-84e6-8f3b4a15645c
WRITE 0035 50851544-eb72-4b77-8f5b-41157839d8f2
READ 0062
READ 0035
READ 0049
WRITE 0096 a857657f-e7e3-4221-a4d5-4094a2946dc9
WRITE 0026 271fdac6-97d7-4a63-aa21-1588879379f5
READ 0063
READ 0099
WRITE 0012 d662cdbd-874d-474f-a9a7-8039e940e195
READ 0043
READ 0035
READ 0012
WRITE 0061 7d79da1d-d7c5-422e-a66d-fbd73e1818be
READ 0032
READ 0061
READ 0032
READ 0034
READ 0081
READ 0080
WRITE 0038 e958908c-9890-4fe0-934f-eed991e9422c
READ 0029
READ 0041
READ 0032
WRITE 0046 da134318-00b6-4b47-9be3-8337e1d72ad7
READ 0031
WRITE 0080 ac781049-e71c-4278-b9ee-75ca87dea71b
WRITE 0034 b09b55b1-8b8e-4f27-98b0-2ceaf0728647
READ 0046
WRITE 0052 7b86e952-2de4-46b7-a32c-f141d60aab91
WRITE 0027 754ddcd4-20d7-4d54-99a5-b6da8407e666
WRITE 0075 9f2baf69-77c5-44f3-9b57-1161a517958e
WRITE 0059 82802b31-c445-4161-8a1b-501ffb84f395
READ 0034
READ 0027
WRITE 0036 d1d0e3d9-4d18-4538-807b-ad750216a47c
READ 0059
READ 0037
READ 0036
WRITE 0097 0e0baf69-4279-47ea-a804-8403a3c449ec
WRITE 0092 d336384f-162b-4017-8b9f-32d05812d39e
READ 0092
WRITE 0075 63b363c1-4f85-49ed-b100-78b6a0284f33
WRITE 0022 feccef44-9de8-4287-9019-0d1ede3ba30d
READ 0022
READ 0025
WRITE 0099 53021774-04dc-488e-9202-f19f1381e13b
WRITE 0028 d3dc41d4-be80-49cb-b651-7cd8bbe91004
READ 0060
WRITE 0076 7a809269-4da1-4c72-9143-5ccaad48f373
READ 0082
READ 0067
READ 0032
READ 0018
READ 0076
WRITE 0094 6856640d-8e79-450a-9a80-d09314b70cf9
WRITE 0040 023f8800-6cb0-469b-92f0-a6b0d758d9fa
READ 0017
WRITE 0076 40a5b7d7-9bbb-4085-b7d1-db2b74934dde
WRITE 0094 889dcceb-85a3-4872-90b4-262210f6caf8
READ 0094
WRITE 0089 4f00eb69-6d0c-4922-a724-14709bdcb39a
WRITE 0094 2bc6c86e-9476-4c6f-b131-0c61013f6085
READ 0074
READ 0076
READ 0003
WRITE 0084 5ea67dbe-413d-4311-af94-9120bf5fa3b7
WRITE 0018 c30a63a4-d06f-40b0-a563-6495705815f7
READ 0018
WRITE 0064 b8b24d66-6ad5-4c90-827a-978da450493b
READ 0061
WRITE 0046 c9cb8dca-4a42-4784-a275-dd338778f08c
READ 0047
READ 0056
WRITE 0050 210c4ada-fcdc-4159-a95f-9116fe1ff037
READ 0046
READ 0050
READ 0045
WRITE 0033 bb4826ac-2025-45bc-95ed-e28196cf9cbd
WRITE 0013 1b4cec69-ede8-473f-9e40-bf2c91f8e493
WRITE 0094 39b042a3-0fa9-4bd1-926f-d4f18fb78b24
READ 0033
READ 0094
WRITE 0073 ca3ee54a-6f65-4f7b-9282-29ed49c1bd3c
WRITE 0025 73352a18-0f7f-4eb2-b046-ef65da734da5
WRITE 0099 8f3f77d5-6e73-4a04-ae2e-03e3f3147883
WRITE 0081 f74fbe7c-7df2-460f-9920-7f26bd83d8f7
READ 0081
WRITE 0055 f9d132dc-653a-4bc3-9aa4-01052770074c
READ 0015
READ 0025
READ 0094
WRITE 0073 e48102bf-4dae-4995-8144-66f9e9f6a55a
READ 0053
READ 0098
WRITE 0052 036f38da-0beb-489e-8456-0c1c065f525b
WRITE 0079 6d3ce41a-1f06-4a0f-9a2f-700d706aa2c3
READ 0079
READ 0036
WRITE 0068 07cbb2e5-fad9-45f5-a014-27b25b95d7ea
WRITE 0054 63e15427-2f26-4772-be70-438919ad98e5
READ 0054
WRITE 0080 bcf14fa4-3447-4d95-a360-8ec5c6ab62d9
READ 0096
READ 0080
READ 0068
WRITE 0031 d50aa1dc-9f98-4de1-983b-e1cc89461833
READ 0071
READ 0003
READ 0035
WRITE 0066 d5552d0d-dcac-455a-9d91-19458a6fa2a9
WRITE 0027 24a1e91c-c9b9-42a5-847c-38cae67dada6
WRITE 0067 dc486115-49d6-4316-8146-81eb94738017
WRITE 0035 976d1f39-2ee9-4177-a18f-8ae0a0100f06
WRITE 0012 a103e069-0247-4b96-9e44-e3f75604d7a6
READ 0066
READ 0012
WRITE 0022 9e06338e-1827-452c-9f1e-7450099af9d6
WRITE 0067 14cb2fde-3b0b-498b-818f-be6bcda82998
READ 0067
WRITE 0011 94e8f1c3-d1b0-49aa-b484-b947182ab45f
READ 0022
READ 0052
READ 0080
READ 0011
WRITE 0034 623d9bf0-47bd-429a-a13d-4f4f19d94fd1
READ 0042
WRITE 0056 54c6897f-4786-4686-9776-951402788cc9
WRITE 0027 02832d52-c0bf-4473-9be3-3e007684381b
READ 0099
READ 0059
READ 0056
WRITE 0032 988470ba-6bf9-42bf-ab07-9129201e75d7
WRITE 0098 5ae2e874-c020-4116-a47b-f842ab72bad3
WRITE 0090 50ed672e-6682-48ee-8788-cbd38a066ebe
WRITE 0041 79936eec-4b89-4534-bae3-231c1f99fb5a
READ 0090
WRITE 0034 dfa1630a-b073-41ff-8b74-b3efa7a892e9
READ 0032
READ 0051
WRITE 0075 427b3ad1-f392-454f-b792-026875e60445
WRITE 0069 01c27a5d-0e33-44d9-8b97-f9c476f8b23c
READ 0034
READ 0075
READ 0006
READ 0006
WRITE 0050 69dd4b8a-99f2-4db4-8f60-5964f7a43b1f
READ 0032
WRITE 0064 f63b450b-74f2-44de-b0d3-9c8c7d19be5a
WRITE 0067 91889a96-6eed-40bb-ae37-c2c237820e22
READ 0050
WRITE 0097 709ba823-a3d8-4fe8-9952-a61a8b5538c5
READ 0097
READ 0064
READ 0067
WRITE 0083 0bc6cbc2-5486-4886-bce2-5c0086407224
WRITE 0026 c8f492e2-4163-4b87-b041-8917b736bc68
WRITE 0080 3e96d045-4181-4add-bfaf-45f656100355
READ 0034
READ 0083
WRITE 0086 b0e47cd4-0fe6-47ce-99c6-37bea914680e
READ 0086
WRITE 0079 eb298561-77c0-40b1-b318-1e8849b69ee6
WRITE 0038 dd0249ff-e821-46df-9695-27dba0229668
READ 0020
WRITE 0072 5d0e243a-5e99-4502-ba3a-485cb6c09a42
READ 0038
WRITE 0093 954431c6-54e6-46ec-b2c9-a1a403a45dc0
READ 0079
READ 0047
WRITE 0041 dbcaceb9-9e29-45b2-9105-fb2e84bd0925
READ 0090
READ 0093
WRITE 0027 cc5f2b41-79dd-4865-9e69-ee9c6bb3e1cf
WRITE 0070 66ee4ad7-2a6e-4e66-a1ce-7f48abbfe013
READ 0027
WRITE 0016 eb819d96-eb27-4a2a-95e9-721b0772a0eb
WRITE 0011 590fc928-e72b-4552-a873-56ff1277641d
WRITE 0081 b17dc5d4-3ed7-45d8-892b-07ba5e51542b
WRITE 0016 5dfb699e-82ed-42d3-a44b-76cae3341fd4
READ 0011
WRITE 0039 8a30172d-131f-4cae-9c98-83fe17921da1
READ 0093
READ 0043
READ 0016
WRITE 0055 41f660d2-5f6b-4a66-965c-7a9d7d187f59
WRITE 0096 ac1cc4cc-bbb3-4f9b-b029-4dc0c946ce9c
WRITE 0033 185ff649-fca0-46de-8994-c0340e7e79c3
WRITE 0033 c9850536-803d-4e51-b44b-bacbf9bd22b1
WRITE 0022 650aa5e9-bee6-4d59-8e40-395ec229fb76
READ 0022
WRITE 0063 b86c9b1a-9f03-492c-b35d-4982a75ef08a
WRITE 0029 dfa90801-81c1-49d7-a92f-76612fc68c3a
WRITE 0009 6cc3a593-2b4a-4f35-bc8d-abf1666781f8
WRITE 0063 ea2dc634-8dfd-4315-9dfa-3d983f401d28
WRITE 0081 07eaa214-2dfb-4edb-8035-090f2b7058f0
WRITE 0094 2bf5ef20-9930-42d6-82bb-d46593e44445
WRITE 0086 ae2ef1dc-6adf-4704-b0ce-9da6cb110e52
WRITE 0075 5885cd8c-e68f-4849-809b-83656b283ad7
WRITE 0067 85653de1-a99f-4502-8cf0-0d3368d50367
READ 0094
WRITE 0027 4bbd1217-21b2-43e6-81ae-91f9adec77ba
READ 0075
WRITE 0068 841c5b99-a4e0-4baa-be32-6ceff1db94c5
READ 0068
READ 0092
READ 0027
WRITE 0094 25a93f8c-15de-4442-85df-25762037e2b9
WRITE 0035 58d1ebfc-85aa-4c3c-b832-816600f839c4
WRITE 0005 e285302a-bab9-429a-b32e-c8748d563c98
WRITE 0015 8966f1bf-d598-4348-81cb-a6b93fa0c3c8
READ 0094
WRITE 0053 a2036764-6e1c-4d9c-a6b1-70fa092e0027
WRITE 0099 9a10759d-058c-474d-a4c5-1be0020c7595
READ 0005
READ 0053
READ 0099
READ 0096
READ 0041
READ 0019
WRITE 0011 d61667ed-ed3d-42f6-bf3e-4ef7263857d0
READ 0030
READ 0011
READ 0030
READ 0032
READ 0083
WRITE 0034 dd1fa0ad-8e6b-493f-adc8-d5fd9e31b56c
WRITE 0097 47804173-5bc7-40e6-9270-25c8029b349b
READ 0034
WRITE 0068 9afba2d3-711a-4352-a50e-1d48a43f8c80
WRITE 0028 962e2ed9-eb4b-470c-a587-96c3ce6f14c7
WRITE 0041 e4eac1b1-857a-459b-b4b0-1d7d210a6f57
WRITE 0026 8d7db3a5-63bd-46fa-91ec-6761de59b8c6
WRITE 0030 e0075069-d052-4ce2-b057-0c1b5a31f6a1
READ 0068
READ 0028
WRITE 0034 69626405-ef9e-4908-9a87-4d9046f0bfe7
READ 0041
WRITE 0030 2f72ed88-5f35-4aaf-a322-f57cdd79409a
READ 0030
READ 0041
READ 0030
READ 0034
READ 0076
READ 0087
READ 0085
WRITE 0088 13e8ee7a-ae90-4d93-8355-f76ba4ac51b0
WRITE 0048 7e2c97bd-fb9a-4bdb-817b-ed68acffc47f
WRITE 0032 8f158c75-ae1a-40c5-bd30-e952f46fd71f
READ 0032
READ 0048
READ 0088
WRITE 0087 b828e97f-0d77-4a9f-be31-594a42532b75
READ 0070
WRITE 0034 0a7a429b-b3ec-4ccd-9cc7-9ff7635b8c9f
READ 0033
WRITE 0083 07901e9f-65ed-48fe-ba9d-69e794aad443
WRITE 0025 d9af4a12-c2f8-4d86-9d32-328c618ef7be
READ 0087
READ 0004
READ 0034
WRITE 0070 b986c026-60b0-42f9-b38f-4dc2a17c626b
WRITE 0062 e876a2a3-1032-4d93-82d9-b2777dd60814
WRITE 0005 a2364bd2-26ae-4c66-9c23-66057c344443
READ 0062
WRITE 0061 a838bb0e-0b79-4633-880b-0a94fae4aeb3
WRITE 0038 9b31244d-838f-4aae-9ca0-2e6540652b03
READ 0070
WRITE 0073 0cffd668-7d4e-4344-9d66-52f4af10892e
READ 0005
WRITE 0084 8b3db3e3-2091-4d56-b6e9-233c7c92bba7
WRITE 0034 22a0331b-2044-4c81-a4d9-84aba971abc6
WRITE 0044 da4af6db-f817-479c-a771-eb19d3fa778f
READ 0088
WRITE 0059 af7cc8e3-167b-4bd7-ba22-add8a9afe904
WRITE 0034 884ce5ce-109a-4c27-85ee-45f5046c50c9
READ 0084
READ 0036
READ 0044
WRITE 0029 b1bd3054-3e72-4490-8071-e2a9202a9c1e
READ 0059
READ 0034
WRITE 0038 87f242d8-eedc-4c84-8ae9-84459951e690
READ 0034
READ 0038
WRITE 0020 e27c9df7-2d62-4d1b-9bbe-8d09ae2dbba9
WRITE 0065 b380f7f2-d2c1-4026-97d9-d92c4af6ce23
READ 0020
WRITE 0022 f4d9e0c9-ca81-4e7d-beb9-a93f14add728
READ 0072
WRITE 0050 f5802f88-da13-4f91-a17f-12d8e1fc53cc
READ 0087
READ 0097
WRITE 0047 9df7e8dc-386e-4914-967f-b92939f5b14a
WRITE 0084 7c208077-f35e-44bc-9cf7-7650b7143b1e
READ 0047
WRITE 0076 fb41056e-c2d7-48d7-9783-17e3aaafdb65
WRITE 0030 d498937d-b6cd-4f39-83f5-b0f36f5f873a
READ 0084
WRITE 0035 4ac12fc2-c343-45e1-a6b1-31c62081fae9
WRITE 0083 8c125eee-bd71-443f-84e2-8521ba845ee3
WRITE 0079 e728e7f6-3c8e-455f-b56c-085bd5e39228
WRITE 0003 9abb5159-4fb1-4140-8cf3-033d57f0e0c7
READ 0083
WRITE 0098 57c39a6a-9c2a-4edb-85a5-efdadb082984
READ 0071
READ 0079
WRITE 0062 fe0cc057-f92e-41fc-b382-6962428dc54f
READ 0038
WRITE 0015 020c9ce7-0946-4669-b759-c2ed434ab941
READ 0062
WRITE 0028 063df025-01ce-4e89-b567-8ff2867c0bb6
READ 0015
WRITE 0077 51bd9ed3-e6dd-4ce3-a18e-fa73d101d4bb
WRITE 0007 5001dcf9-3337-42b7-9667-53d5789f1305
READ 0081
WRITE 0094 bd01f1bc-c9ba-4882-8331-6ce17efde492
WRITE 0036 5153d3d8-5fd2-4f6c-b398-9118b3bbcfba
WRITE 0028 dfd5f495-2300-4392-95df-1a6a09f78878
WRITE 0051 41a2388e-35ed-4a9d-8c88-55bddf53620b
WRITE 0056 050eb189-f0f9-4c73-a798-55d6e76e71dc
READ 0068
READ 0037
READ 0036
WRITE 0039 d39cd3a3-8e54-49f9-b3cc-5e0495ac9e98
WRITE 0043 186a337d-1578-4f9a-8306-f9ae02608de5
READ 0056
WRITE 0090 a5b93fbb-baae-4ac2-9315-824bc2f2e381
WRITE 0010 4e35271b-c404-43a4-a395-83c50cc19bc3
READ 0039
READ 0058
READ 0090
READ 0010
WRITE 0073 225afc51-33f4-4e5b-8596-de1ca5124590
WRITE 0080 2b6c1cf1-3af5-4fa4-b711-1a0e32989e5f
READ 0066
WRITE 0063 a1e83dfb-c6cd-4ae6-b6d1-cfa94f52902a
WRITE 0081 b42bc670-9e85-4b05-be37-f3f1284d804b
READ 0099
WRITE 0069 90993073-1984-46b4-bbd9-0c13c1a20875
READ 0080
WRITE 0058 bff64315-3c1e-4633-aa13-e57d1588cd46
READ 0093
READ 0036
WRITE 0054 713b59b5-2440-46f8-9ac1-67bab19d2661
READ 0058
WRITE 0084 8b2349ad-3be0-4e18-89f6-4edce2ee2c0b
READ 0087
WRITE 0085 6636c571-3b8b-4a31-be3a-419c918d924c
WRITE 0019 1411006d-b5d1-4f18-a1d3-f23fd08d23c8
WRITE 0028 a2709564-71a0-4b7d-8c5e-f6e0d3527476
READ 0019
READ 0028
READ 0085
WRITE 0093 9f5d1743-d91a-4863-842d-f816bf8e100c
WRITE 0096 1a088ddb-7056-4eef-8ad1-6237fe424a5a
WRITE 0081 2ab3dc3e-c9dc-48c5-9635-5f5a146113ae
READ 0081
WRITE 0058 11e007a6-aba9-4646-b1c6-4fe52178849d
WRITE 0036 0246c255-7d0d-4858-8294-51d6a6e62649
WRITE 0010 914c7e40-e3d2-4662-b79a-dbc2661cfd09
READ 0096
READ 0036
READ 0002
WRITE 0076 67fe17ee-850c-4854-bab4-26ea73ff1085
WRITE 0065 0353c726-a0f1-4561-aefd-0e43d41995b6
READ 0065
WRITE 0056 bf0049b2-4891-489d-86c7-2e3710c65d2c
READ 0056
WRITE 0000 b2bbbe17-36a3-4d0c-9896-8f129b9bbae3
WRITE 0010 15c1cf5a-85d8-4348-a326-fe6932be129c
WRITE 0013 a63f19c8-f335-4982-adb9-14186e671f8f
WRITE 0098 37b21b8c-81c6-4a5b-ae1d-ca30983bdd88
READ 0098
READ 0000
READ 0013
WRITE 0035 12d704ae-777d-444d-ba67-34922f197c98
READ 0018
WRITE 0006 2f886089-5722-4571-87c0-e7861c22f8e2
READ 0006
WRITE 0046 f2e5572c-3435-418c-968b-4796f963547a
READ 0046
WRITE 0027 d8a4fcc0-d235-49af-9ad1-2f45461464df
READ 0027
READ 0076
WRITE 0041 d8f7aa5e-cfdd-4df0-8377-0bcd84883f37
WRITE 0001 931305aa-af3a-47d1-b557-2b6c14446e54
READ 0068
READ 0020
READ 0031
READ 0004
WRITE 0042 c4606df9-e8b3-4160-8a6c-a11c0fe00c4d
WRITE 0020 70ef7775-0035-4959-8b87-a84c7feb1e1e
READ 0025
READ 0042
READ 0020
WRITE 0079 8f1dfe30-78d4-46df-97dc-f33d6afade8a
READ 0056
WRITE 0037 8dce4bbe-d416-4c02-bbc2-e7790ef3aba0
WRITE 0048 aee5c4f2-10eb-42ce-982d-336b33a7daa3
WRITE 0044 ccf216ce-be17-48f8-99ca-c31ca41c29b3
READ 0016
READ 0095
WRITE 0001 6cda22a4-e026-41f3-aa06-77066609de43
WRITE 0039 82c1d459-5d16-41a2-b2e2-f9108cd819bc
READ 0001
WRITE 0017 31344b47-6923-41c3-b373-12d0c802914b
WRITE 0090 58136ae1-0a3f-4336-a90c-d76b3c20573e
WRITE 0051 677626d5-8f1b-4b81-95ef-66deac41e427
READ 0039
WRITE 0009 f5b7525a-3d30-4a1e-95fb-ce61f6bf9fc3
READ 0051
WRITE 0076 235ac2a8-412f-47c1-9218-521bdbc8ba9a
WRITE 0090 9e726086-e8c0-4cfc-b5f4-a1d583579f7e
WRITE 0065 50230757-e9d2-4eb0-9168-ecff4575c290
WRITE 0068 15f6338b-82d4-423d-8ada-8b841112f985
WRITE 0079 870fa48c-3b91-41b2-b060-7cf72c75b505
WRITE 0022 c95226dd-6212-4801-9cb4-f4a713227734
READ 0008
READ 0090
READ 0086
READ 0079
READ 0076
READ 0022
WRITE 0012 2a0d7b67-c8da-421b-b45e-f3e3464372c6
READ 0066
READ 0056
WRITE 0098 3590fddb-7f1c-41be-b39c-1605b8fcaad6
READ 0089
READ 0042
READ 0058
READ 0045
WRITE 0081 53a8fb94-2306-43d4-8372-0ba97b573136
READ 0019
WRITE 0094 ca8a7b25-ca3e-4b51-b735-dd3448260070
READ 0016
READ 0047
WRITE 0062 01877e3c-05ae-42c3-b836-afe17f664f14
READ 0081
READ 0041
READ 0093
READ 0098
WRITE 0043 90c1e235-5596-44fb-ba05-3a9e402f65c5
WRITE 0012 7d867875-a406-4930-974f-d4f2585c97a9
WRITE 0028 b713c179-9002-4098-a528-398fac72ab69
WRITE 0060 9787358d-be2d-4054-9a25-0a9e9804b040
READ 0013
READ 0043
WRITE 0097 0a044522-3485-40bd-85bf-985815ad5812
READ 0097
WRITE 0021 aae20cf5-19e5-4f3d-ac40-45ab25ac4330
WRITE 0074 f926d839-8388-46b4-97c1-c46a09804bfa
READ 0074
WRITE 0016 d1d5ddca-a923-473d-a1b5-489e673ead1a
WRITE 0012 bf5d75c8-730e-4019-ad3c-a4889cdfbd6e
WRITE 0019 5df747dd-e49e-4060-a030-6c99a1aa1bbc
WRITE 0025 8e032c82-3d6b-45a0-912e-c2a83ee35488
READ 0016
READ 0019
WRITE 0094 546c5d94-434c-4d15-851c-a75af19306b2
READ 0094
READ 0053
READ 0025
WRITE 0061 eb15796e-b722-4ab1-b09f-390d2a00305f
WRITE 0085 31f07659-5cb3-4799-8ccb-9ae91454d1c5
READ 0061
READ 0085
WRITE 0043 b0af2f8e-2bf4-4bf6-aaa8-32cf5fab46a6
WRITE 0036 1cd9435d-9d80-4f87-b777-3a0848c62256
READ 0061
READ 0013
READ 0043
WRITE 0013 5fb4079a-e55b-4daa-a1ba-7e8516f18cdf
READ 0036
WRITE 0046 fa8a8498-a257-42c3-a5ce-2e9f8431413b
WRITE 0026 ac2ffbb4-a0ea-4fcc-a566-a831580ff5d3
READ 0013
READ 0026
READ 0056
WRITE 0042 fb143120-2ee6-4f9e-a231-21a2c6b46cc4
READ 0046
WRITE 0086 f15d2262-1c94-4eb1-b8d8-13d23583b006
READ 0042
READ 0086
WRITE 0099 47562063-136c-4767-a0ed-134e03550ffc
READ 0022
READ 0044
WRITE 0045 3fc7efd6-fb0d-4471-9e87-27e3ff857b07
WRITE 0011 6fb8efeb-37a9-49fc-bfe3-90df19564290
READ 0035
READ 0045
WRITE 0049 bf77b0d8-a814-4a5c-8196-cf95269a8bab
READ 0049
WRITE 0046 a1dd0606-51aa-49c0-8702-9197adf3acdc
WRITE 0056 6d310ddb-6659-4d19-90ff-2b335a213610
READ 0015
READ 0056
WRITE 0042 05d5175c-8b19-430a-b05f-3d1a397ee068
READ 0058
READ 0023
READ 0072
WRITE 0098 c68c9690-722e-4559-b4de-4c95f6333995
READ 0042
READ 0006
WRITE 0006 abe9a29e-71e9-4342-8f8e-6eecef1276c6
READ 0006
WRITE 0061 3e54cabf-aab6-40fa-95ae-59198e10cedd
WRITE 0010 767425a9-ebec-4e0d-b32e-5c0a73d7a3a6
WRITE 0014 b8798ce1-325f-434e-bf38-70805ee5d8ce
WRITE 0050 7be874d8-8400-40e3-9136-5f471512c0c3
READ 0010
WRITE 0016 fe4229d3-8bd7-4ed0-ab26-6e5a4b44f04c
READ 0010
WRITE 0009 d3f094c5-db95-40a4-a2a1-4a0285c31d5e
READ 0017
READ 0096
READ 0009
WRITE 0096 6301db61-ba2b-4472-b852-d5cabacc468d
WRITE 0036 e8680869-02ce-4782-9ef8-ba1fa63a8bbd
WRITE 0016 9807fe0c-c90f-4d6a-b9bd-3ef1bf299319
WRITE 0078 6952db61-ae52-4d6b-8e4b-55f3dfa1186c
WRITE 0066 9f9cba2e-15af-4723-8b65-cf886194a859
READ 0096
WRITE 0064 653312a8-c7bc-433c-a7ff-756bebdaca60
WRITE 0085 a70a4d80-0b00-4220-9fff-edab53a27db9
WRITE 0062 2cd5cd86-e037-465f-853b-9829196c7a70
READ 0066
WRITE 0099 7fc268b1-9c35-48dc-ab41-37e940d4f30b
READ 0064
WRITE 0033 8d902f00-25b0-453f-921f-2eb187024d93
READ 0062
WRITE 0012 727408c0-7a91-4fb0-be68-1aa2531e4d77
WRITE 0030 c70a70ff-377e-4213-bc7c-29da0db7c1e1
WRITE 0075 b79bdc32-643d-4712-bcb9-d3501e620e20
WRITE 0083 c3f3f8f6-0829-4dbe-aa94-c9a41ff475ac
READ 0030
WRITE 0058 ec72ee88-21e8-4375-ba58-c35835d191db
READ 0069
WRITE 0072 2668696d-42fd-4729-a8f8-d3d673b850c1
READ 0072
WRITE 0068 05cf99d4-c92f-45a1-b8bd-44beede1341b
WRITE 0039 b7422102-a8fc-47c8-9654-a6717d3753b1
READ 0068
READ 0039
WRITE 0094 fe5182b4-0b52-4b62-908f-bfd777925765
READ 0047
WRITE 0033 111d0206-e1f2-42d2-8fc0-0225626e9ace
WRITE 0002 b0d964c5-1e58-4de6-9993-05eba5ccf11f
READ 0002
READ 0096
WRITE 0027 b8337099-3e1d-435a-b667-93a2b36294e0
READ 0059
WRITE 0035 fe4d0145-1d7b-417e-9514-cd4e9c5b935f
WRITE 0010 36b08ea3-2d54-4e29-b000-8e541c1918aa
READ 0027
READ 0010
WRITE 0096 6ec32db3-0467-4edf-ad4b-1e3b6fd837ed
WRITE 0028 ef4a057d-4562-4bf7-bcd1-ba2ded97f413
READ 0035
WRITE 0071 698bd13d-dcf0-4033-9e78-1bc5c1b67422
WRITE 0070 6692a3f1-5280-40fe-9ab3-43cf44510e84
READ 0065
WRITE 0037 ee9d3774-2267-4cbd-83e8-ad18ab66ccd8
WRITE 0007 2ec0e0b3-5a86-47fe-a79a-c2d89ee4ea02
READ 0037
READ 0070
WRITE 0021 8ee25684-99fd-4379-9301-f6c51ac8e06f
WRITE 0078 d7143ee3-bea2-402b-8323-cb46ec82deec
READ 0021
WRITE 0048 e2ca73d2-d2b5-4432-8dfe-748adf88e11a
WRITE 0005 d5129a0f-457b-4e39-93d7-749d6b1a8b47
WRITE 0013 63606a04-baaf-440c-9c64-cde3ef30f0a0
READ 0048
WRITE 0062 e12ff071-3d60-46c4-88e6-bf1d7e095a98
READ 0005
WRITE 0061 3aa917ab-1f19-4c06-a10b-e4b12711ac66
WRITE 0032 3ccc2558-0e99-4e4c-bef2-75317cfa8573
READ 0013
WRITE 0050 56459646-2a3c-4637-bc74-f471f3c7e9db
READ 0032
WRITE 0003 2a394e72-5305-4a30-9c3c-a34162cffd8c
WRITE 0092 e1a4f509-0031-45ca-b095-d2e046e78fcd
READ 0011
READ 0050
READ 0003
WRITE 0077 c51e7de3-4cc1-4831-af16-f159594ba24e
WRITE 0054 67ced9e4-089c-4ca7-86ab-5920ffbe694d
READ 0036
READ 0054
READ 0006
WRITE 0008 ec7fc2fe-c6f7-4af4-b91a-53c004c200ba
WRITE 0018 7c623f53-082f-4e15-96c7-4fb88c863048
WRITE 0057 da7e7af1-c8bd-4d61-af9a-44f60ff7c500
WRITE 0074 e9a52ca8-8b74-4d0e-9888-2305e438d0ae
READ 0074
WRITE 0092 ea9ee3ab-c282-4392-a30f-37865583c8d8
WRITE 0035 6a0e2857-7965-4d06-b1b5-12c7e080ee69
WRITE 0071 c0df2f51-4414-4196-b405-bdf69cf7511e
WRITE 0093 cb438f79-c490-458b-9aa0-679c8f064bba
READ 0071
READ 0092
WRITE 0059 f2b2e8ba-f0a7-4f55-ac85-5a333726a96c
WRITE 0035 2b4512b8-1e69-48a9-a157-d12dcd1f6cb9
WRITE 0075 70df35df-35ea-4805-ad43-8595a99392b4
READ 0093
WRITE 0025 6150607a-7328-44cb-883d-579eb13d5007
WRITE 0035 095dc2e3-6203-4607-940e-f8f06ce6b2b6
WRITE 0003 4e702b84-c890-406d-815e-88c881694cb8
READ 0035
READ 0075
WRITE 0025 cc60a790-6eb7-4689-b6ff-ab466f525024
READ 0025
READ 0024
READ 0025
READ 0084
WRITE 0018 1157172b-9760-4a23-a105-22700151a72a
READ 0066
WRITE 0000 dd3c15a1-324b-4595-8c1a-a19960ea7d73
READ 0000
WRITE 0014 dd9aaec7-0c07-4648-a905-ed0005439efd
WRITE 0071 f83161ee-515e-44d1-981d-097b4dbb1ea1
READ 0018
WRITE 0052 3b2b2016-ddf5-4d4e-a3c1-7085aff882e2
READ 0071
READ 0048
WRITE 0030 6ae2a78c-ad74-4c54-bed8-828314a69dcb
READ 0070
WRITE 0073 c6bd9bbd-5588-4ac2-8932-bb8c9ed9c4e4
READ 0030
WRITE 0099 957ce992-a57c-49f2-99c2-dfce1f423bf4
WRITE 0054 06024b0f-14ff-4814-9de0-18ab6f664753
WRITE 0023 990848e5-3bad-41a9-bbef-653b3d430598
WRITE 0032 04ae6c7f-1b08-44a0-92cd-ff9359482274
READ 0054
READ 0023
WRITE 0073 225644be-7f8e-46ed-a787-a17b6fa5ef81
WRITE 0043 a951d863-7a18-4175-afc4-cb04575308aa
WRITE 0031 c3c15e71-240d-47a5-b014-b641a6e9e902
WRITE 0076 1e150d4a-5968-4031-b9ad-0ee6a13dd528
WRITE 0076 cda82d77-2751-406b-b8e5-01d9b628eedd
WRITE 0077 fc497671-7f39-45b3-82f4-537ccba8f27e
WRITE 0065 fd8d4feb-5c2c-40c2-b00d-77eaecada10e
READ 0076
WRITE 0027 e4339119-5e97-4618-b55e-d4e7546a5999
READ 0077
READ 0028
READ 0078
READ 0001
READ 0071
WRITE 0019 ef951af0-4f75-411b-b231-279f16c32ca9
READ 0019
WRITE 0065 54380ccc-704c-4807-b880-1994d71b84a1
WRITE 0042 19b36e4c-c4bd-4b01-aefe-94aa532eb3f1
READ 0040
WRITE 0052 8490aa20-0f00-4168-b872-1545626e7c8c
READ 0065
READ 0098
READ 0072
WRITE 0055 b6668587-bbbf-4324-a152-626b0ecf79a2
READ 0055
WRITE 0073 463fefdb-886b-4a22-96be-b5261738d5c8
WRITE 0074 6be46da3-eea9-4b49-94e8-83c7892be4f0
READ 0073
WRITE 0031 98ca7650-32ac-47f9-9178-c19bdddb3ed5
READ 0074
WRITE 0093 25da976d-d4bd-4123-8348-e546c73e7287
WRITE 0087 f03d9036-10be-4a82-a224-01f17b010c95
READ 0093
READ 0031
WRITE 0036 b680bc5b-9eae-4950-bacb-08f8bc9b2d4c
READ 0087
WRITE 0011 34245273-4457-48c5-9fe6-5a1ec78b38b1
WRITE 0052 0d2d687e-dfe4-487f-9743-720fb10644cf
READ 0036
WRITE 0031 a44c213e-eed9-4f11-aeb0-2a2a57b39377
READ 0052
WRITE 0017 8320d974-b37f-4cb6-a0b3-e8f31ab71038
READ 0017
WRITE 0041 a0973819-87bf-493f-97f5-93a8d21e9e00
READ 0055
WRITE 0090 e8a54e7b-76b7-492b-95b0-cb8399acbdcb
READ 0045
WRITE 0019 07118538-9828-4267-b549-869e5999b06d
READ 0041
READ 0019
READ 0086
WRITE 0021 b1bc4c37-5bc4-4e77-ac95-8c05d67c75f8
READ 0025
WRITE 0071 367880d7-ff5b-4066-a856-2803e719c5f6
READ 0095
READ 0071
WRITE 0079 cc232bb5-c24b-4297-b683-dd763a3977db
WRITE 0006 dcdd21a9-256f-4a96-b796-effcf0b8d825
WRITE 0035 3607e257-8c5b-47bc-8523-ee59a3bbb55f
READ 0039
READ 0006
READ 0063
WRITE 0026 da2b2e2e-eb9e-4580-bffb-e8aae0be75a1
READ 0009
WRITE 0065 e4f8953c-0086-4df2-9095-d4faffcf98aa
READ 0042
READ 0065
READ 0026
READ 0054
WRITE 0052 7cfffff2-d163-4c3a-924f-373798790b00
READ 0052
READ 0019
READ 0006
WRITE 0057 36493b78-ea57-4334-b5fa-ac30d5941406
READ 0027
READ 0057
WRITE 0045 0d97314b-feef-44c5-87c5-b4d0451443f0
WRITE 0048 85cbdd54-106f-4cdf-b867-ccc2b06e1e19
READ 0097
WRITE 0010 aa8f7198-e004-48a8-bded-ae484c741571
READ 0077
WRITE 0039 8b650740-fa2b-47fc-a91e-ddcfa46b9c19
READ 0041
READ 0048
WRITE 0014 379e07c4-a77c-43a5-af72-4be934ab374e
READ 0010
READ 0014
WRITE 0029 32916fb2-0cbd-41ef-8aa7-33618059343f
WRITE 0050 4cea252f-c83e-4320-b1e1-d4e0a5016c93
READ 0045
WRITE 0001 9532c030-332f-42fa-9279-db2716dd6f38
WRITE 0069 88b72bb3-3443-4d5d-a21b-dd2efe3335c1
READ 0075
READ 0069
WRITE 0053 372cd0e0-2d74-4169-9290-9d893b99c1f2
READ 0001
WRITE 0012 9097a663-f29d-4663-aa0e-a85c6fc0b1c8
READ 0012
READ 0023
READ 0018
WRITE 0016 7e8362de-135e-46cf-9425-9d661806a0d5
WRITE 0052 ea485ebd-242e-4c08-a19b-e059840d79d7
READ 0089
WRITE 0079 f8782ce1-b54a-4cd8-b543-5289f7172d7b
READ 0052
READ 0016
WRITE 0098 e91f8501-acdf-4da4-b148-e16c9eb801a8
WRITE 0032 c7e67fda-479d-4dc9-93c0-67881aabbc7d
READ 0079
WRITE 0038 b4b5e9db-4670-4516-8dbe-063cee961e91
WRITE 0084 f589c46d-ff39-4179-9d52-af426125ca8f
READ 0038
WRITE 0055 44c0507a-20e1-4f81-b69c-b0a1be2fc2a1
WRITE 0092 cf0cee62-3104-4dd8-9985-7154fbaf098a
READ 0055
WRITE 0059 83470a54-fae7-4f86-a382-01d4a8f7fb85
WRITE 0083 8512d6bb-0db0-41b8-845b-6b3d72f368ad
WRITE 0027 0886f359-9400-4417-a48b-7ab48ecb4ca4
WRITE 0038 1bc830bc-624b-457c-999c-7427f2482ec2
WRITE 0080 d2d7865e-9ef9-4e55-b895-e446a7ae4bf2
READ 0080
READ 0083
WRITE 0043 b72fb603-ad7b-4c2a-932c-30cfce943719
WRITE 0097 2763ac11-915b-4092-a495-4a0aa21e5edc
READ 0043
WRITE 0083 c520249e-888f-4fde-9f3a-36f640b7d87d
READ 0083
WRITE 0015 791e9809-3160-495a-9d2f-59e6b25dcd9e
WRITE 0016 7d519afe-ee09-4368-8ced-a501301d0ce8
READ 0016
READ 0094
READ 0003
WRITE 0023 cd5303d1-3731-49b2-b90e-0a7bf1cbc820
WRITE 0023 befde750-0576-495b-a2e8-ff4567f3db9f
READ 0042
READ 0023
READ 0087
READ 0012
READ 0024
READ 0025
READ 0059
READ 0069
WRITE 0006 4f82d031-a089-42e7-8ee4-e1ea0bddc8c6
WRITE 0046 d28df820-1dd9-47fa-af09-37934b7ab17a
READ 0039
READ 0097
WRITE 0090 3918e40b-fdd6-4ae9-9661-afc91da08181
READ 0046
READ 0090
READ 0070
WRITE 0028 24f3e4f1-0b1d-4f7c-bd03-ee493052ddda
WRITE 0080 0b43a628-8eb7-47b9-992d-cdf82d242148
WRITE 0005 ef7e73af-5c13-4a4e-b3d9-625986fd2abb
READ 0091
READ 0005
WRITE 0045 ed1d2a28-34eb-40ea-b68f-757e4be844b1
READ 0028
READ 0080
READ 0045
WRITE 0044 89a6f8de-2276-4536-951b-b76b70b04f19
READ 0035
READ 0044
WRITE 0032 26d4bacf-0226-4480-80ed-a892496e0963
READ 0067
WRITE 0047 24f37764-0971-4ba0-9520-c5dde66d1738
READ 0003
READ 0047
WRITE 0095 34ea67e9-8dc6-42d9-961c-2c0378aecc33
READ 0061
READ 0031
READ 0047
WRITE 0066 10d696e8-6608-44a2-957c-a43001cc2610
READ 0047
WRITE 0003 f339454f-fe7d-4783-b55e-da30adf459ce
READ 0031
READ 0014
WRITE 0091 2f8e5900-3ed7-45bd-ade1-665c9e13bfb2
WRITE 0077 41e52d3c-646e-417e-81fb-c72d29fc4726
READ 0009
READ 0091
READ 0076
WRITE 0010 7cdf2006-2eaf-482d-927c-232c913f55d8
WRITE 0005 f0563fcc-ae72-41b3-bceb-c4e4b66dd349
WRITE 0059 1e7cd37a-f919-4e47-98aa-c99a5f819b6b
WRITE 0055 680b2bf8-6a6f-410a-86be-5d002ecca7f0
WRITE 0029 d2bdef35-cdf5-4f94-9d33-caa37efd27a6
WRITE 0014 74dbb66d-6e58-4250-9276-adaac5b2c63e
WRITE 0045 639e4b37-7c5d-44f4-b392-3196eb6ce68c
READ 0005
READ 0029
WRITE 0020 372e56ba-65c0-4de6-8cdb-dffa3df5e23b
WRITE 0087 1bf87bc5-de5d-428e-a832-f7567a5ad36e
READ 0020
WRITE 0068 65a62d60-9f75-4079-871f-1ea9111f4a37
WRITE 0035 7c05771f-e5ff-4d72-846e-47d907e76614
READ 0035
WRITE 0012 1a0561ad-024d-4571-b711-f3b85c139039
READ 0009
WRITE 0052 04bf0121-113e-4041-b90f-28b3e00d8830
READ 0052
WRITE 0052 39fc18ac-448f-4e68-a7b4-de1e1c63721e
READ 0012
READ 0091
READ 0035
WRITE 0024 3e47df6e-1815-4e68-9c6a-6d78a5662427
READ 0024
WRITE 0003 8ebd8e3f-cddc-47b3-b58f-d46d6fe842af
WRITE 0036 7396cfa3-ecf8-472e-b46b-f0598a614f99
READ 0036
READ 0044
READ 0026
READ 0023
READ 0059
WRITE 0057 321f5015-4ed7-462e-8fe2-fbba21b30d1c
WRITE 0098 68f42847-f89f-42ea-b1ba-65c191939838
READ 0024
WRITE 0026 4d0e33c6-9d28-4c19-8da2-88e3ea9763bb
READ 0057
WRITE 0099 7ff5bac7-db36-40f5-bd5d-4a333d424ab8
READ 0099
WRITE 0090 7fb95ac3-1967-4878-a9a2-3210102ff925
WRITE 0082 9ce69c49-04e7-4459-9488-29b11587fe8a
READ 0022
READ 0019
WRITE 0035 6929d41b-f170-4877-a3ff-5e06d78c55e8
WRITE 0055 7cd3ccf2-c469-49b8-bd8c-623621b26c84
READ 0082
WRITE 0017 5b86cbd6-d761-4c60-9d81-6131a8d0a165
WRITE 0093 3b848c22-16bb-47e0-8384-6e7f86c44b79
WRITE 0060 7b4bdd84-c8e0-4fc1-bc77-ee44dae65b2e
WRITE 0024 0a4bb099-2b90-468b-b847-2f9b79bcc55a
READ 0017
WRITE 0065 9ca7b858-0a6e-4496-bcff-69fba6be15c8
READ 0038
WRITE 0063 cbb594c0-f811-40b7-a12b-513f221a806d
READ 0060
WRITE 0020 bdf2910b-6d79-4b9c-be0b-5cfa548be5a7
WRITE 0099 dec14a6a-d41f-4f98-b1b2-8813d94512d3
READ 0020
READ 0044
WRITE 0025 890c3306-87bc-47e7-9c19-c4eec3028dec
READ 0025
WRITE 0080 5f7e2269-3c4a-404e-a26c-141699b28842
WRITE 0088 e249e993-8b45-49dc-8dcd-1e885d521c96
READ 0069
READ 0099
READ 0088
WRITE 0005 c5aff16e-7f19-4b4c-b752-b0dcd970671b
READ 0034
READ 0005
WRITE 0008 dbf22ae1-a9a3-4808-a9c5-2cb5b64aa2fc
WRITE 0059 f7cb8b71-19d3-4740-8b8b-cfcaf8bce57a
READ 0059
WRITE 0003 17ff2d5e-cb38-43fe-8e0a-2d2621783820
READ 0003
READ 0008
READ 0024
WRITE 0036 a3214b2b-9e9f-4405-a190-21a3c511b742
READ 0036
WRITE 0018 4cef5c8b-40c6-4bef-975a-ae2f7fdf8e63
READ 0036
WRITE 0018 d3d1852b-74cf-485c-a6ed-431b044bc68d
WRITE 0076 0c0f0cba-37b8-452f-b9da-177b2b4d7bb0
WRITE 0044 d80dbb94-c071-4a5c-aaa6-2c9afc1a6c40
READ 0044
READ 0018
WRITE 0013 a8762b29-5f53-4102-a351-7efda03ec12e
WRITE 0080 cad8ccd8-661f-4728-bcf2-e47c4ed7f611
READ 0076
WRITE 0044 777fb0cb-e018-45cb-9b91-28749b283393
READ 0056
READ 0070
WRITE 0002 4a5edfe4-ea9a-4c1d-ac8b-c2835aea1c43
READ 0044
READ 0002
WRITE 0089 f4d9b440-c9c4-4a76-ae6f-5f6e928aef7a
READ 0079
WRITE 0053 96e893d6-65f0-4098-8a17-0893cabaae36
WRITE 0027 3ee29dba-b4ef-4142-9d1c-2bf33e442049
READ 0027
READ 0053
WRITE 0084 a87c3b4f-95ac-45e2-b416-1e89e1b2c80e
READ 0084
WRITE 0065 fe0422d5-8edb-48bd-8c40-4a571288dbe1
READ 0029
WRITE 0026 49cd5da0-f6b3-494a-9e7a-c5e7a62e0c66
READ 0026
READ 0080
READ 0036
WRITE 0007 7debe29d-a327-4a86-a405-5e48ab8f2424
READ 0019
READ 0093
WRITE 0074 66a3affa-6e1c-4342-bf7a-e82a9412dd93
READ 0030
WRITE 0036 20af15b1-cfe4-4c07-96aa-eb6e44958f00
READ 0076
WRITE 0007 b4cce30f-a747-4cf8-9ee0-14b222e1f4c1
READ 0036
READ 0082
WRITE 0013 513614ef-df28-46e7-b0b5-89c6cc888170
WRITE 0078 9e7e95ec-1836-453c-a479-f0272bf9b1da
READ 0007
WRITE 0047 463aae2e-bdb3-463e-88a6-00d70332a2ed
WRITE 0048 64d9db49-0a87-42b8-b7fb-8baed99ea713
WRITE 0044 d62f49a1-6061-49d1-b017-8c7f83189261
WRITE 0037 d4028a6d-d7f8-48b0-bdcc-f0bf060391e4
READ 0047
WRITE 0046 b0596b45-f3fc-408f-ae3d-ddc658a01f2a
WRITE 0030 335acdfd-e3b1-45d2-ba2a-68c750c3e57b
WRITE 0046 2dfb95ab-48ce-440b-82a5-fd302db9a1fd
WRITE 0061 1eef53ae-7681-43e8-816c-9052d3b75ce5
READ 0037
READ 0046
READ 0061
READ 0030
WRITE 0054 a528ff00-f37d-4dfd-ac17-3fc25531d0c7
WRITE 0044 ee204441-116f-49f4-9856-e696b34ffe11
WRITE 0025 dfd845be-9f54-442f-9039-cfd5c4b52a39
READ 0078
WRITE 0018 6b65bac0-4ae3-4b19-a8f6-6e86cafbca2e
READ 0089
READ 0054
READ 0007
READ 0027
READ 0054
READ 0034
WRITE 0078 700116a1-267e-4ec6-bf2d-cd1074ba9581
WRITE 0032 4268503f-d0dd-4dad-835d-b2e44fe77c08
READ 0078
WRITE 0064 c4b6a8e9-fb5d-4012-8e1e-3b1615f74e4d
READ 0041
WRITE 0068 0346401f-b8b8-43f0-a8a9-64ae8f8ec9e3
WRITE 0001 00d7e29f-870d-43c3-8268-a028c01f7e49
READ 0072
READ 0064
READ 0068
READ 0042
WRITE 0088 7f4acc73-83dc-4b6b-82cb-52ca2f51dd6d
READ 0001
READ 0088
READ 0054
READ 0004
WRITE 0018 46f4f3d9-a193-4d6e-904a-785e9484ee4e
WRITE 0003 542bda4e-cb9f-4edf-94da-9b6aa635ebea
READ 0003
READ 0002
WRITE 0009 bfb6514a-9077-46da-8e24-b7118be195af
WRITE 0031 4752aa36-c3e2-42e1-8ebf-b48653cd8d2f
READ 0004
WRITE 0018 2b5a6cb9-8e24-4582-93e7-6e91cff9e5b3
READ 0006
WRITE 0099 ca6a1328-66ac-4cad-9665-32a5c3b8769a
READ 0031
READ 0099
WRITE 0001 1692b875-a4c0-4a98-bb80-679f8c8b136c
WRITE 0077 04f58e6b-798b-41e9-8b61-f964882600a5
WRITE 0053 e32711f2-5741-45ae-8a2e-f489058b3583
WRITE 0092 745d88c9-adc7-4d67-9aa2-b5a8b8c82998
WRITE 0018 fc3b5843-de21-4608-ae99-00a996443b7e
WRITE 0055 ca9de9bd-74eb-4a18-929e-c651871ca35a
READ 0055
WRITE 0026 d1175b77-33f5-4772-870f-5ea8d66a9e76
READ 0053
READ 0026
WRITE 0015 dd8f7075-242a-4840-b1df-7a92e6c8ec21
WRITE 0061 2f938ea3-88a6-4595-a2a8-140bc8703d26
WRITE 0032 f9b87260-d62c-4ea9-bd51-dce9bf6e6c6a
READ 0000
READ 0057
READ 0087
READ 0025
READ 0080
READ 0032
WRITE 0024 348c480b-af49-4adf-83b8-5c85ece79ba0
READ 0013
WRITE 0078 b7a7ed20-1ac9-4f64-884e-fd6d90192118
WRITE 0017 70f90f80-9298-4fe1-bef7-54812e16f9b4
WRITE 0014 9f74a2fb-ae67-4f71-ab3d-1e4f24a2ca9a
READ 0096
WRITE 0043 aa4c04ee-54ee-4925-ba8c-c079f5732b4a
WRITE 0080 b6f3b14d-b696-49e8-af0a-4c05bf211a6b
READ 0043
WRITE 0094 6b874b29-3d27-4696-bb35-e77ac98e719e
WRITE 0075 b84e40ea-eee4-4d5d-bca5-111504288f35
READ 0094
READ 0098
WRITE 0066 1ba45104-dc96-4571-99fe-aca9390797c1
WRITE 0046 731622d0-f4cf-459e-88cc-9bd7150a42a2
READ 0046
READ 0066
READ 0035
WRITE 0055 62c7ae2f-c1c9-479d-9e7e-6ae8de502f69
WRITE 0086 17b5ea13-c969-4440-b8a5-62f6257252bf
READ 0086
READ 0034
READ 0014
READ 0094
WRITE 0070 de9b4537-7517-45a4-a3a9-ec0b506fd3b3
WRITE 0046 31b5b86b-f9d5-42a2-ad3b-aa6c39d785ba
WRITE 0050 4a9318f5-8a00-48a0-932c-6ff63e3b03e4
WRITE 0044 0bf6e95d-5d35-41dc-b814-5298ea5787c8
WRITE 0073 840846ae-5c89-4809-9b7a-3c56169757c2
WRITE 0073 b6c72cc8-5cca-4c8f-b546-3ace0b994a24
WRITE 0009 a76b1165-e490-47a1-9f36-48530223dc12
READ 0050
READ 0073
READ 0044
READ 0008
WRITE 0024 8d01d3e9-9ac1-4913-9066-7f7db7100fe3
WRITE 0027 d92fa5d2-b29e-4f26-a0fa-e83956de9754
READ 0076
WRITE 0008 d8f01882-585f-486b-878a-580f2e517b49
READ 0002
READ 0045
READ 0024
READ 0024
READ 0076
READ 0008
WRITE 0038 36b42398-e033-47c6-8f77-d62046fda64b
READ 0042
WRITE 0000 70216252-98a0-4b96-8ed5-45b3fc7bc8b0
WRITE 0080 5dedbf69-a0d3-44c6-8fbf-1bdb34240c3c
READ 0019
WRITE 0053 60dade3a-de71-43f1-818f-1df6ba28a474
READ 0053
READ 0080
WRITE 0023 1cf2083a-2ce2-4b32-8cbb-d3504c1d542d
WRITE 0088 eb38f5fd-53c6-4942-80cf-f4e44a432b45
READ 0024
WRITE 0075 107f648b-5afd-4d02-a39a-531445ce6486
WRITE 0062 a7f75ad4-6335-404d-b866-cb423307f4eb
WRITE 0019 d4fa08cf-134c-46d7-826a-076ba1ed45f5
WRITE 0036 f506025b-e762-4027-b5ab-e14a6da49e5f
WRITE 0048 01fa96ac-5882-4036-bb67-de686c1b627c
WRITE 0049 152a0dd2-9a6d-403e-8f27-b48257a89e1b
READ 0019
READ 0036
READ 0079
READ 0009
READ 0090
READ 0049
READ 0090
WRITE 0005 7bb1f03d-6ca8-44de-b014-5d2741b5533d
READ 0017
WRITE 0063 288f7bda-ecc1-4455-8a5c-3d4073e39bbc
READ 0005
READ 0075
READ 0024
WRITE 0078 3bf0470e-cdae-45aa-84ba-7ca69462c455
READ 0078
WRITE 0045 9a9559f6-3c6c-421b-bc16-b975891efa4e
WRITE 0092 bfd44e0f-9acb-444e-bdb8-76fecc418c75
WRITE 0083 042f3999-119b-40ff-bb40-a581daf984c5
WRITE 0069 7f99b4aa-32de-42d3-a643-3fdc1d77a886
WRITE 0094 9a1d08d4-786c-428c-959c-8b6ed12b5d4b
WRITE 0078 23195bd4-85fe-447a-bcfb-e764652f31b9
WRITE 0075 9453d8af-3f91-4c0f-91ed-ed95e6f85c00
WRITE 0091 eceace08-4df9-4413-a684-37ff84485b72
WRITE 0049 103ebc46-e29a-4ad2-b0b5-1e599d93a2c4
READ 0094
READ 0049
READ 0075
READ 0055
WRITE 0097 af1287b0-37d1-483b-b38b-392c9cd93c60
READ 0097
READ 0001
READ 0054
WRITE 0031 eb5f0dde-17d7-48a6-80dd-78068225b75d
WRITE 0023 a86b2706-66e7-426a-baf5-c62b08fe79af
WRITE 0066 5405e7bc-b37f-41ef-8ac6-5156f4fce27e
WRITE 0016 8f9e030e-5374-4133-90f7-2ddb452d9130
READ 0016
READ 0023
WRITE 0024 cf52035c-8873-4ddd-a21f-2697dc1747bf
READ 0024
READ 0066
WRITE 0003 9d34c89c-e9d8-4421-b17c-845fc4daa543
READ 0028
READ 0003
READ 0033
WRITE 0080 70343bab-4210-40ec-9bc6-54dd6b053785
READ 0094
WRITE 0037 3283bcb3-6640-40c1-836c-06b71129eb4c
WRITE 0019 83272bd4-5477-448a-8c45-086808d04b67
READ 0080
READ 0084
WRITE 0020 19fd7fef-9fca-4d8b-9746-7e60936865c4
READ 0059
READ 0098
READ 0088
READ 0091
WRITE 0049 689aa2ed-c90a-46f1-949f-74a8c927ea8f
WRITE 0016 c257a5ea-94af-4bd8-9d6b-1f649513eb76
READ 0016
WRITE 0066 015b3bf6-85ea-46b1-a392-b4d780f7d14d
WRITE 0011 566ceae6-66e8-4d9c-80ec-a4a1bde18e43
WRITE 0004 17969dd4-6fa6-478c-b5e8-98935433bfd7
WRITE 0018 0ff8063a-454f-480d-a695-cddffd7ec7ea
WRITE 0073 88575735-9d77-42c8-a066-587b688509e8
WRITE 0004 d86f9876-302a-4fa9-890f-d66f41c2ba66
WRITE 0065 4beb64cb-945f-4333-85d1-a3d482848ddd
WRITE 0045 3aa5d480-8402-4856-baa7-4e825d4bbe91
READ 0004
READ 0073
READ 0045
WRITE 0020 d271e993-238a-4aa1-ad27-25a8d06f2d38
READ 0065
WRITE 0086 db600360-c491-4d51-99c4-2dffc0efb924
WRITE 0088 109d5d60-33af-42b9-b734-018185e558ce
READ 0020
WRITE 0089 a3171d30-bcbf-4aad-9188-705d4cbc2340
READ 0012
WRITE 0031 1db9081d-5951-44dd-9e74-281870d460a9
WRITE 0051 a6050569-36b1-4e28-baae-f97b58a58317
READ 0089
WRITE 0025 4c64677d-fd9f-4ea0-a1a8-963472e458b2
WRITE 0091 6eb99792-a19f-4206-86d6-10eef7b5ab1c
READ 0025
READ 0051
WRITE 0068 458e8eac-c6ba-46f5-93a1-6888d78d9dbb
WRITE 0002 1e77d68a-73c2-40c7-ab0b-5d54298b78c2
READ 0018
READ 0008
WRITE 0052 ba021436-d6fe-446a-90e5-4051ac3f48f1
READ 0012
READ 0068
WRITE 0008 7c77df0d-eb71-4c1d-86c0-508a1d080ea1
READ 0044
READ 0008
WRITE 0019 2c6ae2e2-ebbf-4a49-90be-d41bb8790020
WRITE 0019 da04d3f7-acca-495d-94f6-21ef9b851929
WRITE 0080 8dfd1f1d-d8fd-478b-82a0-32ae9bb57765
WRITE 0082 417be6a0-80a8-4b99-b601-6323f3729f2c
READ 0009
READ 0019
WRITE 0030 8fdd85b1-e847-4929-9f4b-3e5c0fc18380
READ 0076
READ 0080
WRITE 0041 f5d5d864-bc67-4b7a-a37a-77bdb382ed27
WRITE 0035 ea3eb2a0-5db4-426d-a1f1-782fde7fe764
READ 0035
WRITE 0055 cf848543-d03f-46be-827b-38b2e013be95
WRITE 0066 52167bf0-4246-485e-ba30-1e7b287089bb
WRITE 0063 433af4a2-1e60-4503-a6bb-415154ad9dee
READ 0066
WRITE 0091 ffe161bc-1553-449b-83a5-3845dd79793e
WRITE 0057 fa9d004d-b1e8-4774-817f-68e4b96eb508
WRITE 0064 3296bd91-5bf0-4b3b-bf58-69194295bd07
WRITE 0022 55a71e33-409f-49e3-b9a5-7c6eac0923ba
READ 0091
WRITE 0009 1b4a0ad3-3f49-4ec6-8a79-d5594d254922
READ 0009
READ 0057
READ 0013
READ 0016
READ 0011
WRITE 0007 ec7ed7e1-d3c9-44f4-8e07-49fd1c3e1650
READ 0007
READ 0096
WRITE 0032 7e6ab6e2-3430-4811-ada5-98d9e0417f8b
READ 0032
WRITE 0022 0a7ef6b9-14ba-4294-9b98-23ad42687e8d
WRITE 0053 e960d778-f7ea-4a47-bfa6-a3284c9c67fd
WRITE 0075 264aa5ea-6e83-4f77-9a0b-e49f1e217e6e
READ 0012
WRITE 0061 6a59521e-d44c-4042-b7d4-9e150f2351a9
READ 0021
READ 0045
WRITE 0027 7081be31-f8e5-46be-97a6-c41dc41fce8b
READ 0011
WRITE 0053 41d8995b-1674-4a6a-b09b-88ca61e0f23b
READ 0061
READ 0053
WRITE 0065 5626e888-c1c2-4bf0-9848-5f9f6452af91
WRITE 0016 2055e0e4-b7fe-4879-b709-e117b2ca6b2f
WRITE 0001 c24bc6da-0022-4433-9c52-809f736e15f5
WRITE 0020 467e0c11-d433-4b53-a405-7cfbd60b6077
WRITE 0031 c9bd24b8-4702-4495-8d14-88b3ed3fc1c2
WRITE 0072 0feaa209-0fa0-43d4-8974-d3e5e691977d
READ 0072
READ 0020
READ 0040
WRITE 0092 91a829cb-6bda-4b7a-b18e-1fa026a86f8d
READ 0031
WRITE 0003 df4668a2-83d4-49c2-936f-83e2bda2eb6d
WRITE 0058 cf55d9b1-fde4-4ca2-8e23-f907dc28a7fe
READ 0092
WRITE 0092 63a35ede-0d77-45a0-8e3a-e3024c6ec414
WRITE 0068 b97f419d-8221-4a7b-8eaa-831af685db61
READ 0058
WRITE 0071 ee2fe84b-af8b-43ff-b4f7-a46b8c77b581
READ 0092
WRITE 0055 cdeb73d2-d65e-4546-9e1f-979d235e188f
READ 0055
READ 0074
WRITE 0040 955b9f24-20e8-4e1d-b79f-9991f9c339a4
READ 0055
WRITE 0010 2dbc96c0-f4a7-4cf1-a3b1-0dc59a5e2bf8
READ 0013
READ 0010
WRITE 0064 33d32612-7b67-4003-a8a4-4c5f82f0837e
READ 0052
WRITE 0026 4ef7433f-6382-4aa8-9549-1639b5506a10
WRITE 0044 f58a0ccc-ca0b-4f0b-8fdf-1c6d2f1c4564
READ 0026
WRITE 0044 7092432f-11ee-4662-b461-6a31f21ea8e6
WRITE 0006 ae737de0-418c-42bb-8e9e-549be6c8d8cf
WRITE 0050 86efa784-e13f-4426-b5b1-c1a3fc28cee5
READ 0067
READ 0044
WRITE 0032 4f01de73-f858-48a0-a88a-27f27aa90319
READ 0055
READ 0050
READ 0019
WRITE 0002 f0ee33ae-79b4-4bc8-b247-bd1cabc3668b
READ 0062
READ 0018
WRITE 0008 2ad74758-c9d8-4933-a2b0-d4dac84b3f01
WRITE 0035 da27558e-3803-49d2-9d08-dc693c29c5c9
WRITE 0052 3dc555f6-6040-4411-a62f-4c49fd2ea1ae
READ 0008
WRITE 0019 88d3efe4-f8a6-47a7-9c97-a95a996c6829
WRITE 0065 3a71cfad-95a6-47eb-b9b8-bd1f9eb2e05d
READ 0035
WRITE 0068 40d52ab2-1843-4971-9c6f-0c410e995892
READ 0052
READ 0035
WRITE 0009 32220f65-1878-4065-a50c-6cba236eff8a
READ 0068
READ 0045
READ 0094
READ 0001
READ 0002
WRITE 0049 10800743-faff-46f7-bdbe-07c118e94925
WRITE 0072 9eb3422f-5f5a-4e95-8743-6d5fff0e8423
READ 0022
READ 0072
WRITE 0003 b0d7b03e-119a-487e-9192-561f5f1d1e9a
READ 0003
READ 0028
WRITE 0011 3ded228f-6afd-4126-a6df-4aee662adcfa
WRITE 0024 288c88b9-ff45-4692-beb0-08eb762a098c
WRITE 0065 cd034450-26c8-4092-87ab-029d835ec2cb
READ 0065
READ 0024
WRITE 0010 0d3f5ec1-96e1-4d46-abcc-d3eb5c3fe76a
WRITE 0019 97fb7871-351f-45fc-abc7-d957f76b85e4
WRITE 0091 a29fb77d-f1a3-41b6-a336-ff4155ddf9f4
WRITE 0044 28e55bf1-b0f8-4e9b-a0b0-dead965a1d41
WRITE 0021 e0597166-7f9b-4e8a-83e7-08382f28dda0
READ 0044
READ 0021
READ 0016
WRITE 0072 3512b54b-700e-4364-8ee3-de0470ab0de0
READ 0027
WRITE 0044 60f511af-91b9-426d-b6d9-025e81b69b87
WRITE 0070 3583039d-de98-4d0d-885f-5adbabc737a9
READ 0014
WRITE 0027 9987a39e-8403-4918-a46c-97e07069c9a9
READ 0090
READ 0027
WRITE 0022 7f3544db-e22a-48c3-a2cf-58d41c667c9c
READ 0022
READ 0094
WRITE 0034 5e416ed8-df2c-43a0-80aa-3040bee120c3
READ 0011
WRITE 0098 f8be0d37-4eca-46ad-b2eb-95c38709c8ae
READ 0034
READ 0098
WRITE 0078 5feae507-d6e0-4503-954f-b2c6346c7fb9
READ 0067
WRITE 0001 33941110-ef37-481e-bd6b-72c923c91ba7
READ 0084
WRITE 0024 fae0c677-73fb-44e9-8804-e0b410c4902f
READ 0088
READ 0082
READ 0024
READ 0001
READ 0047
WRITE 0011 e9c2827d-00ae-4abe-8951-c1ee639a3826
WRITE 0054 2fda0395-27e5-4858-a7da-9b1ece9160e9
READ 0094
WRITE 0030 2070664f-add1-4d39-9613-5590f5c0bb6d
READ 0054
WRITE 0028 7171a843-9962-4cad-b40c-7b56fbf425c4
READ 0030
WRITE 0082 fe9e4aec-901b-4cd5-a6ca-484f49a471c7
READ 0082
WRITE 0084 042d5eb2-d502-4327-b516-b4c92ceb7a45
READ 0084
WRITE 0005 7f8d7f2f-caa2-4b56-8534-a5202bd1bfe1
WRITE 0091 468f1dfe-c802-4e8b-8874-3d7343754d7d
WRITE 0027 83520de6-b26d-4cc0-b2bd-e88baa42f1e3
READ 0005
WRITE 0016 d5207e0a-f1cb-4100-8152-e473319fc611
READ 0021
WRITE 0070 8eae960b-edac-4aea-be86-1e8265ca6541
WRITE 0017 59a38d1a-fc0a-437a-923d-62932b72ca18
WRITE 0054 358dde39-4c18-4949-bd3e-58b9601ca061
READ 0038
WRITE 0054 7fd2b7d1-d680-4a4b-9b22-e127e5262c77
WRITE 0051 41d486b0-3be4-4907-b63a-53e59a29b8aa
READ 0017
WRITE 0081 79cc5263-2611-4f54-b55a-c41fc75a6598
READ 0013
WRITE 0072 bc22da8c-6b08-45ca-8fbb-c3ff465f327f
READ 0054
WRITE 0052 8c05eced-e611-4ee6-b04b-b16c6487c691
WRITE 0049 cdda320d-24ab-4475-bdc3-660d63ac6bf0
WRITE 0041 9cb12e9d-faa0-4031-9249-1d567f5a1810
WRITE 0071 512ccc19-0fe4-43e0-8847-4b4811299092
READ 0084
READ 0071
READ 0041
READ 0046
WRITE 0022 fff0836b-45f5-414f-a9a1-a0d9e67e02f1
WRITE 0014 6594c1d9-b777-47a4-ab7b-18063334dcd9
READ 0020
READ 0075
READ 0098
WRITE 0068 aaf6dd91-aa43-4e28-859f-b551e68cfcc1
WRITE 0084 cdb6f3a8-2460-4ecd-a2f7-fce2d2be99f9
READ 0014
WRITE 0085 410d03b8-372f-45bb-9465-ca2ebe8ba29c
READ 0017
WRITE 0048 a93d3cb8-bd06-4fbf-bf87-050b1d78ccbe
READ 0088
READ 0084
READ 0091
READ 0048
WRITE 0020 d28afa14-810e-4448-bd00-b0ba735a89fd
READ 0000
READ 0020
WRITE 0047 3cf9a6b0-a9c5-43cb-a37e-8c07b2df2888
READ 0021
READ 0034
READ 0065
READ 0081
READ 0073
READ 0047
WRITE 0098 7b456d39-66b6-4850-b9d1-9503099033d1
READ 0098
READ 0008
READ 0056
WRITE 0076 17397f93-a9e9-4b27-b988-57123871f67f
READ 0047
WRITE 0047 cbb75398-f4bf-4fcb-a27c-34c55ea75942
WRITE 0001 f1d9178d-9806-41eb-8920-4d154a4d7efc
READ 0047
WRITE 0033 3bd9aaba-38b5-4d6c-80f7-15b5d367ee4b
READ 0001
READ 0013
READ 0099
WRITE 0052 b2e0ab83-f086-4b7a-9b64-b83bbd07978e
WRITE 0070 116644ab-fffb-4681-ad7d-685873c3df69
READ 0033
WRITE 0098 bd6e812e-b140-47aa-bc5e-e7af374f21e7
READ 0075
WRITE 0012 ae3c64df-253b-46ee-813a-9828b41521f6
READ 0051
READ 0070
READ 0056
READ 0077
WRITE 0072 b3c35782-326b-44df-b7c1-a5059605a8b5
READ 0018
READ 0044
READ 0077
READ 0040
WRITE 0029 7662a6a8-e312-423b-a5b5-a6c2cd275f18
WRITE 0075 acccd771-73d0-4e52-9e45-6386f8c978b2
WRITE 0093 f704c707-ddb4-4f36-9a6a-3d382d1672cf
WRITE 0082 278783eb-7783-401a-a1b4-3a10111e982a
WRITE 0065 f7795366-e107-49c8-b10f-0785e472c427
WRITE 0089 e0c712fd-5d52-439a-9207-8915b91b7d11
WRITE 0004 74c98152-ebda-40d7-b37f-c7528459775b
READ 0075
READ 0065
READ 0038
WRITE 0079 aca1fa7c-22bc-4fb3-93ea-8a1c0685b78a
READ 0089
WRITE 0099 73df3374-7232-4f27-85ba-100f7af2ecff
READ 0087
WRITE 0056 e9862f7d-66bc-444f-903a-58a541fd0bea
WRITE 0046 fae891d7-da57-4526-86b1-5a0c45d5fe69
WRITE 0025 1cbe523c-47a0-4bd0-b100-e5119a0f882d
READ 0056
WRITE 0062 4fd00cda-a470-47af-a807-48bfefb27dd9
READ 0025
WRITE 0064 5325e6ce-1354-4ffa-bc2a-72d2f66a0c3f
READ 0046
WRITE 0040 4cec8ac6-2654-4af8-af2d-312261cbf970
READ 0064
READ 0062
READ 0040
WRITE 0067 2f4ba37f-1420-469d-8d32-75525c27d0a3
READ 0069
WRITE 0070 7cb305bc-76bb-4467-953b-2251e2adf854
READ 0036
READ 0024
READ 0070
READ 0039
READ 0013
READ 0030
READ 0000
WRITE 0059 25983d59-f364-4185-9b1e-1ee152b5fa0e
WRITE 0071 15bec889-af2f-47fc-85ae-5e954e03b059
READ 0058
WRITE 0041 aabed2a9-7ea4-47bf-be72-b83e8a676254
READ 0071
READ 0092
READ 0041
WRITE 0090 07248b82-8cd0-442a-b6cf-2f9f2e04d8d9
READ 0090
READ 0057
WRITE 0031 07e72e05-0b55-4d1d-93a3-75da708cb7da
WRITE 0089 3bc6477d-287a-4fb7-b396-be53daadd218
WRITE 0067 05d71dac-9452-4f7d-8130-11a02a4b995a
READ 0089
WRITE 0023 8ac08675-e981-4ec9-a2cf-7c738329b2ca
WRITE 0013 3c029bca-a542-4e79-95c3-51930c3f1a4b
WRITE 0074 6471c12d-e90d-427a-8642-8379a5f187d8
WRITE 0085 08efa84c-10c9-4c56-860a-6030ce969575
WRITE 0009 51b3f479-b464-43df-9730-970e3fddc757
READ 0023
READ 0074
READ 0013
WRITE 0017 3119fcc5-f63f-41ec-a752-7c9fd44e7b10
READ 0065
WRITE 0086 2b708115-9ba7-4b0b-864c-aa9c3fc50209
WRITE 0067 b2bf2210-e928-4f3b-a569-4b671465bc5a
READ 0086
WRITE 0057 587ba0a7-779e-47a8-9e28-4270b380fade
WRITE 0028 d6635680-2dac-426a-8de0-8d726ffaabb1
WRITE 0047 281c85e4-5d6c-40ea-b894-23643e9e0600
WRITE 0006 74cd4334-210c-489b-ba98-b17435135be2
WRITE 0088 148804b8-d62f-4116-9e9b-6111bb7c9bde
READ 0006
WRITE 0028 a3f894d9-478c-4830-ad5e-63ee7ab86e20
READ 0028
WRITE 0000 c18a66c1-c539-4b2e-b884-7f7587b919bf
WRITE 0025 b5959f46-c2d8-41dd-a8f3-7cf937d7f402
READ 0000
WRITE 0073 7d8398f8-d450-4844-b8ee-e7173fd8d20d
READ 0073
WRITE 0009 53f61d92-c9e8-4813-af72-e07dcd85dc7e
WRITE 0033 35316ce4-92e0-43e3-802e-2dc717b0f76b
WRITE 0061 1ec127af-47b6-482b-b568-07650c6ed3b2
WRITE 0001 1df101f3-cf55-41c3-beb1-21ed719ad698
WRITE 0034 55ecdf93-a384-43c4-a7f8-a316de8d1654
READ 0034
READ 0009
READ 0033
WRITE 0047 51cbaedc-f826-43df-99d8-1ff945c42fb6
WRITE 0093 a0cbcc85-764e-4a6f-b882-b750c72c51b5
WRITE 0016 b0e67310-7498-42e9-a5d1-40c95f240567
WRITE 0046 b4c203af-3577-49a7-a4c7-224cbc27d1bb
WRITE 0013 f1e7135c-dd21-449c-a171-eb4e5397dddf
READ 0016
READ 0047
READ 0093
WRITE 0026 8767fa5c-c51c-4b4d-a890-9ea75d0e6961
WRITE 0035 bcf00eb7-6050-4c0e-8751-e532f719e59c
READ 0090
READ 0012
READ 0012
READ 0066
READ 0065
WRITE 0050 6a5d96e2-a2de-4ffa-8922-e60d00eb8a0e
WRITE 0040 2da4cf43-9a80-4d04-a0e2-942917a403de
READ 0040
WRITE 0086 8a1f56d1-1e6c-484d-880c-8a1eb97976f0
WRITE 0020 0d10538b-b381-4c6d-9982-2b58d249bdc0
WRITE 0077 04376746-48dd-4798-a157-447baacfcb6c
WRITE 0024 0f4c97f3-5fc5-4426-b6e8-3b1a80a5342e
READ 0086
READ 0077
WRITE 0071 e6ee4309-60b4-4993-b778-ce8e9ea2636e
WRITE 0020 1c4d4498-40b0-48ca-94e6-37c6ee2d6a77
WRITE 0042 b53c3df5-c4fb-42cb-a540-6dd9efccf6f2
READ 0020
READ 0071
WRITE 0041 058e3e08-350b-45b9-b22d-6cc70333d716
READ 0041
WRITE 0041 a601db64-b92d-4e85-a05c-38ca03f4f04b
READ 0014
READ 0006
READ 0057
READ 0050
WRITE 0033 6d9ed8f0-5891-40a4-840b-a1dcc9044344
READ 0041
READ 0033
READ 0076
READ 0032
READ 0041
READ 0018
WRITE 0050 6069d1e6-6e19-45ff-8eca-542cffe1e7a4
READ 0022
WRITE 0097 fb2453cc-df67-4cec-b4f7-a56b9eab7ead
WRITE 0032 12b130d6-e83d-4f21-86db-9923850f7387
WRITE 0047 63c8f7d9-5b1c-4188-99d3-d3e5a55d8290
READ 0038
WRITE 0022 c940ffae-dc28-473d-9e9a-8399d00318bc
READ 0047
READ 0096
READ 0032
WRITE 0056 f9c79c99-6ceb-4f0e-aeec-cc2893a567be
READ 0022
WRITE 0088 a2d92cc4-f934-438b-9533-0a64e3c53b31
WRITE 0038 81ad3d45-1455-4d6d-9a83-a21d11d51e9e
READ 0056
WRITE 0072 2aae0da3-c800-433d-a96f-171d4646e3d7
WRITE 0065 7fb881de-a110-4eb6-bf37-6bf4b0a5f718
READ 0038
READ 0065
WRITE 0073 e16e2cc6-7191-4700-ba60-f6a10e3c6dd0
WRITE 0031 e2a327e5-e420-4c5a-8e01-616489f3e753
READ 0072
WRITE 0080 702b2e2a-40c9-4cbc-8773-a5457ca2d6c4
WRITE 0005 3039a75c-022f-422b-aa2f-da1b6d461393
WRITE 0016 c21f19c7-0959-4f0a-88bd-8f17a78df2fe
READ 0005
WRITE 0051 8ef824b8-a905-41ff-ae2e-62c100103152
WRITE 0047 0127921b-7d83-4212-8ef3-d96b5ab2dd1d
WRITE 0023 741ee53f-8683-46dd-85d6-e81e886c735a
WRITE 0041 ae73a15d-ca0a-4166-9e94-26595421fbe3
WRITE 0080 c5d468f0-6aff-4a76-8f0a-36c9238c25f4
READ 0023
WRITE 0003 0969806d-0588-4007-ae5f-5dbd01558f64
READ 0080
WRITE 0012 29b859e0-e97d-40c3-8b60-00927f26c77e
WRITE 0043 6854bf72-5ac3-4099-b7b8-5b90152b83f2
READ 0043
WRITE 0013 0be1e3b1-99af-45a2-8420-adf23ffa3e7b
READ 0012
WRITE 0080 53553123-6843-4f0a-a546-b44012e89cc5
WRITE 0073 5c25fa4d-3f6d-4a06-ae38-399bf82b5fcf
READ 0075
READ 0080
WRITE 0010 06ec91b0-dc3f-4a53-8423-a37e26d563f3
WRITE 0049 0970edae-c7ae-4e09-bc83-e7051d28ccac
WRITE 0000 25033675-240a-4c9b-8574-c78243ddcfc1
READ 0010
WRITE 0010 fc284967-6bde-4bbd-8bd0-9612c9e7af3f
WRITE 0053 70a6c048-e0e3-4653-8c92-1fec56694a75
WRITE 0025 24115079-45dd-49e4-b1ea-ac35b26371bf
WRITE 0012 e63bb93b-d94b-412a-b5ce-92362bb148cc
READ 0012
READ 0071
WRITE 0031 a398fb07-b363-45cb-a962-e05cdf7acc9e
WRITE 0029 361b3ce7-1adf-43a8-91ba-7f400e7f9bba
WRITE 0094 2d1b8066-0c13-4ead-8d50-b342a7aa2f9e
WRITE 0041 00dff1b2-6654-4025-a450-49c7af1a2f01
READ 0094
READ 0029
READ 0078
WRITE 0089 03a37cfb-896b-4c2c-a539-e4bff23d32b9
WRITE 0063 cf0f3998-a6dd-45f0-bfa0-8d76fe32d788
READ 0032
WRITE 0086 0bf225bb-f541-467e-a859-53ef447f3ea4
READ 0089
READ 0086
WRITE 0063 9c1d4027-5cb7-4707-a32e-4d8a87cb6f4c
READ 0052
WRITE 0070 063819a7-9986-4099-845f-4a7c17e12b35
