READ 5738
WRITE 0199 8e3aef65-23bf-4521-a519-83078f80139b
WRITE 4916 db5fb30a-1148-4fd8-8ca9-4ae0a7b11ef9
WRITE 8894 eee668c6-4934-4bee-af4b-f549259a9470
WRITE 1783 fc25613b-f0a5-4196-bbc7-cc1127731feb
READ 4490
READ 6543
WRITE 1028 a50977e7-9a7c-474f-b3e5-00c09b7402a0
READ 8663
READ 6599
WRITE 2132 c5c44a64-2b78-4478-8a6d-4a7760398a54
WRITE 4752 4e0f53bc-9f5f-4d65-8da4-04c5d77b1255
READ 3921
WRITE 1105 bd670fe6-6e5a-4a83-bb8c-1441ea890965
READ 3831
READ 8105
READ 1112
READ 6407
WRITE 5708 aef0a27b-64d1-4de6-8eea-f5152ac17ccd
WRITE 0916 9ae5e7e3-cdab-4950-a64e-3c7816816184
READ 7498
WRITE 3153 e1a398e7-69f5-4c34-a46e-df20559c805a
WRITE 1725 214dde85-ca42-495f-99b2-1cbec19959bd
WRITE 9954 6b953bc3-ff07-4ab2-ac8e-e1294a3b6882
READ 6205
READ 5061
READ 3050
WRITE 2409 2db51a3e-365f-4f43-8661-a712274b7800
READ 2165
READ 1587
READ 3640
READ 1442
WRITE 0265 0120c050-c2cf-4b0f-a9d1-7c638ad977cb
WRITE 6087 32bc88b4-cde5-4cd2-a36a-d9b773068809
READ 8166
READ 9944
WRITE 2035 67880fe5-8b18-4a84-9bf7-cf365a3c693f
WRITE 9747 45e45bbd-79ed-40fd-bef3-054d14659f51
WRITE 5191 5887cbc1-fcd8-4396-a80e-65912cc28a7c
READ 6462
WRITE 7758 c9db2e70-0f68-4055-b42f-bb29719531ee
READ 1570
WRITE 2539 60f3fd3a-2caa-4b47-aad8-cf5260a9efa8
WRITE 8052 879041fe-c5df-493a-a5bb-fe6e135a328a
WRITE 5668 17a5333f-4f5f-4b4c-b4f8-9aad28d67d2b
WRITE 7045 7f609650-ac7f-4dce-9abe-234d73608210
READ 3262
WRITE 8144 dc2c1948-de37-46cf-8390-12776d01124f
WRITE 8103 7f05144f-ad1f-4b2a-8528-e3c3dcfdeaa0
READ 4191
READ 8983
READ 2038
WRITE 3763 13a194d0-97a8-47ce-a276-bc7eaf6648b3
WRITE 5846 c8da364e-9f9a-484e-ba9f-90f4ac9fc5f5
WRITE 4072 9133ab66-b9c9-4f02-96d6-753b9c09348a
WRITE 2136 1ebac222-5f03-4137-986c-379fa8613341
READ 3604
WRITE 5165 b4d98ef7-23ac-48c4-a6e7-fdff695edb85
WRITE 3722 47a4b58d-6465-4a69-b983-9c58eab921f6
WRITE 2742 988e58e2-eb2d-4e9a-b1a9-9609bfd40e85
WRITE 5595 fed97630-03cc-46c9-8787-3c427a0f927b
READ 5985
WRITE 7097 46c6ff1b-97cd-4a39-88a4-288c4ec4d69a
WRITE 0745 4cf3b929-ae92-4a0e-b8ed-1c711208b53b
WRITE 8145 51f174d2-8537-4f4e-b6a2-7e0eea0e83fa
WRITE 7162 0faebdd9-5832-442e-bfcc-5ec2bdb3faeb
READ 6471
WRITE 4461 2848018e-a11a-4f98-964f-2609698631c0
WRITE 3883 9e35eecf-8a65-4931-9508-93edde15f3b2
WRITE 7695 814acc69-7e8a-47e5-9a77-624ef2726884
WRITE 6412 e5b6e092-4fb0-4f67-8925-43ff48a40069
WRITE 3725 1d5a1b98-72b0-4bea-af5f-dbd26923c2a0
WRITE 2792 1c2e97cd-b502-486c-a9d9-23b203162723
READ 6727
READ 3364
WRITE 1979 c1f8952d-edd8-4000-8636-70e8558ccc2c
WRITE 1597 b023d9f4-a923-41d3-83e5-da84488927e2
WRITE 1666 dca1529d-19b3-419a-9357-0ec6501845e5
WRITE 5422 948b6831-0c91-4345-8c8b-d7f992a84d74
READ 3585
WRITE 7396 fa25eba6-880e-44df-a63e-a8a861ca5cf7
WRITE 1499 b125a427-7bf3-4fa1-b9e9-0cbdcdabca6f
READ 2418
READ 0125
READ 4425
READ 8745
READ 3521
WRITE 7730 2af87d7c-705c-44d9-9007-c319725e0b0e
READ 0034
WRITE 1382 b04ec64f-8738-4e79-96cc-53571d509bfd
READ 1725
READ 9361
WRITE 9338 57413703-a3fc-4b44-923b-c2d2c5e4a2ba
WRITE 1861 b711a374-b24c-4a09-8148-c5f589be361d
READ 4640
WRITE 7953 fae1b098-3454-46cb-8496-ca3820cb0e4e
READ 0987
WRITE 0890 2bfb081d-8fe6-492e-a1a6-52f0c1e5a058
READ 1947
WRITE 0489 b2bc3027-6aec-4728-b4eb-fdecde7539f1
READ 2307
WRITE 0498 918f8620-7d92-4be9-9322-c86f53d7c4bc
READ 0825
READ 7990
READ 7954
READ 9362
WRITE 9023 f5160f3b-133f-435c-abd0-774532e0bcbd
READ 9737
WRITE 1937 0331ad42-2ea7-4cfd-aee6-dc77591cf5ab
READ 9228
WRITE 0713 efec79b1-d78e-46a5-8f64-9f53240e0257
READ 4872
READ 0684
READ 9225
READ 8071
WRITE 3266 3ee2f147-c4e6-4dcd-a7e7-002815560484
READ 8566
READ 0463
READ 5949
WRITE 4189 0b191d8e-273b-4f1e-9bce-af05251a361d
WRITE 8302 7dd7e72f-2d0a-40ac-95a7-2c46f0d7c4b7
READ 4174
WRITE 0986 ee5d5548-0f2a-4cfb-b6b1-c3ee70e2a061
READ 7463
READ 9678
WRITE 9640 2a4daeca-2eaa-4b13-894c-56c4b883aa74
WRITE 7531 3f5f6ef2-d22a-4015-a625-85e6c026779c
WRITE 4720 480ee457-253f-4a57-9500-360426525e83
WRITE 4557 20e27416-28bd-488a-90a0-fa04323991f5
READ 9667
WRITE 2404 eb1d6659-5cbc-41c6-a153-a0f67dc4d29f
WRITE 3104 2f6499ce-ca47-4841-bfaf-6084f9530b93
WRITE 2796 523100e4-8990-4625-b4ff-359393f35917
READ 1835
READ 2558
READ 2120
WRITE 0965 3e11031a-16b9-4d5b-892e-1e3ad7344838
WRITE 1842 162dac04-e4e7-4cb1-b17d-3ce64d4dd776
READ 2170
READ 6966
READ 7419
READ 4199
READ 8538
READ 1055
READ 3108
WRITE 8457 8820aba6-96de-48f3-9001-730d3a7bfc1b
WRITE 6888 4b4962c2-343a-43f7-94eb-fef05c7061a1
WRITE 9405 29530350-648f-4398-9ecc-4ae41a62a836
WRITE 0847 09fb26a5-52de-44ea-99b8-7039fa4d8a82
WRITE 0869 06d52a6e-6ca9-4c5a-8e79-7e4eb45c3d46
WRITE 4304 2943f897-948e-4c28-8a78-af8742f5678b
READ 6479
WRITE 1436 10ca8781-ddef-41df-a342-7d1567f16093
WRITE 1091 08f8bdbe-ce92-49f2-ab0b-58196b75f43d
READ 8706
WRITE 3773 6fffe976-e4e2-45f5-b9eb-873925ab0565
READ 0315
WRITE 1893 8cf91b1b-2403-4747-91f1-33070cc02eab
WRITE 4641 f63e700a-71a2-451c-b163-18cf1deb14d9
WRITE 6423 cea2489a-c60f-413e-b7a8-c895a412018e
WRITE 2981 92ee6bdb-ff46-4551-b3e3-18d2ae8184f1
WRITE 5052 5daac318-cb4a-464f-9cdf-93c318fb869a
WRITE 0461 9cd20687-0a85-4e82-b4ef-ba39e8deee41
WRITE 6601 7ee30c7b-9a1b-4399-82dd-408819f06fe0
WRITE 0089 53a2f3a3-1941-43cc-98db-dd494aebc37e
READ 4491
WRITE 5288 db2b7492-2c58-45a4-b86a-3bb44e4fc983
READ 1251
WRITE 9307 4c43397d-0e08-4a0b-89cf-87a40581b3b3
READ 3278
WRITE 4840 ed1f52ef-ad85-423b-8d84-be299b81b961
READ 6211
WRITE 3819 276c1a7a-2552-4b6a-b5f0-a2fcc497923c
WRITE 7095 696c2b2f-7b61-439c-af30-fb7eb57c3d02
WRITE 0979 9f7b7512-9fd3-4675-a1bd-792e63f1fa0f
WRITE 6124 5fa6cc22-837f-42fa-b0f7-578ee6f84c00
READ 4755
WRITE 1427 ec8ceafc-cf35-4545-8765-2d44a4503d5b
READ 2300
READ 4024
READ 6918
READ 4010
WRITE 5448 584ac0b7-c3c4-4082-8adc-0148f725fefb
WRITE 2376 d404dc8f-bdd4-4aa8-81f5-d61987c49b2d
READ 9261
WRITE 6358 9e030762-0196-46f5-bb41-c637fa416780
READ 6547
WRITE 5983 056a6a65-f9b1-43c6-b3a5-08ee4b18818c
READ 4975
WRITE 1191 510642a1-3609-4d3d-9863-e13ffc90d98d
WRITE 2857 0ad5b852-2970-4e7d-ad8d-375d890bf238
WRITE 3519 827eea9a-0617-43d7-9638-17daa3e1d875
READ 9645
READ 2237
READ 1025
READ 2608
READ 2830
WRITE 7305 6765bd69-5209-42e4-8af4-4ae04b7a8c8a
READ 7966
WRITE 9774 f06448f6-c334-452f-abbe-eaee4c203ca7
WRITE 0706 3183d6d0-4611-4763-a351-59fc9d783658
WRITE 0959 7785b8b5-90fb-4089-8cef-c6aedd2d9578
READ 4529
READ 7790
READ 7275
WRITE 2203 afca44b7-733e-441f-8b7d-118a34767d1f
WRITE 4104 29828747-9dc7-4b7b-81d7-6c4bbec42222
READ 7903
READ 6516
WRITE 3777 49a6dcff-f803-43ec-82f3-9c306854338f
WRITE 3181 9737cfce-75bc-455c-800f-2bb041005d32
READ 9104
READ 6411
READ 7213
WRITE 7436 3c80d3ad-b286-4c29-96ca-101db7276b25
WRITE 7492 fa172300-3bab-4c8d-b407-853ef5ab99a2
WRITE 4564 4dcab2a0-d017-4dc5-9f8b-da4966d54777
WRITE 9528 1548e3ec-25ed-442c-9cec-e492bc5572d0
READ 1921
READ 0278
WRITE 1630 4508f7f5-2f1f-4174-8ba7-df4a050cab37
READ 4154
WRITE 2961 f8ea26b7-9864-4537-9e68-75c9b7e0073d
READ 1375
READ 5837
WRITE 6629 6a1a2636-d3ff-4b4f-9ccc-e3780595cc76
WRITE 9968 1bec71bc-9af9-4600-a740-68b6d3410f1f
READ 7552
READ 5806
WRITE 8483 4bd2194b-edf6-4a95-9b4f-8741b7ccaf14
READ 4771
READ 9612
READ 2619
WRITE 3321 d879cb74-6ca8-46be-9032-07032c042b65
READ 8337
WRITE 7971 5f3a13c8-6ef2-4dde-bc07-96ab3f78e9f2
WRITE 6454 29026b1e-c636-4248-a09a-54f42ea0087c
WRITE 6108 4ffabda7-a21f-4dce-8156-22386719a7b5
WRITE 8003 a67f1228-0975-44a0-951f-c7f0a2dbae68
READ 5883
READ 5544
WRITE 7833 70d53330-d723-47c7-b9bf-5db95ebc83e7
WRITE 3133 d8e5a872-d547-4b8e-8f15-91a6e245ccee
READ 9886
READ 3893
READ 2495
WRITE 8031 0e845c32-bd97-47ee-b20e-04b11818fed9
WRITE 8177 20774f53-a741-46b3-a5ef-cbd940796cac
WRITE 6814 0020632f-f35c-4519-a8d2-3414c8c37f4e
READ 7870
READ 9275
WRITE 4361 bfe958ef-bcd3-43c2-9aba-c1c549cfc3af
WRITE 1401 aa9c8ac9-398a-4d29-8fa6-df561299c274
READ 5626
READ 5999
READ 6136
WRITE 2460 eb50f332-5888-4036-a272-3ef1e52e34c5
READ 2563
READ 4493
WRITE 4213 684e18a4-babd-4f46-b931-615f284937f1
READ 5695
WRITE 4116 87d1eef5-a79e-4526-ae5c-e8f840ab0879
WRITE 1066 73ba720b-6e53-4748-a9b3-4ed16b9a5c8b
WRITE 3271 f5712c80-35a6-483e-a868-5d490fb661d8
WRITE 1199 066c61d8-df5e-427d-b534-7d4b3ac4105f
WRITE 9398 fe87aa6a-d922-446f-89c7-d7e864c59201
READ 5007
READ 8223
WRITE 2331 8cf78a6c-8718-400a-9058-57f22d1a5775
WRITE 7834 bea0a0d8-5085-498e-8136-d0cd0e023961
READ 0634
WRITE 7436 af505f3b-590b-47c0-9cf8-ea13234b23af
READ 7289
WRITE 0044 ad2e7d29-56dd-49d3-800f-49c19a92599b
WRITE 4634 18f1a300-92dc-4495-9762-a7964c4d1e7b
WRITE 9390 0ee66ef4-4d8c-45e5-9fbb-331a4cedd50b
READ 7920
WRITE 3696 af97262d-ac73-409c-995f-9067f509396c
WRITE 0100 011f14ac-55fc-4a51-a96a-8a5eb70edc5b
WRITE 7432 0bb66c53-81db-490c-a4e2-ed17aae75630
WRITE 3588 17855d9a-a1cc-4d5b-bb78-8867f622592c
WRITE 1722 1cd00f3f-6374-49e6-944e-2607a653b39d
WRITE 1560 e171b1b0-0957-471e-8789-fe739e1f4863
WRITE 1394 a49a02ce-c2a2-4333-90ef-15bcd1e783dd
READ 6586
READ 2731
WRITE 2984 c01aa34d-720b-448b-bacb-86e2c743e7ee
WRITE 8966 43adcea6-841a-4868-ba1d-6b2a3975cc25
WRITE 5984 93e6cc0b-ecc1-4ddc-b6e9-77abf80372a3
READ 0067
WRITE 0375 517205ed-dc63-423d-811c-fcfb1f05a7f8
WRITE 3192 7f501a5d-d921-419e-b922-dde7c745eed0
WRITE 5645 67d69103-2c62-4ce0-9d14-d42fcc089233
WRITE 4236 8d3df2f8-9860-4f16-9008-0f20ac11ddf1
WRITE 6015 c8537b58-fbea-4bea-8825-4d3992d6d465
WRITE 7845 a6ca1a2e-28f2-4d73-a890-6f5481f864ec
READ 8423
READ 8718
READ 1051
WRITE 7714 d5bec482-d7f0-4611-9f5e-f4f0f7ea1f6e
READ 8264
READ 6976
READ 9572
READ 3315
WRITE 8901 92cc4b8e-2cf9-46ea-a387-5b74e067ce2b
READ 4834
READ 9169
READ 4012
READ 7710
READ 4880
WRITE 9379 53c5aca5-1676-44be-b357-972c4f4a948f
WRITE 1042 0cf91333-40bd-4dc4-951e-f145aa9567a4
READ 6489
WRITE 5713 2afb6487-645e-4b2d-bcf1-35653f5ab7e1
WRITE 7762 c91b85c1-fb1f-4301-a6e6-acb2340a5da0
WRITE 5972 3c0a24d9-2114-4060-8b89-e09afb1b3327
READ 4193
READ 3336
READ 7611
WRITE 3431 9edccd67-64f3-4213-84d4-c5f4a61706d3
READ 4387
READ 5203
WRITE 5513 0f51c798-adb0-424d-8f26-c6ad0ae85703
WRITE 0301 eac907c6-5fd3-4cb9-b6aa-e194797944c6
READ 7290
READ 3283
WRITE 7362 344c1bff-df16-4bc4-97a1-91e86c63d969
READ 4873
READ 9211
WRITE 4770 c2dd57e0-7365-462b-b08a-ed14f56c27a0
READ 9623
READ 5696
WRITE 8434 463e2259-7fc1-4ae5-bc6e-8e1130e0b0cb
WRITE 6048 b1e5ebca-6456-4e70-bb56-53b5853b6eda
READ 8023
WRITE 3602 2df64e28-bad5-4753-aa1a-1c828f187173
WRITE 6386 db628045-d4d1-4725-b692-395cbdf43ffe
WRITE 4337 f9a82040-f388-4511-b276-8b0ff843ea34
WRITE 6136 fac013c0-6b4b-475b-81aa-a9b92b7f8abb
WRITE 4134 09bdf618-23b7-4fcd-8852-dd57948953a3
WRITE 0193 e9585088-3476-499c-8db1-1eeae5ef8ce6
WRITE 4784 acf2ed38-1a15-46e0-b98a-30720a93fb36
READ 8971
READ 7405
WRITE 6949 41ce0fd5-6267-48d6-bc8f-a3eb49ae792e
READ 0972
READ 5137
READ 1680
WRITE 1030 e85ef6fc-0bcc-44ed-af32-78ac9adc4dba
READ 6336
READ 7304
WRITE 2550 47e0b7b4-b721-488e-9330-12417f41c8b4
WRITE 6024 afead673-58d9-482e-9714-96ca9c875dff
WRITE 5935 18f34220-50d8-4a98-b745-030ff326d47b
WRITE 2465 0a7b714d-ed11-4b74-b3c7-cc949dea0654
WRITE 7122 7f766488-a0a5-47c1-9c6a-32ea091746d6
WRITE 3050 00adf97d-032c-41d1-88ce-52bf8f42f924
WRITE 4308 81ad2d28-25ba-4004-b2d1-78fa86657fba
WRITE 2945 afafe2b8-7b4a-4003-8c6a-b8c20154c7c8
WRITE 8994 7c230993-0b73-4342-bb27-093b1f971e7c
WRITE 2436 2a54adad-cf8e-4254-a8e7-1a686d861864
READ 4200
WRITE 8536 785c4d75-cf6b-47a6-81b5-9655cad8f841
WRITE 5472 81fa6a0e-b107-4707-9d6c-a4fbed224757
READ 0392
READ 9681
READ 2705
WRITE 7010 b4f24b9e-20cd-4234-b898-5e3016b52a2e
READ 4693
WRITE 9990 40e432db-ec13-42e4-b198-632bcc62ba20
WRITE 8214 9492a77a-25dd-4f7d-970a-7ef303f88a41
READ 2806
READ 4928
WRITE 3275 c3aef137-04cd-42c5-bbcb-29cb754110c3
WRITE 4750 3bfe4e00-c985-4cbe-8ef0-8261769eb104
READ 1948
WRITE 0915 bda343b4-e976-4135-8242-5013454008ea
READ 9747
WRITE 6319 a39bd040-e62c-445a-b730-77b7773cec3a
READ 7463
READ 2284
READ 7194
WRITE 6190 07c08a00-e580-4fd2-83d1-233d8a9ffe3c
READ 9400
READ 2455
READ 3268
WRITE 0938 b6166dd5-417b-4e50-b8ef-6b78d0c42293
READ 5463
READ 3407
WRITE 1748 6b23545f-bab5-4d88-a291-b7cbf587e9f9
WRITE 4909 328814dd-d992-48f6-90f2-7ed1b5799c43
READ 5837
WRITE 3008 57da3939-82a0-4661-b072-44e58428c68a
READ 3228
READ 3253
WRITE 2378 1112b846-b447-479a-9566-845ae6618194
WRITE 6144 ae4f30a5-8cb2-43e8-b5cb-30bc23e7cb20
WRITE 3509 b11aa365-1c12-4541-b145-29e6511a0fab
WRITE 1052 051b8e57-ca5d-4cea-b21e-bc7300eb5caa
WRITE 7842 5ce3ffd8-7b6a-4ff8-a29d-fbac35633dcf
READ 3198
WRITE 8904 8c7aa705-7edb-4500-b168-9546366caf97
WRITE 2198 ac316987-9d7f-49bd-aa88-87b806cb8e24
READ 0021
READ 4387
READ 1057
WRITE 8135 dbcae270-c5fa-475f-85c3-f7051cd1a482
READ 2840
READ 7567
WRITE 4366 2b4e237a-3b02-4a6c-b12e-bd9f51bbdec2
WRITE 1452 4cd94340-b888-48e8-9a4a-b7608bafad88
READ 6425
WRITE 5304 dfd302a0-05d8-4588-b222-bba32c359905
WRITE 5501 a3db518d-394c-4053-9498-f48c03cac5c8
READ 6066
WRITE 8710 e91e2ab5-b4c0-4b74-add2-bde29aa28629
WRITE 0406 69ab7d45-75e9-44c9-86d6-7988a8873c3b
WRITE 8434 75108854-5cc4-4376-a363-b9fb0fa71d4a
WRITE 0511 72c8fd86-0e65-49d2-9d0c-b836d4b0d30c
READ 1026
READ 4033
READ 3011
WRITE 0408 bf3e5a17-c8af-4807-9bed-9eaa574b2665
WRITE 4981 5b30c987-d9cc-4385-a0e1-76a9a1baa260
WRITE 8837 d03a81b9-abdd-48f7-b8e3-b45eab0971f9
WRITE 6719 5b7f210f-3dff-4569-95f9-9c3206f66972
WRITE 6908 30506dbc-0929-42b1-9715-f389634f8070
READ 6854
WRITE 7865 35887710-8686-4677-8703-c1f7155b93d4
WRITE 6665 db440478-f84b-427c-b053-d791baf76136
READ 0826
READ 4492
WRITE 7073 e5ccbe61-7c9f-40d8-9a45-c318b8943168
READ 6564
READ 2042
WRITE 3650 0bf40e0b-b38d-43bc-b66f-d745d2890ab4
WRITE 5007 ef90cbc9-4cba-46ce-a504-728c0462585f
WRITE 5037 5a4fc8ae-f45d-4fb2-ad19-d1808c5ff008
WRITE 0544 32d12e2d-788e-4e5b-891c-b4182e1a26db
READ 2693
WRITE 9219 5fa98787-0983-441d-bdcc-ae5cd1159127
WRITE 2836 3e2fcbc0-7e8f-4485-b2e0-a5e6a8ee6253
READ 7617
WRITE 5988 586e7f99-4cbb-42a1-8997-137bfd53980e
WRITE 3064 af83cdb6-6046-48ed-891e-4970139eb9d7
WRITE 1058 6b72ae34-9a04-4773-9ae0-9ce579d8e768
READ 7225
WRITE 0481 a92c4d18-41d3-4292-935c-443550dfcaaa
READ 0354
WRITE 7904 5137a018-da87-4aa6-8f79-a9d04095ff44
WRITE 5155 f17215b2-4ca9-4929-9ea9-999f7485e53d
WRITE 9509 c5c3b439-ca29-495e-9228-f2f993f14af2
WRITE 7379 8ed01494-b045-4a3d-8f29-ddbdb89070c5
WRITE 6442 d3382997-cb7d-4fa6-bdcb-672662de5a65
WRITE 7244 7823a8f6-ddcb-49a6-99dc-526cbde0b0d4
WRITE 7592 8befeaa9-4ba0-4ac7-ab93-4e2c2eb6b687
READ 1740
WRITE 2010 62f2e051-0516-41ce-b7e3-533c9c289cb6
WRITE 0498 bbe0aa3a-7b95-4474-9117-b488a7caa2c6
READ 4686
READ 4336
WRITE 4733 58f0de71-887d-4759-87a6-b5e520c029bd
WRITE 8206 6e9d8848-2fad-4dc1-b46c-ddfabcd06f5a
WRITE 1257 ee4f7e8c-2fea-4b42-91f0-0d45a222bced
WRITE 4509 2f5608a4-1a29-4124-8e89-e7399a673ac1
WRITE 6698 892b654c-fe17-43b6-8fae-b2023c02c819
READ 5957
WRITE 3342 55286004-9489-401d-a880-c899327c40a5
WRITE 3381 52ada78f-9bf0-4ed4-8927-47b01d63c804
READ 1226
WRITE 3584 ddf79203-3e7b-41b7-b9a0-57488b3558ec
WRITE 3983 4393a19b-783c-443a-a106-bf9b4472ff7c
WRITE 0975 e5d3b8b8-a702-489d-81ea-c7856b44cc5f
READ 6415
READ 8817
READ 8482
READ 2192
READ 8394
READ 1385
WRITE 3543 69dd1658-5335-4245-8190-8cbbe680de6d
READ 2695
WRITE 2213 9332cda6-3e14-4b2f-a437-98dfe68ca6d8
WRITE 0951 c49148b1-ec54-43fd-8016-648ccf95b4f1
WRITE 9659 0571ae9c-65f5-46d5-8f89-780365fc6243
READ 2949
READ 8450
WRITE 6495 9c0f9610-449f-4019-b69c-8f66bc871334
WRITE 9132 c5aa5930-b949-4814-a232-126e5872fb81
READ 3675
READ 2584
WRITE 0884 a410e0b2-40ad-4344-8862-d82dc8f70529
WRITE 7301 f000c76c-8c19-42a1-bc63-aeeeadd6babe
READ 1094
READ 8915
WRITE 9011 987ed299-8f2a-48f5-8d00-fbaec2e3bda4
READ 1535
WRITE 0846 61b65657-b484-4e81-a521-9153f2289eda
WRITE 1192 74347cf5-8735-4ff2-a5c9-0b62efc9b533
READ 1292
READ 0383
READ 1214
READ 2877
WRITE 0993 a6acceed-7343-4de9-8b05-f5e523653829
READ 2440
READ 5562
WRITE 4808 be60b2b5-3575-43c8-928a-109edb5d4691
WRITE 0949 ac073f1d-170d-448a-a883-54e0f1667d04
READ 0920
WRITE 0086 e1a2e339-d3b1-49e5-a80f-e2e463b5e074
WRITE 3659 802f246f-5355-4902-93f3-71ceb7af0e34
READ 9541
WRITE 3013 6a0992d5-6f17-4897-94fd-8cdc66969d27
READ 3170
READ 6687
WRITE 4864 0ce27422-ac88-4434-8f5d-9b78ed5aedb5
WRITE 1856 461a5cf8-0b4b-41fa-aad4-a6f72d6db341
WRITE 7941 ba0ae90a-718e-47c6-9f75-ba9636cf5ebc
READ 3251
READ 8878
READ 2576
WRITE 6075 44ace676-bbf7-4dc1-aa44-3cbddf3d8b2e
WRITE 0790 014f34cf-fd83-46b0-b7f8-fb586423194c
READ 1201
WRITE 6313 469865e4-7fff-4d2f-a923-a486d9809905
READ 2746
WRITE 8198 3356c073-5b17-469b-b02a-e7833cdab59d
WRITE 8223 b0f22f27-d018-4b5c-a736-e87ca7232213
WRITE 6404 b03fcc64-5258-4aa7-973a-7c0bb2c67d90
READ 1994
READ 5649
WRITE 8889 c1383d40-7271-4815-a72b-8f61835912ca
WRITE 5802 eb2fb299-badf-43c8-85bb-3e2a809a98ec
READ 6394
WRITE 7732 16cdebee-e4bb-4f45-813d-e8c750c166d1
WRITE 2300 0d155bb0-4b5b-4a49-9d3f-ec1dba0a0b06
WRITE 8609 9a9c75e0-2d43-488f-b444-a7d24566cd98
WRITE 8116 13f8aa41-3a01-420f-8252-d9883659ce36
READ 7731
WRITE 6403 bacb4def-cb51-427a-b96d-d81cdc9b9729
READ 1782
READ 5441
READ 3521
READ 5462
WRITE 4351 8c8a7837-2c3c-4f26-803c-1c0c7be2d594
WRITE 3317 4c87c656-9fe6-4412-add2-93d6c327f5e7
READ 5421
WRITE 8110 e83e2cc7-7fab-47c1-8285-01e33c7e769d
READ 8758
WRITE 3265 a210f07a-2ae0-4b95-ba3e-48a77634bd61
WRITE 5838 4794846a-b601-4cf7-b7a5-b67b9105393d
WRITE 1727 941bdde5-3ca3-4c5c-904d-0f41055b7800
WRITE 6342 40d06a61-ac7b-47be-b6cd-3fd4b7ad5536
WRITE 0541 365bb0c0-5aed-40f3-9776-d12eb9e338bc
WRITE 1240 64576e64-6d3f-4fa1-baf6-94cad06310c7
READ 0175
READ 7828
READ 1139
WRITE 2111 fec228e9-6dd4-44b9-a515-96bdd5be0049
WRITE 5812 5e28b257-d81c-4b16-8e00-813d6f37bf4c
READ 5030
READ 2596
READ 9075
READ 7840
WRITE 4217 bb10595f-661f-4db2-ae4d-8ea942811fdf
WRITE 9346 8eb560b2-e096-44bc-aa35-280c998da07a
READ 3912
READ 2804
WRITE 3186 b0b6eec1-ae06-452e-9c34-44d5ce40fa8b
WRITE 1146 b91b3632-4fb0-49d2-a303-119887411a31
WRITE 7600 f2835bdb-0d94-4589-a4c0-e780021f9e35
WRITE 2205 f13b93e0-c4ec-4493-bed2-d699682798d1
WRITE 0361 f6ca2cb3-dc2d-4c05-85a9-3370434383b2
WRITE 0482 b7295e59-5a96-4f13-b19b-cd5624838d6d
READ 9935
READ 7463
WRITE 8945 2b9ff71b-eb10-4696-be3b-5346bdf82926
WRITE 5993 5339b0c9-3717-40be-ae4a-9ed7bd02ead0
WRITE 3105 59dcbba3-e689-4169-a492-ded2f5eb3746
WRITE 9733 82411987-2259-4ac5-ab1e-f0d05b2cd908
READ 0097
WRITE 2258 242fcf7e-660e-412b-bdac-31ab07877150
READ 7152
READ 8601
WRITE 0146 69bd95b5-ec5f-423d-a088-424d6c368df4
READ 8774
READ 1816
READ 6973
READ 1436
WRITE 0385 5057baa2-12be-490e-84d1-6d26e8c3b1fe
READ 8825
WRITE 7138 b94a6759-f850-441a-b5d1-ad5459ddc3ec
READ 6850
READ 5776
WRITE 4868 0b6e1bd4-ce99-4bfb-a099-49cd8229d120
WRITE 0205 10b86a39-39c3-4e52-b5a9-632fa01aa1fd
WRITE 3726 a660154d-8e8d-4529-bd60-361e3e52db47
WRITE 8333 750fe7ee-4cb8-4479-923d-fb3eb8fa6d89
READ 8952
WRITE 5959 716720aa-9586-4f55-89f0-facd14927524
WRITE 5725 4456eb56-f2e4-40c9-86d8-ef00cbe34805
READ 1217
READ 1289
READ 5911
READ 9057
WRITE 1280 1e482900-557b-4e6c-a180-c81920a54bbf
WRITE 2461 9ec496e7-775a-4afd-9858-6eaffa2c96e0
WRITE 8646 1952cdfa-2b61-42d7-9ab9-b8ef2bd088ec
READ 2616
READ 8768
WRITE 0563 141ab330-99bb-4f70-8383-fb23a2b34cd1
READ 5617
WRITE 3046 aea086d8-e9db-4b21-ad20-e8d0471c0b88
READ 8968
READ 7280
READ 4123
WRITE 2588 d1b2d257-a1d3-4bd5-8dda-7ef919a93f12
WRITE 6219 476cf372-3863-4caa-a0b4-1e8e9a0accf3
READ 4640
WRITE 6678 8a68165b-f576-4234-9317-27a504ebb615
WRITE 6163 e9ce2e49-870d-423b-90cf-67d34a799243
READ 9325
READ 5586
READ 8043
WRITE 2225 3dc7496f-52fa-49ed-b564-b0e3c273c1b6
READ 3832
READ 4450
READ 2650
READ 0985
READ 6579
READ 9863
READ 6330
READ 5246
WRITE 6050 648ec700-5362-4a7c-911b-2d345e19c7d9
READ 6314
READ 1363
WRITE 8623 976b1d93-8446-422b-a908-b74d705a0df2
READ 9072
WRITE 4996 2d52f649-9a6d-47e9-b987-6fe340dfd209
WRITE 9761 418c5013-909e-41ab-8173-8626e41669b2
READ 1576
READ 4510
READ 7484
WRITE 5345 48a657e4-7151-46e6-bcd4-30d6d8f7cb54
WRITE 8534 4ed5ed78-a8a7-4c3b-bbb8-e4d2f141b7bb
WRITE 3456 5efc3eb4-1b6b-4f9c-89f7-5357b9d927ac
WRITE 0877 60cdf486-7298-4f64-b1af-51e7ec3b3126
WRITE 4300 28a0f993-e209-4b6a-9a4c-c261d925ae45
READ 1020
WRITE 2904 54644a78-eed2-4f32-8096-f0ada9d25f94
READ 3713
READ 6867
WRITE 6548 a6484f52-add4-400d-be2a-85448c77d9ad
WRITE 3684 963d6abe-9b17-4973-bdc4-a848133045ed
WRITE 2679 f55ae7aa-e2c4-4568-851e-764151de079d
READ 2914
WRITE 1983 8e2bbfb1-a8d6-41f7-b8e9-2b2fe043a5ac
WRITE 9073 b01d891b-e90b-4457-bca1-7d51d2178c4f
WRITE 9552 92d667f3-f5e4-4ffc-b256-5005d8bf4929
WRITE 5501 b6c48ba6-38b0-40e4-a157-80368da92ab4
READ 7963
READ 0922
READ 2141
WRITE 6159 409f6922-b919-43f5-a901-5451d901ae08
WRITE 7616 5946fb51-08c3-45ac-ad1b-32d57bcf9f4b
WRITE 1734 b6ed7326-01ee-4d77-8f74-7de505dddf9b
READ 2692
WRITE 8610 7f206b1d-adb0-4bdd-9132-d082a2b00c61
READ 0306
WRITE 2680 c2aade85-4dbd-4848-b74a-d13cc1dea6fd
WRITE 2913 820d9249-74d6-4499-a8c7-f56122d95428
WRITE 0149 645ebc9b-d358-40fc-a6b6-2b810457e327
READ 7478
WRITE 6596 0e731e7e-2cd5-4779-98ae-9dbf5546d222
READ 5369
READ 9097
READ 4728
WRITE 3331 4702a8dd-c1cd-4fd2-bcbc-106767eeafcc
WRITE 5721 a0146829-1499-4b14-a535-e21d809db90b
READ 3494
READ 9047
WRITE 9711 3c49aef9-548a-4027-b5b8-0357c0fd4c21
READ 2951
READ 5317
WRITE 5528 04151dac-3938-42cb-9d1b-426dd573c28a
READ 5880
WRITE 8420 69819e81-5c72-4559-9fbf-5c13f277e739
READ 4205
WRITE 2522 3a278e10-d2b5-4905-836c-7555657aed1c
WRITE 6542 43bdfd4e-5a29-4ea5-9c55-39a8a292c73e
WRITE 1270 1a0009ce-e2b2-4320-ac2d-25d13040e59b
WRITE 9813 3a1a0a10-7769-4d62-b7e2-47cde8b23ed1
WRITE 0011 85e90195-286c-4786-abe3-223262111873
WRITE 5278 bf3593e3-6de3-412a-8075-04fd7f794630
READ 1512
READ 9092
WRITE 9068 132a15c0-29d9-494b-947c-711298a22080
READ 0339
READ 8394
WRITE 7772 fce20039-4081-4d42-9529-66ac2d9f6710
WRITE 1026 f0929360-c424-44ed-82f6-ac2d0d32e9c5
WRITE 2811 e7130616-f61a-4776-b247-84c4ee561b8d
READ 3441
READ 9456
WRITE 1061 43823e2c-94a0-4a8e-87e3-9922fcc1334a
WRITE 0485 13d803a2-e77b-4ca6-b78e-75b1843969d3
WRITE 0521 681256bd-8f54-43f1-a095-ae6d447b6446
READ 3422
WRITE 7149 a362b3d3-a3b8-4d71-a0a7-d1333f29fa0b
READ 5164
READ 4205
READ 0649
READ 6075
READ 6635
READ 4682
WRITE 8193 5c2296f6-cd54-4c55-8f5b-a84241011cf0
WRITE 4687 c765b407-896c-4422-a527-a147402ad4d3
WRITE 3761 86778e48-a4a9-4fa6-a14f-574ad960adf3
WRITE 7522 7c20aba5-55e6-4ef7-b68a-2e7e0e69d54d
READ 8835
WRITE 9125 d2e9e857-625e-463e-b303-fa5b2badccfd
READ 3236
READ 1871
WRITE 0644 99bea79b-62d2-4268-b557-541196dfe6d2
READ 9215
READ 3144
READ 1496
READ 9305
WRITE 6182 8a2c8759-485e-4f45-b204-94a8a66f5883
READ 6438
READ 9215
READ 6575
READ 5617
READ 4673
READ 6692
WRITE 7837 8120bf46-71fe-4f50-86c9-8ea027940191
READ 1158
WRITE 4125 38d447ec-7c0a-4d77-b080-f00f6875d8c9
WRITE 0702 da8d6208-b8d2-4e50-a1d4-935b95de5880
WRITE 1907 5f8f39ac-854c-4d0b-8a81-cff6f679b818
READ 4183
WRITE 8058 93130808-2201-4524-bdcd-c860dcc16d94
WRITE 6244 d68c42ff-263a-409e-9a96-5bc67a2ef4d8
WRITE 5195 4fd9178b-1cef-4cd1-8682-edbb50eb690e
READ 0237
WRITE 2684 db55a0c7-6fde-4317-8419-8fac1b2cbc41
WRITE 5519 ad442a07-027a-4e1d-bd5a-471fda15d166
WRITE 0777 ec4f18cd-c0b1-464c-afff-25fa3c157505
READ 0614
READ 4453
READ 6845
READ 0911
WRITE 9282 afc63af9-1bad-4eb1-8cae-e964fded39a1
WRITE 4036 00dad823-b61a-4252-8859-affd9ed2d543
WRITE 3716 36d4af8f-b8c4-477c-908c-03b77fca8da9
WRITE 3494 0bf184d0-eeaf-4ced-ae69-705026622b87
READ 0095
READ 5268
WRITE 2983 5684b1fb-2601-4d5f-a35e-fa65487eda0d
WRITE 2856 c15c7c21-fc88-42ba-8326-c6061c07a14d
WRITE 4793 68c68577-25d9-4518-92c4-904bfb47e335
READ 1703
WRITE 5492 cb18ff45-4c28-4db1-99c3-3902071cd835
WRITE 3736 aaca0632-a33f-4526-a889-847c2a6943aa
READ 4507
WRITE 0127 4988b474-a246-461d-ab23-01184e80109c
WRITE 8655 ae2a62ca-902f-4b7b-90b9-cf2f272b915f
READ 6415
WRITE 4444 013d54e7-6a22-43e3-b9eb-86bde357f3ac
WRITE 4066 eff021d1-e70f-4773-84d1-ebe6461daef9
READ 3553
WRITE 9744 399167ae-a45c-4581-85f4-ba5b3ebb1ac8
WRITE 2774 b311ae19-ffc0-46db-8456-f6766ffce40c
READ 0800
WRITE 4950 5c1bdaa7-3cc7-4b09-8269-87736e61bdbc
READ 6527
WRITE 3857 0958fb88-af13-45fb-b109-c1c84091872b
WRITE 4844 a588e7ab-3b78-45df-814b-55ec712419d3
WRITE 5430 f933006e-bf94-405d-a8af-a3deaf5882fc
READ 5996
WRITE 9389 c72ab95d-8b70-43db-9772-031fbe429254
READ 7458
READ 3340
READ 0430
READ 5458
READ 1044
READ 3768
READ 0042
READ 7847
READ 0631
WRITE 2415 e11837c4-b31a-4e86-aa4d-ea64c2f89a3f
WRITE 9293 df8360ef-7367-482d-9b75-113670c89694
WRITE 3240 42f9bdd8-80db-45de-aaf8-250608c09b73
READ 0984
WRITE 7197 b370c2c9-1833-427e-90f6-5ee685e33fbc
WRITE 0760 a72baea4-73c0-4085-add1-a7e8a77fe1d8
WRITE 6774 19836f07-f671-4177-8ef2-61ce5299a44d
READ 6310
WRITE 4221 aff9515a-c7b1-4e97-aefb-e9e5020d1350
READ 6665
WRITE 8562 b6f90949-70ad-4dfc-9fe2-7cd3a3221894
READ 9867
WRITE 7771 f020e321-dc2a-4a10-88fa-2a8451471509
WRITE 8034 216e858f-b35d-4d25-87a1-da68b24904b7
READ 9016
READ 6597
WRITE 0076 431f6900-6299-4148-9b01-2407978e554a
WRITE 1974 a10a71bf-3ede-4cb7-8fea-c17cbff124b3
READ 7027
READ 1660
WRITE 8978 c8c2754b-3160-4169-afed-0c9b8d976b1f
READ 8302
WRITE 1995 0a35c4d0-8212-41fb-af13-9299f02e58f1
READ 6546
READ 2450
READ 3629
WRITE 8580 abb2ecf2-62bf-4505-8b5d-d473fbc174e0
WRITE 2663 c2ef9073-1c1e-4604-b87c-a6f65225f2f7
READ 2346
READ 9868
WRITE 5800 7174813f-5a34-47c0-bfd4-e34d87745315
READ 9597
READ 7795
WRITE 2065 edec7200-32a6-420a-9433-b72fccce25c0
WRITE 7796 cd292080-44b7-4f2a-9632-aafcb57d0900
READ 9837
READ 5351
WRITE 6099 98a0051c-fdc2-44ee-a58a-f08f07e653db
READ 9085
WRITE 8797 540fdc64-9af3-4f8f-b917-71c396802e61
WRITE 3949 2a994e67-5a47-49e9-b0dd-88527e65b56d
READ 9657
WRITE 2382 737e73aa-b75e-4042-bf58-4de65272f368
WRITE 0380 9837b700-e1ef-413d-af4e-ecfed9a4ac9a
WRITE 1724 44b7d555-ab7b-4b1b-bd5b-6369d4e4eac4
WRITE 9487 46098523-fe24-4a77-bde4-e69a0eb7eeee
READ 4754
WRITE 1342 344bd95a-16a7-4641-b41f-85e38f8ab1ee
READ 7488
READ 4686
WRITE 7461 1838689b-7bfc-41f6-aaf9-37b944e1b26b
READ 5608
WRITE 9997 bf08564b-0cd2-412d-a956-c9ef9b6d361a
READ 6320
READ 1408
WRITE 7948 5d2a10af-9a98-4c72-83b4-f35704c06381
READ 3304
READ 4794
WRITE 7744 ba27cb86-0b87-41eb-ab9b-b7af4735f03b
WRITE 1914 5932b0aa-f6f5-4d52-9547-b551df11acaa
WRITE 0563 997ef073-4e33-4dda-9f7e-042f5a2849f1
WRITE 2249 57c09ac5-6976-4db7-a3cf-5aab07ffc94f
WRITE 2830 b543165a-86ba-4179-abde-aaa1fefa2bc1
READ 9553
WRITE 0348 9cacb6eb-211c-45e6-b106-60c0c2210dd5
WRITE 3815 8e600a1a-26eb-4481-8a87-ca698bc53ae2
WRITE 5540 86f918d7-bf65-4a1f-90e6-b636586e46b1
WRITE 7886 566767d5-822f-46e1-8b6f-e26e57563006
READ 7622
READ 9905
WRITE 3131 7fb20c14-b595-476b-ab90-de57ecc1c371
READ 7834
READ 8760
READ 2131
READ 2266
WRITE 6145 2127d384-2dc2-4f96-8395-5fd77c8a9cc9
WRITE 6413 faf88225-724e-46a5-b989-d10732be8a8e
WRITE 5602 77b01d9a-4426-44b8-8d00-ac9366919716
WRITE 2314 64397a2c-7753-4488-b101-8983a28d05c4
WRITE 9924 2f48aded-d3f0-4e97-912d-02f56f805fd2
READ 5435
WRITE 6581 ec9e5fde-3adf-4f1a-a836-596c653c8990
READ 2496
READ 1974
WRITE 2058 2ba3dbc3-c4bf-40b6-b6a5-e0332520c2a4
WRITE 9950 171d859c-e2da-4996-8e1e-35d9cb683c6f
READ 1896
READ 3258
READ 4694
WRITE 3691 458fd640-5294-43fc-9187-8467d7431e6d
WRITE 7674 38933517-61eb-4143-ba69-9152b0258ffe
READ 3802
READ 5427
READ 1540
WRITE 8218 c401b157-9d8d-42b7-89a8-23393fa5e61a
READ 9222
WRITE 3889 6d968d22-14bf-41dc-a59a-49938c267434
READ 1866
READ 5028
READ 1372
READ 6294
READ 9050
WRITE 8635 8fbbb468-52dd-46c8-8bb3-3f3f7ea6aa0a
READ 0006
WRITE 7900 39023e73-50c5-4cd6-9a4a-0643807ac98a
READ 8097
READ 5563
READ 2127
WRITE 8227 59d223a3-7797-4bea-894f-3e12bd1f8525
READ 7696
WRITE 0372 8e93c968-1cb7-4be9-a3a9-9e340b40b1ee
READ 3895
READ 8414
WRITE 0474 44897e98-2ff1-44d7-affe-bb832a87a3eb
READ 7269
READ 5688
READ 6852
WRITE 5943 5fe1c096-b38f-4f76-99e3-cb59ff9577b0
WRITE 9017 55db1216-0bad-4b56-81b4-a02af9059cbd
READ 8714
WRITE 7448 c3af697d-fa11-48fc-bb1c-295a24ab0cc4
WRITE 4537 66c37cbf-ca77-458f-947b-475821c32ae5
READ 9333
READ 1066
READ 5567
WRITE 5484 d152c581-8e14-4b69-a2fe-0a4ec118c0c9
READ 2724
WRITE 4152 0908ae28-2fab-43e5-8f71-9964b5e7343e
WRITE 2328 b6dbbbd6-7754-44cb-a990-101af6d32863
WRITE 7395 c7c513d1-bb12-4190-b060-b09b136c895a
READ 0580
WRITE 4829 7ef0048e-93c3-4b7f-afe7-ed74f01a920a
WRITE 7797 3ab81e12-5dc6-4ed6-8bb4-591d1502cd1e
WRITE 7940 34900482-f60e-482a-bdc3-acb286e222e0
READ 6732
WRITE 8488 f8237da3-60c8-4394-9f6d-5eca05ef63ea
WRITE 0900 c858fe97-93a5-4416-b807-5cba12423351
READ 5452
WRITE 8272 8f09dc68-60f4-4db0-b042-5b9a3ce80c3c
READ 3593
READ 2459
READ 4326
READ 0098
WRITE 2492 6d39e991-1b65-4865-a06a-0175426e042a
WRITE 8819 cc1cc1a4-3b68-40ed-b732-824c215b4e41
READ 7743
WRITE 1145 429802b2-365c-46bd-941b-c95b3185b08f
READ 0431
WRITE 6447 e51c4195-4363-4aa8-9131-120618b07d2f
READ 7325
READ 6868
WRITE 8783 896924c3-4ea9-4d91-92ed-54ddefd9516a
READ 2810
WRITE 4855 dca2dd30-638c-4127-ab4c-1a6cd36a4b23
WRITE 7769 7c2a561f-dbba-4b3a-a85f-b64192962bf8
WRITE 2941 7489b754-2f48-44ee-be52-8cdd535c59d2
WRITE 5054 43218203-e553-4dd7-b2be-e88e27a3c98f
WRITE 7754 729e972f-3696-4f82-a5eb-46e6f728770a
READ 3835
WRITE 2391 18e151ba-30aa-467c-841a-78b12fcdf4fc
WRITE 2325 d77efdc0-c396-499d-afab-f77eb0bde26f
READ 8560
WRITE 2823 6e5f5fb5-04ff-4777-bcca-d8e41bcd1ca8
WRITE 2713 3e9dc961-a238-404f-ad04-fa8a4ccc884d
READ 0928
READ 7065
READ 2763
READ 4099
WRITE 8744 ef43d1f7-3014-497a-baaf-2655fb6fa043
WRITE 8728 a4717d29-123c-45c9-8769-b2d3a016a75b
WRITE 1735 96d97999-cb06-42c9-a921-f7e2df573b84
WRITE 3313 a82837cb-aa5e-4a52-8cea-0a20f911f95f
READ 3293
READ 7146
READ 1843
READ 9812
READ 0972
WRITE 3306 2f3dfe23-c49c-43e4-b951-a7d3421eb752
WRITE 4338 644a80c6-c911-4969-96d7-7cd9c7052091
WRITE 3608 2ffb7cbb-4263-46ba-9344-ceed6d5e0a05
WRITE 6526 06625834-3c0d-44f5-9b97-a6d86807cec3
READ 4350
WRITE 6122 cefa2532-df26-428a-ae56-4d1dd7e234a5
READ 6202
WRITE 0037 779140fd-afdc-44f8-93ba-6bb4c70b884a
WRITE 1406 7288dd23-414c-474a-a236-d41434de159b
WRITE 4074 5aeeb5a1-0abb-4a3c-b54d-8bbe9a268903
WRITE 9987 eaf0c421-9124-48a9-a100-e02f17823a2e
READ 4162
WRITE 2486 16606666-f31d-4f60-8436-37bb953cc769
WRITE 4619 a0063f7b-b4e3-42ee-807c-26fa78bcd1f8
WRITE 1308 c4925687-b6e6-4875-9251-c408067e41eb
READ 9662
WRITE 9783 b2791fd9-3853-410e-9c6a-792d9287fa46
READ 2972
READ 8810
READ 2854
READ 7422
WRITE 7050 b991ca59-fb24-4df2-9eb2-d565afcf6362
WRITE 4765 bc953107-2775-4907-8ab5-ffdaddcb86ca
READ 7981
WRITE 6729 68a2e16f-0e17-4635-aabe-23e39f42d653
WRITE 6679 27b22cb0-ab70-4421-b3da-2d9b166cf060
READ 9828
WRITE 3007 8cbbdb17-9ac4-4cb2-9824-461979b8dc13
WRITE 0390 80d19627-65ab-4763-a68e-01e3fe32aebb
READ 2413
WRITE 9593 81b0f46b-738c-4b99-9849-43e0554d5f4d
READ 4980
READ 5312
READ 8727
WRITE 7307 6e85c501-67d0-4568-8e6d-74e9d5a90b0b
WRITE 0547 d61f2d4b-0713-4425-9103-8005709cd58b
READ 3626
WRITE 7507 2b69aaf8-2bab-4df2-a2c6-0318ff5e922f
WRITE 4170 6c52d887-d3a8-48f0-af82-4ff01a508b5a
READ 6255
WRITE 2848 c6d66438-8002-4c4f-bcb4-63c8626c31cb
WRITE 3761 2e8a270e-85b1-4300-9c60-3cfe1668834a
READ 2356
READ 7875
WRITE 1488 ac42aa32-5749-44e3-9ee9-310527d1a560
WRITE 6073 aead7f03-d193-481d-9a98-4c1128520fda
READ 8910
READ 8768
READ 6715
READ 7005
READ 9294
WRITE 0348 2147e1d5-6e9f-4cfe-93af-87b602d81b60
WRITE 4115 9870631a-942a-4fee-a156-6ca0e57e9f39
READ 6277
READ 9689
WRITE 1176 aed39716-ef67-4428-95f1-5124d3bcd575
WRITE 5462 acb4685f-1697-4894-a12b-987d149285e7
READ 0666
WRITE 7970 766e3356-ce80-4b63-8244-6262e38f7763
WRITE 4533 0afeb283-f3f0-4154-b7f5-7dec9359c11c
WRITE 1393 37ca84ec-0dc8-4f5f-b0f3-91c18129e08b
WRITE 3105 0ef2a08f-269b-4331-b75c-1e3b2f907390
WRITE 6582 143b8f5a-5b33-499b-9518-c6fca7e63ea8
READ 6031
WRITE 8594 f5b58efb-9a5b-4478-91ee-feebfd2ac32c
WRITE 8098 e7d825ff-f17d-4558-a705-a804553d77f6
READ 5769
READ 1052
WRITE 9110 d4e4cc61-8c8e-4093-b6fc-1beec44841e6
WRITE 5406 74db91d4-9e5f-4ac0-8478-1fad559fb904
WRITE 0543 b44860bc-9f0f-494c-b1e7-9bfd279e2dec
READ 1563
READ 1419
READ 7644
READ 6147
WRITE 5040 59fdb51f-f48f-4f28-beaf-1d77111bbd00
WRITE 1731 73e6af05-ca59-4197-8dff-a712200d5646
WRITE 5571 bf6fbc3d-cb35-426f-926c-a8e1a1a46fdf
WRITE 9429 246be3c6-62ce-4e7e-b677-2946efc7fc5a
WRITE 8972 68ccf4c5-7c9c-46c4-a2d8-590809293fac
READ 1288
WRITE 3683 b3c0acd9-1173-4a0d-82d8-e2bdc50d1d39
READ 6934
WRITE 9941 565e7681-d596-46b8-b9fe-8a9ac08d0c2d
READ 5357
READ 1504
WRITE 1088 985016f0-3c18-45ac-8d12-6c38b02d2237
WRITE 5596 ae7bb4b9-f3f4-4d6b-bc13-943389f41a86
WRITE 4773 335da6a9-3f80-475a-879d-2fcce9200115
WRITE 8666 1f253fcc-bad0-4982-8df6-c2de69164956
READ 2155
WRITE 1834 7225662e-6fb5-4724-8bee-096052423b0b
READ 2986
READ 2453
WRITE 5646 3806fc76-df2b-4f42-a8e9-2f8a88bc42c4
WRITE 8105 7c242348-75f8-47a7-9724-decb70d4d44e
WRITE 2447 93d9e030-cdea-41ab-98f4-d7752001ddd1
READ 5485
READ 9268
WRITE 9440 5745c257-9a62-4645-b881-0cac9349c7b9
WRITE 9889 12d66233-db88-4252-a40f-2a154bb5b871
READ 7069
WRITE 7371 8e683daf-5dd5-421e-91ab-d5320817e937
READ 0596
WRITE 4492 caf0ff34-cfdf-420b-9cc3-f7b42fa3f748
WRITE 8020 7c0d62b0-3f7b-4f02-8c86-b369f68b3f8a
READ 3714
READ 8452
WRITE 0194 55a65465-e1eb-4d32-a20e-93518ff0d88c
READ 5014
READ 8387
READ 2879
READ 6287
WRITE 2455 e38f9738-1386-453a-988f-6b932a48f700
READ 1519
READ 1798
WRITE 0855 924bf915-981a-47f0-962b-d0d2fd38b936
READ 3916
READ 0007
WRITE 6039 b084163d-78fc-4d94-9db1-2f2213949cc5
READ 0946
WRITE 4718 edec23ae-59ea-4d09-9e47-f45f5a9da3f0
READ 2955
WRITE 7393 c8760dab-3fd0-4fb5-bd2c-5106261aa4cf
READ 8445
WRITE 8619 3b82ca29-cfac-4735-b7ee-4f3de3343c39
READ 4324
READ 4154
WRITE 9110 6dc5be9d-bf6d-4110-9268-8de322e271ec
READ 8763
WRITE 1232 30dab3d1-e2b4-46b0-8ab9-8abd08519ffa
READ 6178
READ 2710
READ 2177
WRITE 2550 263a7135-8e7c-4f8a-90d9-7a3353f18962
READ 4797
WRITE 0506 89065284-4013-4d20-b28c-75d47159d4f5
WRITE 8440 2cf09ad4-654a-4a16-9f68-dc494e109764
WRITE 9749 1e444c56-e6bd-4de6-a8ea-cfeccd275602
READ 3410
WRITE 2034 afdb4498-ea35-4d8d-9624-27334cdbed38
WRITE 7666 2b912490-43b3-436e-b9a6-9220594dfdfe
READ 9344
WRITE 4516 fd19307c-a35f-4078-8e66-131f097f0425
WRITE 6580 5beab69a-f94a-4b3a-8b23-a3d2b6c5405e
READ 1558
WRITE 8168 f4fc1623-328a-41a6-b500-bb79a5f5d034
READ 3649
READ 5464
WRITE 2215 bc5c49a2-8809-491a-a541-3efdac603a44
READ 4434
WRITE 7989 1d0c0c00-22e5-4005-bfde-ceb463124d08
WRITE 3307 96305035-fc28-48a0-a938-caf75631c222
READ 2412
WRITE 0207 542f6b92-5bde-4a9d-aeff-2499aacc3d76
READ 5386
READ 5758
WRITE 7599 bf7949aa-5131-4d00-bcf6-e9e0a9f25c54
READ 0546
READ 1625
WRITE 7689 159dd397-c13c-4e3e-a56c-cb5bb02afe06
WRITE 1288 ac1868ad-9572-4ec2-808a-43e82e5d478c
WRITE 2120 7c33aadf-380d-404b-9270-3542846eaff7
READ 4331
WRITE 6267 c1190b92-47a8-4419-8f7f-5b4a3287e4a0
READ 9027
WRITE 4590 116b616a-af92-47cf-b3df-e636c070790a
READ 5434
WRITE 9702 32cb0609-a073-497d-92fe-b7207e3a55e8
READ 8613
WRITE 4946 e9f6096b-8e26-4a5b-a408-a9405007069a
READ 4529
READ 4114
READ 6755
WRITE 4725 98a10db0-cf59-4030-81a2-94201a2b9f6a
READ 5461
READ 5662
WRITE 5875 80184a9c-2d83-4b0e-b566-444e3c73d321
READ 7550
WRITE 2124 4e2503dd-a558-43bb-94a1-d1dc5b3180b9
READ 3389
READ 6042
WRITE 4802 01510b31-5f99-4856-96b2-720c6543c9f0
READ 9835
WRITE 3048 629b37e9-61cc-4050-b763-c2f3d71e20db
WRITE 1863 35d919bf-1c36-46af-8d4d-887c4fabf53b
WRITE 9071 aa43320b-cf15-4bae-aa19-dae4fd2c6004
READ 3982
READ 9629
READ 0533
READ 4284
READ 8699
READ 4255
WRITE 7011 29d8d2a0-f727-4214-a530-e699fdc4e0bb
WRITE 5446 4535e746-2267-4f27-ac36-dec4ec2aadb0
READ 1642
WRITE 8115 0f91dfce-bb04-4a7f-add4-fbac82361613
WRITE 4972 e9c166f7-157b-4205-964d-79c79b2bde89
WRITE 9740 b209bd67-7b52-4ab1-987e-51a447d09a69
WRITE 5165 a2daf672-d3c8-4b3c-a932-d921bb0cd6bd
READ 7893
WRITE 5762 0e150157-5990-444f-8a36-c55e56370bbd
READ 3868
READ 8398
WRITE 1948 a7e55232-a4a6-4247-b359-c882ad052d98
READ 4628
READ 9984
READ 2789
READ 3628
WRITE 3938 d94dbc7a-7b5c-46ea-ac02-d9d383fd655c
READ 5823
READ 9299
READ 3732
WRITE 7498 25c1ca85-e660-4016-89c7-937e0836022c
READ 7773
WRITE 1371 a35a826f-2f1d-4127-a2fa-1979604e7e5a
READ 3137
READ 7358
READ 4159
WRITE 4541 a010c2be-bb39-4b63-a0a1-44ab9865612a
READ 7221
WRITE 8027 683da0cb-d93f-416c-b856-dfdfe37079b7
READ 1487
READ 2797
READ 7002
WRITE 7440 e6d0aba4-3c2a-4489-b549-ee3d025cafb4
READ 6821
READ 1939
WRITE 8927 9fbb3417-1400-4809-9fad-07df0f9a0466
WRITE 1220 5c718712-c6f9-4c9e-a7a9-b2cc68823377
WRITE 8797 cf967567-ca39-46ac-b269-9fb58b01ae58
READ 7945
READ 9815
READ 3519
READ 9252
WRITE 4784 c9bdd19c-cf90-4e68-9231-0b64842f2588
READ 2714
READ 4378
WRITE 2010 2adb0ac8-f31f-4ffd-b12d-eecac62fa72d
WRITE 8467 609ae8a6-0603-4594-9125-551da8895fd4
READ 0081
READ 4201
WRITE 6920 0a9909dc-84fa-4f17-8efa-761cc5df7e69
WRITE 6154 ea022cbf-3215-461b-961e-f265632ae238
WRITE 4050 6f21020c-f5cc-4703-ad2b-ce536a1b5813
WRITE 6859 0fa7b27b-9ff9-4e0d-b65c-62f5f4ac2e25
WRITE 7284 f1387f21-77d0-41ff-b914-132d6b0f9000
WRITE 0035 d92dc008-7703-46b7-85b2-35a264c53522
WRITE 4833 a46d9dbd-e978-4ac8-8088-45bbffa7c33a
READ 4042
READ 8022
WRITE 2124 0fe69c76-8a11-4322-ab0f-3947b2246175
READ 6444
READ 8205
WRITE 2385 400fee65-c7cd-46cc-9531-df0d3c25eaff
WRITE 2250 c725688e-5b60-4b0d-84ec-5aed9ad740c8
WRITE 4831 30a01983-8417-49d9-aac2-5e2870c99e77
WRITE 2050 23c994a0-51f2-43eb-8e7f-e03d37015ed4
READ 5906
READ 9633
WRITE 3530 754f0c5b-5a26-4643-99a0-c553fd836861
READ 4791
READ 8669
READ 9678
READ 9556
READ 1747
READ 0859
READ 3063
READ 2152
READ 9978
WRITE 0679 4e6976cc-41ef-431e-86c6-d2d3581e2b02
READ 7289
WRITE 5902 827a3b86-5ed0-4470-a9e1-f291ce3992a1
READ 2833
WRITE 6739 1ee111d2-f08f-4a47-a2ef-20372315b1df
READ 6868
WRITE 7570 c5bf090b-347d-4b5c-9573-fd8917070811
WRITE 7808 988e6cba-a448-4b67-9c25-893dd55b02de
READ 0667
WRITE 8821 0b2abe0d-8ca5-4780-881f-aa0377ddd88a
READ 1914
WRITE 9027 4de0841c-7b69-45c2-9885-8ecf27d4123b
WRITE 7584 ed63c500-9e87-4251-a82b-975712edf410
WRITE 9641 d7ebeb72-4ffa-4053-9f30-cca7953ac807
READ 2007
WRITE 2638 0b9ff4ad-d8c6-457a-a304-6136753424eb
WRITE 4941 e4c693b6-5bf7-4f0a-a511-97a98fa0906a
READ 3213
WRITE 7941 4bd2b4eb-7a49-48c5-ae08-a9a9486c29d3
WRITE 6201 053b496c-c63c-4436-bbb3-466739acc6f1
WRITE 2011 d007c70e-198f-4874-a5f7-bcc4d78567fa
READ 3074
WRITE 5492 34589c9e-18e1-4815-8276-9ef5ac54fce2
WRITE 5412 562e03cf-2665-4405-a901-355ac53cc922
READ 1628
WRITE 5975 73515f60-a0cf-409e-8a68-ee65c1306a2e
WRITE 3151 0c21f078-b110-4060-a0b4-f8160cb462d2
READ 7748
WRITE 2258 575f4e96-2d7b-40ca-9b63-560f7a1339af
READ 8735
READ 5875
WRITE 2188 fa7740c4-706d-4b05-844e-501e48868919
READ 4855
READ 2707
READ 4616
READ 8165
READ 2180
WRITE 5719 f131098a-7779-4433-a244-b49bc457b701
WRITE 2531 9de56b11-a118-4263-9c2a-f477789dd9e0
READ 8520
READ 5811
WRITE 5649 f7b3d948-3934-4e7d-933c-8a2ff3abb18c
READ 3107
WRITE 3424 a8b4cc67-7f94-4fc4-84bb-b2f39862784f
WRITE 6700 62493a42-0068-4b2d-881d-7c882c3a30c5
WRITE 7800 1419cd0f-0b50-471e-b29d-1f7d3abd0ac1
WRITE 1596 ffbde84c-3cd6-4e50-bbea-afc3ac4d5cdc
WRITE 3988 beb20f96-26cb-474d-aa05-9fac3abaefbe
WRITE 0397 a5f19c52-5722-48cc-9e64-37e497dbcebb
WRITE 9014 284b9b44-646d-4bfd-a88e-6aaf4360422b
WRITE 0108 de9fa791-c2dd-4f1f-8913-fdace3c71932
READ 8267
WRITE 6490 3ebb13c4-a85a-41b8-b1fa-38ccaadbfd20
WRITE 8443 c1a63e51-cd16-4379-be39-6e8bd83da07c
WRITE 6728 f800bd3c-bd6f-4e4a-98d3-5689bfa17220
READ 5656
WRITE 0156 09f198ad-feff-414a-8652-849d53275b08
READ 4592
READ 7683
READ 5791
READ 4060
READ 5733
READ 0708
WRITE 1990 f6313283-785a-4d5d-83bd-3106a3969a82
READ 6638
READ 5900
WRITE 2066 ae92f554-dc08-485c-89ad-c62fb04d74d4
READ 9818
WRITE 5135 afa6a629-dbcb-45b3-8d5c-536c78b19cce
READ 9073
READ 5989
READ 5607
READ 5050
READ 3574
READ 8491
READ 9601
WRITE 1170 1753bd47-9a17-4559-ac82-8cd5bc5d05dc
READ 6390
WRITE 4794 64588e55-4302-424a-b024-1cd25cfaada3
READ 3392
READ 8998
WRITE 2170 6a8bb6e6-e1b6-4c55-9fa4-4358cc024eab
WRITE 1486 2ff94cb1-08be-4ce7-a9e4-f4428b1553bb
WRITE 5977 03d9d7ef-fd53-47c6-8fe6-59454e3eda88
WRITE 2323 b0286cec-e890-47ec-8cf8-81cb7af26fdf
WRITE 8687 a948215f-7643-41d5-b5a2-28127e1b8bfc
READ 4062
WRITE 1909 e247fa78-30ee-4089-bfca-68d323512af0
READ 6529
READ 4055
READ 1160
WRITE 0770 4cb3c528-420e-4910-ac08-d3a60c2ad6f0
WRITE 9633 ff0e402a-4188-4405-8f1a-3dc7fc7f884a
READ 1740
READ 1854
WRITE 9754 f71b35c6-046a-4bf6-b7a2-af0b325f4dce
WRITE 0315 5f8d1a7f-9ce3-4349-aaff-e694454381fb
READ 9808
WRITE 6834 1fbef992-99e9-46be-bafb-022fbc10d9d6
READ 2717
READ 5307
WRITE 5003 4286a94c-9486-4d57-9e11-e5564f9eea77
WRITE 6802 d562fa5c-783c-4f5a-97c0-02c4980a498a
READ 1661
READ 4255
READ 8390
WRITE 2703 43061de5-d168-441e-b712-4928b94eb4fa
READ 5861
WRITE 0099 4dd6ca57-ca60-49c0-8536-f8e31c66bb42
READ 5679
WRITE 3580 92c706a7-bef8-4818-af8f-52c438f65dcd
READ 2638
READ 5040
READ 4832
READ 2193
WRITE 0343 5cb18840-73e0-4946-b092-c513ac4675a9
WRITE 2811 4908c16f-02be-4fe3-9df3-292e6e1b4f81
READ 6136
READ 6085
WRITE 7109 998cecc4-d2c5-4aca-953d-e4314aa9f4d7
READ 5420
WRITE 1927 3496792c-8712-4e6b-ac8d-e4ef9e3fd033
READ 9169
READ 8848
WRITE 0797 a26c1764-b2a4-465f-b1c6-c14a389b8159
READ 4748
WRITE 6073 2e72ad1d-40e3-47a9-a83b-4e72af67fb7d
WRITE 9881 9845dd69-1a8c-4e92-826f-6e4c4fc27206
READ 4932
WRITE 5333 c0f1a86c-3a28-4f2b-b8e1-5521b329eb63
WRITE 6204 73fd9f91-0e80-407e-be23-287f0e687cb8
READ 0063
WRITE 1443 9f1dff4e-5a04-4730-b3d8-d41857ee0d63
WRITE 2591 1f14936e-a810-42a7-b12e-2018a9dc9e69
WRITE 5691 dbe1704c-efd7-407b-b246-5ee3629e1700
READ 5740
READ 2170
WRITE 2958 7b6ce36d-8b29-419a-92f0-1f9b626edff0
WRITE 1080 0d25be4b-5c1b-4802-a0e8-314a062f5d3a
READ 3216
READ 5560
READ 5093
WRITE 7188 dbb7829a-6495-4da6-9f83-3086679abac1
WRITE 6572 9844a33c-3785-4b36-a453-df24c37d144b
READ 9239
WRITE 1493 229cac6c-6f5f-4712-8a90-5104c4b38675
WRITE 0787 2ec8b93a-d315-4695-81ad-31a54e52fe21
READ 3316
READ 5575
READ 0624
WRITE 1252 abf5b6b5-0120-40b3-8792-7fb669f1037d
READ 3297
READ 3042
WRITE 2219 1f4043ed-838d-4855-aa1a-a34aa5cdafb5
READ 3273
WRITE 6352 dd85db35-59e4-43ab-9e35-a1ccba032179
WRITE 4313 6695b659-cff1-4cbb-a4df-e263e90350f9
READ 8459
READ 0070
WRITE 0973 605e57e0-428f-4e45-95fb-71b01a78f9d4
READ 4566
WRITE 7327 3ea4d1e3-6bea-4af3-9780-ba6f9c7dca86
READ 5027
READ 8496
WRITE 7816 2645877a-e9b6-4355-bb40-7b3dc5937357
WRITE 2172 728f27a4-e58e-4548-8101-9973b0b7cc33
READ 8103
READ 8967
READ 5577
WRITE 5904 b8958a4a-e028-489a-9fea-d8ed201a4d51
READ 6961
WRITE 0950 a64c025e-bdee-4dab-bccf-e8c9b6e37035
READ 9955
WRITE 8737 9cad2c02-f1b1-475c-a348-8b2b6e5b8497
READ 8599
WRITE 9309 68afdd0f-9ea1-44d6-929a-a3a19752b35b
READ 1940
READ 3127
READ 4357
WRITE 8176 8e36b2a6-dada-432e-8e93-19f0f143918a
WRITE 1180 a561872f-451d-45fa-a03b-779cbdb8c219
READ 6882
WRITE 1796 be66508a-afba-4286-b587-8421760235d3
WRITE 5527 d3c5d1be-ae67-4219-845f-fd6934a60000
WRITE 3813 f9975f7e-2191-4b12-b025-e4f799feb794
READ 4108
READ 4335
READ 8007
READ 8182
WRITE 1001 575a1417-edb7-40fc-9f19-8f698158743b
WRITE 0980 88a3ca5b-56a2-4526-955f-4f0586fbecb3
READ 9680
WRITE 0564 d28066b7-b9b4-4887-8a4d-a529688d0c98
READ 5017
READ 6306
WRITE 0155 b0a99e89-e7f2-477a-ab74-5d590c07a95d
READ 4722
WRITE 0265 fe1bc8cc-3b94-4544-a7f9-b80c4175f20e
WRITE 7860 ae629cb7-c954-4015-8ef5-3a260a8a43f8
READ 8092
WRITE 7164 26e8f964-a938-4399-9e37-1730e3a96857
READ 5711
READ 0877
WRITE 2081 f98c6d64-c41f-4226-92a1-3fd8f69470cc
WRITE 2101 48c3f616-7df1-443d-89cc-93ef5f2e5c8f
WRITE 7153 1a9ae3d4-0089-484e-b589-470f6bf8afc2
WRITE 3110 107322d7-2d42-44de-931f-21a8fba45418
READ 1010
READ 6811
READ 7182
READ 8652
READ 9463
READ 1352
READ 4247
READ 6389
WRITE 0180 229a50f2-a452-401a-913f-8bd40f7f3174
WRITE 4975 ef4d95ba-e72c-45c6-8bb3-cb761c030cc8
READ 2809
READ 8898
READ 5415
READ 2864
WRITE 3457 a5d983af-597c-4b6b-b7e7-4760b21eb2a8
WRITE 5602 4ec24135-920f-4e08-a818-6bb55dd17cd7
READ 2033
WRITE 7754 69642684-a42e-4183-98ad-dcf7c102ead6
READ 0360
READ 1967
WRITE 6221 29595198-be26-4b7b-9f0e-56ea6162b042
WRITE 7355 0eea4951-61e2-4a6e-be9b-1a5a3fc130f9
READ 8498
WRITE 6914 e12650fe-ee2b-4cba-a15b-41f390832191
READ 9323
READ 2202
WRITE 9343 9255cde8-3e36-48dd-980d-58e6490c0ec3
READ 0104
WRITE 4861 d3f7a746-903b-4741-8fab-18b2d036b5dc
WRITE 4176 28fb1ed3-2c2a-4f88-9881-40e1aa51c9ab
READ 9664
READ 4376
READ 9804
WRITE 3604 5c50975b-a5cb-4121-8b52-72368866a7dc
WRITE 4422 25f078c6-5df7-4112-9d82-5f3deb27226e
READ 6506
WRITE 6400 a9a0411e-7df6-4c7a-acd1-567b2e32f311
READ 1258
WRITE 3304 ecb77151-ed22-4bb6-9fdd-ec0e6c322736
WRITE 4218 04abe1d7-22ad-4127-9d6a-ba0b48d7b99d
WRITE 1156 1396eef1-4eb0-4d6f-979d-f89996276ba3
WRITE 3115 25ef6bc6-2b80-4ac7-9d6a-4a2edcf8e2e3
READ 1623
WRITE 2991 e1a2ad38-9e80-4589-a5bf-2df1a048aeff
WRITE 6003 251b204c-e11c-45cd-83d2-9ed6b42fc361
READ 9691
WRITE 5797 71735e16-51b5-4ffc-82d6-2b12595388bc
READ 1058
WRITE 1381 14e75a86-a908-4d66-9903-a95c44f34ed1
WRITE 6975 758d9da5-f373-4046-96bd-6e9399c0efe8
WRITE 8149 fd7f7a12-14bb-4835-b66c-48cca9b6b073
READ 9529
WRITE 6239 00e48030-37b8-448d-998d-02cdc45feaf8
WRITE 2655 16f0080b-b45d-4447-9af6-bc2f45489b7c
READ 1329
WRITE 4242 e2b12f5e-d800-4883-bd72-1ef9bcf9250a
READ 4796
WRITE 3041 17aa2d87-661a-472f-ab0c-fd3b1b19c6ff
WRITE 2976 65601250-bb40-47a7-b80e-013628ce6552
WRITE 2840 b26c24e0-c2fc-4224-a788-a1bb648f3e96
WRITE 5358 7cf8a63d-ed57-4677-9b21-ef592c4c751c
READ 1216
WRITE 3788 438fc5ae-df73-44ff-a966-49b0ed481379
READ 9568
WRITE 2889 164f9f06-054e-469d-887a-3cbcd86edf95
WRITE 9488 b7a84760-0b04-4d51-9716-98c1555ba19c
WRITE 8699 536e8cc6-2cd0-4a67-ab46-0ea3d7148188
WRITE 9896 24818819-0193-4824-818d-bf55fd6f53fd
WRITE 3983 0632ff9c-e1d2-4cee-a72b-43ad640e7ddd
READ 3468
READ 2293
READ 2626
READ 2667
READ 8384
WRITE 7316 970f4b13-2615-46f3-88af-c1c086950653
WRITE 9786 5b4942b7-c991-41e4-bffc-8c64137b5110
WRITE 0595 5d8cf24c-81a8-4287-890e-565a1a1072a4
WRITE 0338 85ca3fdb-8ae0-4610-8397-99677a4600d7
READ 3018
READ 0429
WRITE 6697 483672b8-e777-451a-82e3-4107b2f32fa4
WRITE 7684 e7f7a580-d259-4906-9c33-5eba3ea89b45
READ 7120
READ 8391
WRITE 4911 a234973a-9007-4a00-8c0e-8e887d285871
WRITE 2613 33fe6ecf-dc04-48ce-be3d-c15941d74f11
READ 7443
READ 3048
WRITE 3924 fa65f29b-bd9a-4920-b892-88cedfd0ee61
READ 1313
READ 5390
READ 8820
READ 4271
WRITE 5376 23f27c5e-1dd8-452f-b914-cf9d0f18939f
READ 5294
READ 0608
READ 9075
READ 2461
WRITE 2193 88c3bbd9-1b7b-4cc3-9db3-49325613611f
WRITE 1217 0493e22f-2f2f-4e5a-a4ca-1c9516b0c1ce
READ 4631
READ 0463
WRITE 2679 c7048d17-993c-4eed-b941-3965fe14e900
WRITE 3009 3425fc80-8700-4002-9439-e0873578bba4
READ 5704
WRITE 0020 793b842a-c5b5-4b9c-bd29-e9effc3d5cef
READ 8754
WRITE 9285 5b301fc1-21d2-4168-87aa-7a46508742c4
READ 5516
WRITE 1167 472eafe2-5eb9-42b2-baf5-64e60008f16e
READ 8106
WRITE 8917 75ed34ca-6d51-479b-8203-94e104641c77
WRITE 4771 547e210d-3cb7-41f3-a58a-076a9f063857
READ 1535
WRITE 7640 09df632c-4c06-42e5-b6a8-0a73f0d0e885
READ 1158
READ 0351
READ 5963
WRITE 7033 825bd7b9-b538-443c-a6ec-abfcd3eeaa6d
READ 5428
WRITE 2379 2a437883-0184-4780-bb32-0bef3245f9d2
WRITE 1845 98c4629f-757e-46a8-bce2-a99c1db48738
READ 8488
WRITE 8058 de58b4bb-8a49-46c6-ba37-25102b67ca7f
WRITE 6277 c6d747a3-aafa-4b92-9903-a1e54b7a4e5c
READ 2382
READ 2574
READ 2814
WRITE 4927 9e6e81c3-8acd-4bfc-8127-c2224332ceae
READ 8495
WRITE 7165 2cd3573d-1d76-4c40-938b-d1a5de25bef6
WRITE 2347 cee24258-5099-4357-87c2-eb625db6a7a6
WRITE 5606 6b1093d0-4465-4bd1-9368-71f67421af67
READ 2590
READ 4897
WRITE 9777 f401c528-fe1c-4d02-892c-d1ad7ec18a3d
READ 4757
READ 5096
WRITE 0083 ff0520d6-374f-40e8-8f42-ef4465d2a2f9
WRITE 1678 0d0098bc-822a-48e5-95de-050347d423d1
WRITE 6581 c1dd07b6-feec-4376-b5d2-f9185c78a0a5
WRITE 5215 1597e93e-2868-44dd-9d58-0261ebffe66a
READ 4257
READ 4141
READ 4540
WRITE 9011 f8ae1188-ded4-4cbb-96a5-263ef0bb53ba
WRITE 4805 6c7a2d25-beb2-4445-9e26-05e00f325309
READ 3943
WRITE 4023 b4cc65bc-cb3a-4ec1-ae2b-efd11e1c3557
WRITE 9679 89c9979f-8512-4b6d-850a-5a21c0d4dd0c
WRITE 0415 8d0f85fa-ec86-4f1a-a307-161728fb1dfa
WRITE 1349 3b6bf76b-5a5d-4efb-8c46-39435d07b05c
READ 2599
WRITE 4812 01303b57-6d0e-4132-b99c-802d619a1d14
READ 7008
READ 1949
READ 7714
READ 1022
WRITE 6011 8eee5bae-1165-49ab-b9f2-9d5cc653857d
READ 0385
WRITE 4096 43f437ad-0b6e-4360-a54e-1f4b4a23f25b
READ 4215
WRITE 8662 79647df2-fcdc-439e-abdd-2abe71ae0b3f
READ 0675
READ 5666
WRITE 7352 319f92de-73a0-4376-af7c-e96972b55062
READ 8436
WRITE 9112 718c520d-f985-4a54-abeb-6cc8e3a31426
WRITE 2934 8194486a-604f-4e35-9a40-58953243181c
READ 7886
READ 1738
WRITE 2112 f42ef6c1-eefd-41c5-9171-28d1fd33e50e
WRITE 5640 cc3950e3-5f78-4f44-af83-fa6a55b36851
WRITE 1736 67ae3812-b4d0-420e-81e5-fc7fcb21868d
WRITE 2892 be535f57-9310-4b99-9d88-1d53bde5eaf3
WRITE 5569 b0936b2a-871d-461a-8e37-3ff61c8652ce
WRITE 0190 dafa08f2-6e7d-4903-82a7-ec2f3805855b
WRITE 3306 531d379f-c52b-4304-8d4f-753bac2613d6
WRITE 0850 a55582f8-3049-42cf-b774-32547c1bee47
WRITE 4465 b0c29078-f52f-4270-b330-1363e96a87c9
READ 2557
WRITE 5363 fafadbe8-46eb-4f33-a21a-a6753ccc8bee
WRITE 2361 e01b9ca8-7269-4bb1-bf52-219fcb455197
READ 9560
READ 8181
READ 7612
WRITE 9181 334283b2-6cc5-4ec9-877c-243a0f436d53
WRITE 6599 76b1e999-e3e1-4e05-b4b8-282999c17ff9
READ 4724
WRITE 3376 b3daf54d-c1d9-431e-b8f8-742c922e50b1
WRITE 2423 7e9f8c9c-f8b3-4ff7-9d98-5e11a4a7a6fa
READ 5708
WRITE 4153 925586ad-d26b-4643-8331-c3aaf6b09ae0
WRITE 9859 adac98c6-a24d-4546-9253-a900bb582bfe
READ 2122
READ 2117
WRITE 5365 679828e0-29b2-49a2-a899-fc66921348df
WRITE 2325 d43c9252-d969-4312-b0b6-3cf068930755
WRITE 9179 ff68c2dd-9ece-416d-81a1-cea799e1ef24
READ 9779
READ 1343
WRITE 7676 deb1659d-7de6-468c-8e5e-1f4f6e71436e
READ 6876
WRITE 9821 762eb5b4-743b-4913-aca9-5c7defe6ff8a
WRITE 8335 f4edc50e-6d5a-4257-96dc-36b25115a45b
WRITE 8450 1e75e67a-021d-4211-9445-f287d45f0d71
READ 2305
READ 5118
READ 3040
READ 2817
WRITE 6951 b211173f-a361-47e2-b071-6e084d9b1fe5
WRITE 1195 eec24836-22ac-4eae-a789-004d837205c2
WRITE 8511 826ddf36-8284-4e7c-81d1-6c57a233a5d1
WRITE 2007 17c73b86-be5c-479d-a0ef-71d386c8ca68
WRITE 1533 3665f4c9-6937-47d2-881c-c657ae20a884
WRITE 1371 b09eecb3-9172-4819-9d7a-56ed50c9e8b5
READ 7808
WRITE 6368 8b6953d1-005d-426a-8f3b-4f5fcf2716d7
READ 8669
WRITE 3252 84baba17-5035-4ab2-9baf-49e7ff05f8b8
READ 9529
WRITE 9054 97bd644a-57e5-4f34-8eac-887a448669f2
WRITE 2918 38fe5fd0-90f8-4712-8150-98d32b9663a6
READ 0678
READ 4356
WRITE 2768 22001130-6560-4473-8c69-89a2ba354dde
READ 2723
READ 4629
READ 0494
WRITE 6007 40144cf9-55e2-4233-94d3-ba6de9c504c1
WRITE 6538 3566a6fc-a70a-4ff6-8ac4-41205e0b2b44
READ 9898
READ 8135
WRITE 3628 a66eceb4-5a20-4114-9127-41dc6ee74b3b
WRITE 7353 84720f35-f463-4ae5-90d3-4e23dc6b1bd5
READ 2081
WRITE 9047 f011883a-8ea9-44f2-8822-4ddfdfc0c925
WRITE 9234 76be01af-0db5-4d64-8685-e9874b44b2ef
WRITE 6591 78815aac-482a-44fd-9075-e832627c0689
READ 5246
READ 8955
WRITE 6227 6ade4ac3-6e31-4977-9c8f-fc21ca4ceb1d
READ 4926
WRITE 8467 3486b74c-9128-4ba7-8118-d79457d2eca1
READ 6636
WRITE 5143 ffd0638c-07c2-4fa6-8acf-0b573d83cc74
READ 4023
WRITE 1165 594d9c05-688b-4450-85d6-864dcb106212
READ 3432
WRITE 4154 6bc3a467-60d7-4d9c-9bdf-5f3ab15ccd6b
READ 7538
READ 7414
WRITE 2397 796d5aad-3b1a-46c8-a6f8-d0369dd575d7
WRITE 2129 ce06f1f9-f8b8-42a4-a0b6-82f1a5c5c15c
WRITE 2775 56098c47-1363-4405-b126-e7467f0983e5
WRITE 6958 422547d6-92a5-4b3a-aa19-b23b54ac5321
WRITE 8834 d98a453c-a312-4a6a-a1e5-329c881aac9f
WRITE 3444 1a9e13aa-2483-4a43-9295-59fd101eec13
READ 7977
READ 0082
WRITE 5739 9a82232c-e49e-4d18-8419-521f974fe213
READ 7202
WRITE 1257 9ebe6d4d-fd88-4536-a3aa-31ba7d0bf6cb
WRITE 6898 924a41b2-94a7-49d3-a3ee-2d303c64c97e
READ 7491
WRITE 2600 0357efd3-12b2-451f-bb9a-c3da4b464916
WRITE 3085 fbce6fdd-cf1f-454d-867e-9360b5342d75
READ 6088
READ 3308
READ 2557
WRITE 8279 d523f0a3-4cbf-4adb-acb8-eec75ac3bc33
READ 6236
WRITE 5847 2af8d145-56c5-4241-b88f-8ae75e86dfcc
READ 9854
READ 7395
READ 7658
WRITE 0022 413d14a3-6a8e-4e31-84f0-213ed0b5af69
READ 2865
WRITE 8770 ec27930d-1891-459d-8d33-30b81a3bd59d
READ 2360
READ 1505
READ 1668
WRITE 5369 13f6b78e-1c33-4903-9f78-18134b42df0f
WRITE 1791 a94b5893-e5cd-4f5c-bcb7-d72677646b8e
WRITE 5642 af5e2f0a-494e-428f-b57d-0ae424d32e1f
READ 6486
READ 1860
WRITE 7217 150f8b53-08b2-4eb5-a15f-5ca58e48f47a
READ 0166
READ 6677
WRITE 3684 5f8a7184-d5aa-451f-9805-d7ef77b6fb38
READ 9719
READ 4727
READ 1378
WRITE 7793 6535eff9-6f28-462e-bcc2-4f29690aebe0
READ 5293
WRITE 5486 9e3fe8d5-7537-4c9e-bc1b-8e9226fe2c16
READ 4386
WRITE 6410 d791a3b6-aee4-45a5-bbfa-1d66f5450a12
READ 8442
WRITE 1040 245d6669-73f3-48bf-b2a4-f0f230833ad4
WRITE 2366 84d60f04-e40e-44a4-b8fa-aa9aef1c49b9
WRITE 2790 a43c20b2-002d-4733-82a8-a4857404b8c0
WRITE 7454 2b044c21-35c5-4a2d-b084-d77230c8e027
WRITE 6669 eedb55c8-6c9c-4622-b7a3-860f7195323c
WRITE 8070 5fae412b-de42-4012-ab1b-02b58f92d55b
WRITE 9120 fc4cca3b-62ef-4aa2-9cf1-0926910a0edd
READ 9984
READ 9610
WRITE 7218 8dd4fa3b-f450-4bc4-9fdb-d35c99798be6
READ 3782
WRITE 5289 782ff9e2-99b2-46c4-82b4-e3a74ba2e4c3
READ 2157
READ 5340
WRITE 6857 3d7a36ef-13d2-41a8-8341-60bbfda79510
READ 6459
READ 0370
READ 7336
WRITE 9399 0afdd2e2-4f89-442f-add3-9bdd1fab570b
WRITE 0807 e93a53fa-7a01-4e16-aa39-657e78af0838
WRITE 1866 10c2fa0b-6295-4933-971c-d5216cc6cd9b
READ 5842
READ 2045
WRITE 3833 30bc655d-4e88-4bc8-a2b4-4badddd0230d
READ 2867
WRITE 6203 48a9cf5c-bb5f-4da6-88ef-83ea187449c6
WRITE 4251 cf22b442-382f-46f7-a8aa-42d0cef12938
WRITE 6362 32979e61-7a3f-46b2-9795-6b11ba54dc1e
READ 9842
WRITE 3297 8b5083dc-3deb-49aa-94bb-3711072942f9
READ 6903
READ 8758
READ 8495
WRITE 0724 2ba5145b-d59a-4102-8a55-9c7370a349c1
WRITE 9524 ae5cf8ae-d697-4b36-9583-3f34eca5e7d5
WRITE 4726 2901bb90-30de-4531-8c96-56ade1e23e82
WRITE 2875 79f0d87d-1008-4c11-a570-d8a25de9a61c
READ 3246
READ 8953
WRITE 0749 56ded02e-4d52-4b79-ac8f-d51258f537f0
WRITE 0146 9671966f-e55b-47bb-b01a-ead8a4dae91c
READ 6186
READ 4910
READ 9655
READ 8381
READ 6824
WRITE 3890 c9698549-98c8-4965-a5ad-004310586905
WRITE 1765 2fab6dcc-cbef-40a4-ba2f-67da912b5737
WRITE 0985 c0fb678e-9461-4aa1-a07a-4b3d7bc79ce6
READ 3463
READ 6184
READ 9568
WRITE 2487 0a9dcc12-1e9a-47cb-a66a-b91dbcf9ba17
WRITE 3039 6ff9da94-0492-43d6-a2a9-ef52f2609476
WRITE 4894 05a02d83-01ce-4d95-a953-148caa6b05c3
READ 5603
WRITE 9261 e27c76bd-8180-4657-9c15-e3bff73fd297
READ 8447
READ 7390
WRITE 9866 de312ac2-ab2d-4fa3-accb-4c48c1a85e0a
WRITE 1607 728b2a95-dce7-415c-a3e2-c710bce6b952
READ 4438
WRITE 0850 f919a5d5-0aa7-4aa5-a733-e0655a39b4b4
READ 7670
WRITE 0903 94b1efa9-86a8-4102-bef8-e793cd5931e4
WRITE 4645 32fabb1c-eacc-49a9-8b69-b2f860c7decb
WRITE 9626 93d525bf-d0bd-4bfc-8268-f1cab9116692
READ 1054
READ 0450
WRITE 8235 d86eee0e-a95a-432b-a1da-2298625a2df5
READ 7515
WRITE 4908 41d13589-6498-4e0f-8a7d-8c6094c664fd
READ 7275
WRITE 8259 9eb2afe0-c22d-4025-9fff-8f1a88893bea
READ 1053
WRITE 0268 b123d6ca-e62d-4957-8d14-a7911fc7b145
WRITE 6143 7c36003f-2337-4f24-bfa1-ae0dce861863
WRITE 4219 c62aeb62-319f-4d2a-8368-18954bc6979d
READ 0544
READ 7077
WRITE 2997 413868db-532e-4938-9691-17c5d7032b9b
READ 1495
READ 8862
READ 1521
WRITE 4249 84071019-3926-44ba-a5d0-0246b0d9c5ed
WRITE 9459 bb2cd12a-a32d-4185-b117-16f47deb11b8
WRITE 3509 4285adba-2eef-4a87-8ba5-40b799512aa6
READ 6238
WRITE 8824 334ca379-7588-4203-819d-81fd5ace53c9
WRITE 1315 a7d8f8f6-c549-431f-b6c4-fce293c6a2a4
READ 9118
WRITE 4670 c0c4398f-ff1e-450e-9d90-c008e7185315
WRITE 2396 8c7033ca-6fcb-45a5-bac1-70af68a3a80d
WRITE 7544 ec839a6f-2dae-46bb-8595-28ddc45b895a
READ 8760
READ 2994
WRITE 8614 2698795e-a072-4c76-a6e5-5ad214447800
READ 7678
WRITE 1583 39c13fba-b2fe-4f32-b2cd-6f474c590822
READ 5111
READ 7782
READ 6076
READ 2559
READ 2977
WRITE 0987 6be8b626-06ce-47f5-acc9-0f22f1ed4c35
WRITE 5090 18dbfed1-8181-4f51-9920-b1b05b5963c7
WRITE 3988 7974b257-91ad-491d-a9de-00551f9531f5
WRITE 6256 473916a0-ff0e-4f50-a7e1-507365a3f305
WRITE 1767 70a39379-4551-4fc3-8133-fbe93365385c
READ 0163
READ 5969
WRITE 4178 6201fa80-fa61-4311-9bab-0fbce741e262
READ 5614
READ 7640
WRITE 0987 141617c3-24b4-461b-83c0-c37dd8a5ec06
READ 6841
READ 6489
READ 5380
WRITE 7874 992bce56-d335-4843-ba7f-10d9bfdba04c
READ 2381
WRITE 8323 a91bd458-f213-4008-ab08-96392eb17995
READ 9814
WRITE 7174 01fb1df8-c1ff-42c8-874e-d72f7741c7d7
READ 0493
READ 8691
WRITE 2408 9ab5c139-e69b-4ce6-8862-227f7bbb30a1
WRITE 4350 40b63f11-b3b3-4c92-9606-597b147faa5f
WRITE 6427 3423c17e-e117-43e5-bd77-ade96bc5100f
WRITE 0870 4d8a89eb-6dc8-4255-aa5d-4ef1dd285d7a
WRITE 5896 48bbea57-749f-483f-af7c-0a4c872a3f54
WRITE 0133 93f5d6ab-e342-4587-98fc-86ce6b8fc438
READ 2977
WRITE 4128 f9db4fb4-b4a2-4c8d-84c7-4b73040e41f7
READ 7485
WRITE 9311 fc29de43-3ea7-4ee9-9133-c62d950da75d
WRITE 4934 79c5ce5e-5020-4fac-ba26-bf7b3f01d74c
WRITE 3371 1bebade9-020f-496f-94ba-601c5998a246
WRITE 8293 659524f1-623b-4494-8735-c59f97b76a60
WRITE 0544 04624839-ebe7-4bae-8b8b-2dc2e843b9e3
READ 9528
WRITE 3297 891279cd-e211-44d7-aee7-9f249fcd15d7
WRITE 4910 8c08d880-8656-479a-a70c-5458a414c5e5
READ 4414
WRITE 8820 6c50522c-06f7-487f-8b94-aa64b59c41de
READ 4091
WRITE 2499 10382ae6-851f-491c-851b-27e4f865d1d1
WRITE 0883 09f5a2d9-9c75-4137-a719-4a76308c255a
READ 2363
READ 9032
READ 1861
READ 5386
WRITE 6916 faf4981a-4f94-4f34-b22e-2452be2fdf40
WRITE 4490 ea51dd57-9f95-48fe-9672-a4ab283ab677
WRITE 3081 780e8157-9d48-4efb-a5f4-5e49177b432c
READ 1710
WRITE 8280 02b480aa-65cb-46a2-a354-62f3771124db
READ 6489
WRITE 0986 04a1240e-6cde-42f7-b946-ccb42a656996
READ 8721
READ 1611
READ 2159
WRITE 7873 5c56ad54-369b-4d28-81c3-8b6ff3a3a426
WRITE 7433 2e139b8a-ef1f-4e08-bad3-cae23851f4d8
WRITE 4595 dcc45578-91a2-444e-9933-8726b87e9a89
WRITE 7346 69ba2d1b-753c-4d67-b03a-bcec472c3a9c
READ 7164
WRITE 6965 08664492-6c99-446a-9479-e081f0f76d79
READ 4854
READ 9680
WRITE 9145 87ee0d7f-c243-4bc1-a99e-c7ce7e65d03a
WRITE 0348 d8e4e922-8b6f-4d60-bf0b-50f20d4aa1d9
READ 9892
READ 3494
READ 8478
READ 7716
READ 2193
READ 0145
WRITE 3595 975cc8ed-64f2-4120-9653-e1ccab7b3dd0
WRITE 2559 f29f6115-3d07-4178-97e6-70972d4e3523
READ 0485
READ 2780
WRITE 1443 0a014312-4275-490a-8cba-2cbd2cff1057
WRITE 0254 a88d3078-72cb-49d7-8556-d3907acf09c0
READ 5264
WRITE 1877 fb486eec-0a8b-47f5-960b-a217ad229dd5
WRITE 5638 9a9ebf3d-eaa3-4379-be4a-f89edb1f9ecd
READ 4016
READ 8264
WRITE 3367 3557503f-2cfa-4f58-bf96-431668eb262d
WRITE 8519 a3fd60b2-5d89-4320-be5c-27792ed4aafe
READ 0180
WRITE 4849 b685e87f-2fa9-4262-807e-437134d18247
READ 8067
WRITE 2932 9f2de313-404e-4432-bd8d-6cb1c2597357
WRITE 9919 63d161e9-5741-419e-bf7f-a85571fb9d9b
READ 3861
WRITE 3290 d4eb76b1-0685-444b-8b42-d14817f8610b
WRITE 6599 46e5abd9-7980-4c17-81a7-810e0ed865cc
WRITE 8259 c321beaf-c54f-4598-b48f-c8010ab51d4c
READ 7474
READ 3357
WRITE 4282 e561f2c9-209f-400e-96a8-813590369624
READ 6740
WRITE 7336 9206f5c9-01f5-41ef-aebf-e8e51297177a
WRITE 2638 cf034c7f-ed5b-4f4a-950f-a7b99f59bca8
READ 8206
READ 6434
WRITE 5711 b99b1574-d01e-415a-b284-126d65f28932
WRITE 6500 1529051a-a468-405c-8fff-922535def0ec
READ 4366
READ 0104
WRITE 7186 2f768c6d-8fe1-4b5a-944a-d8dab9c308ca
READ 1973
WRITE 6908 8d227eae-c757-43ad-b339-e0e139bed18f
WRITE 5756 7e906a41-4a21-4a42-8675-a183d91a7c55
READ 1196
WRITE 5173 3ad17c07-4e06-4e42-a7e3-819a3dccd9b3
READ 9801
READ 3617
WRITE 8343 5e1fbc74-5776-4b4f-9249-4f55950c60d4
READ 6333
READ 7081
WRITE 0268 bcb31a75-56da-4152-b285-a454e3a46cdb
WRITE 9521 4e9bbf0b-9a52-4431-a6e5-ce07416ff04a
WRITE 4387 38444a22-160d-44d0-b9d9-d4c4b3e1e938
READ 5078
READ 2144
READ 5105
WRITE 2444 9e4423ff-2f5b-41ea-86f7-119336cebe0b
WRITE 9497 424e6989-57f6-45e2-9ea3-70b2ff059046
WRITE 6781 e4cf5d47-0723-4428-833d-68edcf283b57
READ 8384
WRITE 2772 df3c8e44-b723-47f9-a29d-0d6d92f9d205
WRITE 5436 ffc6f2d2-7e5e-49c6-823a-8e97a3f8018a
WRITE 9833 33aec133-eeef-4dc9-9dc4-bfe85b0f5144
WRITE 4565 7c6a1f79-6f94-489e-856f-92f985beb806
READ 9923
WRITE 8077 892b91a3-6d71-46b8-9d01-60a668606627
READ 4420
READ 1442
READ 3616
READ 5681
WRITE 1456 b91d7ea2-a6e3-48aa-98ba-e3a7c4713760
WRITE 7223 4f92696e-9fa6-4efd-b326-d447108299b5
READ 6884
READ 6437
WRITE 4503 ca1bca40-d81c-4bfb-b9f0-63633c196937
WRITE 1986 f24a2f63-583b-4a85-b96a-662e406cafd8
WRITE 3323 3b939b1e-8205-4766-9ddc-936b319f4088
WRITE 9334 04a09c72-a90d-4916-8780-a766a51029ce
READ 3034
READ 6254
WRITE 7649 c8a5cf7a-bbfe-4960-94e9-23dd93aff380
WRITE 9499 1343b26b-143e-4c48-9091-764832595e3e
WRITE 0222 b1976cbf-604d-4dc9-b715-34f94fa9ad90
READ 0390
WRITE 5863 fc618e27-90d9-4f6b-a8f3-9add897788bf
