WRITE 2782 656719ee-7167-4e05-b16e-08b6e05f9d57
READ 4587
READ 7949
READ 7625
READ 5400
READ 4428
READ 1670
READ 9589
WRITE 2998 cf66fc65-e92a-4cbd-9c5f-451a3767153c
READ 3322
READ 0122
READ 3109
WRITE 6358 e081442b-1ccb-4e46-aeec-2c07e9b05ebe
READ 7889
WRITE 1626 81dbb0bc-c2f3-49cc-820e-6492deea540a
READ 3557
READ 9341
READ 3033
READ 0747
WRITE 8793 a83b21ed-a47c-447b-bdef-d16874a17c10
WRITE 8689 8da907f0-bf87-4c54-a504-45a39c08165f
READ 9598
WRITE 4359 99dd48af-44dd-4d5e-980e-e2364d2154b3
READ 6144
WRITE 5900 eb64039a-89cf-474e-83c4-9e2249352606
WRITE 7922 5dfddaf6-0a18-4a38-892b-c9c0c6e9e513
WRITE 2701 ee54bdcc-fb63-415b-892f-935745683009
READ 0741
READ 4076
WRITE 0381 85fb2bb7-d8c1-4b8f-9160-5f3b94bc55d8
READ 8792
READ 7259
WRITE 0929 3c9bb0e3-8c6a-482d-a4b7-3f24294e68e7
WRITE 0263 9cfeee5e-d010-4406-b693-501633b89779
READ 5976
READ 8526
WRITE 7595 b38758ac-a883-477e-b44a-87d2ab1c1ee8
READ 3723
WRITE 4297 bd56771a-0ee0-4172-92ec-08342933b1ef
WRITE 9632 9f4fb984-d749-4137-a685-6ffb71d9d07e
READ 0640
WRITE 4939 47fd7f21-b9e1-4dda-9f51-a80fa1da62a4
READ 0576
READ 7339
WRITE 9415 ed3f20db-c640-4a5d-bf04-07bc89949967
READ 9828
WRITE 7558 c2be9363-4ece-4af2-8e98-8025ac0cbf18
WRITE 6709 05dd48cb-f541-4050-b9c2-a34c20ccf438
WRITE 7639 124cc523-fbcf-43a9-891a-a4dba7f55323
WRITE 3691 2f3e4f76-8aaf-49b0-99d0-570d244c3fb9
READ 9394
READ 2968
WRITE 5744 4cd8ccef-529e-450f-849b-eaea8996f396
WRITE 9372 196b105d-be66-4437-8732-7f6095309239
READ 2985
WRITE 8510 f5575751-9bad-4bd4-94f9-1ef265f0a660
READ 1222
WRITE 0443 b79792d7-0d23-44d4-b3e0-e28dc56cab6c
WRITE 0830 94156726-038e-452d-9e14-698b89276fa2
READ 7608
READ 1447
READ 8473
WRITE 3871 9cb57b8e-ba2c-435a-a6bc-5b5374534081
WRITE 9127 cfdd963c-a8fb-4650-ad81-3d6183248391
WRITE 4568 84818023-14a1-4315-a1f2-8773f0d3eebb
READ 8100
READ 0878
WRITE 9481 d70c1aa1-3ee6-4a7c-8cf1-893fbf291073
READ 2200
READ 6392
WRITE 1847 9db685cd-bdf9-4622-b0f4-5e3ec0f13b97
WRITE 0882 6989727b-7237-4166-94d6-90f2b6e38db4
WRITE 2592 4417bb21-2501-4a9f-b2f0-7f378cfae033
READ 4291
WRITE 5389 8dfc2821-6d76-4117-b32b-02eeebcaeb96
READ 2683
WRITE 5264 4ff09af5-f082-41df-b9c1-dfc66d0ac527
WRITE 0634 6ef30149-7456-4364-9779-baf31869b676
READ 3873
READ 5442
WRITE 7652 04ef96bb-8356-4b4e-a9e7-b730e839edee
READ 6361
WRITE 7977 297cd680-2e74-4b68-9766-d9d418a7caba
WRITE 0116 1e9fa893-3460-45fe-872a-28d5f94b5526
WRITE 5416 1a8ba03d-be1d-4b60-b305-911e13a114bc
READ 9856
WRITE 0710 7dd9e07f-da90-4c3b-811f-62831a8b61b6
WRITE 2134 7deabd91-7d54-411f-9fd2-9eb8de40ea0c
READ 6389
WRITE 8127 f6e7565a-dcc7-4a38-b32c-ae4aefec6399
READ 6907
READ 4152
READ 5302
WRITE 3249 e709cdbb-f89d-4767-862f-f787d4301bac
READ 7083
WRITE 5549 a2da8987-1fe7-4645-a4c0-b9ae8412f4b7
WRITE 2936 429e648e-7dfc-4053-926c-872b0065495f
WRITE 5050 076245c5-790d-4f2a-8d50-1ad5c54f475b
READ 2858
WRITE 0014 ab06fa9a-dece-464a-9d52-13fc16ed7b71
READ 3958
READ 6345
WRITE 8689 15121599-273c-4138-924b-acbbbfd86313
WRITE 0952 aa5b5d08-3d08-4647-83b8-aa660d05cf31
WRITE 5019 d96e7092-707e-49dc-b829-7599d596a991
WRITE 2776 240c30e5-36b6-4933-b581-f3654f06d590
READ 4015
WRITE 6971 6268d59b-ad8c-46ff-b8fa-7d7ccf5ca6de
READ 4192
WRITE 6007 be035de8-8c9d-4afa-b8ee-a2b5003250a8
READ 2879
WRITE 4779 be542947-29ea-4452-9c65-67e71703ba19
WRITE 9991 6a00d537-1fdb-4d5f-bede-5da492aff8ae
WRITE 6908 d93b803c-1fba-4799-9e8a-63c53d1c7acb
READ 2433
READ 4506
WRITE 7214 a4b2a529-7a93-463c-9f9f-18deaba99155
READ 1777
WRITE 8742 4f0c6e35-0278-4ff7-bb9a-0921609c6027
WRITE 5546 7a54e9e6-e404-4349-ac99-5f23ce8c4884
WRITE 2257 abecd432-ed86-4215-82c7-5b8731d85e48
READ 9983
WRITE 2315 04b2fa41-cbcb-46d4-9c59-a9e0091c1b9a
READ 1929
WRITE 3916 0c6def55-df2b-4354-ac1a-ccc8dc94b5cf
WRITE 4022 f16141f8-a697-4762-86c2-b4d831f25d11
READ 7538
WRITE 6182 e20affb1-86f2-405f-821f-8b47a6491a57
READ 5398
WRITE 6463 d03624cd-c953-4589-bdf2-436a361886fd
READ 1302
WRITE 0054 668f7b15-d6b8-4150-a839-1a8b3946dddc
WRITE 5991 49fe8e0c-b656-4370-8272-9c7a81c432cc
READ 5978
READ 6695
WRITE 5986 902604da-5c75-4feb-ac34-5dc5945a7fa1
READ 4618
READ 3679
READ 4464
WRITE 2592 f5da71c6-63b2-4704-80c0-c75d13744c7b
READ 9959
READ 9752
READ 2576
WRITE 2577 8b764848-05ea-4e5e-ad99-8cb17d2b5daa
READ 3232
READ 0810
READ 9726
WRITE 8817 eea46739-125b-43f7-a798-a392916b6028
READ 6821
READ 1154
READ 3027
READ 4560
READ 5539
WRITE 1453 63b8f522-da0d-4e16-8b6a-7444c7cad309
WRITE 4151 fd2c7fb9-c2bf-4746-8176-06ab094ae268
READ 6462
READ 5649
READ 4496
READ 8009
WRITE 8981 86b439fa-94a0-42e1-9962-c2f3308c7f3d
READ 0803
READ 4534
READ 1035
READ 8216
READ 4212
READ 5351
WRITE 8876 3e37897d-a5ee-4715-8b8e-6a89a81791bb
WRITE 0722 e6b086a1-336d-4a71-bd7c-a0edf7afddd4
WRITE 2320 b9d008b5-6a60-42e2-96ee-d3247b30774f
READ 9563
READ 9483
WRITE 9650 0dd8b941-c186-4073-9ae5-4aceb1fa3fee
READ 6277
READ 9993
READ 1738
READ 4845
WRITE 1787 00fa739f-f221-41c7-907c-b264c880f7f4
READ 7371
WRITE 3355 0bb28cdb-5df2-49cd-ae2c-e886974ec31b
READ 8293
READ 4380
WRITE 5056 ecaad992-55c3-424d-b04a-ff1294af137e
WRITE 7416 040bec43-8757-4de1-81b0-aac0ef460fe2
READ 1573
WRITE 1480 f54cfc56-2d60-43b9-98f8-377658e986a9
READ 6562
READ 3376
WRITE 9521 95dd906a-2bbd-4109-8788-b926643e06ce
READ 0176
WRITE 3320 f65e91de-4dfd-48ae-a31f-260899355b24
WRITE 5033 2ebfa6bf-0c71-4d13-8b8b-f0945e8ef1b6
READ 0014
WRITE 9375 78627941-0969-4f83-9225-f8bbef1b2e41
READ 2092
READ 0318
READ 4409
WRITE 8511 d97adfe4-f5cd-431f-9822-ed4c24a2732a
READ 8131
READ 1931
WRITE 4123 70b79967-62a2-4ee1-80ee-d3c0bfb2260d
WRITE 8934 884e990b-80b6-4097-8939-a33484ebc57a
WRITE 1938 c71aae55-68b0-48e0-8e37-e542833c0665
READ 8422
WRITE 3643 685fbc60-2a2d-4472-8d43-efe32a3905da
WRITE 5344 6685a976-9ed9-4b93-a4b5-c2307f6fa95b
READ 3339
READ 4194
WRITE 4632 40158aa6-bb1f-44c2-984e-cc45394724d8
READ 9285
WRITE 3275 c6528870-f743-4441-a339-8535602e3476
WRITE 1077 026cb6de-9286-481e-b903-049e28e4382f
READ 4088
WRITE 6840 1d375c58-d607-4eec-aabc-d4dd43f4fd6e
WRITE 3331 13ff0128-6035-416a-b9e8-b1f78e5492d1
WRITE 7794 0bc2620c-ae0a-49f5-8461-763842e7e19a
READ 6783
WRITE 5211 e640a5cb-c7be-43ad-9175-ee2401a8ab77
WRITE 6337 607bb503-ffca-462e-a315-a24a56d5f1f7
READ 6868
WRITE 5093 ffbead56-f76c-4948-acfb-d0b546f3746d
READ 9244
READ 9745
READ 7442
WRITE 1411 d528d0bc-382c-4f26-9c22-3940764d8918
READ 7842
WRITE 2616 977497c6-7a1e-4e78-821d-94787d15e431
READ 2459
WRITE 6005 c700cce3-9ac9-44b5-81e0-69fb6a229054
WRITE 9647 0ba4a1d8-40e9-409b-95ab-2acb322dc7ba
WRITE 5856 e1aed540-9add-4be4-ab35-66d96de5d03e
WRITE 5693 a8413a98-b4e5-47a2-bd2b-4f62950c7cbb
READ 3450
WRITE 0215 0e5e5275-8fc5-4589-a47a-05982fbe0e67
WRITE 6215 be023c1d-445a-4cf7-b8de-9dc5a10ffc8c
READ 9164
READ 9981
READ 3078
WRITE 1785 2ff134f3-e133-4150-ad07-eddd86661593
WRITE 5507 5775de49-3992-4d85-89d4-8acfb276e96c
READ 5618
WRITE 5741 b57dc7ae-b641-4508-b1d6-5680ab22a2a6
WRITE 5044 265cfe28-c6bb-4cdd-a525-f679992e2104
WRITE 6196 800a16f1-3304-470e-b5ec-1a6f690bef0c
WRITE 2724 25c4415a-4229-42cd-ab6e-b761ed34e9ba
READ 3115
WRITE 4526 dd06ac43-4665-49f3-a497-391e2fd9d605
WRITE 2479 2961b209-4020-415c-9d9f-034a9018b833
READ 6924
WRITE 2889 ea9ecf2a-ac2e-4070-ab5a-afcece4dc699
WRITE 0560 07d38ecb-358e-46c4-a9e0-8fa80e69a3c2
WRITE 9807 974f1830-41e0-4510-a4a4-d8580e46e9c0
WRITE 6258 351a75f4-8660-4d8a-a9de-1afee5255697
READ 9367
WRITE 5058 684c9439-8e36-46c5-9aec-50f474a484e4
WRITE 7757 456397e7-ba27-4d6d-9691-42ddc15275a2
WRITE 5112 c69a02df-6a41-4b1e-b9f5-557ca93ed810
WRITE 9569 5f48f0a2-abe7-4d92-9f05-adb52bd75c93
READ 9312
WRITE 6622 2eb811df-4489-44e1-9807-a4090fa46054
READ 4709
READ 8862
WRITE 4443 3f8e4b1c-15a2-4499-964e-164510384bd5
READ 3563
READ 0481
WRITE 1303 c7e6f096-4a80-43ef-b5d0-e5d3040f1794
READ 5156
READ 8642
WRITE 9982 a7cae438-0610-44d2-8427-85cf1da551fa
READ 2314
WRITE 8251 88fa2ad8-ab18-43ed-ac52-5d7082d2b8b6
WRITE 5911 acb45282-459b-4bdb-9fa1-51ccb8aa9951
WRITE 4760 4226c5d6-7f54-423e-bf77-37a69affe2f1
READ 6670
WRITE 2997 5ed758a3-8bc7-4a99-821b-fc95e03d2710
WRITE 5820 4aabf44c-0cff-4aa6-bd91-592863087b47
WRITE 3944 b87a35c7-9ea6-406c-8e52-ffc931e897f9
READ 7067
WRITE 9179 084c3eda-e30a-4b24-8e83-8d9887765702
READ 1266
WRITE 5555 ec3f1ca8-db5c-4d39-87bb-d8db38c293f8
WRITE 5919 e74826ed-608c-4bff-8c46-731c79c017d9
WRITE 3155 8902ca7d-141c-4ad6-90f5-fc7440670194
READ 0520
WRITE 7425 671090f5-3873-42c8-95d0-bc87c44b81ef
WRITE 6750 0f3ce715-f58d-4143-8276-2aacd52dffe2
READ 0555
READ 3345
WRITE 1785 e6a79606-f0d6-4926-8fd8-5736e4af339b
WRITE 0942 11277965-55f1-47d7-8ad5-2036fc2977ff
READ 0683
READ 0060
READ 5989
READ 0374
READ 2243
WRITE 9942 f27c6be9-290a-4cda-a0f8-d9d43e621b4d
WRITE 8021 0ddfe72a-b85f-4b4d-9cef-6cfe0679318d
WRITE 2171 c0e888e9-6e6b-4ee2-a29c-7255b6ef198a
READ 6741
WRITE 4115 49e82288-a183-4e49-ad3a-0eb822c12f30
READ 3977
WRITE 1104 b0bb42d2-b0f8-4948-ac2c-2d910125ece1
READ 3905
READ 8132
READ 6973
WRITE 7961 c73412ca-4a0c-41a9-9ac9-255f3e96e374
READ 8857
WRITE 4065 f48552f5-d06f-4a72-b192-b18958522ddc
READ 6439
READ 5366
READ 2836
READ 5184
READ 3725
READ 6536
WRITE 7540 98136f6d-c69f-41a7-9ae3-4f41359a4cc8
WRITE 4501 aef3ab9b-8e40-4996-963e-eb7cfe8c49eb
READ 5125
READ 2658
WRITE 7919 9d17510b-2a9b-441c-b2e3-c69a0da5f2db
READ 8870
WRITE 6944 4b13edf9-b290-40da-837a-b2f27d76ebe6
WRITE 9012 2e5783ce-8fcc-4507-b87e-25d911330708
READ 8998
WRITE 0254 5d0d738d-544f-44b7-abab-975cc98a681d
READ 9619
WRITE 8292 8124907a-8902-4aba-ad03-f8d50e2171b3
WRITE 4819 4c0c6c58-597a-4529-aff7-1bdaa752c720
READ 9038
WRITE 3155 1a6d97e6-f2f3-4b2a-a0d4-44c420da79b3
READ 4990
READ 5386
WRITE 4635 9ef27646-775a-40f0-91f2-33c10a220b6a
WRITE 4891 51439e51-732a-4e63-bd27-965748c494f4
WRITE 4694 0b4f2577-3e48-4592-aa26-21e3cd42713a
WRITE 3837 85f3e0cb-de9e-48b0-93a7-de04e1edbdae
READ 2389
WRITE 2274 983043d1-cc58-4ee8-a15c-629fb56a46a1
READ 4097
WRITE 3095 8b95b94d-32ad-4ca1-b914-beba39d4b41e
WRITE 9599 9067f844-1057-4316-b8f6-57a962a36277
WRITE 9104 eb2a78c5-caf0-4a60-bae1-4e8f391fe940
READ 7438
READ 4372
WRITE 4021 4f0331e5-6cb5-4227-bb47-3c7c8861079c
WRITE 9108 d7d30d2d-6215-463a-80b3-23c72c435b6f
READ 8815
WRITE 8336 5aceb12b-832c-45c7-bb08-b7eedc9b1ad3
WRITE 4654 a56457e6-9b16-4a5b-98b8-b4b6dab6226f
WRITE 5762 083db147-fb73-4e52-9861-5c1d97edc4e1
READ 5291
WRITE 9631 a1ebf19e-6104-4eb4-9d6c-4e5bb5a585c2
READ 2565
READ 2086
READ 1438
WRITE 8955 3bf0aab7-c517-488d-818f-0247b3b321c6
WRITE 6153 7ca49722-cb72-4e2f-988f-e9ac8c8b2663
READ 6978
READ 6386
READ 3160
READ 9276
WRITE 3992 a1949608-912e-4f60-8cde-739d86514629
READ 7360
WRITE 3534 80f08b61-fc1a-4e06-bfea-e30193a17028
WRITE 7992 31423c74-751e-46c6-9360-9005c3bf5511
WRITE 1797 94fbb8e3-d622-406f-9881-0de7942a3e0e
WRITE 5668 b0539f3c-b685-4d0e-8449-2604589e74f1
WRITE 8904 1668cf2e-7271-4c2f-a7ec-9c5a3d5bc785
WRITE 9740 39c48780-c57f-4164-aee1-1fd3303dc92b
READ 9230
READ 4575
READ 9364
READ 2211
WRITE 5465 d6e39770-8271-4b62-b697-045aa8b23d54
READ 2531
WRITE 4294 4b3d08e6-79f8-4063-9b20-9469dccde207
WRITE 1381 a26d7fbf-c312-417b-9568-f9e4cf3f11fe
WRITE 2155 b69d9af3-74e8-4602-8929-942feb19eeb2
READ 7543
READ 5213
READ 8467
WRITE 2681 b0e662db-da02-45b6-be79-29f1cadd6b0f
READ 6031
READ 7351
READ 4426
READ 5700
WRITE 5302 8eb1e4f3-fce9-4983-ac2d-dd0e783991e1
READ 0775
READ 3472
WRITE 2792 c760bbf1-6a2d-4cd4-8f00-ca637ae543c6
READ 4157
WRITE 0735 51452f53-d424-4095-8fd7-654c82012380
READ 6178
READ 7706
READ 5731
READ 9865
READ 7341
READ 8800
READ 5677
WRITE 6702 ecdc7724-ced6-49b4-aaa7-e1edfaab57cf
WRITE 5723 930e68fd-20bb-470f-a9e6-07869e355d19
READ 7359
WRITE 1151 b92024dd-488f-49d4-9c38-11ea7cb7c1b4
WRITE 5327 267e66a0-6721-499c-91f7-19c9b12f391f
READ 0031
WRITE 6088 5d1e2ec6-ecc7-44d3-ba4e-a2c3144ef275
READ 7056
READ 9018
WRITE 9418 79282115-6c69-4a5d-a10c-dfec2de0377d
WRITE 0139 b4d36378-36a2-4f6d-9a7e-dea386898476
READ 8225
WRITE 0754 086bc663-e572-4562-8b55-37d7f5cca9e0
WRITE 6053 3b565c8b-b2f2-44df-a84d-0ac557d3aaaa
WRITE 4840 a2fef999-ac5d-45c6-be19-0192575fffea
READ 3591
READ 1062
READ 4707
WRITE 1637 a82c00bd-0149-43f7-a352-b025c1ca97bc
WRITE 6242 e028be51-bea1-45da-960e-334fc0126c60
WRITE 4952 54b8d50e-b003-445d-9ba6-8ae30fddd63d
WRITE 9080 d5435bf1-a2e3-41a5-ba20-f00a3ed349c1
READ 5959
READ 4384
READ 0701
READ 2773
WRITE 7833 bc22dd12-9afd-4024-bd21-afff6d482195
WRITE 3955 db44381b-9c50-4f8a-b13c-d51009d57eb7
WRITE 6945 6a5338ba-c61c-4ba4-a285-ca84289be885
READ 2036
WRITE 8917 0db936b5-81eb-48e5-8a7f-6adc78fc9e21
WRITE 6913 6efcb2bd-d01c-4ea9-b718-62fd03490ddf
READ 1847
READ 5601
READ 7493
WRITE 5742 2ecee567-5daf-4e61-99ba-5a395b5fbf1b
READ 7141
READ 0555
READ 3568
WRITE 0064 e9733dc1-de69-4996-ad59-55b2a0f71d20
WRITE 7400 c29e51bf-9e5e-44e5-b601-1719f031a5cf
READ 2536
READ 3120
READ 1759
READ 6563
READ 6820
READ 1405
READ 4877
WRITE 8053 392ec8d8-4398-4b74-aa67-0b1347c2c34b
WRITE 9837 c31d5dc5-c42d-4ae9-8edd-c1b130637f4f
READ 9412
WRITE 4312 678ac910-cbcf-4bd1-82a6-a82071c20263
WRITE 9131 d471df9b-e4a1-4d56-91cb-2e740e3a1019
READ 0022
READ 1878
READ 6638
WRITE 1295 93d292d9-cd05-479f-a315-93234ff71ee9
WRITE 7182 c0dff915-acc9-44a1-8c60-2446cbfae8be
WRITE 3287 0ea33934-31d7-4853-b843-9b72cdb76bda
READ 6963
WRITE 1198 b3e6e78e-0b61-409e-abbe-1106ffe04d9a
WRITE 4209 456d30cf-b755-4f32-b053-cfadc6c91686
READ 7791
WRITE 7745 9089b5bc-49d2-46e4-916c-8333db67c61d
WRITE 5650 158847ed-3bd4-40a5-84ac-200053aef30d
READ 2287
WRITE 8420 0ce9c1eb-3634-4c3e-b25e-41b3543fb959
WRITE 7974 51e2e346-574a-4ffa-bbe7-6168ad26efc7
READ 5557
WRITE 8090 a33bca01-71e6-4b27-b68b-fe59d28ca768
READ 1329
READ 9997
WRITE 2655 a8131c42-5dda-49d9-8447-cbf2564798be
WRITE 7906 d4a4c403-8ab5-4091-8c7d-590aa5b38e2e
WRITE 5923 ee72f852-eb00-45e9-a770-5a7f9f7f3102
WRITE 0519 4613904b-f466-4418-947f-ffe6e7484ac5
READ 0495
READ 9025
WRITE 5913 08cb8067-e99f-4454-9ce4-2f819c267930
WRITE 7084 a284e30d-f2b0-483e-8707-d5029c309c21
READ 6521
READ 5794
WRITE 1641 9519aed9-0a80-4aca-9017-63e6cb72c3ce
WRITE 3487 2712d6c3-a5bd-4de7-a8c2-5120d47594bd
READ 2940
WRITE 0798 2728af60-fadd-4504-9a1f-33c199b84e0a
WRITE 1287 a143abd9-1b9e-46cb-9a15-a7ac6d531535
WRITE 7944 d1603fff-858b-4756-b27e-649b4b8a077d
WRITE 0726 323ec8e1-1f7f-4c2f-9efe-42dd5e2d967a
READ 4274
READ 9192
WRITE 3433 dde777b5-6da5-45a2-8520-f8a98bf08209
READ 0422
WRITE 2227 228da579-8f75-4df6-8bf2-c0bfb98ffae6
WRITE 2216 f7545a22-b66a-4a65-ae0d-ff5bc5d06d1a
READ 8436
WRITE 6333 46eef0ef-4998-439c-825d-6aa301df01f1
WRITE 1995 501c32d5-551c-4a22-9722-24323be6ee60
READ 7852
WRITE 2870 f7a7bb6d-fa1a-44fc-9e1b-5627e10fb4d3
READ 1082
WRITE 3593 c89608b0-6c1a-4469-9d2a-9be2439921b7
READ 3261
READ 8001
READ 3087
WRITE 3975 1b7475a9-e2c1-448b-8f59-70fb0dedca80
READ 2341
READ 7000
READ 7212
WRITE 7475 c478601d-0760-43ff-a67f-3453b6671768
WRITE 7343 5244ba4e-fb4c-4e8a-961e-bdbe90883d6c
WRITE 0722 869ab8d1-fde9-4c8a-b1d2-a2ef90ca08b7
READ 3127
WRITE 0422 bf2adf70-3e6f-46bd-b206-13e0a8fa854a
READ 6769
WRITE 9440 b10a7437-4032-457f-bbb9-17f34711ffa7
WRITE 2739 05360ab7-99bd-43f8-8f3a-0c8f3e2706bd
WRITE 6509 28b3447c-44db-46f9-b627-a12800d781f4
READ 0576
WRITE 8420 4fb18e92-634d-4685-99e3-3cdd979c85de
READ 2506
WRITE 1535 674c3682-898c-4917-8f7d-c95f9c3b4ac4
WRITE 0892 f9adf07d-2ae2-4e36-b24d-b0529595c514
READ 6171
READ 5159
WRITE 2919 368c6358-73f6-4424-8df3-a6e0d9595d9b
READ 4615
READ 4815
WRITE 8229 10e28502-4812-4257-9b71-79e08c65d866
READ 9782
READ 8575
WRITE 5291 b2fb4ac7-944e-438f-bd07-10bc37d3cac0
READ 5735
WRITE 0091 6045ea19-76f4-483d-98ad-414acd04a3c8
READ 4699
READ 8881
WRITE 3598 4ff9ee8d-0d09-4f08-ae9c-e70c2e50dec4
WRITE 9817 ce7d7482-dc53-40e5-b60e-173c9d650637
READ 0145
READ 7666
WRITE 5291 3a38da70-ac38-4f03-ab70-7f559778f084
WRITE 3197 363e635a-2d45-468e-9be2-0d035d3808b4
WRITE 7681 922c4ff7-57e1-4ed9-b6e7-6fdfd05d6b8d
READ 9445
WRITE 7375 b27144f4-7046-45e8-9b08-da294a50aa76
READ 9069
READ 7454
WRITE 9535 1bd60686-0ba5-4d2e-85e8-a531db3a96e1
WRITE 3473 b35a92bc-7bc9-4d7e-83c4-432c309d7a62
WRITE 4712 824c250a-67cd-4960-8f1d-9783f8dbcc35
READ 9447
WRITE 6100 692b2992-7eab-44d1-970f-b89b37c4cbce
WRITE 1530 2fc51d88-1553-45e0-a94e-d48bd5e6412b
WRITE 4172 8737cac8-327e-46f9-9d31-304fffd4f44d
WRITE 0283 cfdb51a8-297f-42c3-bea0-fb4ca0907de2
READ 2414
WRITE 5403 0b355327-de2e-43c8-98ae-9ad7b2f3cb05
READ 5375
WRITE 6365 381c61f5-ca3a-4e28-af6e-86bce43b48aa
WRITE 7274 a58c5ba9-82c6-41e0-939e-d1bf3ba2aca2
READ 5129
WRITE 1541 b4b69b1b-63d4-422b-9d29-c5214f7a7321
READ 0919
WRITE 1817 db92f4e3-8868-4c5f-a9c3-15e528eed33d
READ 3963
READ 3216
READ 1695
WRITE 2018 2671e898-6522-4502-8c41-4f526be979c9
WRITE 1558 5044d111-c5d5-4ac6-a6c6-a8376a352f9b
READ 3768
WRITE 8340 b247b2ad-9e28-4fc8-9766-67b2b8be4020
READ 5045
READ 0619
READ 4044
WRITE 9358 a0e9d08b-4362-4f91-9b16-e3e3c66a5e23
WRITE 2865 a37eb627-9211-4db5-921d-0f8c4a22597a
READ 3880
READ 8461
READ 7408
READ 4603
WRITE 7706 7c240f9b-a15a-4a67-b564-3cea024f9eb0
WRITE 0222 3531e725-d11f-44e0-8f0a-c9accd6214d0
WRITE 1637 e80d98fc-82d6-41ba-aa6c-ed88d116401a
WRITE 9934 d7083413-4cc7-4c70-8ed6-63ad6b31071f
WRITE 5374 64ac8294-7333-4c8d-b31b-c147f00eb277
READ 9088
READ 8114
READ 3581
WRITE 5493 da1bd2c2-c04f-4ed2-9b92-0777c4d1831b
READ 8438
READ 3852
WRITE 8204 88018b03-9782-4d4f-8ba7-fb0e0d6e0a14
READ 7993
READ 4700
READ 2921
WRITE 0811 d9f4839c-a925-4ed9-a747-e22205627652
READ 3857
READ 0653
WRITE 2492 401973cc-ab34-428c-87bc-d44eed02fd7e
WRITE 1249 78bdb618-1874-419a-9b4e-5335f12cb84d
READ 1099
READ 0989
READ 3609
READ 5608
WRITE 3455 9326550d-e0ce-42e8-a0bd-9bdb2bdae0d1
WRITE 6299 3e4bdd5c-191e-4707-bc56-7aa875547eb5
READ 9071
WRITE 7388 c8ce05c2-e83a-4524-9ba6-a7f1fdf8a7a0
READ 0179
READ 2882
WRITE 9321 4082fbd1-663a-490b-9e1e-4d2a8d00e1cf
WRITE 7855 0f33fcf2-6db7-4836-9bec-6550d0d620d3
WRITE 7524 28eea2be-fdc4-4132-acdc-72becc5ae379
READ 2392
WRITE 7005 bda174e7-9510-416d-b39a-bd103954762d
WRITE 8792 45bedbad-aefd-4da3-b37a-660f30ded895
WRITE 8151 8c19c4f7-0c00-47f9-90b2-53c4be655795
READ 0142
WRITE 6711 943dba46-3805-48fe-9a82-0df7f099cbdf
WRITE 8710 086bf440-32a4-483b-ac54-f863e11b1358
READ 0033
WRITE 4508 52a26d95-1107-4de2-b092-ca231a56dbdd
WRITE 7598 791d5cbb-2c30-48ee-bb76-96f2e5adfecf
WRITE 5115 931a3347-db2c-477b-8f25-6c1a689aa287
WRITE 6087 b179b247-8905-492a-8c38-2f606ad93c1f
READ 7077
READ 7757
WRITE 4432 08b601da-83f6-44da-a16f-a2d6e8b460c2
READ 8014
READ 7206
READ 0238
READ 3281
READ 0090
WRITE 5724 0eb87951-7e10-4487-a89b-f991b6cc2b34
READ 1557
READ 7018
READ 4245
WRITE 1265 bddf79bb-00a1-41cf-b122-4afd4644f2a1
WRITE 7240 68da27a9-5fef-4e94-ab2b-d241bd7d73a1
READ 1906
WRITE 0724 d5ddab8d-3a3e-4e18-bed9-5918b5ceb5ab
WRITE 6380 f28a862c-5cda-4f94-9d66-953556906f82
READ 5269
WRITE 0067 ae845be0-ce85-4fe1-9d51-e8ff31badfef
READ 0782
WRITE 1088 39c0d950-3ebb-4b4c-bee1-a1a0c40b8df5
WRITE 6149 b7ed39fe-8d12-4536-a5db-55ac4ae58847
WRITE 6231 56fcb246-d297-48d0-bf19-e96de2093977
WRITE 9860 8e00db91-7863-4d19-b6c1-96dfeb06aad3
READ 5021
READ 0342
READ 8369
WRITE 7374 b34272a6-aff5-4a2e-86e2-dcceafeb5a70
WRITE 1059 3b042fc0-7da9-4c54-9a29-ae78a11e8e77
READ 2412
READ 8895
READ 6605
READ 2355
READ 8336
READ 6165
WRITE 3723 e2a1405f-9bb0-45b2-9493-c5b7a18d520f
READ 3833
READ 2108
READ 3358
READ 6633
WRITE 6835 14c475aa-0ff4-40a6-a48d-95f3eccc8570
WRITE 2928 a9ed0b4c-f848-4ce0-811a-72d8c3986878
WRITE 6539 36daf376-af9a-433a-b316-fa8177c8ad0f
READ 8147
WRITE 8744 0b79cf55-4d2a-409c-b51d-0e946bf230fa
READ 7151
READ 9273
WRITE 3964 9c3f3102-9652-4130-a20c-88d2d45ad895
READ 3568
READ 3545
WRITE 2241 347da423-640f-4090-87f3-43f553733b15
READ 4460
WRITE 3137 f7626f6d-777d-49ac-9fff-9b94167db167
WRITE 8546 0ecd9f2a-8c1a-4e5f-bd5a-95e62e34d62a
WRITE 8637 35cb72d4-61d0-4123-af7a-edb649a412dc
WRITE 5178 03c16571-cea1-43d4-a169-d7e52c6e11c3
WRITE 7268 a2cbc76b-67b6-4eda-9e32-6d9af96690e5
READ 5952
WRITE 5915 e96f2772-be2e-408c-8c24-147502695dfa
READ 3703
READ 8535
WRITE 9469 2ef7a2ca-811f-4ac3-a9e0-10855c2b3b20
READ 4408
READ 9222
READ 4167
WRITE 8913 e87ee31f-a8dd-43f6-8b47-98970b6d694b
READ 6482
READ 8044
READ 7388
READ 3365
READ 0901
WRITE 1565 fe918e3a-df80-420e-9d73-20b21388446f
WRITE 8349 78b14b54-f0e4-4164-9f44-fadedc82e12c
WRITE 2093 016491aa-e43f-4d5d-ad0c-3d1edcddfef1
READ 7804
WRITE 5839 d782d412-8a27-4870-b1f5-f28d4d78c5ed
WRITE 0694 e387b983-023c-4c5b-977a-78ab046fb8ce
READ 6757
WRITE 2596 b34b3d65-e03b-45bd-8d75-2223e31e2e83
WRITE 1939 605578a5-1880-4990-9c16-7d9c71bfa558
READ 0876
READ 2203
WRITE 1504 f6a97a6a-2e48-4eda-ba00-2c3b7b0c9a46
WRITE 1617 b0554425-8619-49f0-9d73-bc17796e34df
READ 7146
WRITE 7182 d5acc3ff-c889-4563-b35b-7dc482c4951b
WRITE 0895 5042ee16-5ddf-4b69-82b9-651e72b344bc
READ 7961
READ 6527
WRITE 9780 25a9f914-a08c-487e-820d-985881297dfa
WRITE 1942 e2b02acf-9049-46ec-8d4a-c62d921dfbff
WRITE 8123 5eee13fa-a877-4417-bc40-eefa6ed2cb34
WRITE 1526 a82b676b-e3e5-472c-b40a-d26525931745
WRITE 7958 1ec4bb87-1de6-48ab-9782-3eb895bc3da4
READ 7900
WRITE 2467 cf225143-d46a-4369-ba92-4b095baf36a4
WRITE 8071 dac74e6c-f5c0-422c-b64b-3c10eaa6dad4
READ 9995
WRITE 4512 98dd4ad6-75e6-42eb-8288-1208d0a3fe26
READ 2113
READ 1030
WRITE 2088 a4d5c0f6-cdf8-47e9-be84-f38234d7d48c
READ 9861
READ 2844
READ 6236
WRITE 5715 35515904-8a66-4c09-bde3-d58205800e59
WRITE 7859 85749a3f-bcb9-4582-9a79-8db25f520e0f
WRITE 6999 060a547d-4fd1-4f82-9abf-b568521afdcd
WRITE 3248 66d715a2-3ca6-4e40-8b02-4b92b9c19e5c
READ 6456
WRITE 5266 e5387023-0386-4063-a01d-cfee4286d0c3
WRITE 6124 85f3a456-123e-4aa0-af52-f8400a13605e
WRITE 8070 460773d5-cc53-4220-89c4-a853b36c8ede
WRITE 6431 9ab856b0-8467-42c6-b88b-87b8f85a25c1
READ 1931
READ 5463
WRITE 0194 e192567c-ff2e-4c70-a557-65e42dea0ae5
READ 8389
WRITE 9516 8828e2a9-511f-4367-8e12-eb88aed4248b
WRITE 0855 6aa804b0-e412-488e-8b18-0d36acd2ba1d
WRITE 7611 fc76d021-fc3a-4a4c-a6c4-9cd64bbb94a6
READ 9176
WRITE 1877 368d5102-a9ea-4685-a9fa-d74d68aafb0d
WRITE 9051 a3ccc102-a39c-414f-b510-a861935fe221
WRITE 7571 b48d52a9-c290-4791-b58e-94805b365d99
WRITE 4569 e457dc0b-186e-42d2-891e-75c6887108df
WRITE 9102 418f4ef7-da59-4c2c-a933-9656472ffb36
WRITE 4389 afdd299c-0f3e-4049-a163-e8a4491e099f
WRITE 8524 e57b554f-d09c-4af1-ae99-56f9786ec71c
WRITE 9182 e7d5990e-f883-4a4e-bf2d-deffa51a9ded
WRITE 4581 7ecabb9d-e478-418d-84a9-9709c6b0fa6d
READ 4646
WRITE 3464 a4dd7a56-1528-476d-8ee5-16695d819234
READ 4223
WRITE 4110 f23a0f70-b0a7-4186-8059-7f8d4d345482
READ 9514
WRITE 9381 26dcf4fe-2896-4ffc-a299-a3698aa578e7
WRITE 6407 721a4c20-caa3-4ab5-82c0-b3c69ae4c9c6
READ 1374
WRITE 8285 30e8b2f8-4fda-496a-bbec-cb816d5d53d4
WRITE 0097 674d2270-4cbb-4114-812d-9b8361248ad1
READ 3468
READ 9649
WRITE 8789 7b41880a-6003-4e0b-bab2-0826e205f407
WRITE 6095 31e1a12e-728a-4458-a6d9-12bceeaf46b7
WRITE 8165 ac82cb58-663a-4565-9507-0270fed25cf4
READ 8719
READ 7382
READ 4921
READ 3940
READ 4352
WRITE 7257 1fb01118-44e0-4e1f-9622-61671f58f39b
WRITE 1292 2d6fa019-6530-4206-8398-2c2b3eafcff2
READ 7197
READ 6451
WRITE 5378 4f88a6c3-b5ac-4490-b9b8-2425fc82f874
READ 2414
READ 8314
WRITE 4916 35a9a06e-6590-413f-87de-1afcc9ae76d6
WRITE 7557 cf94ac62-3784-416c-960d-40a129d1d6fe
WRITE 2368 a040aa8d-dd5b-4600-accb-c966d5b79221
READ 6779
WRITE 8124 cc7b2c82-5169-44ab-bae8-a375bd4eda10
WRITE 5820 9bbf321b-7727-494c-8966-141118e6793f
WRITE 6692 20a95644-e68f-40c0-a9c5-6db26145ebf8
READ 8766
WRITE 5271 6f85955a-afc3-4a02-b73c-16a0b46db7b7
WRITE 4156 bbd8d82a-cc9c-4c50-a01e-736f873e1c8f
READ 1914
WRITE 7187 f366a2cc-cb3b-48e1-bc23-518449b9841b
WRITE 9387 f58a21ff-4b4d-46fb-b8e0-f6a2ef628631
WRITE 0163 82e7568a-b4e3-452b-b53d-6a8691764d8a
READ 3341
READ 3404
READ 7061
READ 8874
READ 3148
WRITE 9847 975c1037-471b-43f3-b92b-7727edccca6a
READ 1739
WRITE 9030 649c69ea-50e7-494a-958c-06e59b716232
READ 2482
READ 4901
WRITE 4167 2949edab-64a8-4da7-a019-cfa57d512c89
READ 8622
WRITE 9906 ade9ab33-23e4-4563-8f17-a5399bb383dc
READ 3564
WRITE 3940 de7f8a6a-021b-4ea1-829d-3283ad18a255
READ 7521
WRITE 6061 dece3bba-bcb6-442d-a33a-a69af805964c
READ 5826
READ 2435
READ 4934
READ 7476
WRITE 9017 7a4a1e44-1f62-46e6-ba2f-099007968ae8
WRITE 8521 d212f2ef-eda9-4e03-9f34-ed107e8b568b
READ 3744
READ 0848
READ 9620
READ 1194
WRITE 1302 cb4d8d7e-917f-4e22-a549-9786e56009d2
READ 6222
WRITE 7135 60d5b202-5285-4148-a4f6-f64cdd99aad0
WRITE 9930 8b5a0e0d-9c72-4243-b18b-bcd9b7890055
READ 3538
WRITE 6498 687ce17d-4126-496c-8437-d6c37562dd85
READ 2909
WRITE 4424 82ae4873-f77f-4110-81ed-3e87448e30ed
WRITE 5243 f5ef815b-c9bd-422e-83e7-4113b3963dec
READ 1602
WRITE 7500 9b33b8d8-9cd5-4c11-b648-068318f5e571
READ 7704
READ 6711
WRITE 1004 aa6652d2-3f6b-46b7-90a5-2e3c3cd87149
READ 6817
READ 1610
READ 7469
READ 2808
READ 1406
READ 3211
READ 1215
WRITE 7016 10057216-ae20-42af-9367-cf89774f2ed0
WRITE 5651 4c132fd7-840c-49fa-8a92-9e65ae9adf83
READ 7961
READ 2761
READ 1041
WRITE 0834 cecf8ab4-e1f3-44ea-8bcf-0a50e0d88581
WRITE 5255 4b0bf434-f6e7-4ed7-ba94-a1713b5ce57b
READ 8660
READ 8889
WRITE 9369 3b78e9f1-1b71-4bb0-bc7d-369d619d359b
READ 2403
WRITE 3593 e444609e-ae04-4dc4-b563-f91583847f0d
WRITE 0770 8ed89e9d-fe81-4497-9335-019de703be62
READ 4309
READ 3863
WRITE 5999 e0b1a3fb-9fcf-4786-b8f8-514c609f580f
READ 2617
READ 2428
WRITE 4033 2fe61b54-c1c4-40ed-bbe3-083f23b50b42
WRITE 7364 23f9d780-38eb-4c73-a3aa-f3367effc6bc
READ 1357
READ 2641
WRITE 6497 4b38002e-f007-421f-b24b-375783e04204
WRITE 4027 154ff635-61f4-4803-8ec2-7049f47bd4b8
WRITE 8991 14309b32-6411-49dd-b103-e277df03c65e
READ 3703
WRITE 3466 f31ce617-cb1e-4d34-b69a-927478476957
READ 4860
READ 9134
READ 9984
READ 2955
WRITE 1238 ed6a2f61-3d78-4658-b773-7250062ddb2a
READ 7251
WRITE 2103 3a4fbf8f-2711-44dd-9a37-9852196cf7e6
READ 3803
WRITE 0804 24367444-df59-4df6-84dd-d38bfe46d0b4
WRITE 2716 ac136950-68ad-4a7e-9efd-1ce1cc4d5a7d
READ 2146
WRITE 8542 c1faa251-4255-41b9-9fb3-3f8109cd4754
WRITE 3153 6c68d272-d33f-4d7d-bb46-14b5cebb6380
WRITE 7814 53904920-9e93-44a0-8e8d-613e8d64fb77
WRITE 8622 6f8c1e73-0c6a-445e-b141-13174eb3e175
WRITE 2292 27f17b17-4bc1-4c60-9bb7-56e70a58834e
READ 2519
READ 6085
WRITE 1239 01f47ddd-2165-4637-81e1-22001e0558f8
WRITE 1196 1b89c14a-2ddd-46e9-90e9-56010613f4da
WRITE 3845 a7cb82e4-51dc-46d9-a72c-18755eddd83e
WRITE 3856 d2ad4ff5-3ea1-4db7-92c3-9bc0c3430665
READ 7720
WRITE 4134 08041d9f-e9e6-4f01-a6e2-396ac1bbf034
WRITE 7404 ff3db6e2-6d66-4819-91a1-a43fa01e8a1b
WRITE 4943 2998e203-dd71-45ae-a9a9-efab424c0e97
WRITE 7298 0c225240-7e57-44bc-a650-db761420babc
WRITE 8720 b4d3532c-ff6d-42c5-9bae-93359117dbc7
WRITE 6889 28fa44cb-cf7c-4f05-a073-f723e19237fe
READ 2422
WRITE 9515 a2df630c-ef32-4dc0-89ad-c36893c1f57d
WRITE 4326 6be3f030-5b3e-4b8c-b9ea-5f20ba78f51e
WRITE 7229 a3d0b4f8-dce0-44c4-9a09-0eab259477c2
WRITE 1742 1c069a2e-a19a-45b4-9776-dfec2fb760d9
READ 1089
WRITE 0599 b5cf9296-f28f-4a9e-ad64-e9d0df145f2b
WRITE 4953 5a0b0d40-cc4f-4679-9a6b-d0ac13733e68
READ 7107
WRITE 5028 08c23aae-a257-4a5c-8477-b664e8844571
WRITE 3845 0cdd01c4-dd73-4cad-bf78-88cbdea66586
READ 8053
READ 6215
READ 2540
WRITE 1518 0e1f5138-7657-40fd-9ccb-f2e790ac6576
READ 5124
WRITE 7976 b385410b-4280-4b01-8b15-5afa922ecbe9
WRITE 0984 2b2c93cc-3f27-4de9-858e-a9e6d886ba94
READ 5858
READ 7162
WRITE 7878 89ad8c9f-9776-4f0b-ad92-1e8bd1f3c8ef
WRITE 3897 f9be2289-bf68-46fd-a25b-46502c61a542
WRITE 1209 8780c8e8-6bd2-487b-9e42-83e3f501ebca
READ 1454
READ 0449
READ 8996
WRITE 2572 61186d3f-7291-474f-a6de-2473d3a0cd22
WRITE 5571 7962d3ad-6c4f-43cd-b556-45486c4a7aae
READ 4802
WRITE 2457 2b8b5637-702b-43a4-b3fa-920390b49ab4
WRITE 3257 fa97075d-72fa-4fcc-b110-94fcc56090fa
READ 9968
WRITE 0502 0bfb2a30-80e5-4686-8e35-12b99d0109a5
READ 9262
READ 6504
READ 7768
READ 2835
WRITE 3883 c2ce6076-c62c-4a37-8d2d-c37719acc43b
READ 0406
READ 3338
WRITE 6577 91243224-7125-44f9-a0f2-5866e0f750ff
WRITE 2665 9820dcc0-6c51-446c-b568-0186e2bee116
READ 9696
WRITE 4189 83c2a667-9372-471d-93e5-24313d06965e
READ 0542
READ 5053
READ 3345
WRITE 2618 45a255ae-8045-49a5-9b30-c149ca5f004e
READ 1219
WRITE 1613 ef9a3e64-3b75-4329-9202-f549e27eae0f
WRITE 4364 78e6c346-4c80-4618-8571-80ab2f3eaae6
WRITE 1618 77f62334-d58b-4825-ad7c-fcefa5595f93
WRITE 5132 bcb9341f-d5f9-4669-8a47-b06bee099282
READ 5976
WRITE 9522 5cd00c63-5616-4fc3-8da4-84977b1dd3c2
READ 2399
WRITE 8836 e6459ab6-2a10-431e-86c1-0b957c8f22b4
READ 1330
READ 8646
READ 4690
READ 0731
READ 0095
WRITE 9267 7a609ed2-b3dc-4c70-b613-02ba05005688
READ 9308
WRITE 3565 21259d42-a1d9-44aa-896c-212dcf9379f3
WRITE 9359 d77fc643-e6ec-4fb5-a38f-ef1b0e4d7c8e
READ 8860
WRITE 9341 17fa62b6-63e4-4933-9b85-1ca7fe3cfd21
READ 1474
WRITE 5564 7de65e92-f999-49cb-8873-75bb17dda584
READ 8914
READ 9972
READ 0524
WRITE 5761 974e3d56-3bb8-401c-b1e5-4d104d3b0845
WRITE 9778 273664fd-0375-4416-baa7-bec32376d092
WRITE 8588 8287cf6e-a0cd-44ae-b91e-ede6f85ce297
READ 0803
WRITE 2096 7e854ddf-94ef-448f-99cf-cb34236090a0
READ 9604
WRITE 7002 f2d949f4-077f-43af-9d8e-bfeee5188d50
READ 9830
WRITE 1392 011619e6-5c5a-4bf7-b07f-47fef211ee18
WRITE 3072 6ef40c8e-4e4a-4574-8185-5e5b6c238091
WRITE 3380 ec831ab9-b6f1-42c1-9d0b-65186b61e2fd
WRITE 8255 a39a1fe2-2b91-4560-9e5a-1d3599d326eb
READ 1684
READ 6769
WRITE 7356 2a2f54fe-a6fe-45b7-b0f6-f6aa0e63fe1b
WRITE 2933 df84fa74-eca3-465b-ac50-04af384f15da
READ 9156
READ 3863
WRITE 1740 347eb14d-1726-4d05-8eb6-392c611119a2
WRITE 9215 a296a400-d0d1-415a-827b-d5e69eba833a
WRITE 6644 6ce53357-63de-4654-a9ca-0b433979c3ca
READ 1952
READ 1496
READ 2008
READ 7918
READ 0075
READ 2651
WRITE 2689 e4b491d9-49b9-4a16-975a-a4d86bcce837
WRITE 2864 b9517cb3-4076-4a42-81be-e80f67355120
WRITE 1920 382ad6e5-387f-4c59-9a53-54ffca9ed276
READ 9480
READ 8585
READ 1372
WRITE 7196 543ae83d-a497-4fb9-9b36-a11bd43f5faa
READ 6811
READ 3724
READ 8607
WRITE 1849 493f57b8-ecde-4ef3-af2b-8badacd1c122
WRITE 3202 b813b6ca-51f3-4116-91d1-ea718855cda1
READ 5992
READ 5025
READ 9490
WRITE 9400 9612f180-a881-4b1a-9438-67f20edb5a62
WRITE 0621 ae3ce8ec-e17e-4405-9682-7444eba68b75
READ 7005
READ 5489
READ 6048
READ 0688
READ 3493
READ 8203
WRITE 7263 10c98c23-840f-4160-8915-74465e92441b
WRITE 3260 1b5ca843-c12a-45fd-9d61-ab30148651f3
WRITE 3699 efffdaf1-bef5-45fa-ab9e-a16c1a09f98f
READ 7650
WRITE 7352 061e0240-e44c-48a7-b991-c85b07ec4b4c
READ 6538
WRITE 1905 e3520bf3-401d-44c1-9238-6afac2a0f8a7
READ 1333
WRITE 9223 c19559bc-7714-41d6-b895-fbea8ffe28a9
READ 3100
READ 5531
WRITE 7678 448859cd-475b-43cf-aac0-060bb99a8da3
WRITE 3829 3414e875-9a71-4c9a-a4ee-b24628889eb6
WRITE 4861 94c25f0c-6a43-42e0-a091-ef1c27bff861
WRITE 4700 c14c8bb0-f94b-48f2-b61c-39e1a9f86d2b
WRITE 4167 d8298f01-0d4f-4927-b6be-ed50be863166
WRITE 0153 41191325-d477-4261-8f59-dcd762975228
READ 0965
WRITE 1760 71ffab4c-87b7-40c6-a575-543edb1ac36a
WRITE 9227 363a80c7-9201-4a26-924c-6b8ee3c79b7a
READ 8889
WRITE 9902 7ed702c1-205d-4657-a231-7731a171926f
READ 3128
WRITE 5173 db70e07d-97e6-44d0-922b-32c3e3bc6363
WRITE 9951 452355d1-2730-4a2d-8d47-f11bced651fc
WRITE 2495 62b29e9a-7084-43cd-9502-cdb3326e84a6
WRITE 4398 a8f4e22d-58e4-484b-a2a5-041c9515ee8c
READ 5823
WRITE 4673 c60a89de-5443-4277-84ef-0dcb9cf8947e
READ 1568
READ 7656
READ 0306
READ 3760
WRITE 3607 17680602-6ba2-4077-a0bb-1b6ba3e72e6e
READ 6455
WRITE 9682 444c0b35-5d22-40cd-b53c-7c85004b54f4
WRITE 7269 12805f68-4087-4596-a341-bbc9369c6447
WRITE 9421 0397307c-9448-4f64-b829-067d06d92151
WRITE 1231 778953d3-c0bd-4799-bbe0-45b4b198f3aa
READ 6646
WRITE 7333 80eb1696-b0e2-4a76-971e-133218af52ec
READ 7950
WRITE 7096 830e4e7f-b1fd-4570-a269-66c502243d13
READ 3602
WRITE 5978 5fb5916f-961f-45d1-b14e-dff02b6fce33
READ 5071
READ 4268
WRITE 8322 b6a79909-7962-432c-8197-afe35c16ce8d
WRITE 8587 dd05e10a-865c-4db8-9f8b-b22c543cbea9
WRITE 8743 4317ac53-6654-4d32-bebc-cf3715dccf8f
WRITE 0590 7f553378-1402-4862-98d2-0fc9c8727a8b
READ 5794
WRITE 1025 3499422a-9559-48af-86bd-ad7443c0c8af
READ 2891
READ 9665
WRITE 7722 9c7e5134-4be9-4fac-b5a6-154be5a91ebc
READ 6227
WRITE 0011 ad02d14c-c58a-4298-a775-5093629abb58
READ 3669
READ 4195
READ 7233
WRITE 8315 cef40151-3db8-41ae-aad9-622ff11dd7c7
WRITE 8148 d5c48dd8-3ad8-49a1-9dd2-3ad678729095
WRITE 1161 e9b95d4d-b543-4986-8bc1-34b232862b5f
READ 4302
WRITE 9321 7f6cf72f-9dd9-41d7-a0c1-b054b57385ac
READ 8001
READ 1399
READ 0422
READ 9854
WRITE 9969 2e83fd86-b4cd-43c0-b11d-536a2fb1aa70
WRITE 4490 b36580e5-f107-469f-8dab-07d850ab6d0e
WRITE 5030 f7387604-476e-4706-b0aa-f1e3b1afc9ba
WRITE 7910 63019c21-d4dc-4c9e-a92f-7ce2bb688798
WRITE 9032 acc6a68a-4fb5-4c77-b156-1610eb156dc9
WRITE 8944 98b414f1-a93c-4b87-8ee1-789b97672c6a
WRITE 8660 ef1e83d2-5a04-4945-af81-d7ff672eed15
READ 6125
WRITE 1854 3c23cb66-fded-432f-a7d8-20047698ca76
WRITE 8663 e1cfd50d-51b2-45d1-9394-c7067652f258
READ 2390
WRITE 9470 46422739-bfd1-4d72-b016-30c4690d40f0
WRITE 6681 c9b08e96-7146-43a3-b31c-dca2d33967e3
WRITE 8012 f5c022a4-920a-4c22-96c7-1f1f1fa6ab03
READ 3944
READ 0165
READ 6013
READ 1155
WRITE 9867 d5b1b048-e7cc-4e55-879e-e5fa8e651e18
WRITE 6004 b2aa4951-886e-48e1-9b6e-1ff9b579103d
WRITE 9603 97fe6b9f-e1fb-408c-8403-04aebf512155
WRITE 9454 cb2e2698-1052-4dac-9c15-6e4a887cef59
READ 2311
READ 1186
WRITE 4832 3e5c4094-e5d2-4124-b162-8eb5b6243354
WRITE 5109 8eddc735-bfc3-415e-ab03-48daac54583e
WRITE 5094 3be9c55d-82dc-41f0-8aad-91ec7f556788
WRITE 4068 8ed076d8-d60d-4f35-a68a-3d4e7ec47861
WRITE 8739 c61d55e2-65d1-49ca-a259-8b2d9065e070
WRITE 8108 d4d586fc-3c3b-428f-90df-07fa643ec627
READ 1875
READ 2659
READ 8953
WRITE 3395 ded4ed50-dd7c-4296-bfd4-14c184de5191
WRITE 5087 5a75855c-5309-4307-9676-b96415e84a22
READ 5525
WRITE 7472 37fd989f-d527-49ae-b80c-af98cd8383db
READ 8786
WRITE 5576 2d8ecb01-974c-4fdd-a147-5d5da3ce5537
READ 8096
WRITE 6868 d87f13d1-277e-4a8d-b847-9c5dab55175a
WRITE 8813 d20adae6-e3a4-41cf-84e7-2ed340b610ce
WRITE 3298 c801d684-8243-4326-82ef-1bc63f9cb9ee
READ 5343
WRITE 9891 083b0a49-9adf-422f-8283-643f2ca90a9a
WRITE 6690 4c138dbb-0837-4e78-813c-e8e275646867
READ 7324
WRITE 6468 5ec17610-2686-4576-b5bc-fbcd13f770cd
WRITE 4093 6cd2b31d-9667-4560-8c07-e041dd260cd7
WRITE 5197 ae58d081-ca9e-46a0-9974-2d513f8a2904
WRITE 3514 8d916c9f-fc78-478e-a125-53095e53acf6
WRITE 6760 96fd283b-84f5-4327-8d63-3139e551324b
WRITE 3911 d24fbb54-1a9f-4c76-9c1d-8da9fe25aff1
READ 0988
WRITE 5739 9507737f-b7ca-43e1-aee1-33fd61548c6c
WRITE 9564 0322162e-8957-4388-8cf0-9d66caf1622d
WRITE 3766 692321dd-9598-403c-b848-c4275be0b092
WRITE 3974 bb459663-0d49-4ed8-bcfa-97010590337e
WRITE 8796 48ae90a9-b667-4790-9e9b-caf6bd4b4359
READ 4018
READ 8165
READ 5856
WRITE 2205 c60c7215-67d3-4be9-b27e-bb10f8330aa0
READ 8358
WRITE 6183 d70bc4b2-7d95-42e4-bb64-33447c5e02c0
READ 5955
READ 4103
WRITE 5297 a1ca89a1-c55f-4ef4-ba85-c86857783b1a
READ 4842
READ 8372
WRITE 0797 6ff39507-a1da-4e06-9726-f4fe7e24d872
READ 8624
READ 8011
READ 8924
READ 0421
READ 3501
WRITE 0896 bedf2df9-6606-410a-bef9-46c9a6e91097
READ 6980
WRITE 2287 771f4f82-d98a-4822-b6f3-d3a60ddf0df1
READ 4137
READ 3706
WRITE 0662 116257d8-5302-4fee-aa7b-0d01666021b2
READ 9398
WRITE 8063 bbabbcee-75be-4262-90b4-b038eb217d92
READ 9651
READ 1924
WRITE 1923 ef4e7a7d-a329-4b5d-8f39-352c19da04a4
WRITE 1053 74888932-8701-4d56-9dcd-f167b2d6500a
READ 3104
READ 0646
READ 6721
WRITE 7037 1f8f6358-d882-4472-b7c0-2e45acfedc61
WRITE 8229 d297c2db-1b2e-43ff-a009-22e071f19510
READ 3058
WRITE 2547 6697ec1d-90db-4b08-8e44-61559dbea9f8
WRITE 0961 0abcce88-57fb-4027-a964-e6120b47bc7c
WRITE 3400 a73e985b-8722-41e2-9fff-219b1b4b40bf
WRITE 4564 891a307a-a1e0-4f8a-89ab-210b68664ec5
WRITE 6430 14575da7-53a6-4faa-bcd6-1c405ee2faa8
WRITE 5029 061609f4-730a-462e-9779-d8b268625344
WRITE 6177 3d126ccf-1b02-4f03-8056-b1895a49b562
WRITE 1257 0809b0d3-d189-49ea-9d64-1d90a5577c3f
WRITE 7996 9a0f4d08-2c69-4d2e-aca7-37af050a71e9
WRITE 8587 9e336281-4d64-4689-9000-814742c5280f
READ 7100
WRITE 1562 600ccbd0-97ca-4318-827f-d59a40d5f727
WRITE 6302 6dd60c45-0e68-4630-8197-f16c69477077
WRITE 3606 095f243e-b4da-4e98-9065-983a438784f2
WRITE 4780 12426834-c26e-4398-bab4-408044758ee3
WRITE 8119 a71b0662-f1de-4a70-8824-25c8aa8c2370
READ 6833
READ 1712
WRITE 1392 da3606e6-fea9-4a2b-930d-5f55a69a88fd
WRITE 2365 d4995730-6b67-4600-9d3a-350296c1e307
READ 1423
WRITE 9919 45cbd6b1-cb4f-46b6-8756-66782fc5896f
WRITE 7478 8e6dc5c3-db1b-4af2-846f-cc7b1ee254a3
WRITE 1129 7623b387-92e3-4964-95a0-49643156091b
READ 7823
READ 2253
WRITE 0903 a7bcff9a-cc95-4021-bbdc-edffb0bb1031
READ 7901
WRITE 3446 162cebca-0978-42e7-bb13-a1106ae42a68
READ 8799
READ 5496
WRITE 8185 1c771c5c-d7e5-4842-875a-bab5acf3c162
WRITE 6495 b679ccc1-b6ba-4925-b8f3-51d2b67dc07f
WRITE 4453 9f656a3c-e96e-4834-8b0d-c3d8743f9b1a
READ 2993
READ 2302
WRITE 2326 66c0d081-66b5-4c6f-9309-0bf19f99ae2c
WRITE 3066 d12cc9f2-3e95-43dd-a365-9f9ab04ac02f
WRITE 3753 60663ea1-e747-4a00-8976-44bd54e37e49
READ 1314
READ 2024
READ 6086
READ 7837
WRITE 4312 beb16bb6-c40b-4fc8-ba38-930cf2d7e093
WRITE 0388 92cb8080-d9ea-4647-8742-30f9aed4fc37
WRITE 8981 fc108da2-8d1a-486c-83b6-194aebef56be
READ 5890
READ 3238
WRITE 9504 e11a2fd8-486f-4a7c-a859-0b2ce8c7dca2
WRITE 8933 56dc19da-e9d6-4aac-b77e-3084da5df4c7
WRITE 6361 d72780d3-7e51-415e-b6b7-fec29721c7df
WRITE 6277 8f0b7f5c-0fc0-45dc-9cf7-b6744d888dbc
WRITE 8685 b969091e-776b-40bb-a1c2-41d539f4eb53
WRITE 9900 7f2321e5-f642-4be2-9335-7ec08f0113c2
READ 4539
WRITE 5993 df64d0ef-3dd2-4d53-8b11-a16f2a9d9b9c
READ 8241
READ 1234
READ 2234
READ 7525
READ 6108
WRITE 6375 b4a8ea54-cd47-4987-8bec-861dc74eeefc
WRITE 4352 5b280934-52b4-467b-af94-7d151f0929c2
WRITE 7110 6126b2a5-cf08-4d05-bd9d-6614034e2c01
READ 4792
READ 7978
READ 7714
WRITE 2477 8bae6ef5-3248-4654-afdd-8d91e915f1f5
WRITE 4313 246faeea-33b7-4c97-b8fa-8275a5840f52
READ 5027
READ 3714
WRITE 2455 771e27ad-c948-4b48-af7c-1ddba1772ddb
READ 8020
WRITE 7816 eb58fedc-9d7f-4131-be55-5e8a6d930608
READ 3775
WRITE 0854 c70421e5-915b-4ff7-aa69-c5d5f5892098
READ 7880
WRITE 8874 e3fce405-f7d3-4586-a12a-1197f39a2e5d
WRITE 2355 4ba65e8c-a432-4ffe-a5c2-ae6caad21f88
WRITE 9284 c9808c69-a1b6-4c12-b26a-3b7d77865105
WRITE 5566 9cb4344e-31ae-413b-9b51-a4b2347e9477
READ 2952
WRITE 7536 f7d31849-734d-4f01-9024-34fdd95acd79
READ 6105
WRITE 3749 0b10bd81-02f4-4cde-ad51-7c027dde8f7d
WRITE 5136 4347872e-a90d-46cd-9120-f35dbd38bb60
WRITE 6933 262bfb9e-65f7-43a8-bd81-47ad427c3238
READ 2771
READ 0439
WRITE 1344 70ce370f-129a-4ca2-ace6-3b5fae0aa70c
WRITE 0550 e6bb913e-7ee0-4b88-9e7b-dfdf9e885770
READ 4909
WRITE 4760 5998ff20-826c-4b02-9efe-0c2bd4aadd91
READ 2326
READ 5131
READ 5842
READ 3770
WRITE 2133 3929ee4e-5890-4537-8465-1cf9bfb59b74
WRITE 4987 c4a4d126-489a-4c2c-b3db-ea3db5120ce7
WRITE 2479 0a5d693f-0a53-4822-8e8b-6adfa549e531
READ 8633
WRITE 3787 22c1b0cd-7b4e-4f48-b2f8-2d6eafa1e9bf
READ 0910
WRITE 7571 10a9da07-5db4-4571-8e7f-6d0d813f3e2f
READ 7697
READ 2353
READ 6538
WRITE 0227 3467a68d-fcc2-48d4-9220-d9a08df24a05
WRITE 5910 6d4ce226-93a1-4b6b-ba66-18de28392ed8
READ 4070
WRITE 4714 52b2fccf-abd2-41ce-9eb7-f4369c374060
WRITE 2176 a19529c6-5c49-41f8-a903-32be09be7e70
WRITE 9741 7319b17a-8810-4e4c-a868-a08291b26dbe
WRITE 8656 b4c3be9c-9ccd-43b4-b7d3-b4b3084c4700
READ 2297
WRITE 4241 592b1a24-6112-40fb-b2d7-2fe597d643d0
WRITE 7115 b9f55e5f-40d6-4a26-b93c-3fab22c2af24
READ 3087
WRITE 8892 720b0b5c-6436-4e43-84a4-59be64fe346e
READ 3421
WRITE 9132 a62b6cba-b50c-4140-aa77-9596fec4ca1b
READ 1274
WRITE 7567 744effbf-ba98-4142-8c0b-18900bca5756
WRITE 6277 b096aadd-b53c-43ae-bea2-33d93d5b2445
WRITE 1117 a782ef34-4f19-43f1-b7da-57240f533382
READ 3330
WRITE 5143 054f725b-9078-4eb2-a027-f80862069416
READ 5640
READ 1554
WRITE 6927 d1ddf9b9-c60c-4fad-9502-733f7cf91125
READ 1357
WRITE 8698 0064c915-33a0-4abb-b568-1f3d287ba525
READ 2366
WRITE 7869 18759c4c-6881-466e-b0ca-87fc4dc40f7b
READ 5082
READ 5959
WRITE 6361 490a043e-74bb-4efb-9c81-c7860901aec4
WRITE 4612 60df9d66-3c65-41b8-b16c-65fb90152aac
WRITE 6715 27dd00c2-5787-497a-9df5-3a6936cc038e
READ 7413
READ 9767
WRITE 2277 6fcf1d47-63d8-45ca-9e60-676c30e8bd59
WRITE 9653 0fd78a35-843f-4bbf-807a-93f0d7d65183
READ 7312
READ 4755
WRITE 3423 f0bb88bf-9c52-4f1b-b4ae-ae7814458c8a
READ 7427
READ 5049
READ 4043
WRITE 9287 92f7f031-47a1-4e0e-aa89-b090ba3259c7
WRITE 0406 d635d109-5aca-422a-927c-0986f2250f14
WRITE 7889 41cf60cb-ef45-4e6f-9f3d-3dddfc198859
READ 3335
READ 9985
WRITE 8423 98605b29-a76c-4cd9-a7cf-5054d173d1a2
READ 8101
READ 7204
READ 8504
WRITE 5558 f68c2e17-f0d6-4f89-be70-159dd19467cd
WRITE 9957 3e8f9fe4-3879-42d2-9b5f-90ab34db259f
READ 2247
WRITE 6334 1b065cff-8018-4076-aa0e-7b7016563d21
WRITE 5169 1ce6424b-9a84-433e-a3c7-66b9bf45cca0
WRITE 4563 620d30a5-4a11-4aa2-a8f6-7a3d9dfe98c9
READ 4146
WRITE 6892 858a651f-342b-4cca-820b-2f5b06c709d1
READ 6025
WRITE 8461 ff5108d2-3359-4220-9ef2-b33166fd00f4
READ 1073
READ 0460
READ 9387
READ 6959
WRITE 6714 d14fbe6e-ccb2-4d8e-a956-ae4395df7ad7
READ 5594
READ 8049
READ 4122
WRITE 7773 f0a966a2-618f-4196-af48-3d5d26a7d7ea
READ 1896
WRITE 4662 b1430a0e-9ca0-479c-81d6-f08cdb24d188
READ 4629
WRITE 1366 94503fb9-bdde-4430-bbe0-8dc49c7d5e59
READ 7394
WRITE 3255 4384290b-32a0-4f54-9376-5693fae7a325
WRITE 6536 4dc3db02-f982-4147-afa5-449b6ac63dfd
WRITE 1683 7b07211f-377a-418b-bebe-4e80d24c3409
READ 2189
WRITE 7004 b7ff1c8e-6f97-44dd-8fbd-e5defcaf1088
WRITE 0003 3e6c19f2-c357-4b10-a5d6-dca83a94e80a
READ 6646
WRITE 2578 c625e823-598b-4502-9746-066a704af89c
WRITE 2308 c650ac5a-9c35-4cae-87d5-1edc3f1d4d63
READ 7581
WRITE 5963 657d172e-45b5-4c34-860d-3a8c503369bb
WRITE 3744 12f12468-71a0-4257-a8e4-b5b947ea56a1
WRITE 9848 1c807428-3f0c-4819-aba2-e85826debc05
READ 9015
READ 3530
WRITE 4502 cc38c03d-10b5-4231-88cd-30c23ef4ff79
READ 5266
WRITE 8026 ab757299-b891-49af-994e-83ba96449842
READ 3458
READ 9417
WRITE 2034 9fb3587b-a7df-44c0-8c94-1d76b796e35d
READ 3823
WRITE 0714 27912dd6-fa92-4d2a-8ae4-010a6268e4fe
READ 8491
READ 6849
READ 3604
WRITE 5952 75e3d8e1-db9b-4e27-81a6-09564e7f163d
WRITE 1018 4a6c54ec-b7f7-4512-8123-6c54a457c744
WRITE 6943 9e703b3b-db13-409a-a0d0-64331b76a2c2
WRITE 3106 55fc4c7a-c665-48f4-aedc-c6e7b04e51cd
WRITE 1043 8dfd9551-9401-4cda-bcf5-cb7e975903e5
READ 0089
WRITE 1456 f862ab43-d07d-4735-a605-5d590598afda
READ 2522
WRITE 7095 7ff78eeb-83c7-4989-9259-a886c03352c9
READ 2465
WRITE 0229 f24b73a0-7ed7-45f1-8792-6b4a1e1bc2bb
READ 6168
WRITE 6996 9025c4d8-ef87-4883-8f56-3a26de496878
READ 8798
READ 4564
WRITE 3103 cc30e684-5af4-4bfe-8e95-3aa189b51dfc
READ 5471
WRITE 3275 f2690b7f-2ead-49a3-aa42-9abb5ea3aaf4
WRITE 4863 3c2937a3-5abf-4ab8-9c61-cffad833ec55
WRITE 4976 672fcc91-f610-41af-84e5-9f312debfa48
READ 8633
READ 5038
WRITE 7596 5313691a-9365-4a0d-93f3-d544b09a13a5
READ 3346
READ 3759
WRITE 1228 2ca2ce56-8a2e-4a2c-9ac6-2029151589d4
READ 1138
WRITE 7549 eae4109d-b35f-47e7-8617-5fae9aef0161
READ 4563
READ 7027
READ 2261
WRITE 8151 d7642ecd-a0f4-45e2-ba5d-0a57d8a5909a
READ 4121
WRITE 0398 b81fad59-3134-4e5e-a947-e118b935ec97
WRITE 0570 20c51fd6-0498-444c-a5b3-16ead8b163d9
READ 7917
READ 2011
WRITE 2373 3e3a8955-94f5-4a4d-8700-f17029551265
WRITE 1221 8f36409c-7bdf-4d3a-b4d6-31b6e515b4c2
READ 4988
WRITE 0566 61cdd145-5e69-4674-9a3f-6b3e9f531a51
WRITE 0427 76dcb591-dbf3-44e4-a812-03389860783c
WRITE 1589 587aeeb4-bb3c-4b6d-8665-d13752971cda
READ 6110
READ 2181
READ 6005
READ 6934
WRITE 7800 d0ceb42b-ca48-4ecf-a775-8fb59c2d743c
READ 9649
READ 5332
WRITE 4844 0b062f6e-6f13-4330-a92c-d626528be8de
READ 8272
READ 3446
READ 4606
WRITE 4841 97b1fd90-d1fb-4aa6-8ef7-3928308a3881
WRITE 7270 d467be73-3cac-4c40-ad82-4a656eca2e69
WRITE 1696 32d61128-ff91-448b-abdf-e702415a640d
WRITE 8615 7c991e0d-93eb-4b07-8f05-ccd60b1ab547
READ 5417
READ 1198
WRITE 6840 c5585d1b-7839-4916-8678-4b6cc006884b
WRITE 1504 e9850aad-b4b9-4e42-a07c-e21204ad79ff
WRITE 6303 c007f880-9e2f-49bb-9234-dddd6d2e9644
READ 0572
READ 6749
WRITE 9645 e8f4097c-9910-45f4-8f7d-4f3c700afdde
READ 6704
WRITE 9753 29d5fd25-c739-421a-83fc-48252415126a
READ 6214
READ 3613
READ 2644
READ 0182
READ 4932
READ 3503
READ 2784
WRITE 9836 ffddf240-41c4-453c-9860-120626f867ea
WRITE 4070 663f87fb-d0ae-4719-a43d-018d36611efa
WRITE 7849 77c7823a-2190-456c-a6b5-e11af68a82a6
WRITE 0221 61e9985b-0245-4ba7-92ac-f818f8c21ecf
READ 6869
WRITE 1122 ce5cfb6c-9fae-4628-9e64-03d1b56e7fce
READ 2963
WRITE 0932 6bc478ff-5fc0-4825-ae2d-a9573906a252
READ 0940
WRITE 4512 0d79ea9e-ecf2-475a-b206-dc9105dda6e4
WRITE 6044 f9f27a7f-bbea-4e3a-b67e-716db3f222eb
READ 9099
READ 9875
WRITE 2512 e19df919-a47d-4cbc-9cfc-577822a6c8ed
WRITE 2436 154dc10f-14b6-45af-907f-a2b58c69d2da
READ 8666
READ 4758
WRITE 3225 8339c8c8-e714-4f48-8675-6836154b4262
WRITE 6934 088943f4-d3dd-4f4d-853c-cc8fe58e66e2
WRITE 2491 ca98ec26-f618-4018-9dab-82242ed97c79
WRITE 3000 3f3b2604-a132-4927-8910-0131589f8f0a
WRITE 1698 f68d5468-5139-4af1-b209-d2e9d026e233
WRITE 0960 c89a4dd5-61ae-471b-9857-ca860b25c356
WRITE 4763 62c2bb54-8582-4121-9454-24fdcae380a6
WRITE 2477 429073d1-077e-4874-80d0-5988e912b958
READ 2260
WRITE 9835 1f4cd762-2da5-4073-9ef9-b17ba63b62a9
WRITE 9876 660c59d4-87bc-4f57-b775-4e0566bbed7b
WRITE 3315 152a576e-dae5-4117-a061-93b6e6071758
READ 9710
READ 7643
WRITE 5387 c2265207-0322-46fa-b2e3-678558288b94
WRITE 4886 4fd8ddf8-4110-4228-93dc-63bb7c705ac6
WRITE 0274 2dd3fb68-e14c-47a1-b1cc-0f3d5f16a240
WRITE 9939 54b8267d-c4ff-484c-9eab-1cbbddc3b390
WRITE 1895 b081c989-9b30-4573-939b-47af2a43253e
READ 6338
WRITE 0322 8b505820-345e-438c-8a89-7dbd3eb0e856
READ 5513
READ 4500
READ 6588
READ 5194
WRITE 6318 ab2517c4-8fec-4582-8bf9-82db68fabdcd
READ 0738
READ 7433
WRITE 7856 f13cf9d0-2143-4d72-b355-1b6d4805a388
READ 8109
WRITE 0763 a146cf04-dcb2-41f1-ba1b-aaef6fac1ca0
READ 4790
WRITE 5252 fc6f2b0c-0ac9-4ba4-9052-50ffcac1e9c2
WRITE 1375 7f6a2ed2-ed7f-439d-a1d2-96cadc4fa568
READ 1585
WRITE 0573 993ab552-76a3-41de-95b8-9196ac1130a9
READ 8611
READ 5111
WRITE 2838 a4b61789-20d3-43f2-bdf7-f4226918d55a
WRITE 9903 0c235a29-dbcb-4ff0-9fa4-4b4e4ca6d13d
WRITE 5312 8ec24e1a-77ab-460d-b6ef-004958c7948b
READ 3206
WRITE 4943 bcab9823-22ce-446f-8095-1023a8d5b9bc
WRITE 7969 0c79b519-cc89-4189-9c9b-f7717cce3506
READ 6452
READ 9431
WRITE 0327 0624eb3a-320c-473f-8d32-c98fb8f529ff
WRITE 4680 47804341-eaf2-4948-8210-153eef352914
WRITE 2069 6cac6b92-20b7-4394-98f5-b44382397bd1
WRITE 8862 b237ba28-9743-4098-9308-95cb76fd4bfd
READ 2899
WRITE 6565 5c1a3fa6-6019-4548-a362-3c2d637dd973
WRITE 6162 68daa4b8-8fe2-4fcf-9428-95a746bedf4e
READ 3431
WRITE 5869 0c806a3b-f08d-4593-8248-0fb838948f01
WRITE 8983 21f8e4a3-e034-4bb3-a777-618fef0d5594
READ 6426
WRITE 2925 af4fd5ca-db68-44d9-abee-8da5b6ac387a
WRITE 5258 0a1564f6-8d36-469b-a17c-438478f2aa27
WRITE 6297 66bad3e7-655f-40b2-bdd8-2c8447facb2d
WRITE 9943 edee3ec5-3cf3-4106-8ef7-9546f6a753a8
WRITE 9787 e959ee14-0321-4d15-bb82-b10dd07654f6
READ 9419
WRITE 9754 7055ec7c-5c6b-4d8e-8a46-9edd4d0ffa88
READ 1539
WRITE 8175 a9eb3aee-dd01-49f8-b671-b0254793d301
READ 7583
WRITE 9362 465e427d-06b3-4f93-93a3-dfb670d9fff8
READ 8037
WRITE 0460 5305d54c-e618-4f40-944b-a5c8c32973e4
READ 8866
WRITE 3176 591f8521-de10-4816-ba94-dda43e89ccad
READ 4153
WRITE 5451 0d80274f-2ee5-4bbc-b714-0f343be7342e
READ 7140
READ 2231
WRITE 6510 cc867158-8a4d-4eb6-8e61-49b0e1a60ffe
WRITE 0698 131cb3f7-5c50-4061-bd31-4426ac21e3ac
READ 1610
WRITE 4372 bf0d6a7d-0b07-4485-ba9e-f13fe2f673b5
READ 1133
WRITE 3408 302a3a21-32b7-4c9d-86de-b7188ac9701d
READ 4634
READ 7947
READ 9599
WRITE 5294 d372b0f2-a9c7-4219-89fb-bc09a697a4bd
READ 3957
READ 9265
WRITE 5017 6e3155c5-1750-4e39-923e-53f56ba7310c
READ 6071
WRITE 1785 44d6b1c3-85ee-430f-a3c6-e90d990f73bf
READ 2247
WRITE 8594 d9332338-8bf0-4b04-8cd6-06b5e017d64d
WRITE 0534 fe70a654-ddf4-43e5-855a-3d77dc568d47
WRITE 5591 238782d4-53ba-4e18-a3a0-089e284a6ece
WRITE 2903 b0d44681-a767-4e9b-a14d-3476d6d3fcaa
READ 4109
READ 9439
WRITE 7110 25fce2e9-b8ef-46da-b2cb-f52c06f48fde
WRITE 0475 6ca37dfc-5e5a-41ce-b745-6343d5bfe349
READ 6951
WRITE 8428 93569949-2fcf-4dac-b9ba-18e6ceee8808
READ 6588
READ 9038
WRITE 0897 ee3b2607-9057-4c1c-a820-a778db5c4eaa
WRITE 8439 cf246262-0092-4baa-a024-655a16d90851
READ 3673
READ 3208
READ 6007
READ 4939
WRITE 7195 b362a76f-a0d8-4ab4-ac00-ee414a17885d
READ 3070
READ 7539
READ 9710
WRITE 0266 431300d8-e3ae-4f96-b1fb-3f8c6f5f1bec
WRITE 0598 8bf968f1-f24b-4130-afa6-ca468ef36c2d
READ 3620
WRITE 6274 526cedb9-6ef2-4045-a974-59ce89f372cc
READ 2226
READ 0631
WRITE 4934 fb704f94-549c-4151-9af6-b0e72fe609fd
WRITE 0263 dd45d403-b901-412d-b6a7-4b1a860828a3
WRITE 9352 2bf3ebed-5ab5-4230-a04c-cacaadebc230
WRITE 2903 b87a0142-d1ce-4474-84eb-89e3029baaff
WRITE 0106 7ff1b0dd-a682-4202-b0a6-a4985aab7b4a
READ 9335
WRITE 0946 7e42e04a-8895-4aad-9ad2-10b8f3b4457e
WRITE 2912 bfc46e61-57c7-48f5-b979-cd66efa9ff23
WRITE 0623 1be7335b-d274-4abf-8152-d4f103010c1c
READ 4643
WRITE 8713 5f61d18a-1515-4f0c-a67b-3a981d24e33a
READ 5313
READ 2501
READ 5732
READ 8385
READ 8567
READ 1333
READ 1578
READ 5192
READ 0896
READ 0597
READ 2841
READ 8169
WRITE 4836 f977ef8d-424b-4e72-8ce3-a2c14e3eb6dc
WRITE 5786 62701c6c-89c4-4993-91a4-fae181181f2d
WRITE 0473 7a2e67de-a64f-42b8-874b-0dbaaf7925f3
READ 8304
WRITE 4269 52ce69a8-a73b-4f0e-889f-47d277fc8c90
WRITE 6655 5ccb6afc-0774-47bc-8e18-c1c8110911a6
READ 3207
READ 0136
READ 3362
WRITE 3039 5248f76f-30b6-44a1-a699-f84a62f99a22
READ 3167
WRITE 0985 07dc1d85-f90d-4299-818e-c6483fbc3945
READ 9677
READ 7768
READ 6162
WRITE 5494 72187dba-5190-427f-88ac-badaa3c670e6
READ 4593
READ 6521
WRITE 0950 9cfd9915-58ba-4ba8-a489-146f80cce225
WRITE 3114 d512531a-27c0-4cb7-934e-21435c93d385
WRITE 6161 0c7bbe32-57c4-47e3-bb62-4d3a5f73cb72
WRITE 5834 3caa031d-efc1-4d73-ae4a-fe99ad8132d5
WRITE 9950 c2f51b10-03f5-4682-a393-e60f157a9db9
READ 0724
WRITE 1955 088065e3-5d8d-4bcb-869c-66b28474d692
WRITE 4755 fbb947fa-64cd-4b0a-ac23-753cebf138c4
WRITE 8231 1cb9193c-267d-4def-be02-b4ee8c347706
READ 7670
READ 2662
READ 5291
READ 2726
READ 8415
WRITE 3103 ab3bcdd5-d24f-4dd8-b29a-6bee0fce52d4
WRITE 1139 8c5dd565-79b5-488d-8c5d-e09dc71ca957
WRITE 2357 b96e416c-0bf4-478f-a727-49d5f483bf91
READ 8384
WRITE 3100 5c202dd3-8be8-42dd-8f46-47f8afa9ed65
READ 6131
WRITE 2061 1517808a-5a61-4f98-b720-4b9546975d07
READ 9692
READ 9254
READ 8186
WRITE 6102 953a8852-e9c1-460b-9dc1-2c03f4b2da75
READ 1826
WRITE 0263 7132099c-fc38-45eb-a343-0983165a1342
READ 2955
READ 5582
WRITE 9862 0bd5aeca-4276-48b3-bbc7-8db54cd92758
READ 7724
WRITE 8634 62858765-11f4-4a78-837f-1a058138f5b5
READ 0092
WRITE 0023 d3c4d81c-a243-442e-998b-d218d7d30832
READ 3929
WRITE 5183 8f7182a7-ab5f-4c5f-aada-7bbe33d213e8
READ 3958
WRITE 4523 45ce11ff-d0fb-45e8-bcf7-796adbd9a1aa
READ 8846
WRITE 9909 b9148dc2-4b11-44ae-8062-22052349e7fc
READ 5053
READ 4292
READ 1755
WRITE 3950 1f141bb1-6ed2-44b8-9978-5d1df3e3b284
READ 0569
WRITE 6874 2c6da3af-aee4-4a50-a7cf-8b1280ebdaaa
WRITE 3099 109deb9b-b3c4-4941-ab47-9369f6d2db9e
READ 1851
WRITE 5324 1b7d6a2d-29a9-4153-83d0-dee76eea7c47
READ 2209
WRITE 0297 af117a00-c7e0-4bdd-b365-b4e1357ece6e
READ 0400
READ 2428
WRITE 8791 c685812b-9c97-436d-a369-2a743178e9bc
WRITE 3661 a27e3719-6fff-4686-ae87-65ddafa035e2
WRITE 7940 ea8a5021-ffa0-41af-9dc8-01eb4844029c
WRITE 1495 a1b59bce-cbf1-406d-a24e-48b4b594b347
READ 8733
WRITE 1154 a3147a1c-241f-4016-8f32-058c9cc866fc
READ 8598
READ 1030
READ 6868
READ 8894
READ 9432
WRITE 5489 558eec5b-a9df-4839-a90c-a3020bccca7b
WRITE 7885 c2810612-8e21-42e5-89d6-5e0ce2d81f4a
READ 5479
WRITE 1549 efe0e585-02e5-4bec-9f84-59079a939d3f
READ 4703
READ 3940
READ 0884
READ 3798
WRITE 0406 92716767-abf8-4743-94ba-559beaed572b
READ 7026
READ 1541
READ 5054
READ 7147
WRITE 6404 16c240de-4bb5-496e-ad6e-098d76cde767
WRITE 8175 50a4f9b2-a6f1-41d7-ae4b-8041a535a66b
WRITE 5238 bad7175c-5e57-4159-a3b1-f7ff8ec7e253
WRITE 5859 d1029111-7893-4834-92d1-d04b4798763a
READ 0489
READ 6026
WRITE 1331 7f0b935e-ea10-4c71-9376-568fd0c58ac9
WRITE 6761 cb6a9af0-5254-418c-918b-05c65b825c92
READ 8822
WRITE 2246 f10dcf1a-5c06-4dad-9b38-8b77aa4f7f76
READ 7098
READ 4531
READ 8181
READ 5278
WRITE 0466 ca8949d5-c0b2-4a96-8f2f-26ead14315e8
WRITE 5465 cf0e4153-2cff-43c0-a179-6ac2e7475e84
WRITE 3262 b841fb32-3f06-4e37-ab9b-a72a08d2389e
WRITE 7270 27bd09c0-07f1-426b-8692-0a4ebc21dc99
WRITE 2115 720268cc-7d7f-4717-81b6-c1fdf074f89f
WRITE 0137 81f5f037-35f4-4795-a9bd-6cb406765a17
WRITE 8677 513edbfe-938e-4cba-9282-43464c055211
READ 0741
WRITE 7954 77675fb9-53ea-422e-981f-9a6797b99f2b
READ 4117
WRITE 6000 98b9dd96-2665-4956-9864-e0b30fef74ec
WRITE 7002 1671b50a-78f4-45ae-986e-64a8b892187e
WRITE 6288 c7bc0dad-a0b1-404e-984b-fbb498d7d0ae
WRITE 1437 81d9af87-8323-43aa-988e-32a86e1f7d37
READ 7319
READ 2472
READ 2549
WRITE 2836 ce4a7087-66b3-4c02-9c9a-d322312438c2
WRITE 1830 8567efbc-eeff-4fd5-9d67-11157e3e0839
WRITE 4859 dc590733-6ee8-42ae-85aa-1da788d2aa66
WRITE 9861 0d84b6eb-11d6-4ec1-baa4-8fe204811574
READ 3482
READ 5660
WRITE 9319 215a4eda-66fc-4e7d-9f20-87ecc16202dc
READ 6786
READ 3459
WRITE 3049 d52e2c7c-420c-4be2-879b-1fbb0b1e4c90
WRITE 0045 45f53ca0-bee4-4b0b-a9ef-e8740c6416f7
READ 0013
WRITE 8010 7a69e8e3-b40b-4634-8697-e40e016f32ac
READ 3867
READ 1651
READ 4156
WRITE 3624 e8303662-be03-49d9-b5d9-6cafe626637b
WRITE 4126 b6ea3328-1afa-4e6a-a153-6e163c965583
READ 8611
WRITE 2827 98b2075d-15ff-4216-9366-46784af250d9
WRITE 6096 bb98c907-1bf2-49a4-bd95-8eb99179aba8
READ 6788
READ 2666
READ 3498
WRITE 3999 8f524d36-33c6-46ab-9a9e-c77ba8b3c939
WRITE 9376 703785be-951d-468a-9be9-6da2f87e6e8c
WRITE 6454 97a5d229-c27f-4608-82d4-accb810e30e5
READ 1766
WRITE 0911 5bf3d11b-c4f8-4223-b66c-6fb6b053b131
WRITE 2063 842f63d5-77ce-42b3-aaae-f90b97e3f466
READ 8929
READ 9333
WRITE 9981 c34b3416-740c-47d9-9f4d-3ac02a7e6f24
READ 5448
WRITE 9316 2ee16ddf-8efc-4200-8a27-5a0320653c55
READ 6471
READ 3618
READ 2838
WRITE 7408 f171fea5-98cf-4aa4-8bec-fa6778691de2
WRITE 6385 47549d75-d148-47f9-a683-f936560bf2af
READ 1988
READ 7508
READ 2245
READ 4714
READ 9031
READ 3268
READ 7538
READ 4808
WRITE 0050 9779a8e6-26cb-42bc-9ed0-d9afde7a50b0
READ 6670
READ 2241
READ 3724
WRITE 4343 397e6f56-7cfd-4281-bbe5-4bba7a0b8c6d
READ 9845
READ 5508
READ 4349
WRITE 1934 93805b2c-d95f-4ce3-85ca-0c1de01c00ff
WRITE 2509 2844582a-81b5-42b0-92d5-a8abc47f0eb8
WRITE 3653 2c97bc8c-cac1-466b-b1c4-d36003ddb784
WRITE 4900 fcb40cd3-885e-410f-906c-e432fdbf36fe
WRITE 5414 d2f633b6-dc00-4b5a-82e9-095b931553e0
WRITE 1375 f0d0af5a-6625-47a9-ab6e-59da4460016b
READ 0948
WRITE 6828 91305a47-ee82-43ec-9f8f-34dee1a5b351
READ 4688
READ 0089
WRITE 3600 9bc2c288-be75-42fe-bbe0-aa61db264669
WRITE 8318 7541b967-7b1a-4f59-8776-8f494c0201d5
WRITE 2392 9acee815-5066-4252-b0dd-7d2716921c58
WRITE 6894 19d5f958-1bae-4fea-a3df-3c2b52dc7b41
READ 0132
READ 7085
WRITE 6217 e7ca2ac7-1d3a-4a3a-bcbd-49465071f6dd
WRITE 9535 a98efbc8-7fa1-4fc9-a863-04007dafad0a
READ 1543
WRITE 6727 8650adaf-2d8a-44b8-a1eb-8dd1a8ef4894
READ 7592
WRITE 6816 fd6379ad-b5df-4fcb-90c6-a83f5ffeb058
WRITE 9078 3098ffe4-d872-439b-bf03-1d6c61ed868f
READ 2927
READ 9089
WRITE 1602 59b35f63-704f-4f08-93f2-30a55ee4b44e
WRITE 4564 b18689c8-2258-4ec4-8537-acca9869fda0
READ 1792
READ 3555
WRITE 5911 62c7e6c3-2f5f-49db-a4fb-d7d0c66c94cf
WRITE 5536 75a44cd8-fddf-4209-bdf9-5accac8df8ef
READ 7424
READ 3595
WRITE 8382 34aae041-1ac3-4968-b9c1-e9f079da9c7a
WRITE 1331 6a9e86d5-8cd4-452c-9b74-96a3b88af565
WRITE 5863 2c969272-2035-4686-b360-93c6f76ec84b
WRITE 3506 b1ae896b-0a45-4abf-a404-9c5694dd7330
READ 7545
WRITE 2587 68cbaa44-a015-4632-ae57-f99b18e811bb
READ 7128
READ 6436
READ 0491
READ 8005
WRITE 6544 227f2bcb-798a-4860-831f-fae177d3e944
WRITE 4891 e900bea4-9cbe-40a1-8016-b49e15c54060
READ 8095
READ 1300
WRITE 8676 25145905-2b6a-4a82-bb01-761c3b96c3f1
WRITE 9825 badc6b39-89ed-4e04-91f2-c809cafdc279
WRITE 5887 e5132afb-f3ee-4530-8148-e3d1340f9d98
READ 2352
WRITE 2249 a039537c-e3db-404a-8930-f1255311cdee
READ 1371
READ 4474
READ 7997
READ 1972
READ 6931
WRITE 6934 7031fa6c-dae7-4587-abfd-bddf10319811
READ 3614
WRITE 2318 85d947c1-4072-43e5-ba8a-22fc9c820d94
WRITE 3698 34ab5306-6349-40bc-8863-5bb58f20a08b
READ 4141
READ 5810
READ 7388
WRITE 1068 6608034e-ba4e-47e5-afb1-ac6847ce08a5
READ 8261
WRITE 4549 2249df64-21b5-4759-9e75-848c4e9a5de9
WRITE 6484 d31e13c9-090d-4549-9d90-93507fcead58
WRITE 3879 0337e58c-2634-45e4-9469-ffef169376b0
WRITE 9608 0e603157-505d-4bf4-b622-f801d542070a
READ 1745
WRITE 9899 86ef6a63-f58b-419d-8bdb-38a9d3399b6d
READ 7673
READ 0286
READ 8603
WRITE 4835 807509c9-2739-4153-9d11-fe22aa632df6
WRITE 7670 50f0eae8-77cd-4336-af52-42007dc405a3
WRITE 9223 a55aad74-4218-42be-9f92-31d3ac2d2bff
WRITE 6081 c80adeb9-02f5-43d9-8897-79f187f596d4
READ 3543
WRITE 1071 bca307ae-8c83-4a99-8f72-098a11f89228
READ 8103
WRITE 8472 5bdb278c-39c2-4a6a-b1be-1df420c3dd11
READ 8741
READ 4308
WRITE 4462 055fe7cb-322c-4774-b437-54fea4daff7b
READ 6738
READ 9453
READ 9129
READ 2829
WRITE 9937 f85924d4-5e53-4b22-8216-cb2781cba84b
READ 7688
READ 0432
READ 6994
WRITE 7467 2366ed9f-ebfb-45d6-83b5-b9c0898a5ab6
WRITE 2791 4e71242d-8254-401d-8f08-9c4b6fc634d8
WRITE 2311 b5ba68ec-ef58-4b73-ab2c-95590be0c9bf
READ 2074
WRITE 9628 e8ec78fc-1676-4979-9626-486f4494e9b3
WRITE 7294 8d7dc45c-dcfb-465e-a5b8-1f8c42b88560
WRITE 3982 c561e2f5-991d-45e7-b438-87bb7a0d8288
READ 3384
READ 0209
READ 5901
READ 3967
WRITE 0657 7b8fcbc0-1c00-458f-a94d-8a067e40e5bc
READ 4845
READ 3300
READ 3752
READ 1143
WRITE 0771 0cc9fb85-9df3-42b7-859c-e32dce01b1c8
READ 4465
READ 4769
WRITE 2334 cd65af5f-f3b0-4992-b142-0579f5046e16
WRITE 8960 6a9cf0aa-362f-48fb-9412-273e5f6b233f
WRITE 6277 6ea09b0b-1a6f-48ef-8b6c-f3182c502bb2
WRITE 0059 c181b585-20f3-4ad8-a6f0-d339e876a092
READ 1878
WRITE 2738 77783f94-76a0-488f-b902-12e2be33b5d0
WRITE 3377 b7cec19b-58f4-49d7-9d31-2b6ded49693f
READ 0278
READ 9666
WRITE 5840 81fe0d0f-897a-4c63-8ddd-9ae1cb22b84f
READ 2605
READ 0464
WRITE 9424 d95a69d7-f55a-45bc-9a0d-e4fd4c2bee90
READ 8828
WRITE 8648 aba1455d-d071-4518-bbb2-1ab1972fc24c
WRITE 1549 35229a5d-373f-4083-8ae6-d5920fb392f9
WRITE 6942 427862ae-6ae9-40d9-b372-ef732721c76d
WRITE 6212 2432b8ae-c1ff-4d75-9813-237b01b197cb
READ 5441
WRITE 1175 315a3736-e2fa-4c7e-8207-009be90bbebc
WRITE 6839 cecc1317-86dd-4a0c-83c3-e45f47c623c5
READ 0542
WRITE 7246 a67f16f7-5ee8-433d-91b5-2ff4c3ecc2fe
WRITE 5110 d44f9583-26be-4db1-9b7c-9950554a9940
READ 5389
WRITE 2949 6d838752-e987-4414-859c-5b2e4b6e1330
READ 9322
WRITE 3180 7864ad43-04b1-4d64-b118-6983d57b6196
READ 7878
READ 3489
READ 2328
READ 2924
WRITE 2752 4136066a-0ed7-4565-9291-0743606ad612
READ 4601
READ 2596
WRITE 5038 9faf3484-601b-49bd-aea2-221e60fded65
WRITE 9389 feae0e53-0cb3-4fb5-b776-1a121445754b
READ 9216
WRITE 2142 06319918-85c9-44cc-bfac-18931541deb2
READ 6266
READ 5910
WRITE 9748 d3e60973-204f-4776-844d-f9181370b440
WRITE 2023 14ab9321-7070-4698-960d-069739e8f754
READ 5370
WRITE 2038 8ff6ffd9-40cf-4b71-8a8b-f5f2a314c690
WRITE 8625 01fe215c-96a8-458d-912e-dc744ea40f55
READ 7803
READ 3924
WRITE 0416 00243b85-d827-4fd3-92a1-88f4fdc52e4d
READ 2223
READ 7900
WRITE 1625 534f3248-0247-4a96-96a9-33a999a65d4a
WRITE 6534 326b2b4a-f202-45e4-8a24-0a91ed59707c
READ 2604
WRITE 5669 ee07884a-d60b-4513-8907-f9ad666a2951
READ 5168
WRITE 2772 8c8dafeb-e9ce-4900-83be-9dff00accf5d
WRITE 4186 4d4034ea-a234-48ac-9032-948e0548de17
READ 0677
READ 0295
READ 9939
READ 9147
WRITE 5462 ed2e766d-0afa-44ea-8ed5-c9fe88c2bf2a
WRITE 3677 2ce68e93-3960-424d-9b3e-6cd4441ea9ed
WRITE 5261 ff329b03-3150-4da3-89e7-f937814cafca
WRITE 9683 5a07751d-c2c2-46fd-a8fc-32d698ceaa02
WRITE 4817 ff379ee6-5079-4833-bc3e-1a20b7e12551
READ 1767
WRITE 3600 4ce02162-672e-440c-b0a3-49fe826c4287
WRITE 5562 7ffe6bda-2abb-485b-b921-bc2fc0cf810b
WRITE 9737 65af80be-f6a1-4e35-b155-a24d9c574f19
WRITE 4362 5bf462eb-0d50-465b-bc99-fea8f2d6c85d
WRITE 5055 8a4c2e28-5ebb-465a-bc88-155febf2416a
READ 6176
WRITE 7677 301ce889-101f-4326-933c-748aed35ebfb
WRITE 9342 13637ee6-0003-4cd2-b1d9-3408f054689d
WRITE 6448 269c1a14-d0a1-41e5-ace8-c7952c1c0554
