READ 1388
WRITE 9783 4468a7de-5f5a-4798-b9cd-24f26c7e9971
READ 9972
READ 9377
WRITE 4471 242e2292-5311-46cd-a18a-7c52a25b0ce5
READ 5832
READ 6274
READ 5643
READ 0919
READ 2145
READ 8602
WRITE 8256 e62bb34a-758c-4d83-bbf5-aa539febc243
READ 3518
WRITE 1793 27d08aef-0fd4-45ce-92d6-9698a59cefee
READ 3181
WRITE 7173 cc5e80aa-c339-4f46-af3f-f7a950732133
WRITE 2699 ea54ff07-fd5c-4099-8919-c4cc9623247c
READ 0918
READ 7335
READ 1230
WRITE 1385 50e90b18-81c3-4387-8a50-123c140bd235
READ 0415
READ 4223
WRITE 8117 a9ce993f-a049-4032-ae28-293e8009caa5
READ 5847
WRITE 5166 5cc86a91-a7d6-4205-a6af-15fb9f8ea1f7
READ 1797
READ 3598
WRITE 8533 1e69e7a2-51a6-4749-b753-6887c8d35003
WRITE 3670 6bec6e5a-1b5b-446e-9c1f-a9819b68ce75
WRITE 5406 23fcf9e9-af48-4fc1-baa2-66b41d823e76
READ 0124
WRITE 3824 2bc52833-bed6-4a3b-8b94-acb3201aa51f
READ 5963
WRITE 9238 91188f69-ba0b-402b-879b-436426a38cfe
WRITE 5519 2dc537f2-6986-490c-8b75-ab2f8f24dc6e
WRITE 8272 470807b7-e11e-4817-ac3f-7ad4a2acc30a
READ 3249
READ 3975
READ 7871
READ 1977
WRITE 3689 fe9eb78a-4f2b-493b-acb2-614fd45ae61a
READ 9140
WRITE 4883 43a06c4c-6088-4ce6-8f1b-201d9fe8d656
WRITE 3803 da24ab66-2975-4501-b43d-92808123b922
READ 8980
WRITE 8885 50fe0d02-6b37-4163-931d-3822370bb998
READ 5370
READ 7576
WRITE 0599 2a3440d3-3be4-4076-824b-4cd2a3a714ea
WRITE 9892 8c93a378-3e22-41b7-a86e-3c19cbb447d6
WRITE 8280 cb5defec-a297-46ed-91ec-baee75e99401
WRITE 6989 6545a30e-1f0b-498e-bad2-bc6847e23e19
READ 6674
READ 2810
READ 3561
WRITE 4992 cdee0982-7096-4480-ac85-6eaccad27914
WRITE 5564 8afc7004-993d-40d2-97fd-9646a6802f32
WRITE 1951 04e83b36-9477-480e-b910-d22a0fd6dd23
READ 7794
WRITE 0672 3737ee11-0ba8-45b4-88d3-5df55b7af488
READ 7302
READ 8661
READ 4138
WRITE 2508 7e35c890-a7f2-4c1a-af33-e72f7551d444
WRITE 3851 a8e4aea1-4ae9-4db5-803c-683254e8744d
WRITE 1123 9809a6e5-d791-4c6f-acec-85fc51001682
WRITE 4552 4ee1c258-91ea-4a16-9c48-a700d336ec1a
READ 2649
READ 4017
WRITE 1778 85338075-2e07-472f-b2da-d2365159a651
WRITE 6598 42f04001-71b5-45a9-bfd7-607c8d48dac9
READ 6395
WRITE 5667 e8633539-2c4c-4d37-8562-60f5102371bf
READ 4220
WRITE 3258 351e6e6f-e39c-4d20-9351-e6a3273e6ab5
READ 4921
WRITE 0339 a6d127b7-a397-4c4f-b550-d1615bb52c30
READ 4274
READ 0045
WRITE 7047 09cadc07-3323-453f-9515-c4f889ec5acd
READ 8973
READ 2330
WRITE 6442 3048fca4-f0dc-404e-90b4-38864fbc638b
READ 4660
WRITE 3275 f8e828fa-5e1c-43de-9819-4ce7da955468
WRITE 0528 bffa1d73-91af-47e1-8eae-8473d4c432b8
WRITE 8945 0f155b35-ef37-4d1e-8024-2db3c731f5f6
READ 9764
WRITE 0602 fbfdbf2b-0571-41fa-8d67-3e73fa7d1c6c
WRITE 3423 ee89b554-baa8-4394-8a33-59847e3c4fb6
WRITE 3437 b7e975d5-dc87-41d1-ae12-84dfb3e79fe3
READ 9234
READ 0298
READ 0857
READ 1140
WRITE 5590 1a133b2f-3291-4831-af01-9dfe6071982c
READ 4235
READ 7942
WRITE 3431 5f9dcecb-e2a3-45b5-a2cf-a903dfc9de64
WRITE 2231 6661c073-14bd-426e-b22e-b5163fc11464
WRITE 5881 5ddcdb59-73ed-4e7f-a194-90a0ae9c35b4
WRITE 6649 f4a0898a-3823-4135-aba5-6788d16aa81e
WRITE 4786 125d8eb3-b061-4f6d-a7c3-0ea590cc8982
READ 8185
WRITE 6742 7f23f12e-aa0b-4956-8de7-077cf289d84e
READ 2586
READ 5880
WRITE 5726 6cb1cd5f-b0b5-4c92-9aa9-8d4843e03c7c
READ 6031
WRITE 5589 85eca462-331e-4988-90d8-d5e841f1be95
WRITE 3715 8c55ccf0-ff87-432c-84e3-5b3598fa3c59
READ 5679
READ 4817
WRITE 1884 4cedb6ec-28d3-4dc8-b5b3-37f700f02e3e
READ 6067
READ 1628
WRITE 9140 bb1c4cee-00be-43c0-8019-509e3a5aa6b2
READ 5188
WRITE 9170 429d14f4-4995-49f7-a5d9-72d3fd720fbf
WRITE 5850 7bfce720-6182-4afa-b8e8-aaff4256fd40
WRITE 5420 d525b6ec-85f1-448a-bd4c-8112fe37c14a
WRITE 8546 d84cfd29-d791-452a-8a82-44aa59ebe3b4
WRITE 0015 22f5c846-e228-4dd4-b091-07b8f9fe23aa
READ 2265
READ 5952
READ 0709
WRITE 4150 01439192-7903-4cc2-bc04-5b6e891704bc
READ 6520
WRITE 8942 ac6d13a9-dac2-4a67-b557-146efadaab2f
READ 2552
WRITE 0956 cce4c07a-7b7e-4c03-9314-da45feebca38
READ 1854
READ 3975
READ 0883
READ 1494
READ 4470
READ 5688
WRITE 9524 7bed5612-02dc-4ddb-9dcf-2d443090fe20
WRITE 0127 c69a0f9c-60fc-4a64-a9a4-5d7e93bc8bd3
WRITE 9870 0b5431ed-a13e-47be-9331-c5e2e0a5554f
WRITE 9423 e5cb2468-e641-4fae-8a46-458585810a75
WRITE 3558 e39d4775-2c8a-4070-8d6c-3293225a2510
READ 2073
READ 9275
READ 2668
READ 2156
WRITE 6679 4015d419-cc83-4566-bce1-4f6b9d0c1e87
WRITE 5981 07ebc3f8-3c09-498c-90d8-2b0aafe45110
WRITE 7183 91d251b5-7f9b-4e95-abeb-26ea506f7169
READ 1509
READ 6891
WRITE 4596 2679e06a-db14-4b20-9727-1194a628a543
READ 9063
WRITE 8824 d74f3b68-4963-4eb7-97cd-426356ac347d
READ 8309
READ 7121
READ 7981
WRITE 5568 81173f67-99b0-44a2-abbb-4d7bfc4221a2
WRITE 7965 23971451-0845-436e-a96a-bdd17dd728a1
READ 1550
READ 4086
WRITE 8539 2999bd47-e03d-486b-a755-1cad11536967
WRITE 0568 40167f87-fb4c-430b-a85a-805b1e816d50
WRITE 1291 d7289f1a-be94-4522-9d40-291f1763b2bc
WRITE 2683 e5649267-808e-4704-b85c-57c0976a4f2b
READ 5999
READ 6127
WRITE 1907 b69e5036-7d1c-4efd-a845-ede7d0807d23
WRITE 0332 382f876e-88d1-45fe-8d45-f3429e269dac
READ 1338
READ 8343
WRITE 3393 40f4aa8e-d818-48bf-9fe3-8325caa48b1e
READ 1418
READ 0673
WRITE 4939 c8f24501-bc7d-4707-90f1-cf17806a31e4
WRITE 1636 ce5b9322-3949-4331-8df0-c7d0b2c52b7e
READ 1624
WRITE 3153 c7283920-2814-4467-bae3-5801cf2e3340
WRITE 3484 c57abd4c-4b26-4569-8f85-29a261a118ba
READ 2101
WRITE 7156 7248b112-d226-4795-b358-e5d6c5f003be
WRITE 4176 3073c54b-d480-4c44-ac1d-5fab7cbc23a5
WRITE 4921 c92f43ea-ba3b-4608-9618-7a12c3fa25ff
WRITE 3545 2061a620-1ff9-4139-a148-a65265a2bd75
READ 4854
READ 1756
WRITE 5201 346e35d1-7442-49e6-bcc0-f49afef61933
WRITE 5227 8112c5e9-429d-4c99-8bdf-5df4400b74a2
READ 5564
READ 1970
WRITE 2692 792fa250-4bdf-47a5-871a-482aa3631566
WRITE 0149 5c7741da-a6d6-49e9-8bb8-19d779cbd4a1
READ 2108
WRITE 8829 c2f01b96-b1da-4bfe-8a60-f4140fdb5fc3
READ 0690
WRITE 7487 b3f39b11-a899-43a5-ad04-a12afcef67ac
WRITE 9760 9a4437e8-29aa-41e0-a9f9-553d2a8b5f38
WRITE 0273 f3efe1fd-2bec-45e5-a1fd-bff473079c43
READ 3476
WRITE 9107 124ed560-3093-49cc-8dea-c351cce469e1
READ 9318
READ 5330
WRITE 1196 3f4b5bd6-0544-4f7e-93be-eea845a9c6d1
WRITE 9330 d985d191-d132-4f19-bb09-e66035c511ee
WRITE 8116 979c504e-be70-4216-8095-eaca0736fa2d
READ 5743
READ 6002
WRITE 0051 41cef9ac-05dc-45f1-a1bb-8e0089c70c6c
WRITE 7418 f495324d-8c87-461f-9713-692e10f38ba7
READ 0627
READ 7980
WRITE 4602 db7e97e5-34af-432e-856f-448f1e2953cd
READ 5617
READ 9491
WRITE 3851 e59ab1e4-a413-436b-ac4f-cb1b128936ef
READ 6897
READ 0205
WRITE 8436 74365fca-b3a4-4a88-ae4f-890998fc749b
WRITE 5290 a59399a3-af92-4841-bb71-af3ad90833a7
WRITE 4855 9a86938c-a8eb-435d-bd20-08e66bb528d7
WRITE 0159 b737957c-6172-4b9b-b013-73c9c27b25bc
WRITE 7857 6697273d-8db7-4da1-b6ed-5f5f1d8eab54
READ 2641
READ 4138
READ 0839
READ 0448
READ 3113
READ 5221
WRITE 9136 c04b59fc-8400-4bc5-b296-9d74539eec21
WRITE 3258 93d31cd3-2be2-485c-a93d-3ce070f821ae
WRITE 4631 9fd83dd0-5612-4288-8606-54474422c432
READ 6630
WRITE 4495 fed77dff-0f5b-4766-9552-c742353dc315
WRITE 4054 bc850ecc-498b-446e-becc-e8bd0ef38207
READ 5489
WRITE 4416 abbcc681-7779-483c-b198-9fee60c4fb05
WRITE 6571 250d21c5-a2f0-4d0d-b86a-aa76806c78ad
READ 9162
READ 4331
WRITE 7359 d7902fc8-fd0f-4ae6-9aa0-e96503e4c7ac
READ 7486
WRITE 1003 44d05ae4-3767-4bc3-a95d-c661dc57ed1c
READ 7153
READ 7326
READ 9208
WRITE 6063 0e05dfc7-aecd-4022-a203-1db41ce2d06e
WRITE 9003 d272a1ff-4d1d-4835-a7c7-24e7dc77fa6c
READ 5552
WRITE 7232 d82dc280-e121-4eb7-88a3-b590fb417a6b
WRITE 4782 70bdf441-fe3a-4b84-b613-c389d654fc18
WRITE 2804 d09d4397-c60b-4094-94f0-3b36bf164b43
READ 4877
WRITE 2053 39868890-5c67-433c-b569-768744b42476
READ 8716
WRITE 3292 ea027878-27bf-422f-ade7-04c029e8da1b
WRITE 6982 84f69b44-7436-48c4-a124-3a33e1d70b56
READ 9108
READ 5111
WRITE 9899 6003e90b-1c77-4d61-bd3b-35a6eaae2d1e
WRITE 8625 5cc5fcc6-019a-4c1b-94c0-5a8a3abec28f
READ 2472
WRITE 0293 6ba06f74-d842-4648-b93d-1dd2629f4414
WRITE 8736 d1e7dea6-17b4-485c-b483-b357c9dbc628
WRITE 8020 b7c1cf4f-71da-4310-a506-e3ff69eb73f3
READ 5521
READ 1277
READ 6653
READ 8738
READ 1502
READ 1877
READ 7390
READ 0036
WRITE 4295 151ebf19-155c-4be8-a0ec-9458cf5471ef
WRITE 4514 054bf485-47d3-4cbb-a324-e1eafc9adeb2
READ 4170
WRITE 1293 a22ad766-6daa-4ec2-91ce-3736f3cb2428
WRITE 2900 3ba933fa-f5d6-4073-8c55-0659cf7c3a0e
WRITE 8743 e70d8f9f-9f1d-4292-b9df-e43cca5065ac
READ 8306
READ 8045
READ 7333
WRITE 4089 8263fc49-5adc-4709-b075-28d9caf5d772
READ 8005
WRITE 1064 4cf165aa-439e-4b5a-bd82-0fb15a8118ce
READ 9794
READ 2409
WRITE 3483 f7700d12-42ee-43d7-8779-7cf3fd20097d
WRITE 0392 2cbffb2d-4654-445b-b91c-24085dd64c12
READ 4223
READ 9455
READ 4431
READ 9135
WRITE 6186 42f84ff2-d778-457d-a8b7-1f7c834dccb1
READ 3962
READ 4608
READ 5062
WRITE 1422 39850970-efcd-4705-a37e-572b1937c9aa
WRITE 2052 f2b377fc-5e79-4c68-ae8b-f9a539706969
READ 7042
READ 3848
WRITE 6092 c2ca37c4-1e0b-480c-a541-ff87e079643b
READ 5880
READ 1278
READ 2132
WRITE 4805 30953044-8a7e-464f-92fe-3e6f23bb4a50
READ 6066
WRITE 6671 899aed4d-a479-42ce-99e6-4d0c85e23dc1
READ 8902
READ 9244
READ 2103
WRITE 6763 ac61c908-d0c5-474c-8d75-9634ad4394eb
READ 8520
WRITE 6168 ba975ce4-c6bc-42d6-8eb2-2ec5802d79c0
WRITE 2218 aba91c01-baef-4ea4-87a1-f06e77eafc4f
WRITE 7754 ffcf6fff-2e57-4813-87fe-2a2bf6fe522b
READ 0569
WRITE 3624 aa16149f-7533-4916-8402-b4b6a8111d08
WRITE 9398 a7ef9dc4-35ee-4f6b-9da4-3e4abab2f513
WRITE 8533 11670de8-38fb-40fd-8184-51fae809848f
READ 6266
WRITE 2615 832a95ec-ec54-4154-baa5-1276362a3916
READ 4780
READ 8486
WRITE 1495 6d07bfb9-90c2-48af-9a7a-4161fa79450b
READ 9595
READ 4260
WRITE 3334 5c1927c9-a7ab-4304-bcd7-51f8241ceadd
READ 5459
READ 4669
READ 9291
READ 0277
WRITE 5977 28b8abad-df2b-4258-ba33-e502df56de30
WRITE 2106 d013b7d8-23bf-4ad0-89d7-252f81c70623
READ 8111
WRITE 8444 fffd8912-f8d1-452d-80fc-b001ec3eaa8e
READ 2228
READ 8825
READ 6807
WRITE 8761 bd2fa097-55f3-41a2-9d4a-1a317f835301
READ 2120
READ 2804
WRITE 3627 25888c55-6743-42ec-a4f9-640e44b24880
READ 8458
READ 8057
READ 8809
READ 1431
WRITE 2374 f8c7ca63-1109-4f74-aa31-f389750f359a
READ 8380
READ 6743
READ 8548
READ 7020
READ 0050
READ 3039
WRITE 8224 0a15c3d3-642b-4a58-909e-4ddefad07707
WRITE 8704 78e72f9e-ae53-4e86-b9f8-85ab0f18e9bb
READ 0520
READ 9736
READ 7003
READ 7732
WRITE 2382 a62cb4f2-9189-401c-9abc-575790d16177
READ 3008
WRITE 2391 b434da2d-923f-430b-bfb5-af7422fdac32
WRITE 3490 3092bc7a-0f99-49ea-adfc-a375d4add737
READ 4173
WRITE 3829 43f750b2-8cea-47e1-ae54-7473d45fb457
WRITE 6901 9bad84df-b724-4196-a7dd-665d2e2921c2
READ 1919
READ 3245
WRITE 0026 ebdaf414-0f00-43d1-b952-c2ad4bd271ab
WRITE 4898 0d32cd10-9043-4d34-9bd8-96b4064f5e53
READ 6972
READ 2944
READ 2924
WRITE 9493 35720401-7898-4589-8b0e-a7f4338e78a8
WRITE 5801 adf6e721-c924-4a44-86d1-a43533fc28a2
READ 6606
READ 4852
WRITE 8815 10e12ad7-32b1-43e4-b4c1-2174ed66d885
READ 0619
READ 4027
READ 0844
WRITE 3343 36429bd7-a852-43ad-9a1f-730c74b58677
WRITE 4070 6dbc671d-6c0b-4356-b6cd-609cdde87c27
READ 1012
WRITE 1689 63d5fbed-c754-467d-9af4-002b7e69494d
WRITE 3242 e6bf7365-f472-40d6-9904-880b2e3db98a
WRITE 2057 e4c4d604-e22b-4f7a-886c-c0f0124a7752
READ 2536
WRITE 3703 c53d9f8c-46e8-4b03-b811-cf134da22e6d
READ 6755
WRITE 9902 6cedaa5d-7256-476b-81e1-6fb47a37e8ed
WRITE 9444 38277743-0d19-48ce-acf1-8df4a44a2eaf
WRITE 8246 676f4c37-87f8-4c9d-838f-f83ff4e14a31
READ 7450
READ 8303
READ 8415
WRITE 5705 5363d738-3525-4ff4-9f53-69bb72880b9b
WRITE 3714 a6f0f10f-7c49-4e60-a478-da274d84b9f2
WRITE 9704 aa6fd261-b518-4f21-a0b1-7fc1ae74ff33
READ 9215
READ 3489
WRITE 2426 b76bb5ed-141b-4c47-976d-8f465dafa891
READ 6327
READ 7369
WRITE 7288 89535b6e-ba2a-4a2f-b1a7-60822e5ac724
READ 4113
READ 4903
READ 2893
READ 8019
READ 9742
READ 2882
WRITE 0678 5bd67fea-7ea5-4395-9067-ef2bf83025e6
WRITE 9975 fc08971f-b2cb-43d5-9c10-cbc7d3b2b23a
WRITE 0815 b5becf1e-310e-401e-b9f1-bcea7453b832
READ 8895
WRITE 3963 48133bbf-954d-4b59-8c75-e07fb9cee0f5
WRITE 3189 9a185b7b-01e1-43a6-920c-9d4f13f6c157
READ 7176
WRITE 8203 d4a30a40-735f-43d0-83db-e4ca021821fc
WRITE 1661 af3c1c4f-51a8-4347-9253-d8068bac6dd7
READ 8027
READ 1235
WRITE 5573 4107ee9b-c064-4000-9e20-557697bd003c
WRITE 9285 7952cde8-bd7f-4baf-90fb-688dc4e45ef5
READ 7222
WRITE 1481 2a181b7c-23d2-45c2-acef-976912bab624
READ 9977
WRITE 1389 9d57984c-1c75-4f4d-9dcc-7b39975347cf
WRITE 1754 284409c1-b8ae-46aa-a15f-67f075f72b13
READ 0537
WRITE 3875 6a770d04-676d-4352-a8ed-14633eaf79f2
WRITE 0241 b129ae25-e4fc-4d43-94f0-bbbe7515aac0
WRITE 2694 c9812d5b-bfd1-4c1b-9fad-ed5fe1147f18
WRITE 6708 97f4b7d0-d982-4dad-9d43-965650de3d3f
READ 1507
WRITE 0224 bab11729-f997-4ffa-b453-0a368f4a78e6
READ 1021
WRITE 6373 aec78cb1-1294-41ee-a180-ce7f8e99357f
WRITE 6427 2afee34b-299d-41db-841d-db77dfa4cd7b
READ 2321
READ 6124
READ 2012
READ 4707
READ 1444
WRITE 3005 7f61f4ea-a2c0-4113-b407-a3243f8c31f2
READ 8922
READ 9903
WRITE 9626 f04306db-42dd-47ae-9020-965b1524badf
WRITE 3083 0ca244be-df8e-4211-8fb1-12422158d695
READ 0790
WRITE 8745 6927bfd0-176b-4ee3-ac29-92b2ca4687fb
READ 2274
WRITE 0584 96392c4a-2024-4c7f-9beb-29ad57e3d229
WRITE 1973 7af9673d-8aa4-4e12-b916-545e57591ef2
WRITE 3165 7b2b76a7-76df-4cb5-9a23-15a5773fab1b
READ 7398
READ 7519
READ 0033
WRITE 3465 eb71b0a6-c122-4aac-943d-9cc797985fdf
WRITE 7868 f2609d45-64f7-4cd5-9424-69afeb521a86
READ 8396
READ 5358
READ 1727
READ 3924
READ 9260
WRITE 3789 b3f01829-5308-45e0-97cc-441287ccc654
READ 6532
WRITE 3335 40b12a65-977b-487c-ba84-c19574033a29
READ 0295
WRITE 6718 800be0c5-cc6e-4eed-b1d6-279d1b617f50
READ 5169
WRITE 0121 7ace8bd6-174a-4723-8b88-0618036e8e17
WRITE 7342 b9381a29-4953-4701-96cf-05ddbbe74016
WRITE 1778 975d548b-bc08-4a21-b770-1237127faaaf
WRITE 5083 8c399e7f-e340-4c02-a98a-3b541987ea96
WRITE 4885 76467f60-1ebb-4f81-a74d-b1112af32ba6
WRITE 2512 3f2cad0d-6572-47fe-a1c7-23d39f6723d6
WRITE 0613 786162e3-4adc-4a5d-8485-a5b5687e957c
READ 0032
WRITE 6327 28243140-bc28-4018-ab9e-da387816e19a
WRITE 0405 f5ea500f-165b-4a51-b130-84c9c6d57c94
WRITE 0502 46e93817-5dee-4d9e-9f30-e85f034c8d5b
WRITE 8185 5959f06e-0ea4-43fd-9035-06f190493591
READ 7239
WRITE 5955 c3268f72-6fb4-49ee-902c-90295f38c907
WRITE 6696 3128d74f-5f8d-43b4-a686-f9c8e5a5dd60
READ 6019
WRITE 7643 e47ae2b0-faa8-44aa-91d6-7bcbc2b4efc9
READ 3029
READ 2440
READ 5658
WRITE 1650 f8af61c3-d25a-44fa-ab16-247b76b31155
WRITE 1795 a4580bff-5817-4342-9e1e-c7ef798a6ff2
WRITE 3121 4e7cd2d4-1c45-48e7-97ee-d6f4d54b1473
WRITE 3766 fa543e63-149f-4da0-920e-bed2b169a8ab
WRITE 2996 5cce2434-5b7d-44bd-a4dc-80fa5a78f20c
READ 2231
READ 3759
READ 0006
WRITE 9312 70411c4f-3585-416a-b04a-358f3b766d1d
READ 9794
READ 2242
WRITE 4076 7f2dd006-5023-436f-85b7-0eedf58048de
READ 7390
WRITE 0808 445b7411-b8cf-4b8e-98c6-9904c6afaee9
WRITE 6950 97605fba-29e3-4e2a-b09a-0e15aa5535f4
READ 3083
READ 4894
WRITE 3780 43b63586-026a-4d04-bbb1-816b7f0a8e7f
READ 2702
WRITE 2977 8335eccd-a026-4a6a-baf1-cd183e9950c2
WRITE 6665 7734adbc-5b8a-485d-a0b6-924727d7ece8
READ 1286
READ 2472
WRITE 1934 48778ac6-31c4-45ea-bc9a-47629b74eb5a
READ 5597
READ 1155
READ 0276
READ 7720
READ 6403
WRITE 0013 a66631e0-80c7-4859-a719-c6aee8f0b938
WRITE 5745 7cc0975a-d71b-4a00-b7a4-b816fe538b1b
READ 2190
WRITE 2983 1d02090b-10de-46ab-8125-ffc7cea6bc7f
READ 4860
READ 9975
READ 1992
WRITE 8916 b009ec0b-fa2a-4e7c-b13c-beb698a2e59d
WRITE 5344 a3e0c0a5-f427-41c1-94e4-333d8a4ba253
READ 9962
WRITE 8692 151e9ba6-5776-48a1-965a-eab12fc659d4
WRITE 0441 954a85c2-4dbf-4d9d-bfdd-7d6d07cc7d7d
READ 3732
WRITE 4399 4d5017f0-1621-47c6-a448-a784090fd364
READ 3076
READ 1256
WRITE 9140 c989c354-ee17-468e-8998-1e2f165ee566
WRITE 5101 5b9043fe-1036-46e2-a367-7d72af5d8c5a
WRITE 7326 4873b809-dd2c-4dc0-9376-84fa10d7d3c2
WRITE 1028 27ff7de3-9106-4cdd-98d1-06f53446b476
READ 0767
WRITE 9620 7017272c-c232-4a42-a8ec-784f7cd5362a
READ 2290
WRITE 1357 c6542875-fbdd-441d-8907-0963e357e9ec
READ 3758
READ 1205
WRITE 2046 dd688fd5-410c-470b-b527-542f946ea809
WRITE 5501 b5eadd34-6211-4b6a-a468-f07cec855cc3
WRITE 1638 05aeb87b-4d4e-4071-82c8-16ec4020b85b
READ 7472
READ 9830
READ 9278
WRITE 8067 63f07d70-c84d-4a7b-aa5a-e498c16e8178
WRITE 3499 f093a003-8506-4ba2-a858-a7bf3b303342
READ 2092
READ 8722
WRITE 4393 fc17f38e-bf4b-4e7a-8364-24b06a5292c0
READ 4040
READ 8117
WRITE 7129 8342ddbb-c700-426e-a7b1-b72b14424ccc
READ 1982
WRITE 1074 933964c4-29ed-4684-b9f9-e0a4c0353a9e
WRITE 9784 ae2c1af8-6de0-4989-9bd8-8277e895be73
READ 3754
WRITE 9411 c3d148b2-f615-49fe-a146-fbff97818782
READ 1823
WRITE 7558 adc0b114-f1f5-4e4c-8be5-c67c0a03956a
READ 8254
READ 7083
WRITE 2045 00d73fa9-81b3-40d3-9be6-211001c3b385
READ 0654
READ 1463
WRITE 9681 e4d58f8f-9248-4327-a902-cc162757a9f0
READ 4143
WRITE 9274 d2e342ba-d489-453d-8cf5-bfa1f5a27160
WRITE 6409 e9d76563-f6e2-4dd1-8ef3-941d465a699d
READ 6712
WRITE 3663 8f8f8145-b698-4152-9842-ba507b3b53ee
READ 4354
WRITE 1689 73e5569c-44b5-403b-91d9-28f67cc54d8e
READ 9650
WRITE 8145 a2c70418-ca0d-4ff8-aba1-d85ed95ea583
READ 4894
READ 8277
READ 2886
READ 1815
WRITE 5520 4b4ec8dd-ae9a-4deb-af39-9fd4b03fb0e7
WRITE 5077 525d8ff2-71ec-4e08-b2d4-49b95d3b2d03
WRITE 2142 1862a0fb-3a79-471e-b379-e847eb228f1a
READ 3399
READ 6648
WRITE 8204 223ddfde-df1a-4cf2-8c1a-46b3bdb0d410
READ 4036
READ 3810
READ 1213
WRITE 6643 acc7785a-248d-4af6-a588-c3fc2994d3b6
WRITE 1964 c966cd92-944e-4afc-b329-54644786cda2
READ 4714
READ 7336
WRITE 1665 1b85a223-c4d8-4d1e-8b79-4a5412d0d145
READ 4975
READ 8409
READ 3929
WRITE 2860 f5a885c2-f8fc-43f5-86a1-797c094afc76
READ 2316
READ 3035
READ 4459
READ 4746
WRITE 5569 4f84ab1c-c99b-45a2-845d-86668f26e5ea
WRITE 3584 19f088af-4481-4f0d-ba30-890261a2b05b
WRITE 4317 cdc03ddf-ae9c-4e64-9dd1-52eb8a3b9234
READ 7733
READ 3934
WRITE 9795 4e6ce0e4-60da-4d2a-b4d9-92ff83c86b5a
READ 7129
WRITE 6581 cd9d5ff8-937c-4118-bdd2-22910f385a30
WRITE 8964 f266530d-f33b-44a1-a249-6956375a4fbc
READ 2428
WRITE 4623 34712a37-7caa-4bc0-9dec-6378dd934b30
READ 7426
READ 2226
READ 8621
WRITE 0147 ba6acae4-b31c-4227-8955-83de7520c97e
WRITE 1382 875abbb7-c1e8-4227-940f-8b8ef2299e5d
READ 3446
READ 7783
WRITE 0013 50df8fda-7600-4746-bd97-bba482f088ad
READ 5926
READ 2224
READ 4498
READ 0940
WRITE 9549 40ea59e9-6cfe-43de-9536-84ad35cfa731
WRITE 1100 9aee0342-092f-4142-8fff-ba62f77cf5ae
WRITE 6971 431d36cf-abb5-4a1f-977b-13f75e1279d3
WRITE 5010 b714bc2b-5517-42ff-b63d-da3333ae17b7
READ 1192
WRITE 8156 65068cbd-f18d-4e2a-93db-c6ac8df01fa5
READ 7205
READ 4032
WRITE 5153 b4e2f656-11d4-4a7b-8275-2ebdf1d3b854
WRITE 3823 92bfc03f-3b62-470f-9301-00cf586aaa02
WRITE 5263 c3272033-b2f7-4eeb-a756-1897f6de8a60
WRITE 1915 69b4cbda-41a5-4582-8dc3-32d4c694cdaf
READ 1587
READ 5856
READ 4987
WRITE 6179 fa8107fd-c2b6-4d20-91d7-f6f5371125a2
WRITE 5946 6aec4211-051e-4438-96e7-4efea2536c90
READ 3287
READ 3693
READ 1284
READ 8804
READ 6850
READ 1550
READ 4975
READ 8465
WRITE 4019 cfda6b2f-c4ee-4f99-9cb5-4fa1e3eabe84
WRITE 3195 fa35c4bf-7e2d-46d2-9bab-27da425aec41
WRITE 7164 983c619f-efeb-4bf2-999c-952626b72a31
READ 4794
READ 8369
READ 5683
READ 9736
WRITE 0094 db8a2b73-5d85-43bc-9953-1365b681db54
READ 5779
READ 3290
READ 0701
READ 8752
WRITE 1703 444e7942-47c7-49e9-9f49-d72ada837ce7
READ 9065
READ 8190
WRITE 3169 da4cb98a-80f7-462a-8233-1f2c86f9c0a7
WRITE 2033 f1349c1f-1fe6-4a5d-83e7-a2a83e7a52f4
WRITE 2502 552ec034-d6fc-4e0c-a6cd-bb776f2d3e66
WRITE 6054 2f68e78e-d3d8-4c84-ac7f-820fe81f851e
WRITE 1881 5a72d1dd-ade6-4674-a99a-187577e97a1c
WRITE 8644 e0efe592-5313-4fbc-86d2-897c1fdfec5f
READ 8563
WRITE 1876 5e851764-66bc-4453-a6bc-c1bd2eb405ef
READ 7994
READ 8438
WRITE 5989 ee4972be-33fe-4db9-af39-fd39ed156446
WRITE 8971 d2c2cf60-6d86-44e2-b9fc-5eee5fc8d46c
WRITE 0579 1f8c24c8-3ee6-4ba7-b03d-b1d3831b969e
WRITE 6073 89ca99b8-6858-4248-bf6c-fa7bd74e9d58
WRITE 8499 0aaed597-bf1c-4c13-81c2-f8a69e855c75
READ 8573
WRITE 1677 b45bc7bb-7d9f-4752-a702-e1974b3d2f87
WRITE 7111 50bf3352-167e-42e7-a8b1-142bcfb4a794
READ 5548
READ 6502
READ 1235
READ 2649
READ 4405
READ 3935
READ 6493
READ 7278
WRITE 3588 7c39fa4d-3157-46c1-819c-f6ec1b2085ea
WRITE 3218 80aef0e6-b9fe-4140-8c22-cde703606bce
WRITE 0230 dc3bba70-c37f-42ef-8685-cc1a03da60ba
WRITE 7192 78879fa8-8da0-4418-b8a1-9f12f0e8e59f
READ 9834
READ 9952
WRITE 0503 152770a4-1cfe-4616-85a0-1f10fc98cd9a
WRITE 1931 57a21207-c891-461e-a71c-1b625d43f98f
READ 8682
READ 8599
READ 7569
WRITE 2582 532de604-f431-4c03-91a2-777705d68b59
READ 5914
READ 5690
WRITE 9596 9bdc6563-81f8-43d9-94b6-543f4cc4f074
READ 6202
WRITE 1034 383da877-1749-4506-a8c1-dcd12cbd7bd0
READ 2431
READ 9678
READ 9186
READ 6912
READ 7566
WRITE 3515 1ea8802c-5342-4fd4-bd82-c4347fe9a286
READ 6177
READ 0033
READ 8430
WRITE 6367 83f37407-b66b-48b2-a926-a438a456770d
WRITE 3403 686b640e-7f69-43fa-8ce5-c849e6103d5b
READ 7278
WRITE 7495 c5d61469-c40d-4577-bdcf-9335ce7e9f09
READ 5723
WRITE 0743 dca9d301-1884-4215-92d6-1df9604031eb
WRITE 9150 e8b110e0-0907-464f-ad97-b5ef8e03768d
READ 3865
READ 0393
WRITE 7303 ee975887-d0a8-476c-97be-3de0a42fceee
WRITE 3176 3fbd3b7a-c8b7-4450-934b-71ca6e524253
WRITE 3799 f25c970a-e895-483d-b287-b073c3d69ca2
WRITE 7147 da34fbde-acd5-445d-aea4-5999500ec85a
READ 2025
WRITE 7026 ee20720c-3079-4292-a3cf-806e3171d83a
WRITE 2433 433fb934-4b2d-4b29-aa9c-c631514280f5
WRITE 4557 6cfb8db3-98b1-4838-b367-69e0d5489a3a
READ 2755
WRITE 6255 51dc1d60-1053-4c85-ac35-2e664684777f
WRITE 6449 e58d7b3e-3187-418d-96cc-66353193e85b
READ 7826
READ 1960
WRITE 2308 04c37444-1815-4b81-ac88-1fd1ac254058
WRITE 7694 8156e23c-7c7e-4b53-8cf8-f479bcd05bd7
READ 5016
READ 3284
WRITE 1497 582d8cc2-8371-4d27-a84f-1dbcf4ec9ca9
WRITE 6120 a32f9207-ae1b-4379-b244-d6cc468ba424
WRITE 6094 df31fb0a-0a69-4652-9ec8-081a46dda89b
READ 7172
WRITE 7873 b8c780bf-1948-497c-87db-a8e88cb933cd
WRITE 4696 cc6e4c4f-2af8-4501-9b12-466356593c68
READ 9211
WRITE 8702 4bf45903-1b2b-4d51-9d13-a94c6cf52503
READ 4348
READ 4711
READ 3967
WRITE 4402 dafbfe27-0acc-49b3-857f-a9a5c106e7fc
WRITE 3603 b9f39afe-4098-4d99-ad57-1279925d517d
READ 2887
WRITE 2983 20ff5c92-30d5-434c-918a-8ccff7d04ea1
READ 9113
WRITE 0985 a23fe2e0-3406-4e08-ae7d-03afd9133631
READ 4045
READ 1477
WRITE 7225 f6fe0920-2037-42d8-8c2a-cab9c4285fff
READ 7734
READ 1958
READ 0998
WRITE 2229 cca4d8eb-c271-4534-9d81-1932977b7ae4
WRITE 8497 3ada67d6-9050-4bfa-9b63-fe5b5bd35f9e
WRITE 3743 a376e6d9-bec3-44a4-8130-cca259062991
READ 5217
READ 5435
WRITE 9117 7e116120-7ccb-4c13-b0e0-2fd65efa9f5c
WRITE 4219 c576f68b-ac50-45b2-98f4-49355a1d9127
WRITE 5094 b10d333e-734c-434e-9efe-0ed77089a107
WRITE 7529 b20a2b5c-ec25-4cfd-b656-7e612967782e
READ 2326
WRITE 3959 4c41765f-2836-4dc1-aaf3-d5660642d8a6
WRITE 3420 1993b600-06ca-4860-b3a6-5dc4cffeca5e
WRITE 6493 3e1216d4-8e45-449a-9066-009a2c18fbde
READ 6689
READ 8379
READ 5850
READ 9612
WRITE 2229 8a5d47a7-63df-4768-81d7-91f18980d793
READ 7863
READ 9028
WRITE 4239 f384870e-738b-4540-aedd-fea0798a53ac
WRITE 8016 787c4455-d285-43c4-9fd5-89046f66cfdf
READ 4733
WRITE 5147 99b2abb6-03bb-4087-89a5-d2486fd71498
READ 7131
READ 4264
READ 1942
READ 7921
READ 2819
WRITE 7170 5513be46-10ef-4874-85dc-39408f08ab2c
READ 0783
READ 9504
READ 1077
READ 7365
WRITE 0050 6de584f9-576f-4382-ae50-347dd29dc9e7
WRITE 1588 3797400d-de6a-4053-aee4-8a5fa9a7ab1b
READ 9344
WRITE 6484 20fbe080-1211-4858-8ea5-2ac217ce68d7
READ 4728
READ 4036
READ 1677
WRITE 4812 190800b3-0e43-4426-be12-b71bc99ff987
WRITE 7627 9261d7ae-65df-49e5-b652-d210f658add1
WRITE 1978 ac6fd7e9-f17d-458c-b033-368d67c3ea0f
WRITE 4393 18135aae-b3e3-44e4-9258-9ca4d050c768
WRITE 2073 3929ae21-18ae-459d-b2da-86dba1eb25dc
WRITE 3398 df553b19-a0ee-4208-9cf1-4c6adcf0003c
READ 2071
WRITE 3033 db54d618-6cee-4357-a52b-cb34186752b7
WRITE 4880 c1c77527-15c4-4ec0-8776-f77344b7367d
READ 2510
READ 4765
READ 7446
READ 2547
WRITE 5172 84f85229-7ee9-4931-854c-dc3cef1f2c56
WRITE 0028 e910ff72-50fb-4b10-a616-ab4ab6788c5d
READ 0339
READ 3250
READ 4335
WRITE 7845 10d73ff3-5e7e-4367-abe7-ef3fb718f55d
READ 6775
WRITE 2701 20b6f9cd-e89b-42be-bc14-c0822331e46b
WRITE 9254 3200b749-a406-43f5-b65b-58ba0ae8edf7
READ 2105
READ 4775
WRITE 0528 6c3e649d-fa3d-4ab3-aa0e-cc898bcb0960
READ 0567
READ 3188
READ 5639
READ 3777
WRITE 5469 37900b26-424e-4c35-bc22-6fa866c7e1b8
READ 1966
READ 7906
READ 8591
WRITE 4015 e97ab3c8-bb8c-4cf7-85d4-52ca3414e45c
WRITE 8900 68be9f0f-6e35-4125-b5af-adecfdcb298c
READ 2508
READ 9703
READ 9458
WRITE 3976 2e6f54f2-c5e3-477f-8491-65dba82d9914
READ 4056
READ 2988
WRITE 4192 0b5783fc-3615-458d-9961-425f3b6545f2
WRITE 2758 fd55e7a7-7e36-4a33-9ca5-cec76aba470b
READ 5791
WRITE 2749 4ab71623-e98d-4d76-adc6-92f94d4c5b0c
WRITE 9452 9da84aa2-dd69-471a-97ce-8689e5e65c54
READ 0897
WRITE 6200 47363fa4-41f2-4fa6-9722-4773398a789f
READ 4257
READ 1529
READ 0680
READ 0465
WRITE 3251 434e6bed-22e1-4498-af25-aae5794f43d7
READ 1446
WRITE 6464 85d2571c-e3f0-4cd7-ad20-177a90500c89
READ 0446
READ 8128
READ 6838
READ 6045
WRITE 8333 666bf784-663e-4128-a09a-31a99f3c25c9
READ 5046
WRITE 2866 c157ff94-e76d-4ead-95a0-48b66c828d67
WRITE 8584 165f2cf3-a9f2-4e54-a96a-38652bfc401e
READ 3132
READ 5156
READ 2280
READ 6101
WRITE 1509 57187811-46ce-4995-b5e1-13ad225c4a4a
READ 6468
READ 3349
WRITE 6458 cc86c622-1165-4dda-beaa-2de7dca8bd17
WRITE 5192 cde6d9f6-24a3-4ae7-84b4-84f516974f89
WRITE 6437 7c7584b3-f9db-47bb-a898-bfcea903b06a
WRITE 0352 977f19c3-e09e-4cd2-aafc-4dd2aecdf460
READ 0066
READ 5894
WRITE 8550 83dd1fba-7165-4385-9dff-ea7a361be0c8
WRITE 7335 7999ca3b-dd4e-46bd-9b4d-b40c4f6a361a
READ 5318
READ 7357
WRITE 6008 33d7e09d-4761-48a7-9b3d-b01ff879b0eb
WRITE 1697 cc2cb1a0-ca7a-44f7-882b-b70529085e00
READ 5519
READ 2228
WRITE 4297 31456d13-1ff6-468d-92fb-b852d998803b
READ 0201
READ 4640
WRITE 3034 210aeaa2-d239-4f69-953a-b4edf08777f3
WRITE 0254 cdaa588f-b8a9-42b8-ab1b-d3fa5b7f9aef
READ 5720
READ 2915
WRITE 2827 9cc9d429-6707-449c-8856-2201d9c19755
WRITE 4778 54e4de68-9b77-4483-8c1a-53b285e10e1a
WRITE 6588 2a49628f-670c-47d0-8908-60fdcfb2a3e0
READ 0477
READ 0368
READ 5576
READ 6029
WRITE 1784 f9dcc2d2-a6b0-43d2-ac24-f9bf697f323c
WRITE 8610 21545139-fb9a-425c-abe9-c97cff9a5000
WRITE 6755 a3aa28c3-412f-4ed3-af0f-3d3abdc4ee59
READ 7036
READ 0930
WRITE 5069 9ac67278-69be-4cc1-8ce5-80cbd7ada91f
WRITE 0200 dff04965-d873-49e3-b89d-8ed7f599288c
WRITE 6276 19aad1da-467f-4e33-826b-08b518287a09
READ 1354
READ 5327
READ 1103
READ 3337
READ 2092
WRITE 2819 ecc3b901-a03c-43b6-9e24-ae322029eaad
READ 1480
WRITE 6207 53885ead-a8e9-4fd1-80fa-b3e1e2a9931e
READ 9231
WRITE 2007 97be498f-8fa9-41e4-accc-5994573b2732
WRITE 7387 ca83fe29-0ee0-4426-aeb0-2e508f414e2d
READ 2360
WRITE 2764 49f04613-738d-439b-9c07-762acbda3417
WRITE 5350 ebf44513-a8db-498c-b51e-616f65302209
WRITE 0650 142bfcc2-97da-45ef-99e4-5cba82a0a03c
READ 1380
READ 6749
READ 3848
WRITE 9927 02bf727f-ad90-40fe-9fa4-0e1fb495b4e5
READ 1985
READ 4137
READ 2805
READ 7337
WRITE 9447 4a427c8d-6d1c-4c1d-b515-38f94cae847d
READ 0852
WRITE 7944 2da7f001-28d4-4798-b900-8a82d572f286
WRITE 7401 c780a1bb-68f2-4b47-b9e5-d41a434262da
WRITE 7141 0bce7599-0ccd-4404-b529-cf0e3daf9466
READ 1353
WRITE 3070 3e6f2b85-12d0-46f1-b83c-9b8fc5be3ebd
WRITE 5211 e1874805-ad47-4d1b-b670-050749cccb5c
WRITE 8927 4da953f4-0f65-40e5-a72a-0c6b1a37528e
READ 3072
READ 4702
WRITE 8462 7489270e-ac54-489f-8cad-c21bf61d19c9
READ 4589
READ 3261
READ 4141
READ 9998
WRITE 0344 d8f19a1c-c913-4a68-87e9-46c83b8337ea
WRITE 4419 5c0b7959-c003-4384-8e27-e133b93c2555
READ 2634
READ 3658
WRITE 3154 ba9e2aa9-b96b-42a2-b751-9a081983802e
WRITE 4910 9860337e-6829-4b16-980a-35b6ff43f73c
WRITE 0664 a8fce4d6-804e-40d7-bef8-0a6c31a1e550
WRITE 3037 424735f5-6faa-4479-82be-5fd14faad1c9
WRITE 3476 5b4935e9-2e46-4417-ae53-27d1c438b9b1
WRITE 7481 f47c9964-d482-4bf1-9f47-74e29b46360e
WRITE 5925 ea394524-c39b-4880-9655-0385a83d853e
WRITE 0694 9b2b183d-562c-44f4-9cff-103b6be54a0b
READ 7851
READ 0635
WRITE 0949 5f6c3b73-4ff9-4f05-b57f-5c4a4ab44996
READ 0614
WRITE 1936 13509280-7a5c-448d-9b57-06d1ea18673c
READ 8844
READ 3681
READ 5457
WRITE 8985 c3fc5c34-a3fa-4f73-9f3f-f97325c57aa1
WRITE 2637 997e6157-4a67-4010-80a7-6033d48bcad1
WRITE 1301 faa17519-9676-4cdb-929c-be307b5da8b9
WRITE 7625 2bcc0ebe-3ab1-4c7a-a8c8-7c1f974e3ab9
WRITE 9806 41042479-a06a-4d33-813b-5f831def73ee
READ 5962
READ 8632
WRITE 5584 778c68b1-b820-4e18-8d37-0fa87b38e55a
READ 5507
WRITE 6982 e5dc8f75-bb19-42a9-a7d4-3bd9ed791c83
WRITE 5354 1c204c1b-2c24-49f3-900d-50fd5330f00e
WRITE 4553 74878e93-738d-4b9f-a3c4-d752b41c63ad
READ 0290
WRITE 4164 33d8aed1-b860-4b06-9f8a-5a478d465132
READ 5596
WRITE 7937 4c7cf1e7-ae00-499e-901d-44ec9447b532
READ 9458
READ 5931
READ 4613
WRITE 7739 2c18d362-920f-4154-8bb5-b181cd537464
READ 2957
READ 2705
READ 3492
WRITE 7548 c2202833-8d59-4ac9-8a3a-075ab275c0c8
READ 3486
WRITE 3432 de409059-5134-4df8-bc87-0588c57356a7
READ 1986
READ 3359
READ 0212
WRITE 6503 25fdc901-1c5e-434d-a095-7d451bc4aa9e
READ 6444
WRITE 8796 e635869e-8dfa-4c0d-b469-eae0cd72bcb7
READ 2056
WRITE 1704 25cf0b5c-20f0-4b4c-8615-a88726221520
READ 0736
READ 8650
WRITE 0402 f1f37122-626d-42b2-985d-543375561a89
READ 9992
READ 3698
READ 8520
WRITE 4400 a2a4c7b4-1883-4f1a-8749-43304057a0ba
READ 1048
READ 4189
WRITE 4823 ed45f2c9-0caf-49b1-afa0-92b88dc51652
WRITE 1601 183764ab-09c5-49a4-bd9d-6b39442e68f3
READ 2217
READ 1749
WRITE 1711 0f833e89-3d9a-41c1-b630-cb1043fd0f60
READ 6928
WRITE 9231 b4b01926-7374-44d1-9eb2-80e0aeb68828
READ 7436
WRITE 1075 4380d3f7-8431-4597-a594-a9fc8667e5c5
WRITE 3283 fd02a094-9502-447c-90b0-82d282cd64c5
WRITE 1047 08e95ded-db20-4aac-898a-4bc30b1862bd
READ 9873
READ 4704
WRITE 3772 796bffe9-b4a3-49c1-9c83-a17405d873ea
WRITE 7929 91027b54-fbdb-4957-8a26-043a95778f17
WRITE 0153 6850d093-935b-46b6-8a43-e6490f5998ca
READ 8769
WRITE 4956 a45173aa-45e0-454b-849d-f99978b7196d
WRITE 6423 307d6e6f-1bd1-4496-acf1-5199e23367d5
READ 8137
READ 1903
READ 2170
WRITE 5053 a3112a48-c91e-46a1-9826-e235a7ec0b78
WRITE 4707 239d163c-8850-4383-b764-79645669ad65
READ 1080
READ 6090
READ 9360
WRITE 1072 e2a2482e-fe1a-4326-a688-cee8c21c0b1b
READ 6369
READ 5548
WRITE 5396 af692991-e5a2-4a89-946a-1c9192d26156
WRITE 8238 f189c5a2-8170-4fe7-aae1-4ba5ed07a3c3
WRITE 6080 507326e1-bb66-4fbf-89c9-2dd87f4d28db
READ 2562
WRITE 9263 d4f0450e-7e50-4faf-a855-c9ff08a752f7
READ 2140
WRITE 2798 c77c8a34-3aea-4f5f-9673-65d114b6d479
WRITE 4562 316b84ee-c812-4dee-8e70-d44fe49574a9
READ 3816
WRITE 8628 92cc81a3-e009-497c-b125-de91aaf125a8
READ 6373
WRITE 6274 afc74fb6-8500-4d27-ac46-e754471ca2e2
WRITE 4499 fb8950d9-c3b9-4331-8040-0273355cd029
READ 8659
READ 9622
READ 8615
WRITE 4982 9f617aea-b9f3-422b-90d7-99c5e0de26eb
READ 7659
READ 6912
WRITE 2772 4190b64a-2c7c-4c35-9c70-683d0279e619
READ 3007
READ 6617
WRITE 9646 5957e747-ac4b-4e3e-a0e4-05aaabe9bbc8
READ 6879
READ 6167
READ 5239
WRITE 7010 908ff810-e5a4-4ea0-afb1-a23a2a05ec78
WRITE 1904 2dbe87b2-3aa8-4172-b6bb-d278b2e33cca
READ 0404
READ 3718
WRITE 1306 9272522b-db68-4925-b20b-f95b34cdcb6b
WRITE 1553 f5a11a1c-1599-411a-95d7-32d01a3ae5ec
WRITE 6768 0f6568d3-14fd-4294-b227-27c8afe9c003
WRITE 2716 93f2a191-ad24-477e-85e4-f81468d399f9
READ 8036
WRITE 9850 4ae0291f-b104-46ed-8885-76523dc412a9
READ 6277
READ 1759
READ 2670
WRITE 4586 a67531e1-4b40-4dac-b737-964b361a6fa9
READ 9668
WRITE 5173 accec05b-7191-4550-bd30-7d9b5886afd3
WRITE 4858 6e26f669-2fc0-4ba5-bb53-8441bd6d0808
WRITE 8828 662d5a11-6fd7-4f8a-b09d-f07d23a889be
READ 1525
READ 1597
WRITE 5847 4b97ec53-f6ba-4fdd-bc7f-8f4c597717d5
READ 1230
WRITE 2910 0f6184af-751d-4763-82ba-dda966b1ae67
WRITE 8943 b142384d-7de1-4d36-8a5b-aaf0b21c1dba
READ 1824
READ 8422
WRITE 3107 8875a0c2-dd9e-4111-ae2f-9b233aec6d5e
WRITE 9515 f6df79e7-c543-4d85-b960-7e2b23270f54
WRITE 6066 44a2e3f6-c96a-4ef0-b601-04207fd96e1e
READ 6121
WRITE 6554 ac02f070-b275-43f5-a333-d7f03700b2e6
WRITE 0458 f6546b8d-02ea-45ed-b51c-edadbbae59d7
READ 3335
WRITE 3355 e362c008-bbf0-4989-86ce-1fd529801ae6
WRITE 4066 e754aafd-8c9e-4f72-a644-9ed8332604ed
READ 6910
READ 0080
READ 3486
WRITE 3014 3aec59fd-445e-40a8-86ea-357f3fb5180b
WRITE 1013 6932c9c2-f449-4640-8955-96d617342ad2
READ 0714
WRITE 8066 25a97896-bc9c-420b-9221-cb9137baae86
WRITE 7642 4786fe22-2b31-46cd-879f-3223989091c7
READ 0954
READ 2773
WRITE 9594 d6988cee-8c9a-4f50-ba33-d1a0e22a0ea0
WRITE 4475 d00d94dc-0cda-4284-9b6a-cdd9262f09c7
READ 2750
WRITE 5129 6f5eb5bc-cbf8-49c2-ab6b-6fda3b3302bc
WRITE 2890 8ab333fb-67ba-403b-b25f-f35a505668eb
READ 0266
WRITE 9078 b5599a95-09e3-4b10-8bd9-bccdac108346
READ 1783
READ 1442
WRITE 9488 06bb0780-c5d5-4599-b122-c42f7e8978ed
WRITE 8875 e2fa7fe9-5d4c-497f-b43f-26888b282f00
READ 9708
READ 7397
WRITE 6212 0ff6a6bd-455b-4601-a4c7-be9f67e8956a
WRITE 5200 c28b5ba8-ceac-425a-a53b-50fba8270c05
READ 9039
WRITE 6482 c8671f0d-cc93-49f4-8083-93560b60457e
READ 8344
READ 7953
READ 5895
READ 9289
WRITE 6984 7ed90efa-5cbf-4cb7-951e-06457c072855
READ 7713
WRITE 5728 bc5b1937-0636-4945-bfee-23eb9d02e061
READ 2330
WRITE 5124 67160e88-84fb-43f0-9c56-11931cb9f787
READ 9722
WRITE 9955 f303fa12-e44d-4162-8b43-c1f2164a62c6
READ 0599
READ 1582
READ 2415
READ 8329
WRITE 9536 c581ede6-378c-4138-bd56-050affcb926b
WRITE 7048 2f3ad3be-c765-4092-bdff-0f3b498db58e
WRITE 5007 21d94367-73cd-4432-8749-f3242ac07c91
WRITE 1552 068eb686-7005-4e3c-bd43-cfe24d2ba6d5
WRITE 7200 00f74162-1ebd-420e-8d9d-f3b515012ba6
READ 1802
READ 8625
WRITE 4405 3c76556d-0d10-48d8-8194-bce40bfc69f3
WRITE 6837 d28dfbaa-b46e-46e4-b58e-32404f902b06
WRITE 7168 a1c8aeef-a792-49ef-89ab-280d234dd095
READ 2519
READ 0031
READ 0833
WRITE 1479 8e6d9d03-22e6-45e5-b3a1-0c9f4dc673b7
READ 0785
READ 3017
WRITE 2135 1e2e2bb4-bada-4d32-9a9a-626a38d13aaf
WRITE 9455 ba7deb97-a69b-4044-95f6-708fef42d81d
READ 7423
WRITE 9650 2316cf93-5d9b-4bae-896f-5666d8c3cbd9
WRITE 8813 a69d50be-214b-4bfd-8270-8dd1bcdf9651
WRITE 9801 bdb05bf0-f901-459d-a902-c65203c729c8
READ 1716
WRITE 0239 77eb9ba7-0e11-4da1-8986-0b30d2213cf8
READ 3813
READ 8088
READ 6484
WRITE 8506 b12ef13d-0122-4d36-9640-4df164d2596e
WRITE 1237 8ace3044-9e25-420a-927d-86876cb3c334
READ 1099
READ 2072
WRITE 6637 c6d651ce-cb9d-434c-87d4-bc60ea015d45
READ 3833
WRITE 5775 1dea26cc-e29f-4bd2-9945-9767640224e7
WRITE 1997 0e3deed8-4f5f-463f-b832-e54f1a2ae1ae
READ 9310
WRITE 7070 9c936b85-69d3-401c-b751-207d43ceba5a
WRITE 4056 d0be92f6-c3d1-4192-96c8-e3e3ec182b36
READ 0219
WRITE 2946 bc454267-5c22-4c44-ba6e-c02f77a114dd
WRITE 1926 f613e259-db2d-4b1c-88e2-1babbd32199e
READ 2960
READ 9249
READ 4517
READ 1812
READ 0881
WRITE 8199 86d57c1a-53ce-4cc6-a504-19036de9d4bb
READ 6780
READ 6157
WRITE 2995 f08bf519-379f-4ac6-940f-17afbd3768b3
READ 2057
READ 7362
READ 3110
WRITE 5662 a2893d0c-ac1d-4a6a-babb-a36ec9349f4c
READ 2314
READ 5952
READ 3057
WRITE 9002 18d3ccbc-7fb0-44ea-94fb-c020e12e8095
READ 4336
WRITE 6964 92a7c773-3319-4504-9d1f-bc73e45cb38b
WRITE 9570 556b7ef7-ca1a-4b36-8af0-6e3d637af471
WRITE 1804 5e0b01d7-d5b6-4a1c-b068-1fedd1babdc1
WRITE 8013 e9ccfa01-512e-43f4-8944-d9f091e49174
WRITE 6848 3d902eb4-aa02-45e4-9797-d8da0c4f9206
READ 9925
READ 0321
WRITE 5263 449217a0-4fec-47f4-8289-a5af7b7ce6f6
READ 1203
READ 2417
READ 1086
READ 1191
WRITE 2705 9a3a7af7-107e-4c89-ac9a-1363be89ef0e
READ 2647
READ 1221
READ 1108
READ 5100
WRITE 3459 fe1accd9-7d6c-4d41-9b73-1cddcdbce4e9
WRITE 0903 dd47f547-e2de-417a-9059-f654f3146e68
READ 7033
WRITE 8681 52c5b25e-1889-48e1-bd25-28742e17bfdd
WRITE 9051 b41c8c55-24e2-4f62-9251-79fdc3b69c8f
WRITE 2026 08853a32-1079-44ac-943c-b23d343b7927
WRITE 6376 e72aca2c-4325-4058-98f0-c1db3a056e3f
READ 6484
READ 9177
READ 3125
READ 6442
READ 1629
WRITE 6156 2acfe21e-7c4c-4268-9f22-4db349d00e33
READ 7720
WRITE 6348 b6573381-9627-42c8-8973-7826337d759c
READ 6065
WRITE 8572 00b7be14-99ab-4bcb-9610-0f28cb3f6f3e
READ 5289
WRITE 9149 1e21eebc-7e5c-41ea-8b01-4c6a8229e34d
WRITE 1270 7e27c9d1-e936-45c9-9b21-2f911d62b931
READ 9206
WRITE 2916 2aa9e478-2341-4a3d-bf52-5a301503f1af
WRITE 7332 1cae7e51-05b3-478a-b6e0-5e72b2eeff07
READ 3457
WRITE 5179 2072497a-a9ac-484b-99d7-9da56ba1f505
READ 3401
READ 1147
READ 0415
WRITE 3891 04cea5db-a255-4042-9840-bd2a6fb9435c
WRITE 9205 c5170b5f-86f8-4439-b60c-808cbf90d2a5
READ 7305
READ 2795
WRITE 7095 4db64456-4391-43f8-95ce-1ab674c613f3
WRITE 0193 69fea56f-1ac3-4206-a7cd-60c54f9d1dfb
WRITE 4956 7e9cf684-9f66-48c9-a441-a7defdfac9e6
WRITE 0559 9a864655-41ec-4240-b73a-3b3e8375cd12
WRITE 5782 66050f1e-4331-4a66-883d-5a47449c2240
READ 0588
WRITE 8644 cfd6f474-d526-4fce-ba24-4130e5fbcb79
READ 3554
WRITE 9208 44e4422e-57c2-4ae4-8426-5e9eccf89079
WRITE 0780 30295956-7cbe-4cb0-a323-439cab939477
READ 5899
READ 5950
WRITE 1163 6e4a7d3f-e309-424e-b2dd-f1d48498e8da
WRITE 5751 717d4e7a-5c8a-422d-8069-f361b073c99d
READ 4754
READ 3938
WRITE 0367 1104b38e-1c3b-431c-97df-a895f38dbfd1
READ 1326
READ 6637
WRITE 6406 b758e218-a0a2-430c-a10f-446eb466df24
WRITE 7970 a0ca54b1-da3a-4444-aaaf-e2fa43348f41
READ 7337
WRITE 8784 f7efee5a-bced-4b2a-87ed-bc706b021521
WRITE 2499 a7bea33b-14bc-4cad-98d9-4e8ffcafb947
READ 1027
WRITE 9346 470b57c6-4bf4-4d98-8781-1bdda226dd26
WRITE 7351 7a417eee-1a65-4c36-81cd-3b130e387bed
READ 8427
READ 0719
READ 4777
READ 4013
WRITE 5092 4d9b3022-09c0-4667-aa42-aafa23564cd2
READ 7590
WRITE 0581 d44013e0-79f8-4df3-b048-9b9e68503824
READ 2052
READ 6454
WRITE 4556 a7dbf30e-01aa-4107-9345-23811aab593e
WRITE 7723 c395f505-fefd-4818-b9eb-9522b54e84a0
READ 2389
WRITE 9886 5f3f9e8b-87e9-4269-bcca-c4dc8a925f67
WRITE 3331 c9e229f0-6829-4686-990a-0153cd68ad29
WRITE 1923 8ea072f0-b7dd-4083-9e42-bc07cba052f1
WRITE 8271 a1e11426-1ed6-400f-aeed-832e4ebef528
READ 5946
READ 0531
WRITE 6597 972fabbd-aa5a-4584-af3c-d80bb87aac39
WRITE 1360 6a978380-f26f-4b28-9b81-2cee1f99f6ed
WRITE 6362 e50de27a-cc25-4ab8-83df-1af7f26f34f1
WRITE 9301 78db10d2-b27f-4869-a2b5-bf6d29047d7f
READ 1682
READ 0828
READ 9534
WRITE 5206 9156e4ee-c1b5-4566-8d53-c99c7dc8ee07
READ 8273
READ 9936
WRITE 3415 921d6653-0336-48bd-ae75-e914b92fdf5f
READ 7941
READ 0847
READ 6118
WRITE 2793 52467091-afde-4832-8e24-b996eb26d32a
READ 9099
WRITE 0356 e1900b49-03c4-453e-be9e-701d0667a172
WRITE 5399 01c4ab76-6f58-4119-b979-247ec7995c79
READ 5032
READ 6652
READ 5225
READ 7437
WRITE 0376 561b0161-daf4-4ef2-946a-14f1020dea33
WRITE 6542 ede7950c-f1e2-4973-a795-d0e96351d5da
READ 4955
READ 2162
WRITE 7197 ea91348d-7e11-48ec-80ba-c7b7c6de73af
WRITE 1843 a37f17c0-3967-4ed0-8f64-a25a39179921
WRITE 0760 54a4e16a-c57e-498d-a896-222f79664af4
WRITE 0811 01ed72da-1823-4513-87ff-ec6d602d96e6
WRITE 3823 d063d8f1-a7c1-41a5-94ba-fc3f693b21d6
WRITE 9474 75d78d98-1110-4faa-adb7-771946e4113a
READ 1552
WRITE 6932 21076c0a-0a0d-4e2b-b10d-e0b69445e16e
WRITE 4672 b69f61b8-bba4-42e4-9e36-e960da5f25d4
WRITE 8204 d5451568-e4de-425b-ba7d-79da363233e0
READ 3332
WRITE 2041 1380830d-986d-4b4b-9d40-9acce0ee8d07
WRITE 1312 89ed9af6-d09a-48d9-a2b8-e05d011dd1f8
READ 0085
READ 6941
READ 9511
READ 2842
WRITE 5951 ac1007d7-38d9-447e-bf79-d005f8bdcd98
WRITE 3786 8b795adb-b714-4283-9e45-85dad7401b8b
READ 2636
WRITE 4922 7ac34ff0-0cb9-4eda-a607-820f3dca102f
READ 3100
WRITE 9403 6a09afdd-cb54-4a47-a0ff-fffd1d2064dd
READ 4756
READ 5589
READ 9387
READ 2436
READ 7509
READ 5014
READ 7614
WRITE 0178 c11b21dc-0d1c-4795-8457-7c35e3be9772
WRITE 2359 d15d3532-7675-420c-a335-5e004b8340ef
WRITE 9197 f4bd1835-452b-4e07-a8eb-af34f1c49b12
READ 7592
READ 8045
READ 1848
READ 1963
WRITE 2607 37d01e72-30c2-4589-8d97-016e457915bc
WRITE 2223 58467de6-8ed1-486c-a50f-d7a619f45bfb
WRITE 7302 4012cc40-de98-4c08-97f4-cdc0923038a6
WRITE 6993 a6a127a5-e396-4542-88ae-c4922857b0ab
WRITE 8767 73c79fa2-9ea9-4349-9743-1f2eb1de740b
READ 1851
READ 1243
READ 1329
READ 3740
WRITE 2977 ce709094-e571-41de-b82d-32aefd7ea4ae
WRITE 3367 89531e32-c340-469b-b455-0aa4707795a1
READ 5227
READ 0151
READ 6848
WRITE 1776 04f7f8a1-e3be-4e2f-b1a0-fe49d74e99f9
WRITE 2284 e8b99c73-6d0d-4cbe-9f5f-793a7e7514ca
WRITE 8514 0c26f3f3-ae2f-4ef7-b528-abd1871e8ab6
READ 2778
READ 4184
READ 8100
WRITE 4695 b4f65420-9d94-4d1a-9e5d-58d8d46c2953
WRITE 3408 83ca52bf-8c14-4086-b8bf-38b9874b12ff
WRITE 0090 5ffdd7df-5b5e-4753-972b-7b1c84d7d110
WRITE 6259 9307c8fa-05d4-4971-99ab-86c768a9cb20
READ 4155
WRITE 5730 50e984e5-a000-47e0-b32f-6fe82a9e6901
READ 7692
WRITE 6962 27eae03d-f979-49ae-bf7b-582bf562d8e2
WRITE 7549 941e39b6-330f-4613-b85d-9690c58dc839
WRITE 8673 69e2f4de-ae75-423b-99aa-24548113a450
WRITE 3551 4330a1fb-e9e0-4414-b4b9-8af274ef2602
READ 3833
WRITE 9591 7b440a0e-9588-4d53-afe2-98487e6df176
READ 4746
READ 1432
WRITE 3246 b99d1f4b-0f5a-48c4-8e45-1ae7b158c0a1
READ 7287
WRITE 7882 195e7c0b-a1df-4d69-995b-6042fc0893c4
READ 1587
READ 0075
READ 0599
READ 5182
WRITE 3961 d55644c9-6df2-41f6-893a-0f9844234e3a
READ 1936
WRITE 1356 7c8a5d43-3d51-4760-b97a-215be6ebcfbc
WRITE 2675 3bc209c9-ddce-4ac2-84d9-33bf5d11c333
WRITE 3536 84dcf502-8d58-42bb-ade1-52fbbd4e27f8
READ 6061
READ 4088
READ 5635
WRITE 5244 43a538a6-89af-4896-a3e8-f732b8cedeb1
READ 5304
READ 7898
READ 3270
WRITE 7272 465982ad-57a8-48e8-8cfa-f4a1e411054e
READ 3336
WRITE 4120 f80b44be-372e-4c8a-8d7f-32dfa2abdb0b
WRITE 2887 5bee6665-6ed1-4e29-a1b1-1d514b92ee49
WRITE 5341 3b14c5d7-d69b-4fd2-8f7f-7e69d2f3d09c
READ 9329
READ 3251
WRITE 5680 67aeb770-4bd7-45ad-a19d-211acf597c65
READ 1895
READ 2376
WRITE 9703 1fef8661-742f-4e69-81ae-0d4b742306ca
READ 5391
WRITE 5999 9691de6c-06fa-4564-8e92-d8c8ae304fb2
WRITE 5037 89fa4fb4-adb9-47d3-82a5-55372ffb5c3a
READ 0144
READ 5725
READ 7518
READ 7841
WRITE 8447 b0852b47-5438-4cda-b768-358cd9419175
READ 6481
READ 6661
READ 7413
WRITE 9615 bb3f83d7-65c7-498b-8ae4-794b90aa8ec8
READ 3811
WRITE 2820 5b775240-e5c7-404a-aa4c-e1f42fa2bad9
READ 1132
WRITE 2671 29fa1fcb-1c3d-44a5-b7a5-54518403510d
WRITE 1480 f701839b-7823-4782-a02c-6c67c096640c
WRITE 0856 39de3ad9-79ea-40a9-b723-3a02c39517d8
WRITE 0505 1962089b-cb7e-4630-8070-29a658e2b7b2
WRITE 4564 5a73e669-7134-469c-af71-479c5248e369
READ 6435
WRITE 8198 1e71236f-52f7-4ff4-b9fd-144a0e24db13
READ 1275
WRITE 5765 3fc9720c-e26c-499d-ad02-77392d1682ee
WRITE 2691 62cadab9-0275-40d3-aef4-a54972844765
WRITE 3495 a09d02a3-df2c-4686-b7f7-ed7cec253c60
READ 4893
READ 7976
READ 0000
READ 6655
READ 9447
WRITE 4052 34daebae-727c-4e55-8a29-b968e3ee285f
READ 2940
WRITE 2089 656be770-d492-467a-94c8-9709aec630b8
WRITE 5633 fc6e3c3b-f534-4640-aed0-318121e8f0d9
WRITE 1766 72c2d69f-9c39-4ea1-ad70-3961bf3743bc
WRITE 3429 ad8ba09b-a709-40ce-9fe0-3083dda5dde6
WRITE 6583 c8399141-8328-48b9-a23f-fafb6de378dc
READ 8110
WRITE 7141 c9ff51d8-f38b-4b13-87bd-755d744d193f
READ 5165
WRITE 7783 08ce0702-83df-45f9-9e10-1f86d514efcb
WRITE 9139 eec2b5b4-9b5d-4f14-ba2d-5aabacd7c515
WRITE 9672 3e1a2029-8650-4012-8bb2-cf19a2e369e6
READ 3346
WRITE 9687 b689a29f-837c-4100-bc79-622bc1d3ec86
WRITE 5339 04be32a3-7c43-47ac-8ad1-50d8b61fb1a4
READ 1580
READ 9001
WRITE 6277 68d65487-88ef-471a-ac95-f1104a443b99
WRITE 1482 2e35f464-31f6-4237-8984-0bd08253f939
READ 7950
READ 8857
WRITE 6770 179b46f3-b413-40f9-8bfb-92b3999f0461
READ 0453
READ 3461
WRITE 4967 f29f076c-b367-4860-8801-2155fdcea7b3
WRITE 9589 24f6a566-c590-4a55-9459-e61e62684bab
READ 0480
WRITE 2747 ecddf11c-6194-4b79-aa09-cf12c61a09f2
READ 9542
WRITE 6621 e4f4be21-8b1c-4bd8-81a9-6b8a3a297d53
WRITE 0476 bdb6c22b-41ad-4dc2-8f21-5cae4784e347
WRITE 3501 1d82598c-9f7f-4dc0-a7cc-ae78557f0670
WRITE 0343 5bdee8f7-0e0b-47bf-a423-520813276317
WRITE 7192 d818003f-d0d5-46ec-9cc8-0bd9a0856f06
READ 8256
READ 9520
READ 7392
READ 8871
WRITE 9183 94fc4d89-bbe3-4480-a168-ac02451e9cac
WRITE 6905 53b84dcf-b436-4337-87bd-6634e33ca09d
WRITE 1105 6399e667-bd9b-4b81-9781-cc82dcac1844
WRITE 0303 ef08b4c4-9771-4f6b-bbe3-154fd85a575f
WRITE 2273 9f633178-f3ad-4365-a14d-eed945114490
WRITE 1296 26d0d324-d5a4-449d-b55d-11ad5182b3ba
READ 4371
WRITE 3843 66091a17-485e-474a-afea-94782f87ec96
WRITE 5028 31d6456b-6a53-44ba-baf6-a4cb5520af65
READ 8569
READ 1563
WRITE 3777 a35fe540-09c2-4ace-bd3e-6bbe531b91c7
READ 5455
WRITE 1658 bf59b1d1-0e80-45d0-9bf0-14ac73536afb
READ 4343
READ 5833
READ 5151
WRITE 1659 de61485f-2f2f-425f-9630-7c48ca275946
WRITE 4165 3dd31fb7-17ed-4fd7-8e00-385c6ae49344
WRITE 4900 b41960b9-0a0c-4b70-af1b-7cfe85b12a89
WRITE 2385 41093e29-efb5-48f0-8d95-b0e0048372f7
READ 7217
READ 2116
WRITE 0727 68d9d246-3329-42e6-ba8d-57033309c996
WRITE 2531 a7b44c97-1fc4-4b6e-9f81-31891a79bc16
READ 8032
WRITE 2399 c5febe78-e2bd-4af1-8616-7e66b2b3c7ab
WRITE 7384 c3fcfa1f-fbd7-4831-acca-2820b46147a2
WRITE 3229 8414d63e-84fd-4fad-be51-f9d886df7f52
READ 6035
READ 8507
WRITE 3480 6b95def8-96f7-4764-a3ec-454c9939e4bd
READ 1715
WRITE 2136 ee11041e-9b5a-45c0-a79f-7002ef0d5a58
WRITE 3306 a2b97cff-742d-412c-a296-b6eb2c6eb34e
WRITE 5478 062422e3-1d2e-441d-9edc-29387c79ac6f
READ 6379
READ 9853
READ 5623
WRITE 6091 2cc93dab-f29b-49f5-a84e-c93d070cf807
WRITE 2722 16c8c276-8d64-400e-951d-fc2283ba346e
WRITE 8682 39369e56-a5e5-425b-bdfd-7be26f6b6228
READ 9782
WRITE 0357 ef49dd00-3783-424d-b73e-6f6027cd550e
READ 7223
WRITE 7854 83394784-6679-48c9-9458-21b10afd55ad
READ 9148
READ 5252
READ 2996
READ 7437
WRITE 9772 54d4ee44-de3a-491f-af31-b3b9c765c399
WRITE 0928 eeb0e840-90e8-4811-81d6-e53ccf7345dc
READ 5494
WRITE 8056 cd5b0415-0dc5-45cc-8ca1-52b4b800c8a4
READ 3720
READ 9718
WRITE 3840 09101976-3276-4c78-acdf-66bd14276bb3
READ 7230
WRITE 2869 820c4bfa-30f9-41bb-881f-a5298e4f5833
WRITE 2980 4ab4a2f2-0d91-4459-baad-0b143e770574
READ 0968
WRITE 1645 b0ad895d-8b73-40e4-9001-bb3d50823b18
READ 3462
WRITE 1454 7630b643-1837-4a5d-b61f-379916fc2ae2
WRITE 1477 2245fe8a-75d9-4701-bdf6-d97cdc07501a
READ 6952
WRITE 4197 d0a033ff-4a49-46ee-8775-9fd57bd6dddb
READ 1217
WRITE 7986 0f9aac98-4124-4c2d-9043-43d36b63b792
WRITE 1218 634d77e3-945a-41a8-8221-4eacc4699dad
READ 8034
WRITE 5721 a1bdd626-8f1d-4066-bd67-64dbb0d57f2b
READ 0554
READ 5898
READ 4522
WRITE 5822 1a3358ea-7ad1-44cf-aee3-04414df09d27
READ 1439
WRITE 6490 1fc54adf-22f2-47e3-aa03-916ce9a09dbd
READ 9656
READ 5271
READ 7623
READ 3185
WRITE 9461 4a20e9e3-e34e-465e-8a53-81fcd1c02f4c
READ 1695
READ 6007
READ 0577
WRITE 6090 adb7f841-19e9-4b28-9357-441c02d401b1
WRITE 7615 8d43de01-6b30-46d0-b33d-bd2170bc321e
WRITE 0989 5e6f6ffa-f0a0-402a-b1b3-8cc7034e90b0
READ 8848
READ 4903
WRITE 7629 5310c523-5202-425f-9e72-d32ac6a90a1d
WRITE 5146 1fb32d72-e6ee-4e86-93da-4804c7dd22b2
WRITE 6303 1f9b99a2-58c0-469e-8954-9178fb3f0f34
WRITE 8558 ccdebc31-d0bf-4fd4-a22a-4e2b4588ceac
READ 3117
READ 5707
WRITE 6335 08513b2d-fae4-4087-ab83-b6daab05dac9
WRITE 1846 648d2083-d66d-4407-90ee-a43e1f5bea8f
READ 0437
READ 1535
READ 4274
READ 4647
READ 8935
WRITE 0332 bf77fa10-3d79-42a2-98d2-f72e4f8bc4d8
READ 4232
READ 3075
READ 2462
WRITE 2797 68ef96e9-5c3a-4136-b5cc-952140a5b2e2
READ 5153
WRITE 6956 17d41bd4-039b-4184-bca8-ac019d211892
READ 8266
WRITE 0928 d369a176-cc92-40bd-afdf-cf9fd6753d8a
WRITE 6995 50c36f27-c411-4082-8bac-5f78111fac45
READ 9702
READ 1264
WRITE 3278 1c9bc9b8-5de8-4a6b-bd03-cb5db0943e39
WRITE 8013 31f921d2-255a-46fd-a0d4-004a88d48034
WRITE 1848 79a9304b-4228-49c8-887f-6f7ea5641740
READ 9155
WRITE 6663 b68ed9c1-1088-4375-9164-f0eeb449790e
WRITE 6342 f77b55a9-1e93-4f61-aeaa-e7ec30d18e86
WRITE 8841 6fbd455f-b518-46af-9054-9ca501a99365
WRITE 0926 ed532878-3865-43bc-9988-2110c048e81f
WRITE 7683 d2daa401-3c6d-445c-9f80-e319598b891c
WRITE 4652 6a110e0d-5f1a-45ec-ae77-a23cb46ca7f5
READ 5600
READ 4586
WRITE 3034 53114fc4-0be7-4016-b350-c77307d63790
READ 4449
WRITE 0970 5ba4fe94-821d-4c7d-85e5-3f6beb8e94b6
READ 6104
WRITE 1031 969d390a-b131-4fc4-b3c1-ceeed9fc6052
WRITE 2926 804ac660-d795-4006-b592-1c5763ffc77a
WRITE 5581 a536d1fb-1c2b-46ea-8c8b-b6fb79c3e213
WRITE 8205 c4b09f25-2452-43e1-8498-76fbce390f45
READ 5534
READ 8559
WRITE 1457 ffffed8d-5588-4b06-8e51-3bc944b84d92
WRITE 4164 e5972dd7-2d91-4fc4-9045-6c444ea61353
WRITE 3335 6101f37e-2423-4823-8f20-a40e81ecdc7f
WRITE 2342 6a432d06-f97b-4270-8feb-17b0ca32549c
READ 4580
READ 4734
READ 1669
WRITE 5202 c48ad79c-53fa-490a-bd1a-9f044b5d4131
WRITE 9156 17d97ab5-d553-42b6-8f98-e62bf443c817
READ 5434
WRITE 9739 fef729ca-553f-49f2-adb5-d52b2d63db08
WRITE 6432 06fb7c41-ce38-4866-b3b0-ac0a711f4206
WRITE 1184 b1c0616b-073b-4127-9237-5b602c71aa0f
READ 1948
WRITE 0079 fc2e1f00-b33e-4ac6-80b9-f449042f445f
WRITE 0236 30dafad2-d6ef-4228-b0de-a7b4dbeb15b1
WRITE 3749 5373da46-d85a-41bd-a396-db59646a112c
WRITE 5738 93cc16a9-c231-4c73-873f-f6253c455518
READ 5506
WRITE 4902 0d2206c3-9f48-4d69-8737-a753bfaaa54f
WRITE 5359 a46969ef-3248-4612-beeb-d3c433aad6d8
WRITE 8589 746e6066-3ebc-416f-80d4-6c2ee9851c59
WRITE 2766 c369d592-f654-430f-9eed-fcc44f4a86e8
READ 8075
WRITE 1580 33a65e29-4f9f-44ad-915e-c86de13a62b4
WRITE 3376 b94955eb-6c0c-4e76-9cb3-580f82c1785d
WRITE 0520 a573b900-fe39-4705-b41f-5d2baa04270d
WRITE 1085 45c29965-68e4-4b3b-9d33-2cf97a030c09
WRITE 4368 9de1e5a5-d3c1-498c-b416-181db2ecd86c
WRITE 5066 94d2e95c-1213-48c7-b134-f60ff51ea0b8
WRITE 2234 079f7a7b-2b53-4778-8b2f-20bf7521fc43
WRITE 9622 2b91bd9f-796a-4f54-8bd9-90be6bd2e0db
WRITE 7655 b72ae13f-f8ae-403e-9677-f1664c7e22f3
READ 0764
READ 3525
READ 7313
READ 6507
READ 3119
READ 8078
READ 7612
READ 7632
READ 3946
WRITE 7995 d6b721f3-e45e-4272-b817-700cd3c2f8d1
WRITE 5838 8a5894e6-66c3-4f52-a605-f959099d10a0
WRITE 8358 4550c40a-d793-4802-9a96-b0fbb8aee0a6
WRITE 8633 aa9a9c8d-da53-4a37-b35f-d31e9fd2e5b8
WRITE 3982 abc817ff-685f-43fa-8f78-3a27650a2eb9
WRITE 7595 f9c2f85f-6f60-4619-8853-5609c94dc55f
READ 5340
READ 1041
WRITE 4714 f9d75b4b-4fa5-42ef-bdc8-01c6569597ad
READ 4644
READ 5517
WRITE 4589 081cd7b6-3f2d-4af5-b5ce-585214fab17e
READ 9040
WRITE 7139 fc464881-b1c9-4553-8b0e-198e0af8e9f5
WRITE 0407 857ef567-462b-4615-bfbd-74b5349d9d52
READ 8708
WRITE 6112 67c71bfe-4f0d-4876-b58a-f845064e9093
READ 1398
WRITE 1588 6b3c01b0-1e25-44a2-87c6-8a48ece436dc
WRITE 7793 80c59402-406d-4491-aa8d-c7e4a02cedb6
READ 0596
WRITE 3202 7fb29b5d-2482-4d26-bf69-14012170a6e7
WRITE 2529 c30f6f73-1177-42ee-ac26-0ddca16d8fab
WRITE 7210 07536bfe-5fae-4ee7-9eb5-4ed2628e1486
READ 4235
WRITE 2912 881317db-a2b8-44f0-9b29-497f3694dc06
READ 3925
WRITE 6294 2c5a834a-4658-464a-9e3f-2eec424e6dc4
READ 5540
READ 9425
READ 3113
WRITE 5677 28b678d2-7b3f-4417-afcf-675d948e66d5
READ 0597
WRITE 8566 65f578bf-fb0f-4712-bea8-8015028615dd
WRITE 8235 3314d636-f9ea-467a-8264-277bb7de407c
WRITE 9870 40721f3f-4ebe-4ccf-ba61-692bba6c1575
READ 1824
WRITE 2790 9ad1282f-1a2b-4fd0-bf0d-a2add2fe50fd
READ 1063
WRITE 6117 b7c7cfeb-3ad0-4812-8883-79c68454cac7
READ 6625
READ 2907
READ 0564
WRITE 0263 32b2a54f-23a0-4226-9a42-6b1d6619db69
WRITE 1001 50c4ac99-8d30-40ea-b181-1e6d60b4fc23
WRITE 6247 2024deaf-23d0-4c46-af16-9dc4b4c18751
READ 0775
WRITE 2200 bbee904c-a316-47ce-9fc8-43b9a1a4eff3
WRITE 2922 33fb7c89-9bac-4798-b936-70053a457ee1
READ 3045
WRITE 0923 bd3521c5-4319-42f0-a1f5-150b1eb324c5
WRITE 8593 b6faab63-98a6-489f-94b9-ebc25dd4c852
WRITE 3710 a45166f6-849c-4a91-8752-4179db826f50
READ 8049
READ 1079
READ 3781
READ 1963
READ 1213
WRITE 3516 85aa2a4c-05e2-4ba2-b2d1-198f3dd30942
WRITE 1716 263a5907-abaa-4bdc-b8df-0e32e3ed31cf
READ 7663
READ 3869
READ 0994
WRITE 6485 601ff2c9-da76-4e13-b6a0-975f285bcbfa
READ 2502
WRITE 1078 03933afa-f8ad-46df-af87-bea82df4fc41
READ 3455
READ 7084
WRITE 3791 a28c6d67-114e-4761-ad24-200b4835ec1e
WRITE 9933 57f3346d-f874-4343-84bd-49a8f6dd589c
WRITE 4202 3b83ed28-6f13-416b-947e-e69210bc5ef7
READ 5182
WRITE 0060 fdf23cde-489a-4bf8-8a84-bf38c11604ce
READ 5299
READ 4764
READ 5776
WRITE 1893 6513fe68-508f-4fc7-a5b5-1076fd77bb75
WRITE 2052 31c8b8b9-32dc-4a40-acb4-f2609a98fa5e
READ 5534
READ 3670
WRITE 3208 02c456b3-59e2-42e4-91bb-1044714ac1ac
WRITE 8291 d04c8dfa-335b-4e78-8bea-9dbf3e15dbb0
WRITE 0880 29272876-24c5-4eb9-beea-1078c4d3bb85
WRITE 8822 34650ae6-2063-4c36-b95d-d2822200e9c8
READ 6915
WRITE 7082 8be6505f-105f-49ff-9f85-1e1c59c91330
READ 8636
WRITE 1052 4cb3cc23-f034-428b-afc9-6f45b2c5ad8d
WRITE 8773 d6d8fbf7-d3d0-438a-aa71-61c60940cdc6
WRITE 6127 5e4bad7d-7105-4a35-9cbb-751721f32ce0
READ 0882
READ 8384
WRITE 5006 fd8877d5-4a38-42d8-80af-7b3bdb169cbe
READ 3939
WRITE 3786 b014bda3-7bea-4749-acd5-b6e1923b76fe
WRITE 0972 2727b72c-69c1-41f0-af4f-7e63f3576bb3
READ 4813
READ 7540
READ 2381
WRITE 1397 abbececc-bb8e-41ac-9161-143a5c83a7ee
WRITE 6634 8b73a0ca-51c1-49a0-9974-fe8675f08d75
WRITE 5992 07877f22-cc15-4807-bf72-428a1a397505
READ 1639
READ 5444
WRITE 3402 ee03c8cd-84ca-4892-8800-1539104c5406
READ 4810
WRITE 0358 048704f3-1160-469d-a7a6-5447c4476b4d
READ 2606
READ 2216
WRITE 7128 3439de64-dee3-41e8-8107-66043bfb443e
WRITE 8816 5ad826db-1fa4-4601-88de-a4aa0730bfe2
WRITE 2045 043f8c13-bd2a-4c62-b1da-1048fafb8e1e
WRITE 5854 05c79ee8-9771-4674-a050-30cb6b78a5b9
READ 1568
WRITE 2309 e8891a89-cabf-426a-9f5e-50a09dfc3361
READ 2785
WRITE 5386 4481d05b-17aa-417e-aac2-8f660d4442de
WRITE 7071 a80c7e13-763b-4b5e-b10a-31de4d84cf6b
READ 3990
WRITE 7988 7edd12c7-ce97-4227-bad5-46a29211bb99
WRITE 0296 e5935672-780c-43b9-a98b-56cc2f63c09f
READ 5648
WRITE 3030 ac3b2197-a302-46ba-aa01-8c79a722baf6
WRITE 5337 751153cf-1f59-456b-b6e6-ae8a5e1ac713
READ 9917
READ 6279
READ 1345
READ 1624
WRITE 5280 6cf16e21-e74d-42f5-bd84-264772de7881
WRITE 2279 25824aff-a4e1-4183-97b7-236c1826eca5
WRITE 8573 31aa08fa-0cd2-4ee8-8e2d-29bd7eb63a13
WRITE 0414 a46a2bd0-27bf-4b22-9936-9ecafa130d53
READ 4512
READ 1911
READ 1676
WRITE 6187 fadbb3ae-c2e7-465c-9ec4-785fa58d43ce
WRITE 3086 b06f76dd-1a84-468b-aae7-7dc379daa498
WRITE 5683 b6de6d51-e261-4d9c-8681-c5fea49782db
WRITE 8620 9fafc838-a25d-427f-ab0e-5663a2c7f5e4
READ 5902
READ 2451
WRITE 6699 35097beb-f988-4873-aa47-eaff02751a31
READ 4610
READ 5697
WRITE 2250 b8c74b11-64d8-4336-95af-8d97fb65cca0
READ 2322
READ 2416
WRITE 9309 01f62677-b159-4b9e-91e3-29a01a6ab66b
READ 1236
READ 3373
WRITE 8855 8f6dd009-91ef-4e3c-a4d2-0f85ec2a2269
WRITE 9707 c91c3a1e-55be-4e5e-ae56-5070c3ac66b4
READ 9420
WRITE 6027 9152e573-9658-456f-af9f-b6d8901634db
WRITE 2376 fb406805-c9e5-4ebd-8894-c25518a6488e
WRITE 1951 21b3df56-5935-490b-b515-d34408e77546
READ 4524
READ 2686
READ 9175
READ 9899
READ 9592
WRITE 5686 2adeb56c-2c58-44e2-a0e2-fcf0e910e3f7
WRITE 6130 5f0535cd-0fea-4110-98ab-4b759076086e
WRITE 9191 60eb903e-03be-4e21-89fd-8640b37b63ca
READ 1086
READ 5825
READ 5316
WRITE 4862 a8cedff1-587c-453a-8006-558f3700fbdc
WRITE 4621 c0b4a041-0dbe-4b18-8a57-6b24c1a5035a
READ 8498
WRITE 7343 a6c08bff-a349-480b-ad67-7114be567828
READ 4352
READ 9304
WRITE 1419 b5250f29-e374-4c08-b03a-9e7025169017
READ 8141
READ 6111
READ 3836
WRITE 7910 8984cfb5-2d9e-4e89-8835-fc1618adcd6d
READ 4619
WRITE 1050 92959fb9-454f-44bb-b822-6aaf547c043f
WRITE 0883 b4ed04c9-5366-4e78-bd84-161c1ec20f0e
WRITE 4787 192aea46-5c52-4f34-a988-c7622092e33c
READ 8280
READ 4733
WRITE 6087 a4a5bd9f-701f-450d-8f3c-9fba0b20ee61
WRITE 8194 954b372b-f61b-4e6c-ae0a-bb963f5cef7b
WRITE 8973 85c96daa-be78-4082-918c-2986708cbebe
READ 9260
WRITE 6355 2300c4b2-3954-4a36-978d-2d240573cf54
WRITE 8407 9c077af8-ef96-4575-b46d-528028d4e8fb
WRITE 8466 35844f71-56f8-4c0b-8aad-b0172001eac8
WRITE 0103 c35481bb-e024-4438-8dbc-44e964476192
WRITE 2424 7ed9d417-df9a-4597-967e-0777b8ab2709
READ 5309
READ 4328
WRITE 1987 b0478e46-3132-4659-9066-c6f05fb2c7e6
READ 8484
WRITE 5682 c25b90c0-9e58-4fef-832c-93a9f59149c6
WRITE 4653 7205c272-9b77-426a-8d27-983f293d3030
WRITE 9391 71e45c2b-6294-4983-a780-5ea7e1d07b19
WRITE 0361 fc50e81e-babf-4bcd-931d-066125a8e233
WRITE 6059 e4c72161-e78a-4270-aa9a-9ddcabdaac96
WRITE 5765 1b8968b0-c4ef-4bf1-af6d-f7f9c4e8853a
READ 1707
READ 1204
READ 6312
WRITE 5094 4ea6e068-2958-4780-9008-e67ab861467a
READ 6619
WRITE 6006 685d2159-469f-42ca-9956-1ab9ab091c50
WRITE 4457 2e1f6d50-cfc6-4749-a82a-81255f935329
WRITE 4587 059b51b9-f89b-4b76-aac0-9644265ec2c6
WRITE 3026 477cd45e-773f-420f-80a1-ea5875442be5
READ 5130
WRITE 9324 b5e0966e-e497-47c3-bfa2-3b9e7f8b5878
WRITE 5738 2a5717dd-1886-48dc-a66f-1e57bbaee311
READ 3629
WRITE 4654 46d79ed2-8023-4395-8597-8b6c042ffdef
READ 0571
READ 3059
WRITE 1718 3859921b-b789-4522-9215-ad5e6e018bf1
WRITE 8039 73a50ba5-e21b-47cb-a523-3167d47ec086
READ 1566
WRITE 9073 b3e0a8ea-5a64-4e95-b4b0-9d1d5540dcb3
WRITE 7739 d619a303-a761-43c6-9644-8221c7ef18f5
WRITE 3407 13d7bb3c-bfbb-4b1a-9cc2-22236f463ef4
READ 9190
WRITE 4409 dedbf624-0caf-4c1b-9e5b-9b58e022573f
READ 1047
WRITE 4957 fc3805b5-c776-472e-8ce1-e12beabb70ef
WRITE 5470 89c2fe46-261c-43ce-905b-77caeb71f641
READ 2955
WRITE 6091 5c4caf31-9b05-4c72-a3b1-2087e7913cc4
WRITE 8096 b69a2eb9-1c7e-4bea-ad12-ec6746481988
READ 7067
READ 6216
WRITE 6194 8dc41ee5-8262-4a2d-ad3e-14c3b2b9abe4
READ 9677
READ 9456
READ 5845
READ 7831
READ 9043
WRITE 2840 413abf1e-4897-4c09-aa6a-c8d14098036e
READ 6617
WRITE 3871 84b801bd-c3d9-4ca9-8401-6bc974a78f57
READ 4658
WRITE 3710 b9573e1a-1a5a-4e84-b5d5-ca7ae1fa8a3b
WRITE 1923 94faeb47-2b86-4b06-b887-db87b4ce282f
READ 4313
READ 9703
WRITE 5283 ca0c8ae2-1a1c-44d1-aa9f-bbef92544a2c
READ 1424
WRITE 1683 1d88ea27-3c74-4760-93fd-0ed8cac1eaca
READ 2437
WRITE 3781 cc434e84-bb4a-4c27-a54b-895c560c31b8
WRITE 7276 666c8b6e-042f-48be-9901-f5a9d4578281
WRITE 3162 bdbe313a-63d3-41a9-b5e7-7720f74257d5
WRITE 4436 a4160747-8b3a-4118-ac0d-46ce811df817
READ 9377
READ 3033
WRITE 2287 05d06481-87c8-49f1-a9e7-812d1e84f636
READ 2908
WRITE 3950 5a6e3d05-5f04-492d-9dd7-9cc450bfd070
WRITE 1470 5c534384-df8f-47b8-b5db-3aea5fe457c8
WRITE 2934 00d33532-bdcd-40aa-97d7-3709d8dc12a0
WRITE 2572 008db3c8-e5fc-42a5-b75b-442f0cc3650c
READ 2154
READ 0802
WRITE 5507 1760487b-a6a7-4e1c-bfac-2c7ef9905b20
READ 9614
READ 4861
READ 0250
READ 0733
READ 7160
WRITE 4153 fab45ec8-db13-423a-aa75-fe30e2e6aa8c
WRITE 3515 e7472fd7-420b-4283-a689-09f0414d35c4
WRITE 4004 82246006-6c34-4c22-a853-c1b6e6aaf5e3
WRITE 8389 ad1e1fdc-131f-4d4f-88f1-b946e6b24060
WRITE 9409 f9c7ea67-fd04-4c75-9606-ca28fbc0c954
READ 9738
WRITE 9787 3cd4d138-3fc6-40fa-abef-cf99b83c6eb1
READ 7903
WRITE 7937 d032edb0-4232-4b6b-afe4-0381a15e2eb0
READ 2738
READ 4690
READ 3618
WRITE 7987 88f257e0-c0a5-4d12-9449-125b46a0ef7c
WRITE 0648 6e55e990-94f2-418f-a63d-4af8e7f2e6a8
READ 0725
WRITE 9112 b21772a3-76d8-4eea-82d5-d2afdf7dd6ee
WRITE 2581 98100dc3-b5fe-4f6f-a7c0-dec155788f58
WRITE 2966 247a506e-b8af-43d5-8706-4ca77059a1a3
WRITE 6864 3f177559-1c21-43bf-af23-07e37be67ef0
WRITE 0185 34e3fb25-0174-40fa-9034-d6e5267852ee
READ 3445
WRITE 9821 f033769d-cfff-4e5d-8fe5-c87e27633f70
WRITE 3182 78e56c3b-e17d-4cb9-8a1c-a92698c4b903
WRITE 1439 876be20b-dd92-48d1-b563-1603ba02a4b7
WRITE 2145 b44bb2f3-2f4e-49e3-97fc-11f8793dc0a1
READ 1755
READ 3790
WRITE 8185 580242dd-2945-45d4-9b31-402fc8a8f8f3
READ 8586
WRITE 5062 fad76f7c-5eaf-449b-bb71-c0bc2e32734e
WRITE 1758 0b1cfa4c-7b63-425d-87ec-8adba9a04a29
READ 2980
READ 2210
WRITE 4992 e2bc3f4b-dd80-4732-af5d-82195a17376c
WRITE 7377 4309a688-58b3-4a37-9f37-ace8fe056b41
WRITE 7081 6c4f6939-e184-46f8-8255-18e13b6f61c4
READ 2181
READ 9224
WRITE 3724 ddb53696-55e3-47f1-be7e-5fbbec2975b0
WRITE 8153 b1ea630c-aa5c-468d-b583-05b3995b1fc6
READ 8851
