WRITE 6351 5fca617c-9b7f-4da4-ae18-36ad3b8a93ee
READ 5420
WRITE 9548 c6460506-5e70-4740-9806-9767604fb034
WRITE 2872 af500b34-8576-41bf-8459-bcd4e291800b
READ 5480
READ 1614
READ 8019
WRITE 7696 ab14326b-cdc3-4e16-8d0d-5eeb478cd2c0
WRITE 1087 e48ecc4c-94c2-467f-8d7c-19fbd70315c7
WRITE 0907 0c56126c-25fd-47ad-a112-5b02141ef82e
READ 8833
READ 8564
WRITE 8312 e7e82861-06b5-4174-9530-fbc2e1ae9c79
READ 7137
WRITE 9985 293c8201-565b-46ac-9958-b1928147285a
WRITE 1915 eb590207-2dd7-457f-b870-32c1d757956d
READ 7978
WRITE 5987 5d4efc99-c21a-41e8-b604-aceb15d4c2f0
READ 4369
READ 8753
WRITE 3969 ce966d5d-5e76-43f2-864e-19c00e8ec3c2
WRITE 2580 af7a9626-7ce1-4872-90ab-2fc59aba7843
WRITE 8357 290f1243-dbdd-4de4-9417-dcd21ec249a0
WRITE 6700 6d8d0545-6c87-4b50-b71e-cb2c991e3e84
READ 8538
READ 4617
WRITE 8833 99f78401-2ac5-4dd3-a3df-f73af24080a3
WRITE 8469 1148e2a4-c1f9-4ec3-b09a-69b7e498f371
WRITE 7076 796350d8-6900-4f6a-a2ed-82164844a250
READ 8102
READ 5955
WRITE 3802 c3187b15-d29e-4447-9d81-fef0018e090d
READ 1114
READ 9476
WRITE 5449 643919aa-8172-40e0-abf9-2dc06ab3829e
READ 9779
WRITE 0406 ef6af116-7ecc-4b62-8c7c-89d64f3694e0
READ 1580
READ 4197
READ 0764
READ 0819
WRITE 5823 248a3c39-147e-4300-8864-52a354827f94
READ 1689
READ 4572
READ 1295
WRITE 2389 f95ea63b-26a2-4cfd-be23-fe15b7aa15ba
WRITE 4125 d8fc967a-c5b0-4a40-a194-874374999724
WRITE 8742 24411a75-3605-48e2-b2c8-61878d0a5745
READ 3687
READ 6308
WRITE 8390 593a2ae7-0f77-4074-b73b-1657a6f72848
WRITE 4568 16dda8f0-372f-429a-a38a-22a1850bf9a3
WRITE 6549 d3a7e0b7-a762-445e-9451-f8e43cabf71b
READ 5056
READ 5751
WRITE 0450 85881618-6ff0-4667-b414-e9f816bc1bb0
READ 2778
WRITE 1621 745f8d4f-a3d7-447e-82bb-598cd238b372
WRITE 5104 0ab1a0af-773b-4ce2-989e-543b9545a113
WRITE 5576 612ddb19-3354-4683-80b6-57fab42f3f69
READ 1960
WRITE 9870 5061101e-9e44-44ac-b05d-2dfc5205dc33
READ 2275
READ 3278
WRITE 9151 bb094aca-5701-496d-b54a-abad2e24d7b5
WRITE 4498 58106e3d-6100-44c9-aac8-f048632a4543
WRITE 1272 38467797-63df-4574-9515-58061ab9dc4c
READ 8691
READ 1342
WRITE 4505 c451352f-4951-4ff6-b78d-ccfd989010f7
READ 3911
WRITE 5992 4f99dc41-8c83-40e1-9c77-51c79563af78
WRITE 9631 9b83bdff-e556-4a0c-a9bc-1084e3fc1f16
READ 2184
READ 4985
WRITE 6204 01491c87-63f3-4403-9849-3ed4ce0b0255
READ 1948
WRITE 2792 37247071-399e-4f2b-ab35-3ff86122f0a6
WRITE 4405 33a64677-bfc0-4d7c-8013-8fdd9daef718
READ 6056
WRITE 7953 ded6cd9f-5df1-4eb1-b5c3-cb05b36a3b55
READ 7158
READ 6621
WRITE 2574 3d9f3125-b5f4-4dad-a10d-8b318fdff078
WRITE 7368 6845d82c-d96c-44cf-8c1a-7145692a411c
WRITE 3682 eb3ca7f7-699a-46a7-8c8e-270ac330a3c1
WRITE 6346 62996cf9-cfcb-47f5-9168-f8fa909186db
WRITE 3768 5e8c4486-c102-417b-aab8-a4afcca880d3
WRITE 2140 6e135121-2698-4504-9ef9-e92224cb7410
WRITE 1369 f6c530bb-8405-4a51-b3ec-d91e69279ef9
READ 9000
WRITE 4975 c2b03a28-ec24-43fe-9156-7c1f438625fe
WRITE 4739 26d6b2e1-3ca3-42a4-b253-4c044ea06f18
WRITE 9660 96a9dfed-75df-44b9-b845-a3982c6bc89e
READ 5913
WRITE 1841 b0fe3788-0c57-4f8c-a6aa-04abe4a30c4d
WRITE 3039 d429650e-3d5f-4b7d-ae18-03c1bc8787c8
WRITE 2796 41f839a5-8e23-4c37-8ead-b139b1e5a46b
WRITE 4045 6521f280-7a0e-434e-8f0c-2df24ccc7f55
WRITE 7808 b2ba6955-9b02-45a8-88dc-244aed93549e
WRITE 0060 b7e641b2-7b88-4f21-9a6a-338ba688af74
WRITE 2572 acffd30d-82b9-4dd2-a2e1-e935b39c3564
READ 4289
READ 9357
READ 8745
READ 3748
WRITE 4004 781490c4-0d14-4c46-9932-35a1743d336c
READ 5961
WRITE 8191 bc7405ac-91f3-46a1-85c1-e24c4e122f96
WRITE 1533 c8dae057-07e8-48fb-83da-fbe39954a2fa
READ 6435
WRITE 6184 3775ff55-0d28-481b-b747-e9e4c401207e
WRITE 3093 af21a1fd-7933-49e3-989e-8633d8c115d0
WRITE 0836 dd090b35-0fa6-4162-8262-261fa0328a65
READ 9189
WRITE 5050 ce8e2a72-b397-409a-815a-a94bb721804e
WRITE 8153 8646f96b-8d4c-4f7a-9fee-aeac1e647981
READ 5619
WRITE 0288 547a0785-c433-4a78-b399-c08264cb5b27
WRITE 3541 1b638d2f-5a12-4448-94c0-ee4c0b4c3ccd
WRITE 4676 3cacbf68-8313-4dd0-81bf-6467a39ff31f
WRITE 5251 59d91d50-fa80-4308-9391-9a89d2f70b5a
READ 6595
READ 4700
WRITE 1487 5bccfd76-dc80-4149-a72f-c752a82152db
WRITE 7964 76a41e17-7def-4661-98b0-4f0db2e2ed49
READ 9691
READ 1592
WRITE 8100 1277657a-022f-40b9-88e4-9e80e8876185
READ 3940
WRITE 6402 95a4c38e-3e4c-4e96-aa36-b023de223d7d
READ 0746
WRITE 5555 6caecb75-a4bd-42e7-9955-138eef31b632
READ 7709
WRITE 0123 0fc947bc-f113-4970-aade-78920645d9bb
WRITE 8103 c7c9e2cb-69bd-43e5-9ec4-54f915fa5087
WRITE 0612 26cad2f9-a282-46fe-a67b-d0b18d0c19f7
READ 7413
WRITE 9100 ba3dc202-3720-42ef-a3e9-88c1b647db76
READ 5160
WRITE 4892 5ee787fa-fc8f-429f-92ec-3f6ac0b4eb9c
WRITE 8540 11880709-5678-4278-a092-8cca4a1360d1
READ 3111
READ 7165
READ 3338
WRITE 9991 6fa1bcc2-7f8c-465a-a9a7-ed8e5b6dc7e0
READ 2106
READ 9454
WRITE 0207 125ac074-a387-42b1-8396-799d97137071
WRITE 8605 e9050b5e-b592-4346-b437-674d535854d4
WRITE 8030 f3321055-ce75-4c86-b5e6-f571cbdd6a59
READ 9368
WRITE 7426 f94fa8a2-1b2c-4fa9-9d27-0daa62ded802
WRITE 9611 ed06d92d-37e6-4bcb-9346-fb0b81ec7166
WRITE 9256 3d874043-d700-4dc9-a241-9cf912494164
WRITE 7502 b6de1886-c5b8-40d7-9d80-e06c0d3dd922
READ 2736
READ 0951
READ 9314
WRITE 4783 07321943-d981-4d1a-b331-ddb354dab6a9
WRITE 9800 44eef8b3-edce-4ab7-aa4f-5c99f8c49797
WRITE 1003 60ec83ec-a17e-420b-9d85-137c57a6ab2e
READ 4477
READ 3628
WRITE 4428 f0fa0e1d-8b99-4127-93c1-f45f874eb8fe
READ 2384
WRITE 1994 e9f4837c-a38b-4213-880e-b690f49288fc
WRITE 7066 caf33216-37bd-485e-a94b-88519c9e277b
READ 4188
READ 9745
WRITE 9000 22af8803-2a1e-4c14-8f2a-6e6c9e93b77d
WRITE 8671 0de02c33-d449-4bc2-8d7e-2bbef36ee52e
WRITE 5919 ad878519-d1ae-4147-b94a-e6213e1b1151
READ 4310
WRITE 6177 dc2dc107-fcc8-4a1c-9a33-83f23b53f641
WRITE 4639 6b0668cd-3d75-4b61-87a4-25a78a0617a7
READ 2586
WRITE 8722 f151eae9-b6fb-47b4-a6da-7956dc77bac6
WRITE 2725 6a7ea57e-3b07-4dd3-a57a-c42b2d38b3f8
WRITE 7570 7036196e-d4fa-45a6-b1c0-9a3c84a572cb
WRITE 9645 b5f794ea-cbc5-4914-a3d5-d1dabf4ddcc9
WRITE 7490 8e1467de-47f0-4597-9965-07cbc252d68b
READ 1558
READ 5957
READ 4639
WRITE 1179 f9869483-f543-4793-8869-aea52d952ef6
WRITE 3912 884276bb-ed13-48b5-8e1f-a70a9edd8b9b
WRITE 9919 3a3150ce-226a-4d24-b613-7380cd542e9a
WRITE 5816 041ffec2-7002-4ef0-a2ff-69b4c96a2327
READ 5010
WRITE 5201 619c3e8b-42f5-472e-886c-88f40929d318
WRITE 5220 98a81461-b54a-4f8d-b675-ca263bf500be
WRITE 6743 81e12885-54f3-4d77-a9f3-a5e2f0e4c170
READ 6989
WRITE 3162 0271a16a-9b4a-45b2-939e-9820658d6fed
WRITE 5487 26efbd57-98f3-4cb9-ab8a-23acb968ed3b
READ 0683
READ 0185
READ 5433
READ 4638
READ 4578
READ 3908
READ 0557
READ 7376
READ 7169
READ 7579
WRITE 9984 cc3c5a98-9019-44e0-ac01-49343c1dbe55
READ 8988
WRITE 6069 eb65f6b6-8bb8-4e70-a0a4-aad460f5701c
READ 9387
READ 0284
WRITE 3437 b9d17163-f51a-4600-860a-092cfdbd6774
WRITE 6843 b42dbd57-27d3-4457-a4e1-6cc208442f2d
WRITE 9952 cfb77aa4-f714-476c-93bd-4db461156f85
WRITE 1202 e3d9f8c0-ce36-40ef-9292-a874cfa5ad69
READ 9135
READ 3958
READ 9419
READ 1433
READ 6518
WRITE 6190 1209ecc3-ce73-46ad-8094-5b1520faeca5
WRITE 4166 08d7d1d7-167e-4074-8256-0330309116e2
WRITE 3809 4215a271-20d7-421f-aef6-9539f3292ab7
WRITE 7344 3aba1105-af4a-4ab4-af0a-e629df9ded07
WRITE 1535 97a37563-5b7e-4ca9-89d4-c4d2ada7d95c
READ 8038
READ 5037
WRITE 2701 87ed248c-4def-470a-833e-13fd731ba1c8
WRITE 0925 495845af-f744-447b-b2da-71eeb4f0a069
WRITE 5860 4586c7ae-520a-40a3-8d47-328aac702cf5
READ 5490
READ 9484
READ 7284
WRITE 0433 0c476623-5e9b-46e4-80a2-adbcdf0529d0
WRITE 5714 459e3562-aaf0-4c14-b276-a877ea1a2e59
WRITE 7341 0cff9e46-2a42-4df7-a481-7a4d0724baa6
WRITE 6829 1c538465-d685-407b-9dae-1024d418f43a
READ 2611
READ 5743
WRITE 2347 e4a4e55a-8231-4b2c-8caf-218e9be2e721
READ 0755
READ 0614
WRITE 1738 70558873-aac0-4351-8076-cad1cebd7fde
WRITE 1371 c0389b3e-14bd-4900-92df-faafb57ab306
READ 3298
WRITE 5795 a5a13d77-d0fa-4b8b-994f-e1f3828b8b09
WRITE 8271 f92513b3-ba3b-4f1f-9cd9-38a1075d6998
WRITE 4384 d0d506b2-9da4-40b4-9958-c0b43b4f8dcf
WRITE 0917 a71f4b1d-0cdd-4b1d-8159-e3c1366f6e06
READ 7002
WRITE 3612 03dc23ab-2347-4943-ba16-9f42348f6b39
WRITE 3564 85bf46e9-df5e-4889-b5bb-e7b335218d5f
READ 7074
READ 7573
WRITE 7233 fc1cff3a-5754-4b6e-b3fb-e6faf6692cc6
READ 5638
WRITE 0070 d2ad7c09-937c-4e26-bad0-2127de33785a
WRITE 6591 ac3fd9d4-d1f0-451e-bba5-68ed78f7b2b6
WRITE 1658 bbc99cf4-c008-406c-9272-57331b1dc66e
WRITE 4052 ee65fd21-ffe6-418e-baf3-53a2b953f4f5
READ 4981
READ 8360
WRITE 9494 9055a1c5-bb9e-464a-ada2-02ea1d6089b4
READ 4115
WRITE 7477 641d7c03-2321-4ae8-b0a3-88af1a12eb56
WRITE 1271 16e301bd-ca2b-4eca-8126-e393e6925811
WRITE 1184 50716ec9-1be3-45fd-9d4a-8a8e76e8f8e2
READ 3988
WRITE 5299 444a652f-82e3-40ac-bd89-03c26b1457aa
READ 8472
WRITE 8158 e23e4dc8-7d53-4277-83e2-f531d4ed7857
WRITE 7394 be41b4f3-eceb-4080-a16c-47830dc68b38
WRITE 6658 24e82087-ca26-40db-9a21-1bf59cab8c30
WRITE 1638 f6eafb9b-9742-4ab5-9d5b-12895b236f2f
WRITE 5460 1473b669-4d4a-4847-8ce9-07fde900f735
READ 4230
WRITE 0262 c442d42b-cad5-4dac-9e70-3be0f4146f79
WRITE 1687 ecd85e9f-da52-4226-88c5-eb586b7f3549
READ 1012
WRITE 3217 1b86f28e-b74b-457c-a8a1-97bcb302d053
READ 3766
WRITE 4303 abfbba6e-80b9-42c7-84dd-a67049abc10e
WRITE 2322 b196514d-56cb-4816-b6ab-1dab2ac114ff
WRITE 6226 f20baeca-af3c-4e31-89c7-2032324c709d
READ 3571
WRITE 2297 b3f9b156-da3e-41f1-9588-13059fc256f1
READ 1408
WRITE 7712 77577e3c-2352-4e96-8e5b-6a2d0f6c0b13
WRITE 6940 eef1dd4e-5a55-4807-ba14-e8a002fb3dbe
WRITE 0464 8143fdad-077c-4897-892e-c3e170b1e46b
READ 1123
READ 4687
WRITE 0262 29792762-f08a-4d6b-952d-81dc3154486e
READ 5349
WRITE 1823 56b19cae-7873-41a7-a771-0072825d3f00
WRITE 4090 85b71f8a-eb6b-4052-a64b-cb56a5719248
WRITE 7020 99265036-e2d5-4181-b0a8-36c9f06dce38
WRITE 6223 df7c5c51-72cc-4e07-a562-f1959f971c51
WRITE 9496 caa9da38-f5a0-4005-815f-d0bcb7d6f822
WRITE 6626 9d7467db-7863-4f94-b057-f75b9b06e2d0
READ 7222
WRITE 5373 4a89d6aa-5e81-4c45-aa18-52edf7495d24
WRITE 2523 01511951-2fb1-44fb-88a9-da13e5c89623
WRITE 6375 0314e387-eea7-4874-8772-e3d490130693
READ 7867
READ 1060
WRITE 4481 4f6a64b9-2d4b-4bc2-ab69-3a94935281c0
WRITE 9547 9d8950a4-ac59-473a-a759-a5c745923aa7
WRITE 5148 df408f69-de77-4baf-8644-44d4ecf0ae9e
WRITE 8579 68ab529b-23c1-4707-9a8c-4297bc5e7bcc
READ 1206
WRITE 6399 5afc46cb-cab6-450a-ab64-a162d13e1bde
READ 7861
READ 3101
READ 4247
WRITE 6963 b529869f-f43f-49be-b116-2989dfc81bd8
WRITE 4274 6c2b9360-ecc3-40d0-a577-3bf6d06cae9d
READ 8227
WRITE 2861 988d978d-d495-46a6-aa08-a1b0ba147396
WRITE 8287 51346d07-29d5-4a9d-8e7d-c976d21029f7
READ 7982
READ 8269
WRITE 9237 dc93409b-62b8-4609-99ff-884ec0ce5a7c
READ 4014
READ 1919
WRITE 1950 a0352785-8cd1-431e-97a3-f1c07ec5a3c8
WRITE 3501 db3b6731-bb45-4f76-8481-8218c46c0d17
WRITE 7067 d6686e78-23f3-4d0f-a2f5-a51147d2927b
WRITE 1116 2d6c17ac-8b19-4068-b052-e7060de51215
READ 0433
WRITE 2078 30cfad25-53ff-4507-8dbe-8e33049a7ff3
WRITE 5295 66427696-dbb7-4936-9bc1-98930aff6c1f
READ 4810
WRITE 2799 64598729-803d-45f6-80c7-cc8d136aebdb
WRITE 2485 7ff8697e-55ac-4aac-80bf-5365ddeb5415
READ 9963
READ 1616
WRITE 9969 b4773073-3220-42a2-a41e-6a7ca6f1bb7b
WRITE 7024 731d14b0-978b-463e-9d02-6afbea35e763
WRITE 3008 5da69512-a549-4e39-bb3a-783e7e3b7b35
READ 9179
READ 3616
READ 2955
READ 5788
READ 4747
READ 6582
WRITE 0680 fc87a5a2-2d07-4db9-a632-52e35b1bec3c
WRITE 3552 f0e8709d-32e7-4ab1-9113-ecb658f91bdb
READ 3921
READ 7661
READ 8892
WRITE 4919 a1235d1b-a0c4-44e7-b241-c78da65b9b0a
READ 6899
WRITE 4780 84cb1657-3443-49ee-8a9f-067ce367d103
WRITE 8378 31f42224-5ba9-4134-8231-06fd58c7bfce
READ 1263
READ 7771
READ 3632
READ 9222
READ 4921
WRITE 8296 ec03e41e-c7cd-47ea-b24c-336cd6b5e2f4
WRITE 9029 df3e3b0e-0720-45cd-afa0-334c8de928ce
READ 8855
READ 3235
READ 0798
WRITE 7898 287542a4-1a3b-490c-a379-8f50db4b9a58
WRITE 2132 ab8a9cb1-4df3-40d8-8a84-96ab4b86fb2f
READ 7493
READ 3502
READ 4986
READ 0997
WRITE 6658 35d0502c-fb81-457e-9b22-d2c5fc3b7f24
READ 6429
READ 0213
READ 8413
READ 2111
READ 7418
WRITE 1414 bfc81e38-5aad-4de6-a299-6f43cd538513
WRITE 8949 d1507b35-a8cc-4fa5-8cc1-4b5471569c23
WRITE 2009 97b9492c-86c7-467a-b486-e5071ed33b40
READ 6926
WRITE 2093 e6763266-49dd-40c9-a306-6bc696bbc568
READ 6082
WRITE 0501 95a46ee2-4650-4135-9977-4a2843b51772
WRITE 6879 bdc15f64-a28b-42c9-b575-beb80bc81935
READ 7148
READ 3064
READ 0107
READ 1742
WRITE 3773 81868d39-603b-4f49-bc58-5c62dd728abf
WRITE 7674 06beb63a-816c-4513-887a-3ff193c5629b
WRITE 0251 389b5c22-492d-438a-be14-784b1734e847
READ 0080
WRITE 5185 b3957f2a-723f-4abf-adc9-26ddc7bb2fce
WRITE 7748 cc29208d-6c3d-4009-a916-23173f51772f
READ 5781
WRITE 2016 a13b3d61-4125-444c-a68e-3680d47277b9
WRITE 8883 78f66bab-c7aa-4a06-a3e5-5b7b3ead48e6
WRITE 8058 3471b6b5-1b57-42c2-8b37-1d6ae493cde9
READ 6852
WRITE 8509 2a0b5af4-2e64-4a04-a763-5430e45620cd
WRITE 1665 cb292e59-3dab-4ae6-87ba-8bc851e2a56b
WRITE 5274 7f063636-afba-4dbf-83ee-ecd65caea9ca
READ 8323
READ 0078
WRITE 6133 6f0e05f9-1d92-459f-a3d3-38e51a552f1b
WRITE 2281 faa0b9bf-e241-4835-ba87-9c0d35e64752
WRITE 3586 316a8971-c0cf-4739-b1e1-9c91391ca0e1
READ 4626
WRITE 5150 57e7c992-557f-4dca-baa0-afbf4a32a46b
READ 3374
READ 9460
WRITE 1636 e5a0e36d-a7a8-4278-9ca0-67602ff1f3dc
READ 3250
WRITE 6462 def21b84-eeef-40d3-8335-8c9110909aed
WRITE 4928 eca9bb04-ace7-42ca-a147-c8ead04ce65e
WRITE 8369 68973376-22b4-48ca-9a74-ea168e32c723
READ 0326
WRITE 2725 82213fa6-e014-4a13-9d57-d65f64277b7f
WRITE 9758 fc63f911-bc4d-45e6-8aaf-54fc31a7cb8e
WRITE 3620 48ebd80b-c2e2-4901-b157-85928ea33e8a
READ 3421
READ 8224
WRITE 8569 3592e8a4-6ae4-47bb-9073-bb45539c7112
WRITE 9176 47d093ab-ceae-4139-96a5-6f353b4e5210
WRITE 1544 add5fbeb-099e-4046-8df5-b908a75b4277
READ 0876
READ 8571
READ 3770
READ 4603
WRITE 4698 85d021ba-d893-48c0-905e-7b5b56efd08a
WRITE 0519 0c73d7c8-1efe-4e86-bd6c-4cdbae68201a
WRITE 5933 e9f57e2e-058f-45a5-ad5a-c26a094c39bc
READ 3181
READ 4210
WRITE 2817 dece12b2-3007-48cf-807c-27436929c7d7
WRITE 1363 2a37ed7e-2101-4ce9-b6e2-e2859bdb8e31
WRITE 4067 a8856027-c606-478e-9f52-dd73dc506790
WRITE 1465 0a7553ec-cf94-4c3a-8442-a0d1d4018b91
WRITE 5118 45dfe66e-c9ee-493b-ae20-15c7e9ed6908
WRITE 2932 ae074d2f-54b9-41cd-a318-32b2b01dfce9
READ 7440
WRITE 3605 9d9a8a67-9265-4e85-b19e-69b6968a0661
WRITE 2987 db65d4db-5b13-4ea1-8547-8698c1c1ffda
READ 3299
WRITE 0730 baa7e7a4-f793-4a73-8ca3-22ae14c0cd18
WRITE 4499 7035b82d-3649-4bf8-a1fd-7c964c0e7d7a
READ 7341
WRITE 2816 01fb4bb1-7201-4d89-9fa8-67fc2bfea653
READ 9046
WRITE 0625 1633eb03-c680-4b16-a21e-8e55efec60d8
READ 3253
READ 8452
WRITE 1571 c0651847-33cb-4d4a-b301-0598c38aca6f
WRITE 2617 98a15831-882b-4d56-a6ae-7b60f32d1c39
WRITE 0383 838e057b-6087-4554-ace1-712f16d96f57
WRITE 0060 d4e1a599-0488-4c4f-bf55-8b1b163747f1
READ 3900
READ 1422
READ 0170
WRITE 2948 12b6793c-7686-4dae-891d-15582042c433
READ 1520
READ 0285
READ 1278
READ 5052
READ 7297
READ 3516
WRITE 5775 8a6cd19c-081e-44ee-bd53-21c9f5464e82
WRITE 5906 d86a2e6b-e2b0-45a6-8da4-bb10819b4aa5
WRITE 9205 ca5f0a25-d599-4f88-a845-82d26fc2db53
READ 6161
READ 5659
WRITE 9549 c1f739b8-ef8b-465b-801c-25b8369d1c54
READ 8655
WRITE 7946 2ac1358c-f5f9-4740-8deb-0613bc6c2874
READ 4161
WRITE 4314 280d8dae-2444-484c-81b3-1086bda9ad2b
WRITE 9062 39b33426-814f-4475-bcbf-6994b994e8eb
READ 2743
WRITE 4652 1ae04134-c844-478f-9427-3ca6a78882cb
WRITE 2035 bf27423a-66cc-4586-95c2-1ad62261c16a
WRITE 4282 8c821ff4-e64e-4a22-814c-76ac3cbc2745
READ 8172
READ 6426
READ 5578
WRITE 0421 6b840ebe-df99-45f7-9517-576ab9715b3e
WRITE 2450 72b12e0a-2b60-4d7c-bbfe-ce79b5950aee
WRITE 1684 f408d707-f875-49ae-a5cc-1e67ffb71b6e
READ 4419
WRITE 1205 db7cdfed-a09e-45e9-a231-9484f0dd58d0
WRITE 0225 68a0e5b4-f337-41a9-9616-9db03c9c1ba0
WRITE 1605 55b8e456-f5e3-4a05-873c-749b777ecdab
WRITE 3758 3472708d-75b2-49cf-a443-f9bf1beffaa1
WRITE 8442 6095c440-f484-4261-bc77-4b026b0cb8b3
READ 2510
READ 5406
READ 6577
READ 5172
READ 4348
WRITE 9120 7b768a8f-bb14-49d6-a0a6-a0075df121b3
READ 9821
WRITE 5776 7b9bc375-b1ca-4d0c-bb7c-831d7009ba05
READ 8711
WRITE 3778 bacedd05-02d0-4b90-8e68-9ac5b65414f6
READ 7236
WRITE 8147 f6a5e8d6-95af-4825-8bf9-530a134555b0
READ 8700
WRITE 5711 6616627a-1770-4986-8ae1-f1e43d610f3f
READ 8345
WRITE 4233 32c24006-2f2b-4a49-8429-0adf6341917e
WRITE 6194 3f426bd7-d63b-4164-8443-d6b9f7a83244
READ 1028
WRITE 2774 cfb3d242-19b3-4285-b0f5-694d06e2796f
READ 6072
WRITE 6213 dda659b5-a98d-4493-9d9c-78c53844dce2
READ 2242
READ 7222
READ 4426
READ 1767
WRITE 7935 de81518e-1e51-423f-adad-acbdc65d3ec1
READ 4721
READ 1675
READ 6105
READ 9520
READ 9582
READ 7204
WRITE 2130 aaded6f0-4ac0-482e-8ade-f888392bca37
WRITE 8351 334b7dc4-4790-4b5a-827c-83963fb00d02
WRITE 6162 5d6e9913-29e5-41be-a7f4-94d4e85c6ac9
READ 4516
WRITE 3705 d1cd9237-f53f-4126-b864-fba1a7602481
READ 5326
READ 9023
WRITE 9049 59eaa257-faff-4565-801e-26bf880ce0ce
WRITE 2168 2d23ad25-6b30-4a91-ac36-215d3b5664d2
READ 7993
READ 8859
READ 6498
WRITE 2534 a8758835-5bca-40e4-bb90-7465e290ea49
READ 5154
READ 2121
READ 2419
READ 4177
READ 8677
WRITE 2756 1c9c2ba2-f13f-4ca4-b356-fac6f1c34448
WRITE 5536 e6b7dd7f-62cd-4253-a133-e3375e3243f4
READ 4734
READ 0554
READ 8219
READ 6659
WRITE 3283 5e35f190-9881-4441-a18b-e3dddd11c938
READ 2737
WRITE 1624 f6fc5934-8b94-496b-a8f2-8015170e51b3
READ 8435
WRITE 6652 3dbd2791-4ec2-4435-94ba-2230b9a0bbed
WRITE 4321 6eaa3339-c78a-4742-b1a3-95bf527f0dba
READ 8608
WRITE 3098 78987587-2bdc-4a62-b45d-62ff1a95f176
READ 6967
WRITE 8409 4642ea70-47e1-4688-99bb-1f08f6847855
WRITE 5951 bc5c60c0-ce66-4e7e-a3bd-e3848b83661b
WRITE 1342 2233afa1-8403-47a9-b1f5-45425995b0c9
READ 0963
READ 9052
READ 4574
WRITE 6902 2f524415-8ac5-4952-aeaa-0e4d6e1f47b4
WRITE 4354 b67eac81-a554-4d52-b93a-2156a03587f2
WRITE 1071 bb537103-593e-4e9a-a65d-d6ca65672fef
READ 8476
READ 0209
WRITE 0679 5aa94e5c-b285-4627-8e7c-5de71a70555c
WRITE 1432 da988304-239b-479c-9c21-538f633f595a
READ 4128
READ 5950
READ 4254
READ 7540
WRITE 6901 ed7eb197-5aba-4d83-a896-8c96133c1a10
WRITE 3756 8d1b8bea-aaba-4de4-aec1-2670ef514e4f
READ 1261
WRITE 3268 674a435d-726e-4a11-967f-3c953922699a
READ 9339
READ 7264
WRITE 5544 75a228ea-b0c9-49c1-a608-918a8f3e47b9
WRITE 4076 a0fdded0-3e67-4834-823c-87f8614d48ef
READ 7245
READ 1933
WRITE 5019 5203b3a6-ae21-4dd9-806d-eec5c45479d4
READ 0844
READ 3932
WRITE 7958 61ef81ca-5ffa-46c8-9940-ed54b836cdc5
READ 0651
WRITE 9707 46adf7b7-9fef-4df7-91d8-12a5feecd056
READ 1343
READ 0228
WRITE 0810 3d94ae3f-411d-40e2-9afd-56bbc4a29631
READ 4954
READ 4712
WRITE 3823 e524a687-223e-4484-91b4-db7bdb85e789
READ 5981
WRITE 6655 d6d22bed-9561-44e3-8167-9277f65df020
WRITE 6889 d02ee395-788b-4594-95f3-cec529d0c542
WRITE 3863 3b50f709-9d94-4c8c-986f-168aee57ecd3
WRITE 3756 4e9a3173-004b-4906-92b6-8decd839bc55
READ 2100
READ 6908
READ 3057
READ 9251
WRITE 9322 6a75aa13-1af7-49a2-bade-8b7f0509baaf
WRITE 6465 553aab45-5daf-46ae-ad08-c213e1db3c19
WRITE 0655 11f532e5-f1fe-4131-bb49-e73056b29b4b
READ 9900
READ 6200
WRITE 9165 251d791f-c80d-4a07-a01c-fc8132fbcae9
WRITE 4876 044463a4-50ae-4984-b514-a81f61916f5d
WRITE 0019 b8a09939-f2d1-4d97-9ac9-a8c14a91b888
WRITE 6025 909eead1-9cdd-4c73-82d4-6dc27d11dd13
WRITE 8221 48417e33-7a42-4e69-b600-75777c539792
READ 1026
WRITE 6950 5c4308aa-bcbf-490a-b74f-07ee6c9d4f89
WRITE 6837 300d76cf-4eb0-4d49-a115-dda657dc34b1
READ 2685
READ 1591
READ 9046
READ 1489
WRITE 2889 b7374bd1-4987-49d7-8825-0e721b82cb32
READ 3628
WRITE 7710 e344a672-bf10-40fe-b63b-91e812666123
READ 8538
WRITE 8181 52b14f56-44b0-4e12-901f-00b73843d433
WRITE 2502 dce87e33-068e-4043-a932-c04db6589ff6
READ 7088
READ 4554
WRITE 9378 9095987e-0531-49be-8c52-8a5f5b65f8fd
WRITE 3812 5e2a81f6-35c5-4c4e-a3ec-881155a71180
WRITE 6527 ac3de748-175f-4489-9ecf-9f595bc45adb
WRITE 3259 5c5d9c0c-2d18-4abb-9785-bb527d5272be
READ 5409
READ 3477
READ 8920
WRITE 5228 1a65eea9-3972-42ff-9007-8e5bd01aabc6
WRITE 2479 546f45ff-509e-4faa-beef-5f0db80c79b2
READ 3122
WRITE 2232 1788d220-3db0-4655-9da3-a8c45a1acb3f
READ 5212
WRITE 8929 b68817ed-0ec2-4b8e-a11e-82c7764927c1
WRITE 2138 f286c873-6960-49a7-baf5-5d2ef324be0d
READ 3651
READ 3563
READ 6427
READ 4234
WRITE 9261 95db330c-2d2a-464c-8e17-4ba0b0bfc1ba
WRITE 9824 661c968d-30ce-42f0-af59-126626fcc961
WRITE 0788 6db5fe5a-82f6-476d-bf25-99d7c5bdd8d0
WRITE 0956 74fe734d-fb21-490d-8583-ce77b8deee6d
WRITE 5944 eb614256-4a7c-4ed0-84dc-0387103ac7a7
WRITE 4393 77865775-0042-40be-b1ae-c696b0b209f2
WRITE 1078 1d329559-5cac-4e65-8522-8fafeab1f05c
WRITE 0460 19a3556a-e1dc-4a27-b370-a263dbea5ff6
WRITE 0935 732f8b23-f2b9-414e-af7a-7e862a870817
WRITE 5354 a84bd7ac-5cd2-4a47-8e5d-f95ed162e6ae
READ 7544
WRITE 2178 038cc778-3127-4c9b-9745-b42a1d97457b
WRITE 8194 592e9971-a2cf-40e1-ae7b-20040ca99343
READ 5142
READ 1295
READ 0317
READ 3541
READ 7816
READ 0206
WRITE 8716 aa51c36e-ae11-4fb4-863f-37a906bef1ef
READ 9495
WRITE 2532 17635509-512a-4791-8012-66a04006dff1
READ 8625
WRITE 3353 716cbb88-0119-4383-bedc-c4d75d849a4c
READ 4489
READ 7651
WRITE 9193 914a193f-5a87-4a13-b59d-98e4559325dc
WRITE 9213 6a80760a-27e5-469d-8740-b0fc94816f1a
WRITE 6316 f8b929cd-107b-459e-ad22-66953374b7c3
READ 9311
WRITE 3633 d214820b-fb8d-43f7-9d07-6ee268e7efe3
WRITE 3545 6c43fa8c-daaa-41a5-985c-51e2ad94398e
READ 1183
READ 0769
WRITE 1553 58034c5a-33e6-4e08-87f8-08442934becc
WRITE 0336 4484b190-2a26-4523-9d2e-9f965d951afe
READ 5849
READ 2242
READ 6625
WRITE 1700 293776c1-a6f1-4a01-8701-28647a367250
READ 6477
WRITE 3576 e22086e7-a387-41d2-9dbc-e3b0f8c6e868
WRITE 0292 cd698982-7446-4eef-b52b-3df5d01f9312
READ 7816
READ 8008
READ 4344
WRITE 6433 01fd40f5-d895-4579-a434-99d9fd3462ab
READ 7712
WRITE 2540 ec9206b9-0731-44c0-b26d-d2bf21a3c743
READ 3721
WRITE 8194 e88ea766-3321-4a78-bdf9-9768027778a9
READ 6405
READ 1785
WRITE 5025 f0152470-3b86-49a7-802d-1bffb0e86cff
READ 0975
READ 8873
READ 9710
WRITE 4951 0aa36438-652f-4034-b13e-8c0d44644715
READ 5044
WRITE 2597 96a99b81-420d-48fa-9b6a-437df1bc407d
WRITE 8797 33f67569-7fa3-4b97-8c61-c90d58cb0f60
READ 7703
READ 4888
READ 6566
WRITE 0674 feb786c5-c25b-447b-b7d5-56c81ba3295e
WRITE 2962 d568feb7-58d3-4b92-9c68-7aa071e74253
WRITE 1396 d5425157-0174-4771-a95e-07a0bfc49602
READ 5813
READ 5293
READ 3083
READ 8415
READ 3316
READ 5093
READ 0286
WRITE 2368 41aeb7f7-fd50-4725-b288-b4d808bc4a8d
WRITE 6040 5d40b5ba-715c-401a-b5e8-564492c79ab6
READ 0635
WRITE 5423 7952b0c3-3619-418f-870d-11a7af29e153
WRITE 2219 b3b21ba9-add5-4360-bcc9-15cd0905f5ef
WRITE 3938 685b47e5-5330-45b7-a1ff-f79042b4e111
WRITE 0847 22849659-38f5-4632-ade1-5cfbbaf73110
READ 4989
WRITE 8660 c7fa976f-88fa-414d-b12a-bca81aeb6eb9
READ 6041
WRITE 9463 0910bcb2-afba-4554-b3a3-eebcf9224db3
WRITE 9270 8cc2dc06-0b16-4e6f-9fda-e99dc10942e7
WRITE 5612 082f2846-5c4c-4dde-922c-98dd1f044d73
READ 0255
WRITE 7037 22ef5d8f-3672-4365-811a-466f4b3413f6
READ 8676
WRITE 4280 6cdcf980-e86e-4ce7-aeeb-62e180fa4359
WRITE 9479 6aa6bfcd-4436-4758-8ced-db9efc80dbea
READ 5060
WRITE 2229 d868b285-bc57-49a1-8a93-9b7087b29dc1
WRITE 5161 61a20882-bc77-46ab-bfa6-9623886e7e72
WRITE 3475 e04a4f56-0516-4714-871f-e2aabad4a70a
READ 5483
WRITE 4638 1f400fe1-e203-4dc9-a8cd-a2312f6d098b
WRITE 5702 1982487e-0dda-44db-9f06-78bd870dc890
WRITE 0936 a8e3b74f-a492-4dbb-8736-2d1ca076d9de
WRITE 4992 43becec1-ead0-48e7-9925-be47a5e5aeff
WRITE 5234 61b429f3-ea96-4e8a-b10a-b3e948608e09
WRITE 6718 e9e64c67-a880-45b9-a1fd-f7981b877755
WRITE 6697 c458840b-a87e-45e3-95a9-357ccb4f8807
READ 2233
READ 5011
WRITE 6285 87160d3d-48df-4439-b0bd-c3bfe3849e23
READ 2767
WRITE 8216 59dd4c7d-83d4-4582-922b-906023159dc6
WRITE 2804 3f9d65c0-868c-4142-bf35-dc314e1661b3
READ 3612
READ 0214
WRITE 9885 4e7c14c6-3f2c-4d94-9df1-1b3079efa339
READ 3695
READ 9100
READ 3326
WRITE 0228 43284865-6080-4afd-944a-945446e9fd4a
WRITE 2798 1e302d8d-7acd-4583-bd30-3892bcee78e1
READ 8642
READ 0977
READ 5660
WRITE 5719 3b784929-fe62-4812-a78c-1deeec2015df
READ 7477
WRITE 0118 408984a3-c320-489e-8d56-c4db799b6df3
WRITE 0518 24b122f0-79ef-4230-964c-bb261ce56b4e
WRITE 5532 7b75009d-7360-4c3e-8ab3-c6f63c031398
WRITE 3107 b244c1be-1212-47bb-ab29-5db822d57776
READ 8881
WRITE 7221 1f033002-d711-430f-86e2-6d2d320b85ed
WRITE 3341 cbef375f-ee7b-49e5-b6f8-cde35029f854
READ 1085
WRITE 8108 27c2e285-4a8c-4bdc-b610-3b466d3aa6c4
READ 7487
READ 6710
READ 1951
WRITE 1369 8e0f49df-160e-401b-a370-6abc4d1b7e6e
WRITE 1355 74a2aabb-5c0f-4537-a3b4-72af9c9deb8a
WRITE 5667 bd6ea3ae-74b3-4be0-8965-923a1a8c4d98
READ 0278
READ 0456
WRITE 4520 b2cd5c0e-9d96-41fd-ae71-9f0ef053a0f5
READ 2597
READ 2914
WRITE 4546 394f5380-93a3-4de9-8948-4cb1e65aadb6
WRITE 4703 af4e057e-dec9-4145-90e3-57498d9bcb55
READ 0802
WRITE 6426 84778eb7-b26b-4e4c-b04c-ffc4a334fc4c
READ 4752
WRITE 3574 73128796-c294-4199-80bb-20a396d3e78f
WRITE 1420 e0553682-85b9-4deb-a150-8287e4a60026
WRITE 4637 b8bd6a89-8546-4e82-99ac-52a47489d197
WRITE 3735 24a55d54-d401-49c7-833f-836b50594448
READ 0418
WRITE 3564 2a882a90-a354-41d7-b3b3-5d844556ef96
WRITE 7109 9af2dac8-3d0e-4fa6-8436-b39943f60b99
WRITE 6605 c3409283-02fe-43f3-b0b8-d05bb1680252
WRITE 0657 f6ec4c93-1eaf-45f7-a028-6b63228f274b
READ 8086
WRITE 1611 07131cdb-8545-4973-a0b1-5c467d271b14
WRITE 2094 1a8a1c09-2c2c-4633-84bb-b74f32fed631
WRITE 8574 1c741381-9a51-4382-9af8-e5a2857e99fa
READ 9373
READ 8296
WRITE 8885 e466d2fa-117a-4809-a3d8-5964261c27f8
READ 0940
WRITE 7175 84876ef5-e992-46c5-a485-d6bf7e12a9ed
WRITE 9253 5ddd5812-8067-4f68-90a9-b38344e5c8f8
WRITE 2223 21c0ecc9-b8a7-4fd1-b029-9676684c8ecf
READ 3225
READ 8300
WRITE 4359 744d5877-a1b8-4961-9fa3-8c26f502f839
READ 6312
READ 0663
READ 4597
WRITE 5915 465c7f86-0d5b-4884-a41f-0076fc992ddd
WRITE 7354 53d2c633-1faf-4f97-937f-dea4e32ee8d3
READ 7434
WRITE 9409 3c821ab0-759d-43d0-9c5b-fc311a160dd7
WRITE 4675 ddfc4e8b-5b9e-404a-add4-63c13fe18b74
READ 9021
WRITE 2145 2b9312b9-714c-4ea8-a6b2-9527620d6509
WRITE 5357 628bc15b-6f16-410a-9653-01a61f0bff78
READ 5664
READ 4063
WRITE 5893 9c6ea9e1-20b7-4bf7-9f16-d03332495310
READ 6154
READ 1649
WRITE 4183 f3678c38-e662-4618-944c-acfc5f453cdf
READ 8857
WRITE 8049 2ccffaad-0c68-405f-9d6f-847a9bdeb8c8
WRITE 4877 5c09e6f7-a497-45f5-a69b-74489876f833
READ 0226
WRITE 4451 1321de16-0669-4988-8a24-7b8a642a2173
WRITE 6860 bd457e64-1def-4e02-8d7b-b81bd8cd6b56
READ 0553
WRITE 8490 8eca688a-e661-45fb-8011-1ff65f9e3c76
WRITE 5565 2967f927-05b0-4c74-a666-ae1a8b590818
READ 8534
READ 0111
READ 5292
READ 4580
WRITE 6185 9777773e-42d6-4ae6-8e2f-ab70342edbba
READ 5041
WRITE 0463 f8b0e4c1-1a80-455e-bca4-a21144633753
WRITE 3630 9813117e-0ab9-45c9-b64f-27491f9a6aa0
READ 2669
WRITE 0522 92cabfbf-0deb-42bc-a77c-158df24bf77c
WRITE 4215 69213466-4109-4db2-baed-4a3394ea72ca
READ 3654
READ 4314
WRITE 8361 f8b21dc2-eb32-4f4c-a516-82ee7171791f
READ 4360
READ 2748
READ 7861
WRITE 1004 0042253c-08a4-477c-a789-77ff1f544a6e
WRITE 2442 54c70f7e-a8ff-4f1a-9840-cc12e103e239
READ 2387
READ 2935
READ 0856
READ 9765
WRITE 0040 91f3b73e-022f-41c2-9c87-592afe92d0bc
WRITE 3554 5cca7616-9b83-4481-a11b-cbfc3bff194c
READ 6146
WRITE 7139 3a04b0fd-3669-4da0-a64f-d028cc644570
READ 8976
READ 3747
READ 9651
WRITE 9554 06b6ad93-1c7a-4b25-b7ce-8a9e6ef3821e
WRITE 6086 3f862c1d-d6e5-468d-aa81-c74dcfd22986
READ 8850
READ 3178
READ 3159
WRITE 4801 ebaf2f9f-898a-4664-970a-82fb790e44cd
READ 6137
READ 7190
WRITE 7991 4fa0cc9a-76e2-43e7-8555-fcf0e2d5c7c5
READ 9797
READ 4821
READ 5017
READ 1341
READ 7559
READ 3380
READ 8744
READ 6294
READ 7243
READ 5808
READ 8427
READ 1814
WRITE 3865 1778be7e-3dd7-4d7c-b361-5a1134b5a513
WRITE 4666 448084db-43ce-49c4-bfb0-bbf571d5a5fa
WRITE 2487 74260655-c74a-49fa-ba8e-d5be1dc0b169
WRITE 5748 13cdbd33-57be-47c9-b0f3-a62aee3cc14e
WRITE 9868 9791bbd1-c416-441a-88df-b5febc2522d9
WRITE 3017 0fe1fd82-8b66-43f4-acd2-850844345b64
READ 7236
READ 9822
READ 3822
READ 8004
READ 3149
WRITE 9047 3b44c67e-d936-417b-9584-4392d41a4537
WRITE 8528 ce33c84e-db94-49eb-b90c-4180099c1118
WRITE 4460 f8ce7693-68ce-433c-9269-f53c70065f52
WRITE 4444 632a0ffb-9224-4186-94d7-d9f4127ef6dc
WRITE 0625 392334f0-f2fb-403c-82bd-dc8ca99c34fb
READ 1266
READ 8408
READ 8771
READ 4612
READ 0377
WRITE 0817 10db3fbb-c3d0-4a9f-bc12-3eecc3b3176b
READ 7087
WRITE 9240 e08f2e19-d087-4fe5-b256-d60d103f01c2
READ 0247
READ 2740
WRITE 5560 fa85ae5b-f034-4d61-93b0-8c3a1d573176
READ 7196
READ 6849
WRITE 0000 6554d208-e6f3-464d-b16c-14cbf22458ce
READ 7853
READ 5430
READ 7629
WRITE 8770 a0bbb3ce-2f46-4426-859d-c7b725afbf26
READ 1173
WRITE 4282 ef35c46c-1010-4ded-b146-4a450b2580a0
READ 6970
WRITE 6476 e6e55df3-8fa3-4fcc-a6dc-698226822f16
READ 7786
WRITE 0070 a21402f6-6ad0-497b-8bbe-d26947eba641
READ 0661
READ 9295
READ 6610
READ 0596
WRITE 8808 4f4da459-977e-4e44-88e1-039e318cf281
WRITE 5019 71046e09-c47f-4b59-81d5-e9eccb01fb68
WRITE 9679 7f4bc46c-80f6-4d14-938e-e81a22cef34c
WRITE 4650 01e7d859-9849-4f9a-bbe0-e6346f5883ad
WRITE 0114 abb40940-02c8-4af2-a5fa-9654607a7a28
WRITE 7796 578cdf60-2859-41d4-bfed-b18d7a6f77f3
READ 4311
READ 6967
READ 7392
READ 5826
WRITE 0499 1bbe94e0-656b-4f4d-9572-c7321caea69c
WRITE 2810 8adf0768-b772-41dd-9271-fa10137a4991
READ 5876
WRITE 2293 9bf5aedf-51f1-4e92-8964-d33c35d761f2
READ 9229
READ 5650
READ 5143
WRITE 4971 7de22335-f12d-4214-acce-2969853e6ced
WRITE 6465 74d39fb2-f38a-4326-9402-f1b1654ae20b
WRITE 1059 a93ba059-0ba8-4267-ac35-195cc1cb6bb2
READ 1527
READ 9642
READ 9077
WRITE 2980 b215de1f-49fa-4ac4-b46e-b0680d2c7edd
WRITE 9702 52169503-c1c4-4fec-a409-e4d000372a65
READ 5712
WRITE 2050 378f370a-aac1-4861-84a1-a3641d41396f
READ 7025
READ 1064
WRITE 0344 c610be7f-a3d4-432f-8da3-27f17244eec8
READ 2370
WRITE 1131 61d36dd8-b615-45ac-8c9d-54ab83b09901
WRITE 7291 e3b7ff8c-8145-404f-843e-5a951776ba01
WRITE 0331 8708d41b-fe12-4a7b-94dd-11efb33272ae
READ 4083
WRITE 1322 64f934ec-29a1-4c0e-ad39-c47ec023e8df
READ 3306
WRITE 9152 fd3f4341-ebde-4e25-ac92-9f33bb6e43d4
WRITE 5760 2cab13c7-cd2d-48af-841c-4797d0884e27
WRITE 1001 05f5319b-f61c-4256-bbec-2268de121ae8
WRITE 2121 91160082-7656-4f58-ba7b-8be1f4614e98
WRITE 9923 7e5483e0-1935-4194-9e3d-46a2a5d6bc2d
READ 0983
WRITE 1262 594c5304-f829-4c48-8abb-170cfe2fdff3
WRITE 0748 8dd01244-91fe-4f9d-876c-73d518c2daf7
READ 8709
WRITE 4198 6232db36-c896-4233-8833-2c5ac799089a
WRITE 3502 45cfdc12-a001-4874-8d7e-92ce4a196d99
READ 9235
WRITE 3998 94fef5dc-a851-4f47-9f0c-4e7c1ec2847a
WRITE 3480 1705f67c-8213-43f0-8829-d2ba38e50d06
WRITE 4703 fab4c403-9c1f-42d4-aa66-c051a7fe316a
READ 9433
WRITE 8182 dda01208-2e5b-4430-8ed5-573580ee39df
WRITE 3982 d9ab7d11-6718-4271-83ef-066267fe26e5
READ 8945
READ 2930
WRITE 0239 d266f776-cdae-4f81-9971-c388fd61b92c
READ 5215
READ 5356
READ 7997
WRITE 3672 58f56eb0-8f5c-417e-8eed-0e454dec0ac8
READ 9373
READ 3228
WRITE 4307 57d6967c-98f1-41d2-b29d-f4d7ceb2ad54
WRITE 6468 d14172b7-d105-49f8-b3d1-479b96aef174
WRITE 0593 2e8a9fd4-f369-4f50-bbe5-c2c7c908f158
READ 4008
READ 8994
WRITE 2684 c0ebb311-6ff4-4c0d-8a0d-f6d892b082f0
READ 3067
READ 4815
READ 7927
WRITE 1119 cbecca5b-a2e6-483e-bce4-c689d81de339
WRITE 3887 f4418d53-1a22-4da8-b1de-757181d413d4
WRITE 8752 f19b0551-04d3-4eca-adf7-f85c79186bfc
WRITE 4514 82d4de5c-0cd6-420b-8c51-5c7c5cb0eca0
WRITE 2713 f576d9fe-eb51-4459-976f-e60f642f09ea
READ 2919
WRITE 9398 852928ee-74d7-4bb3-9ce6-62f313c0b7ca
READ 6952
READ 4219
READ 2755
READ 6016
READ 2846
WRITE 0245 29883b5b-9d50-4fcb-9624-a0057415d3dd
WRITE 2650 e6b278af-b1ec-45b8-9865-15a5821dc0e9
WRITE 6777 117792af-f879-440d-94ac-5a00bb86a538
WRITE 8991 2f997a2a-a148-4809-922f-dfbdadc52981
READ 6807
READ 3387
WRITE 7651 dbd726dc-3e89-487b-b580-9391299b97d4
WRITE 3111 800e6834-0ae7-443a-a169-ac196a91d758
WRITE 3565 3f7d0cbc-ee6e-435c-b0a1-5b4965276d8e
READ 4075
READ 7797
WRITE 4865 3da29665-bd4e-4f22-84ea-8e4f9c326d6d
READ 5826
WRITE 8813 674d4aa8-1065-4c2f-bd03-93fe67280f83
WRITE 3283 c9413298-0c50-4d16-b4c6-4631b32381e8
READ 4012
READ 3929
WRITE 3605 9a030339-4968-4f1c-9401-7d77dc38aea6
WRITE 7762 a04a47f8-704b-40dc-b4d4-e65cd9d5ff21
READ 0092
WRITE 8448 93e15eec-bb5f-491d-a1ba-83f8462ab278
WRITE 2256 a47e1f1c-f964-4344-bd8a-4cb3e9fc83ff
READ 7079
WRITE 1669 25d92852-4477-44f0-8765-c81f39a25d36
WRITE 5626 e8a56686-709b-4f59-b05d-0795a52eb383
WRITE 8755 474335c0-e319-4191-a519-bf30d3bafb18
WRITE 1690 d6e50a5f-f1ad-4308-a0c1-4b548b117179
WRITE 8193 1c7ce032-3610-461c-91c1-271372a4d932
READ 5059
WRITE 4904 1c3a0eb1-a198-4dcd-adf9-92b958e258c9
READ 7332
WRITE 1228 ff02463e-1956-44e1-8e37-1740bb97798e
WRITE 6186 977d5290-4e90-4f1f-93ba-65b2f0dd0f49
WRITE 5314 21ef5918-9708-44d8-bbd6-ddf69fa87fc4
READ 8782
READ 1636
WRITE 0263 e0ddcf3a-ce2b-4432-aa61-295d1fe60cb7
WRITE 2278 f5657474-6e5b-4037-a173-e5dd50cc09ec
READ 4298
READ 6491
READ 7432
READ 5036
WRITE 4421 fd6e67a8-27f9-4390-883e-aa2cc93afa53
READ 6559
WRITE 0440 2320461d-4cb9-4f11-bf57-e4f43f79fd37
READ 6530
WRITE 8482 67ecbc2b-f540-4915-8fc3-e73dc4b683d5
WRITE 5270 8075e4c8-9327-4442-af44-2ae71718d10c
WRITE 5548 96136595-3f75-422b-bbbc-63cf9bcd19ed
WRITE 9940 bb6cafb8-30e1-49ec-b769-80f687046ab8
WRITE 6578 0535624d-c93f-4ef6-b59e-9044c70b7d8e
READ 2810
READ 3368
WRITE 4405 bc50145c-2e74-4376-833d-c852dd85e478
WRITE 8506 f48a0484-ff4b-43bb-a5c1-a97e0e764e24
WRITE 7073 1c4c4fdd-23ad-457f-9f7d-4741d8e2d4a4
READ 9665
READ 8999
READ 1668
WRITE 0841 fe9d8e5f-7f77-4d86-af3e-f957ca60d6d1
WRITE 2806 526ba636-a194-44f4-bc78-49eec4db702d
READ 0664
WRITE 2248 7ad2f814-d3b7-4464-99ef-64f74b55984a
READ 3524
WRITE 1156 aae5fccf-fe07-4bfc-823a-f8522ada5c09
READ 6650
WRITE 1426 3cd3b954-62ae-4774-85be-716bc36d430d
READ 2590
WRITE 6573 dc3d2db7-90e1-4d27-9c45-619c502596ae
WRITE 0663 4a1deb95-cdab-40ee-826f-05ed3e6df1be
READ 3413
WRITE 7183 c75eb2e3-60eb-4760-8e2a-70d21a41cdbd
READ 8253
READ 5645
READ 4246
WRITE 7169 49937649-2270-43dc-aed3-d933324cf965
READ 8064
READ 5824
WRITE 6999 d4800fba-262e-4a81-bd00-e0c696fafdeb
READ 2970
READ 7699
READ 8695
READ 6850
READ 3304
WRITE 0215 b5499246-fde5-4773-8ab9-76fd16f2fe32
READ 2504
WRITE 6636 0e81c2f8-1d56-45d9-94ca-f421f8803104
READ 1269
READ 4451
READ 5832
WRITE 1528 bed133b9-4e22-403b-9604-a8648b86edb5
READ 4856
READ 9666
READ 8225
WRITE 9768 ba9bc775-d198-407b-9f55-dab91f4c8ab4
WRITE 6253 3d54d003-648a-4742-8309-0e45e71e69c9
READ 6046
READ 6423
READ 3835
READ 2800
READ 2836
READ 0301
READ 6381
WRITE 3042 fc7e4101-9c38-4174-9620-d2c55fd63eb3
WRITE 3093 5d8678e3-2ab0-4b6b-a8fe-9dba3d7edbe0
READ 1161
READ 8829
READ 1434
WRITE 0304 45c3b89e-918b-48fe-9d85-fa7ce213d27f
READ 4300
WRITE 6487 b3aba641-8160-4d28-b878-911492c3fcc3
WRITE 5554 bfc57d1a-6cae-45e7-9f4c-32120934b96a
WRITE 5205 6051d3d0-5b0d-45fb-ba0a-d069cb680b2d
READ 7431
READ 4891
WRITE 4034 c63cb90c-e7a7-46f5-9b9c-6401b0fa7bbd
READ 5303
READ 8355
READ 5485
WRITE 4419 2ed015db-6463-44e1-972a-232b106c51bd
READ 1001
READ 2608
READ 8081
READ 2179
WRITE 6954 9b9b0f37-faac-4cd4-bded-e1dff8391777
WRITE 0515 7c79f08d-d1ff-44bb-8753-170f2868b0a3
WRITE 3748 3ef29781-9c23-4bd0-a5f7-7b606240731a
READ 5062
READ 5298
WRITE 8294 0ee4acdf-2de5-4235-9b9c-64d9659bb890
WRITE 8453 8261456d-ead5-460e-8de8-645c8fe98533
WRITE 4019 61f8d56b-800e-430e-99a1-79a86695fe54
READ 7588
WRITE 6440 6f72b99e-10fb-4e7f-ae6c-800e0855dc49
WRITE 1007 43fef480-4a73-40a6-9a39-f9160f594067
WRITE 8553 ba3bb109-9ef6-4f4d-8ca5-2c646c53ae59
READ 3093
WRITE 7568 61e37d34-2587-4c91-b462-2a48b0f6c281
WRITE 4144 988ea420-3e08-4f80-92f6-62720b194960
READ 8679
WRITE 0394 197fc48a-f433-4cca-958e-00a68bc7e9ce
WRITE 0646 08cabebc-d9c2-49de-bc1b-d38390ef5026
READ 7267
READ 5266
READ 1121
WRITE 5241 06f09a5b-d358-4ed0-b804-6bb2ebc35fd2
READ 1629
WRITE 8450 a165401a-73e3-4cc6-aea6-82038e3e5d42
READ 3238
READ 7155
WRITE 7483 b6417198-6907-4c3a-96bd-e064098ae4f3
READ 4385
WRITE 1657 bf460067-cc83-466e-860c-8a0eeed2c336
WRITE 5220 5b0f12e4-38ca-4142-9f40-c36afe5773ff
READ 2716
READ 3060
READ 2593
READ 1243
WRITE 5360 996e1fc8-4fe6-4169-9a9a-a11a671b9804
WRITE 3917 14c76af1-44c1-4798-8570-0747ee338474
READ 6234
READ 9782
READ 2541
WRITE 7729 3ec17638-81e4-41e6-8b27-2460f8d5451c
READ 0795
READ 8893
WRITE 1853 e12744fb-dd7b-4e51-9d7e-e87939514e8b
WRITE 7254 613384ca-719a-48c1-b341-a441c4537850
WRITE 6907 fedc8ffa-3d72-47bc-aa4e-28039a7fe9aa
WRITE 9621 031e7554-aeca-4cfc-b5f0-02dabf16e69e
WRITE 4451 aa4a97eb-3765-4204-be69-1e6f1544972a
READ 3336
READ 6504
READ 0158
READ 8150
WRITE 6508 69476460-3bbd-4308-98bb-f20ef06c5c47
READ 6084
READ 0794
READ 6511
WRITE 4099 68a09174-37b8-42be-9f33-cee90b1fa3fe
WRITE 2159 247733dd-e507-49bb-abdf-c43db1830a0a
READ 0328
READ 9849
WRITE 6197 c45ae684-cdc2-4731-82eb-753bc23bb4a3
WRITE 5361 da576557-7c22-4647-8e9e-f25bac0bda0e
READ 3661
WRITE 2452 226959c8-349f-45ef-be26-e4e3f7c18854
WRITE 7308 7659ed43-bd47-43ff-a744-9995a9cc493f
READ 2690
WRITE 4594 7ff654e2-0b14-4900-aea6-054864f6b5ad
READ 3694
READ 4349
WRITE 5962 3740a7b3-f7b0-4312-8099-709e11e0b35e
WRITE 7547 5cbc918b-2df7-4f72-ba92-5d876434a4e5
READ 6899
READ 4319
READ 5386
READ 7106
WRITE 6541 52937a82-07c1-4bf3-bd60-f4b6994461fb
READ 8710
READ 6249
WRITE 3498 3307e3f3-0f12-4b7e-a1e4-f26275e3e987
WRITE 1892 53579ed9-fdff-4a44-baf1-744947c02017
READ 8884
WRITE 9580 ddb60072-10e9-46eb-9c20-8754686ccaf4
READ 3484
READ 5974
WRITE 1708 a7d07fe3-1182-4d27-92ba-d4fc429b5c4e
WRITE 7665 de5827c6-a888-4d01-bf0c-f4aa72ad55a1
WRITE 7702 8863ea38-16c1-4553-8fa2-45a23d923985
READ 2024
WRITE 7387 a60a247c-e5bd-49cb-8a94-2d068242d546
WRITE 0977 6b5ab144-23f5-45bf-b575-0a539eabb562
WRITE 1503 52d19fd4-c433-408c-ad41-db4c4c759ea0
WRITE 2401 3baacd8c-b78b-4509-acb5-c92f2cbc8d2b
READ 3827
READ 3601
READ 0745
READ 7207
WRITE 7675 11769de2-289f-4b4e-93c4-5eae4c425cd0
READ 8647
READ 9381
READ 6856
WRITE 0036 7e0864f7-c0a2-41cd-b4cd-ef155971465d
WRITE 3687 b1dd3598-1d7b-4799-b08d-43821941a740
READ 4236
READ 7183
READ 9149
WRITE 5602 0236f73c-adef-4427-a8ff-cd92c5552ab3
WRITE 5369 47cc3b31-5a7c-4907-ad73-d9857accf088
READ 7395
WRITE 6593 d5627a2b-276c-4028-9594-27c8c4ff2b4b
READ 4488
WRITE 4737 759b8e58-25cd-4f02-927f-cd819a341fcc
WRITE 5472 1cddb84f-e7e9-4a55-af3a-57e33866d1e4
WRITE 5574 0d19e238-7b8b-418d-a5e0-6f0fa78f2b3c
WRITE 9507 efe24cb1-e824-4de5-8f8c-731e77fa8386
READ 8994
WRITE 5477 8b11b39f-0267-435c-b8a5-02f025e5eca3
READ 7630
WRITE 8500 c9947dad-e491-403d-9f0e-dde9df7c12f7
READ 2415
WRITE 6571 6d67ac82-abae-483e-9ceb-78b2ef751fd9
WRITE 1083 d0f8e944-9479-4275-975b-06f47c34f90d
READ 7644
WRITE 8237 62f7aa01-bf13-4ff6-8f18-c897680f0761
WRITE 3236 92069c92-a17b-4cd3-bd9a-3bb17ccee648
READ 7663
WRITE 6865 f6712efb-8698-44a2-9cbc-4d7113dfd1ba
READ 8391
READ 9939
READ 6179
READ 8087
READ 2279
READ 1888
READ 3266
WRITE 8261 61bd62ce-c8f3-4ea8-8489-f61f11ed5095
READ 9356
READ 9069
READ 1608
WRITE 4981 d7e906a7-7902-4976-96f7-b4f133cb4ffa
WRITE 7592 e9fb9493-1427-40ec-80f0-3132523397b5
READ 2008
WRITE 1387 76391569-0aa4-45fa-b0b7-562d49c1949e
READ 1142
WRITE 5837 175269c4-b640-404f-9d5b-7ddb5960c76c
READ 6047
WRITE 5253 4abfca93-be87-4e2b-aef1-9cb1ede530d4
READ 5270
READ 3317
WRITE 4015 5a382b3d-a728-4d45-afc0-d8f8edabae02
WRITE 9605 4a5ff317-5e6c-44a9-8a56-274f213a14db
WRITE 0825 cb280a26-af74-49ea-8aa2-31d5f8b87510
WRITE 7489 eb8298fa-cf11-4771-955b-2bf50006fa2d
READ 8436
WRITE 2971 7265e289-eb7d-41f6-a141-d411d14d9c94
READ 0202
WRITE 2880 4a9bd5a7-3f6b-4819-aea0-e663aa14fd8c
WRITE 3517 da84038f-e3fa-4fa4-bea7-ecd3ae0bc5b8
WRITE 6146 f96e3e6b-b7bd-4b9e-817f-cec4ebbcb7fe
WRITE 9881 8fc4f6d5-cb7c-4257-a416-dab6da9d0a77
READ 4388
READ 1744
WRITE 5608 dd207d28-74db-4298-b1e8-09bda25dfc62
WRITE 9301 ec536db9-6229-4dd3-bf35-8384b613e270
WRITE 9697 b71c497c-d668-4278-9204-c9e1ba4d6e49
WRITE 5507 3e90832e-7022-4d70-81a4-f0d048bd7348
WRITE 2540 b6568f37-ea27-4867-be73-c4c0e3aa4dbc
READ 2904
READ 8534
WRITE 4216 361a02c3-8f0e-4ab0-9560-d66c2e3f293c
WRITE 3991 d6a576db-18a7-4c56-9998-1322c6f57792
READ 5386
READ 7723
READ 5602
READ 5997
WRITE 4396 bb374a86-6a1c-4b4e-9d2b-3217062445d1
WRITE 5821 19771401-f866-4c67-88a8-64bb03988198
READ 2735
WRITE 0720 2ef551b5-87af-4d7e-9766-4f35d8634fdc
WRITE 2604 3380967f-6938-416c-aa12-bdbc578e4a8d
WRITE 1115 462496e6-1b39-4d25-ae3c-bdd5c9379fa8
READ 5385
WRITE 9090 1e75a630-7f1c-427f-9001-89d86d088a77
WRITE 6709 fc9fba7a-3a00-411a-8a41-bc32195fa2b7
WRITE 6068 175250dc-6e77-44c2-b1c9-522d862dcc99
READ 4890
READ 5045
WRITE 8177 c8fbd657-f792-4342-ab80-89a1591b17b4
WRITE 1057 db280052-7dd6-4e64-bbe0-382fdf89d6ef
READ 9459
WRITE 6074 3e5bb2f7-97a8-4ffc-834e-27d4afc0b867
READ 0837
WRITE 1153 2f1f0fc9-0fe5-4a09-84de-8a8be405ce8c
WRITE 8700 b3b1a777-d050-43c5-8d84-ccb939df6962
READ 6132
READ 0911
WRITE 7872 3a687f1c-079b-4ee5-8628-c95d4418f9c3
READ 5916
READ 7508
WRITE 8264 4f14c130-4880-4cc8-8ff7-a8dd52cfb460
READ 4032
WRITE 5800 bb7c5c42-b450-40ae-8c32-749fb44d159b
WRITE 8569 2711d241-42dd-4630-af2d-6a5a39462568
WRITE 3244 054a4950-9c62-4cde-aba9-c09f1b7fd03c
READ 2085
READ 3844
READ 2030
READ 5945
WRITE 4498 1f8626b6-9c75-4704-a0ae-27c43382e2b5
READ 2273
READ 6713
READ 1900
READ 6383
READ 4081
READ 6811
READ 1643
WRITE 4102 2e72064e-f24a-443c-8231-0a4a7c322148
READ 5611
WRITE 4280 1c134a98-5e15-4120-a9ae-affe771d2bb5
WRITE 2555 d621943a-8386-4f1e-b85e-d5ae487b6a13
WRITE 5199 85a3576c-18b0-4a23-bd00-82c2cc28c433
READ 4113
WRITE 5072 98f05bc2-e44d-42f1-bc30-a763636e0550
WRITE 0176 280dcd3b-772b-4cba-9cb9-8f29afcc34d0
READ 0279
READ 7142
READ 3689
READ 5116
READ 4613
READ 7978
READ 6745
WRITE 5392 f37def47-416b-4ccb-bad5-e495b72a0845
READ 3744
WRITE 6759 6b0a19c5-34f9-49db-ba9e-f8a2acada1c3
READ 2702
WRITE 9155 b681cffe-5875-41ac-ba93-feb0d7cc3fa7
WRITE 4807 00e788d2-440b-4cd0-9715-f2dd93f49285
WRITE 1729 aac3a2fc-0e0b-41a1-80b2-64122f7507d6
WRITE 2911 876bd976-8e7b-4486-8736-b522bf1a5cda
READ 4298
READ 7534
READ 7253
READ 5726
WRITE 4811 856b378f-f2fb-4f8b-a1b0-09cb962a7072
READ 2035
WRITE 1552 df4ecc86-3d5f-47fb-9090-b7a9fda5676a
READ 3540
WRITE 0175 29e57999-1370-4e4a-addb-2662a59361b3
WRITE 7665 4360dc7c-2c72-40c8-b0b0-86d7d7f1c533
WRITE 4947 82d396bd-1c3b-4803-b255-2bf1be6b3a76
READ 3072
READ 8361
WRITE 9371 4299eb86-284a-4b77-8fa0-54873737d3b3
READ 9828
READ 6591
WRITE 1457 246fbb3c-8a1a-4360-b830-bfca062c4ee6
READ 8706
READ 3399
READ 2359
READ 3848
WRITE 8141 5edeb10b-bb54-460b-a620-bb03ddcd32ab
WRITE 5122 dc28ca98-370c-4dac-acd4-d8ffc007e6a3
READ 8532
WRITE 9704 44d3e9cb-af9c-4009-a2df-780ba732bb27
WRITE 9256 dc09cecb-0874-476c-b737-b7dbc9e88af3
WRITE 0351 74558e5f-8de8-4ea9-acb3-c85989164052
READ 3913
WRITE 2660 dabf83da-5d97-4ea0-af0a-0225f4659eb6
READ 8269
WRITE 2279 f23f4668-795c-4349-8d1c-3aced5fd15bd
WRITE 7823 efe69fe9-a0d5-4a84-ad73-57f122b37fbe
READ 1022
WRITE 7761 713b02e5-b71c-4571-b71f-765f67c95c6b
READ 8256
WRITE 5851 58af07cc-0e94-4902-9c7a-b9776ad0d004
READ 3983
WRITE 3848 d94ce3f5-0b04-40c1-ba56-a039366071ff
WRITE 5321 95a80786-1526-4224-ad2d-dd8f0c3f0d4e
READ 9897
READ 3194
READ 2712
READ 5961
WRITE 1521 af1597ad-b9f8-4bae-8afe-4113d0dcc834
READ 0636
WRITE 4608 ccde0bdb-df43-4997-a5a7-b0b02d6844c6
READ 5985
READ 8339
WRITE 8649 885927d9-d135-4ef2-958b-119c07c18533
READ 2783
READ 0308
READ 8066
READ 1176
WRITE 1242 9c4fcfb0-483e-401e-bfc6-9bf4f36f6ac1
WRITE 9957 6e22540f-1d97-4df4-98eb-fc7ff5d1a856
WRITE 2121 8de5d297-04c0-4872-83d2-a6615b57f9f3
WRITE 0613 daacfe8f-47da-46f6-bb7c-8a3f3d3c15c5
WRITE 6755 bfabd69a-3f58-49ba-9b8d-25bf0d474f1a
READ 3259
WRITE 0997 d3cd8419-b128-4c2e-b676-1ed34d838ebb
WRITE 2615 7f643e24-f3e3-4937-ae88-b9850d3dbb2b
READ 1004
READ 5975
WRITE 8685 89b286d6-6c3e-4195-b10e-4d6f0cdb3253
READ 6659
READ 8987
READ 3120
READ 9809
READ 4467
READ 5660
READ 9680
WRITE 6926 5dd4c3a8-0a15-4457-a6a7-360f9e0ecab9
WRITE 0738 dfc7b924-6150-4412-a50b-7d35a41421d6
WRITE 5241 b945be24-f6aa-4fb9-bf5b-57a16beca71e
READ 8561
READ 1821
WRITE 3043 43b02120-49c9-4fea-a679-946fba800782
WRITE 3225 4cf85447-9f70-47b1-9c03-79d6bc379233
WRITE 0932 9756f862-e294-42e5-b00d-e252138cb74b
WRITE 4566 d31cf186-ee00-4a8a-bf90-f757e1a522b3
READ 5163
WRITE 5624 0490b927-a646-43d3-890c-7e16afa79998
WRITE 2276 a6149d49-0e9b-4f1d-a4eb-19850366fc63
WRITE 3000 9810df60-c3b1-4e0d-89dd-3a98d3f9f154
WRITE 0660 1d77eb99-4bbe-4d66-b0c8-2cdddef6c019
WRITE 4777 e4876757-8369-457b-a08a-d3aac5cedb34
WRITE 4200 1a4ab4f0-382e-49ae-9d7e-d650a27aa093
WRITE 3661 8532f909-9ae9-424b-a05b-250d4f95930c
READ 3552
WRITE 6704 5dfa23c3-67aa-44b1-a50c-d7847b27f701
WRITE 9135 c4a4cedf-ba43-4367-8cb7-e33a5d3ea2ab
WRITE 2501 1e8ee2f5-d8f5-4beb-8cf3-cb33d4a4a926
WRITE 4603 6315554f-b8fa-421a-928c-c4e8728cdbec
WRITE 9630 e1b76958-b3ac-4f71-b5e3-aa4486944187
READ 2223
READ 4326
WRITE 0059 4f15a4ef-ae9a-4adb-809c-215750404df0
WRITE 4830 1899348f-4e6e-4820-b141-8230c5071b0f
WRITE 1625 6c90cd19-7426-4da4-89db-1ab8a0d4e930
WRITE 0544 2976797a-4734-48d0-964e-ecd680038d49
WRITE 3735 3dc9ff8f-a412-4e54-a6e7-cb7f22a0f650
READ 3067
READ 6259
WRITE 2225 7151ec30-1138-4937-a286-7dcd2b012e2c
READ 2791
READ 4168
READ 7078
WRITE 4460 e8683287-309c-40db-909b-6c942e924f82
READ 2160
READ 9241
WRITE 2035 0d4b7ebd-1cb9-413a-936d-0653018c8363
WRITE 2378 c36ffb69-6eac-4585-99bc-47cad234cbb4
WRITE 6180 6f269bd7-128b-439c-852c-3162b03640a1
WRITE 9524 9f36c31b-d169-4f0a-9317-11dbae42fa9f
WRITE 4659 97aaabdc-98d2-4d4a-87c3-4dfad4916a81
READ 3678
WRITE 4191 b2e91f23-9179-40af-870e-da856194fca9
WRITE 5008 b9c73958-63ee-4f22-92ce-3fe477acc71e
READ 8651
READ 6327
WRITE 1764 4bb94705-1357-4560-aff2-0e54a263966a
WRITE 6191 0d3426f8-58f7-4336-8929-a04ebf66b407
READ 9118
READ 0865
WRITE 5504 8bea5447-1d85-4904-9943-09f2e141ebd5
READ 0213
WRITE 4995 1385cf52-76b7-4a17-bad5-bba6039e922d
READ 0946
READ 0778
READ 5233
WRITE 5134 3ad446d2-ee90-44c6-b133-e1d6fc16babd
READ 3641
WRITE 5210 bb64b9e1-c1fd-458d-a3c9-9ec5a46ebd5b
WRITE 4436 43212fcf-17d0-4f1f-b185-190cba696696
READ 0365
READ 2116
WRITE 4490 456a61c9-3e8b-47bc-a2b7-5fc1be07fd59
READ 5356
WRITE 0654 01a7eac3-0c9a-4b8c-8707-bd0dcccfefd0
READ 2388
WRITE 4554 f6cb9faa-b40e-44c3-8fbf-86ffc74ce892
WRITE 8875 e2f8f8a0-9803-4ead-a948-a982b14bb2e8
READ 2817
READ 3537
READ 0818
WRITE 1337 166ef2db-f8f7-449c-b452-0a439818a692
READ 0791
READ 7005
WRITE 2926 25a6fafb-41e6-47a1-8482-5e24a1cdc217
WRITE 8968 165a9099-80c6-4fdd-927a-4a0363e243e4
WRITE 9803 fb8e00c9-8920-4da1-857f-ec1bf6941e4f
READ 1319
READ 1663
WRITE 0425 b82e82d1-7f9e-4b29-b9ad-63fc96599c61
WRITE 0583 ccd69767-bf85-483b-a416-7c6df0f1adb2
READ 0091
WRITE 1349 7fff846c-3db6-4d84-a9bf-6011593f9adf
WRITE 5716 6874a988-5409-4c07-bf08-395e25215d5f
WRITE 1953 12764e27-942b-4bef-a7c3-5e72b237da13
READ 8472
READ 2377
WRITE 1205 676f01ef-f52c-456c-9488-10146beb27af
WRITE 7252 fe9e237d-05fc-4b30-ae43-da3f7bbc2134
WRITE 4271 a1844e08-10f7-4586-94ed-a9071d93d5cb
READ 2641
READ 4098
WRITE 8371 41d21614-e4a3-44aa-894e-3c152a7a5d70
WRITE 8574 ccdce065-8558-4750-90b6-dad2730780ab
READ 2833
READ 3244
WRITE 2509 ef258f2d-ad96-4510-ab91-76f093de6fa6
WRITE 0961 c61f99ba-d686-4b4f-8ffb-5d92f73e5597
WRITE 4145 73fe3ef2-dccd-4218-8748-7b52f9dac89d
READ 6946
READ 5709
READ 5864
WRITE 5412 f4359582-8637-43a5-94b8-cd2f8244c6f9
WRITE 5991 0d323c98-dbd9-4aea-b71b-1b3173ba9803
WRITE 5003 b9a58021-0ddd-4cc3-bbc0-7ff44a1c977f
READ 9324
READ 0097
READ 9637
WRITE 3959 5661e1cd-fb8c-4878-aa8f-15d5d5a23443
READ 2446
READ 3926
READ 8832
WRITE 1203 9bf029ec-16dc-4521-b6a7-a2e147ac8608
WRITE 7017 e5589758-d8c3-4067-bb28-7cc4c16a1bf8
WRITE 1983 d5235f1b-14f2-418f-bdb5-136e1895aff0
WRITE 2180 b2036d0d-508c-4e62-a24e-ec9ad2bb255c
READ 3272
WRITE 1323 016d8490-f01e-4b1d-99d5-506f46e4245f
WRITE 1631 ff318c89-a5ba-4076-afd6-de8632f6b013
WRITE 2226 855d6ff4-6146-4408-aa16-3389391d300e
READ 1463
READ 6496
READ 3004
READ 3687
READ 0326
READ 9852
READ 6656
WRITE 1828 2fc2c8f3-c440-45de-b888-7c7fafc58d65
READ 6818
WRITE 1202 1748059b-571b-4717-82dd-c410c13febd9
READ 5235
READ 0383
WRITE 5969 b5d69a86-a90d-42a7-8dcb-83a781a04634
WRITE 7141 ce1d98ba-b98e-467b-8cfa-d044f6953412
WRITE 3498 66ab47be-0295-4ee8-acd6-5cbf10ef98fd
WRITE 0838 59a055b1-1a2f-4f31-a3d1-d081e616a217
WRITE 1964 b25d1a6d-1e64-4b5e-957c-e1aca0267082
WRITE 7476 74ce9677-8e3a-49ff-b644-ea9e79fad712
READ 2082
READ 2893
READ 5268
WRITE 9731 82665b38-3791-475a-9428-20d812099ade
WRITE 1963 a84858f3-c436-42c8-b6a4-f8e90eb4082b
READ 3495
READ 9991
READ 8842
WRITE 3754 cdba125d-c816-4598-b78f-83df3d9fc3d4
READ 1178
READ 2645
READ 0017
WRITE 0394 86ed25bc-d38d-46fc-b7da-04acb181f8bc
READ 7253
READ 5071
WRITE 8421 2b771269-2f4f-4ffc-8e75-378e7ff5adb0
WRITE 9556 42708d8f-9a0a-41aa-a841-30085f4522a7
WRITE 5582 3ab23a14-1c11-4e71-bdd9-fc22af16fa65
READ 8185
WRITE 3722 aeeafda7-43d5-43d2-8968-3dff00302935
WRITE 6595 df3ef04d-0c8f-4ab2-b411-e43deb38fc43
WRITE 9872 1cf7dc57-9842-4d42-b9e1-9f61e30f988f
WRITE 6448 875359ac-826c-4bc9-827a-ca7335a03714
READ 5744
READ 7643
WRITE 4483 87e52281-2b78-4507-8eb2-b7cc6aaccb0b
READ 7320
READ 4392
WRITE 6475 a95609a5-7876-4a56-b3cd-ab53fd4507e4
WRITE 1260 7b7ee893-627d-4373-9c18-227ad41ba386
READ 9238
READ 8304
READ 3763
READ 8407
READ 9289
WRITE 7892 27032995-9a46-4621-b64c-e11fd9a271f9
READ 5979
WRITE 4015 70cce33b-c219-4ce0-bfff-0650bca30709
READ 4701
READ 1795
WRITE 3380 a2e48eaa-46ed-43a2-8c63-4ab3cb9f1f28
READ 6875
READ 0963
WRITE 9751 6cabdb93-5693-4025-9b70-b48b94a63662
READ 4020
WRITE 2267 165b9805-2976-4a58-aa15-50537edd5f8b
WRITE 7224 d7b27aef-9926-4ff6-87ff-4e03b6e602f4
READ 3872
READ 9527
READ 5408
READ 1029
WRITE 0654 c227906c-6f76-40e3-b71f-5444aa340260
WRITE 7424 f5d4d31a-46e5-4e8e-a497-6606071bcd68
READ 3182
READ 7798
WRITE 2528 7b81745f-6bb1-4034-8f32-31b777c253a3
WRITE 9396 83c1a0b1-5416-4a34-ba9a-fb8033c816eb
READ 4479
WRITE 0217 eb5a9ae6-f8c4-4289-a239-9b096c95c993
WRITE 2405 85415c5d-ddd2-4d95-a670-231efa1f16a2
READ 6295
READ 7437
WRITE 9527 9dd771f5-7f32-41e5-b410-8d53f212d82a
WRITE 7304 895c5b30-2f7f-401b-8472-2a5d0e4b87a4
READ 4109
WRITE 5413 4c360246-16a6-4d90-9e6f-9d7483991a81
WRITE 6346 37bb06f1-6219-4d74-842f-bb5b0dd564b8
WRITE 7863 0954cb41-0019-4339-aadc-e668c82febef
WRITE 4057 677ba964-ec5b-493a-bec4-d6f03a205d6e
READ 2306
WRITE 9439 985905f9-275b-4a56-97cf-2115c47f2a94
READ 5684
WRITE 3568 2e7a75d7-b1b1-42c3-9c90-c782f6806ba5
WRITE 5981 59fb3d9b-2a0b-44ef-92f4-e557409d80ca
READ 0514
READ 7030
WRITE 9663 63be901e-7117-4744-a83d-4dc9d55db552
READ 3989
WRITE 2018 1bbe5975-ed24-4176-bd95-b771f151d637
WRITE 8614 76567491-237d-419e-a680-2d4e560928ce
WRITE 0845 29786db0-2683-45e5-9930-c17a1df5f9b8
WRITE 8042 86157d56-53d1-45d9-a404-c79c24f31c35
WRITE 8215 842b35cf-cb8d-4c3e-a442-530abb7809b7
WRITE 4677 4b8e4fa3-28ea-407b-bbc6-5820691c63e8
READ 8380
WRITE 0477 6759bf0b-bf40-470c-a377-e3e085d49519
READ 2834
READ 1776
WRITE 1966 e50e9132-bb5a-4f69-8676-b740578eaf99
WRITE 2634 6933f5e4-6490-41c5-a143-63fb47be3271
WRITE 8112 02f959e4-b346-42ed-81f5-6f10b9d73e24
READ 8368
WRITE 3254 03ede770-39ef-4b78-bafb-7752218409ea
READ 3866
WRITE 5674 959d34ce-d2f9-46d2-bc58-93ed3a588951
READ 2066
WRITE 4072 d9e51d7a-8638-44bc-8bd8-6c3e7778fd20
WRITE 9675 88f5e64f-01a7-4df4-9c0d-6185ae926341
READ 8516
READ 9664
WRITE 1877 6cac16bc-c1c3-4054-a843-bb4f80e89cca
WRITE 0447 acc6c438-7494-4237-ae69-cd78fb02e2fc
WRITE 2599 d9c166a2-cc98-47ad-8913-d1d5461dbe03
WRITE 0035 d8e0ef1a-879d-4bd3-be5a-c84168ad8526
WRITE 3904 520b8e36-c255-4024-9fcb-6206346709aa
READ 2038
READ 5452
WRITE 5851 18c9bb4f-65c4-4fb6-b03f-2adbf0123b5c
WRITE 3690 67900edb-67b0-472f-b4aa-45f9370eb9f6
READ 0432
READ 5801
WRITE 6890 77c11656-5b84-4a17-8640-bf1a74b571f9
WRITE 5532 45f4dbd7-3e0b-46fc-bd6a-984dd082728e
WRITE 3707 9c999ef4-e096-4fb9-847f-7bbf334a3337
READ 7037
WRITE 5688 c26808ed-c1d5-4e4e-a968-cc6528a17d78
WRITE 0900 f90d67c5-4bda-4459-ae64-3e236341ca0a
READ 0599
READ 6291
READ 8538
WRITE 6028 428db71a-ac71-48fa-b943-3cffa26f8902
WRITE 6515 ca66b1b3-8715-4652-8079-1420c01f18e3
READ 2402
READ 3311
READ 3743
READ 3253
READ 8336
READ 8708
READ 7054
READ 2124
WRITE 8634 38396449-b1d1-41ff-886c-33c5033ab9da
WRITE 4853 32a7afa3-f856-4a27-8c5f-19c7c946f089
READ 1986
READ 2600
READ 2842
READ 8258
READ 5368
READ 8762
READ 7002
WRITE 5940 64814c23-151f-4293-a897-7e813a004f57
WRITE 6434 19ec620c-daf4-4035-917a-a51929cde6fc
WRITE 8971 f1600349-9dde-43aa-a534-bb90c38ee489
READ 3931
WRITE 1228 bf621ffc-515b-4d23-af99-3bd95a2b091e
WRITE 7705 68af26de-a414-42a1-99d5-31189f3a416f
WRITE 9261 61cd214b-cfd4-4863-8339-8e3628478cbd
WRITE 3719 d903df4c-056b-4a99-a42d-c540e88d6f5d
WRITE 4402 2728f30a-809f-4cde-b1e8-f2d375b5def6
READ 3558
WRITE 3574 0b40b8f5-0d03-47b0-bad8-16a4a5defc05
WRITE 6932 eed4ed7b-d74d-411c-990e-31934e43a479
READ 8360
READ 5812
READ 2187
WRITE 7769 2b05e9df-b8c1-4f71-bb12-3959f2ffc22c
WRITE 4657 741fa53b-cd99-42f3-aee7-e2087ffdd771
WRITE 9096 404be373-b378-4c66-8776-9dd73a4b8c6d
READ 5209
WRITE 4497 66836bd0-4184-432f-870e-31d2e514f244
WRITE 2914 e68956c6-5d6c-427b-a23a-094a605cf4d3
WRITE 8184 d005d2f4-d053-469c-add1-759254a18801
READ 2930
READ 8390
READ 6258
WRITE 5663 5e669470-bb8b-46ad-aa18-460397eaff80
READ 5591
WRITE 6363 09318f26-eb3b-4ae6-8793-1935f9ae961c
WRITE 8812 be1e5002-01a7-47ef-ac3c-2836ef807f3a
WRITE 8814 04d072cf-2456-4b34-836f-f2a655a8af0a
READ 1751
READ 1270
READ 3309
WRITE 6071 5eeaba87-399b-4a4b-9dd0-77457a5cce40
WRITE 5166 8285df9a-d2e2-412b-8948-8e22899665ee
READ 0689
WRITE 4201 ebd37195-a2ba-4e69-a84f-4c0ddff5081c
READ 3383
WRITE 6277 d304e49c-54a8-41c4-9f3b-0258311d8731
READ 9193
READ 1921
WRITE 9595 4abf03af-03d5-4e05-9ba0-4659d812e258
READ 5700
WRITE 8395 306769f1-5d94-4619-89c2-304f521c4df8
READ 0974
READ 6195
WRITE 5084 15bc7cdd-8c15-4ed2-8daa-69713225f996
WRITE 9135 6e9c3903-a817-4fce-95f8-70e48fd0e1c7
READ 4373
WRITE 9047 1af7b7cc-ad96-4cfd-9dd2-fb37656c6a40
WRITE 0614 fae3fbdf-0973-4c09-9260-100a6913faf1
READ 2598
WRITE 7570 0d276ab1-0702-4a9d-b8d0-01333e216ec5
WRITE 7725 f9a3342b-c170-4bdf-9654-edfc997c48c0
READ 4740
WRITE 2394 a2592250-0b1e-4bda-978e-d7799c157b33
READ 9716
READ 6494
WRITE 8732 510b95ef-5b3d-4991-934b-728e40346955
READ 7633
READ 1229
READ 7786
READ 9174
WRITE 6997 44f89e0d-238e-4d95-8f63-7ea349a40a81
WRITE 9699 1b56c2de-cf0f-4b4d-add3-12e4d7a1da28
WRITE 9150 5c83eae1-4404-4408-ab33-cd336fe1df4d
READ 9826
READ 2248
WRITE 4913 eedb907f-02ab-4b25-8c0b-5210141b2a93
READ 2274
READ 7828
READ 0054
WRITE 8736 30c98c01-d3ce-494f-9881-d6aca93aa7f7
READ 8818
READ 7790
READ 1514
WRITE 2827 e9c84a73-ad14-4864-adb9-8c818e8f47fe
READ 7005
READ 9482
WRITE 4222 60bba93a-b2f1-40b0-bd9d-538e98a3f5d8
WRITE 0805 8734cb9a-0e1c-4019-8bbe-5f58db45dae4
WRITE 5622 401447b1-6fc9-4b1d-b3fb-77bda2396fb8
WRITE 5023 38c9869a-6125-4e6d-b49b-0b1065236f65
WRITE 1089 543a2309-f5a5-4de9-82c8-31b561ac34fc
READ 8051
WRITE 6232 f32c6d15-5b99-429d-84b4-ea4eee26bdc1
WRITE 2303 f0917bbf-5f1c-432a-854e-f3d3dd6987ce
WRITE 4610 4f3c515c-422a-47b1-927d-ab1c45391269
WRITE 6508 f50effcf-09a7-461e-8569-16f91edd17db
READ 1072
READ 4802
WRITE 4776 503ae97f-b876-447a-ac52-11f07218ed82
WRITE 5701 9935566a-8a3e-483f-b435-96f64245edd5
WRITE 6747 9a7a0bef-46a2-45ca-a704-71c776935335
WRITE 1109 40f04d79-54bc-4268-93dc-147de5c5aaa2
WRITE 5113 ae597450-e3be-4def-b324-d52dbc69dbb1
WRITE 1743 9a18ac13-1d72-468d-bde5-0e9929d4dec9
WRITE 9713 95fd2e61-6f8b-4d91-9082-155bfe1442d2
READ 8987
WRITE 7475 97fc7012-235b-48cf-a883-9ea57b068905
WRITE 3432 70fc63f4-ac26-41be-b15c-a4aff4f26a4a
READ 5884
WRITE 1166 cf863e1b-4ce9-4a90-9e2e-f00b26c027fa
WRITE 3708 a3f309c6-8be5-409c-a97a-b7ca151eeba8
WRITE 7511 cab7ea0b-159f-4f80-a6ef-0ed9438526aa
WRITE 2121 c5f08b15-720d-4445-b719-393c1b9e9984
WRITE 6068 a140a7a9-1423-439b-80f9-6d811cdae7dc
WRITE 9371 68e8d299-ca5f-403e-b32d-b824e5fceb26
WRITE 6899 a4f9cc4b-79b0-4178-9278-06e491010a17
READ 5273
READ 7020
WRITE 2605 6ecea1fa-b4d8-4a90-8962-ff9cf5e80859
READ 6643
WRITE 7830 6b38946f-3d31-48d2-9dec-209b4147d384
READ 3704
READ 6957
WRITE 4290 82684820-0e38-434e-9e58-e6863e68baa7
READ 3903
WRITE 9103 a432cc2b-448d-43cf-897c-cf1bab367662
WRITE 4633 652b1483-57ea-41b4-aa79-6d42807e5019
WRITE 2364 00842b0d-8e52-4bf4-bcd8-8520fdd2d2a7
READ 8836
READ 2066
WRITE 0195 0b72f69c-642f-45af-a8c6-a3a90d38c3e3
READ 0475
READ 0891
WRITE 0328 5d04200b-bbcc-4f85-b579-c26716ea2113
WRITE 3972 a879e258-8735-4d8c-9f16-bde660d60ef4
READ 6604
READ 4619
READ 7100
WRITE 1039 ac66a367-fb03-471b-b33c-e7b13eeafd2d
READ 7218
WRITE 7742 59a56aed-2b61-4b94-aade-4a1362e092a1
WRITE 9481 dccfb112-438c-45fd-8ec8-59caea9c18d6
WRITE 5197 c78f0ec3-e2a2-488d-a3a2-f7cd18fa8dea
READ 3152
WRITE 5799 edc45b5b-cdc5-45ae-ac27-a03c6ccd8887
READ 0455
WRITE 1546 78bb2df4-c2ae-440d-9b8b-40e2dc077167
WRITE 3769 8302e52b-3bd3-436b-81ec-f53efe77a701
WRITE 8488 3628aec4-213a-44e3-859c-74de1bb09961
WRITE 5827 dc9f85bc-f190-48ad-97c9-a7feb0f74caa
READ 5109
READ 0106
READ 5988
READ 0198
READ 6304
WRITE 4209 3a978cac-58c8-4d04-adbc-30c6667ec6a4
READ 8636
READ 3454
READ 3502
WRITE 6520 a734df8c-213c-4ef1-9f7e-5863e430bbad
READ 2750
WRITE 9993 ead0c3a4-8871-4c42-98ca-3500dfa26c14
WRITE 0425 e17294db-740b-4c0c-bc60-5777f5b9eadc
READ 3753
READ 4976
READ 0028
WRITE 1583 164a2ae0-2e8f-4e80-bbb3-d7587a0e3ca1
WRITE 8667 5a76dd5b-9c8f-49c1-b96a-7db768701e70
READ 4411
READ 5711
READ 6341
READ 4503
WRITE 0411 a79331a4-b838-45eb-9c00-ee379ad9f12b
READ 6934
READ 2580
READ 8303
READ 5708
READ 2016
READ 7892
WRITE 0904 a2d507d5-20c9-4f04-bc58-80039b483adc
WRITE 2348 6f5cc5c5-5258-48d7-ad09-2c0542ff1c83
READ 9157
READ 7774
READ 4519
READ 7597
WRITE 5526 eca84d85-2fb6-441b-b398-f4957d11df81
READ 8850
WRITE 7880 02cefb92-258c-4db3-8381-476e214fae92
READ 5480
WRITE 7000 6fbfd801-07ca-4087-a17b-544a5a55cda2
READ 5098
READ 8939
READ 9307
WRITE 4004 2d7fc5f3-43ce-42d3-977d-82719c4d71fc
WRITE 6777 f7341aa9-1c2a-455b-af3f-58cb27849b6f
READ 4274
READ 4074
WRITE 3838 9bf7f173-90ec-48ab-9505-b37f8c9cbe1b
READ 9348
WRITE 5417 f97c5d8b-1204-4eab-b91d-51976a06c091
WRITE 6514 87cdc3af-c468-4f64-b437-fb118c75c299
READ 3720
WRITE 1370 ef4cb92c-b451-4b13-bdc9-ced8ab731bb1
READ 3757
READ 9092
READ 0682
READ 8575
WRITE 6870 429c6c34-c14a-4e8c-9fda-baad685a774e
WRITE 8997 3fc2087e-8681-420b-aa05-e2a731f141a8
WRITE 0701 5045873b-5ea0-4148-a5cc-c642beeeef92
READ 9374
READ 7678
READ 1477
WRITE 3044 2ba2f6de-a89a-4ffd-8fb0-5a38c57baca7
READ 9358
WRITE 4006 9a0b8066-04c7-467a-9abb-0de46345dd25
WRITE 8065 d60e6d9c-02dd-4522-a97f-721ea1b0fab6
READ 7098
WRITE 1062 926224fa-9d97-49d9-a513-f678c5c9cd14
WRITE 1013 20609020-6f9e-4340-a479-acb6f2624a12
WRITE 0199 3978b173-61f6-4922-a27a-c04813173c4b
WRITE 9893 f156cb01-43c6-418f-a7dd-3acff22cb7cb
READ 8245
READ 1077
READ 9321
READ 3703
WRITE 2020 937768af-ecfa-4975-b5f0-0baeb9693094
WRITE 9713 2289741e-72ba-48e5-b616-f2c9795562c6
READ 0633
READ 3739
READ 4451
READ 0994
WRITE 4552 52c04f9c-03c4-4e7c-a358-d9e340431c5e
WRITE 6240 80ad7505-f9c3-4e94-bad3-3dc01e874c83
READ 4594
WRITE 5055 87c8e039-73e3-4dbd-a84b-7567e6274241
READ 3911
WRITE 2257 182d3793-5d18-4420-80a6-413817a24f7e
WRITE 8474 f133c4c4-03b8-410d-a2b3-4a2b38d48ef3
READ 9940
WRITE 8107 e3ca65b0-a42d-4304-a2b8-4a0ba5b4c8e6
WRITE 6516 16d0399f-10cb-4cfe-ac7f-0c5f8cfea8a1
WRITE 9015 bbff5747-3738-46e3-9faa-4f83dfbcbd90
READ 9166
WRITE 7440 6de9f713-a713-437d-9958-26f6efc960e1
WRITE 5953 45652f08-256f-48e2-8e13-f709b0a95c38
READ 5773
WRITE 4619 0be0d866-3bc9-4933-b7eb-9ea161c6704f
WRITE 8515 dd5d6ac0-da98-4b9f-99cf-083942fcabff
WRITE 4387 778a393d-f8d7-4624-b6e4-33e23c81c5cf
READ 1641
WRITE 7454 1f42818b-b0bb-4ad6-b63f-7bf5d2edd106
WRITE 3259 32f642d1-1e05-4b1f-b07e-68d9f65cd0aa
READ 4942
WRITE 0711 4f8842d8-29ec-4d62-b03e-e77ba24594a2
READ 5727
READ 6891
READ 9127
READ 0510
WRITE 6694 35d6c4e3-58ed-461f-b589-55bf7dc88511
READ 4981
READ 8657
WRITE 2521 7750f959-f1ad-400e-8c1c-d4b1aa058ac1
WRITE 0202 c68d0161-fd3a-434b-a654-b4eca5b49dfd
READ 9216
WRITE 0190 2e0edb61-52a7-4e96-ab19-2295436a7648
READ 3998
READ 7774
WRITE 1737 0c190187-aa0c-4a17-be6d-f69208997ead
