READ 5738
WRITE 0199 1549c261-dae0-4f31-9881-ecbf1dadae5e
WRITE 4916 cebe2dc1-a02c-4b7b-82cb-7da50bc7b556
WRITE 8894 fa3fe698-1f1b-43af-b4de-6660dfdff9fe
WRITE 1783 14dff9bc-52b3-43c5-9ceb-515efda53166
READ 4490
READ 6543
WRITE 1028 acafa52f-f39b-47a3-97fe-86f10a564b6f
READ 8663
READ 6599
WRITE 2132 20c0a32b-44e4-41e8-9655-a93c329e44c1
WRITE 4752 bd214eff-7365-41ce-97f3-b3c6c6976584
READ 3921
WRITE 1105 d9f5f273-8968-454a-964c-0ea50d29e525
READ 3831
READ 8105
READ 1112
READ 6407
WRITE 5708 3997914c-707d-4949-a257-11cafaf375b2
WRITE 0916 4d716c78-72df-4504-bb33-de6a87445eee
READ 7498
WRITE 3153 e1a6a4f9-2f63-48a2-871b-800605c40079
WRITE 1725 9d827844-c47a-4440-9715-749b0ad123ba
WRITE 9954 afc7d8bf-60cb-4a3f-9b0b-9e74dee1c588
READ 6205
READ 5061
READ 3050
WRITE 2409 e1227403-8066-4f6e-98c8-73f0d0ea6d0c
READ 2165
READ 1587
READ 3640
READ 1442
WRITE 0265 d720f3cb-e8a0-4191-aa79-a11e99ecbe94
WRITE 6087 83fe969d-e646-4b37-8754-1f73c6b4179a
READ 8166
READ 9944
WRITE 2035 7ca2d072-9ce6-45ef-a406-4e3746be2bc2
WRITE 9747 962f3378-043b-458f-9c29-2378274d17c8
WRITE 5191 02342479-3ced-476f-b76b-ced1ad6bbecf
READ 6462
WRITE 7758 5b479923-6e0f-4922-b565-f8cef0aafbf0
READ 1570
WRITE 2539 961816de-390d-42ed-bb58-2e86b2d17f56
WRITE 8052 8be712a6-512b-4c59-a170-c60ff0a77adb
WRITE 5668 2088799e-5aac-4c85-9f41-739582ccd952
WRITE 7045 8229706f-e2c3-4b9c-b7fc-1fe25bb6cb1a
READ 3262
WRITE 8144 a54f25b6-2a7b-442b-8067-5760a3252ae4
WRITE 8103 76e6fa7f-ef3c-4a6c-8f5c-fb0c01ed30cd
READ 4191
READ 8983
READ 2038
WRITE 3763 30009041-0227-450c-a7bd-de236f5af5ae
WRITE 5846 8571855f-3241-43cf-8880-08d6bc89588b
WRITE 4072 ba8ff62e-985f-4c16-9a10-2f0fa9fdad3f
WRITE 2136 2485e580-82a5-44e4-90b7-e1a97019a6ac
READ 3604
WRITE 5165 d446b102-8199-4dbc-a3ff-0d2dc30572d0
WRITE 3722 63e1cd45-4082-4747-b4bf-aab674e7c309
WRITE 2742 80b27ceb-60f6-4f12-a810-030c6882125e
WRITE 5595 b0fdfaa0-63e1-4484-ada3-7a3638246390
READ 5985
WRITE 7097 f78173c1-d94e-4730-8d24-fbcd98974651
WRITE 0745 d12c5deb-91ae-4ae6-a818-cdc801e3be79
WRITE 8145 d0a6395e-7ccf-4067-974f-f30f4746d573
WRITE 7162 41685c18-8c65-44ec-b8c7-f59dd6e9188f
READ 6471
WRITE 4461 bc166c63-18d0-4e24-90fb-b8a2ce9a04a8
WRITE 3883 c708c585-f337-4364-97cb-8c76177613e3
WRITE 7695 88e4420e-8b00-4fe7-b063-a837079c1bbf
WRITE 6412 bc200cc6-66f4-41c3-8900-7872c0da0440
WRITE 3725 515ca463-f48b-47a4-bead-998d071faa57
WRITE 2792 445b706d-e899-4652-ab0b-13fde96118cb
READ 6727
READ 3364
WRITE 1979 0a171229-e276-46c7-8d69-120852b16f5d
WRITE 1597 466abb07-0553-4fa9-b2d5-42d42099006f
WRITE 1666 9ab69fed-5d67-40b0-b993-4eef9756bb5b
WRITE 5422 dffb5438-c51c-4ad5-bab6-e736ebb82ed1
READ 3585
WRITE 7396 e2f64d2a-6c19-449f-9436-2fd0e9dee2d1
WRITE 1499 ea2b0f1e-fe77-4ec5-895f-4836c26ca3dd
READ 2418
READ 0125
READ 4425
READ 8745
READ 3521
WRITE 7730 e0483166-c26b-4c1a-b4e0-9385ff259f57
READ 0034
WRITE 1382 e5b8ec3a-1182-4a29-98cc-ccecd6605c0f
READ 1725
READ 9361
WRITE 9338 4e3b34f2-b089-4560-af91-8269c3165648
WRITE 1861 3195a2ea-d6ea-47c5-9966-f2d0768615f6
READ 4640
WRITE 7953 10dabab9-38bf-4f3b-9774-7833568794a6
READ 0987
WRITE 0890 14e6ebde-da1e-412e-939c-672e4a991e1c
READ 1947
WRITE 0489 ed7b73a8-cafd-4271-88b4-2375095568aa
READ 2307
WRITE 0498 65ed6230-820b-4e83-92f4-9bab0fdee193
READ 0825
READ 7990
READ 7954
READ 9362
WRITE 9023 ceb2beda-5d54-4f0a-8c2f-a2919039b988
READ 9737
WRITE 1937 e0f0917c-89b2-4efd-8752-a100507da307
READ 9228
WRITE 0713 c16ff34f-fe2f-4e36-808f-d32198b90dd3
READ 4872
READ 0684
READ 9225
READ 8071
WRITE 3266 3d5bae35-d5c4-4df6-ad71-cba17c3a88fe
READ 8566
READ 0463
READ 5949
WRITE 4189 116774a1-5b06-49a1-8faa-4c7fe135a649
WRITE 8302 bd3c97f8-17f3-4f6e-8a2a-6559551f884e
READ 4174
WRITE 0986 21ba6c8e-f327-4aa5-9b7d-894d1954ce54
READ 7463
READ 9678
WRITE 9640 002b99ab-3c1e-4b6b-b843-418707adf0e0
WRITE 7531 fd42457a-7b8e-406f-a2eb-8cb3c93e8974
WRITE 4720 12402c24-0a56-4212-8d3b-92aa3923cd7b
WRITE 4557 6deaad15-b5f2-4602-9a71-87488e870568
READ 9667
WRITE 2404 719d60e7-67a3-4d76-8316-56fddb1ce35e
WRITE 3104 7fd8f00b-7822-4abd-a503-401d9d211031
WRITE 2796 f0954249-4c97-495a-a41a-e65b167bca4c
READ 1835
READ 2558
READ 2120
WRITE 0965 3a918a0a-a722-4d3c-8773-f063292c66d4
WRITE 1842 1f768e42-7eb7-409f-87eb-5ac1e2eec96f
READ 2170
READ 6966
READ 7419
READ 4199
READ 8538
READ 1055
READ 3108
WRITE 8457 c8d69975-18d1-44c1-a682-30f78c7eefb6
WRITE 6888 29644639-ec9b-4f55-9786-21fc899329bd
WRITE 9405 427f1cec-4f83-4d78-b062-89239b397fd1
WRITE 0847 36286e3d-e95f-429a-b474-e8f1480b724e
WRITE 0869 2af15d90-3de2-417a-a48c-5615333a2a3f
WRITE 4304 05ba6480-ef23-49c1-ad69-1dfa65e929dd
READ 6479
WRITE 1436 0b204f58-7d5f-47e8-b62e-399a188738b1
WRITE 1091 d3302c81-af45-465c-966f-3a7bdfceba09
READ 8706
WRITE 3773 5a9cabaa-ce8a-4a01-80de-acb7d1a3b6a7
READ 0315
WRITE 1893 12a9cd8e-3b37-4ca9-ae83-3c2f6b6f8f7a
WRITE 4641 b1db45ae-5965-4817-a476-23f3d2cb1336
WRITE 6423 9b41fe31-602c-484b-9a0b-38c5b426b686
WRITE 2981 92314c1f-88ab-4259-8814-42ecdf6fc761
WRITE 5052 72660f89-cd64-471d-b5a0-57f1ab6b9ea6
WRITE 0461 a7fe9b5e-c70a-4c54-b7ec-2993c12e9c4c
WRITE 6601 fbe42eaa-04ab-4ff4-bd81-1405343a9028
WRITE 0089 3b079b37-2e9e-4fb3-894e-0cf2664a1f13
READ 4491
WRITE 5288 f216b6c2-2300-437e-93b6-68334fe9841f
READ 1251
WRITE 9307 bf9a448e-b5fe-48fd-adac-e647a26456c7
READ 3278
WRITE 4840 44f23517-acd4-450c-9dc9-8a166db83155
READ 6211
WRITE 3819 7fc6a6de-3efc-43ec-ac47-4f638488f0b2
WRITE 7095 64947d6b-653b-466d-87dc-4a3e1d034e8b
WRITE 0979 c1d83ed8-ca77-4991-9732-b2955942bb44
WRITE 6124 f64557b4-dd00-4ef8-9ae6-2041cbf98168
READ 4755
WRITE 1427 e3d03c5e-b0b6-470e-841f-1277ac54e21d
READ 2300
READ 4024
READ 6918
READ 4010
WRITE 5448 e306b48a-3f51-406a-831c-d20325b3bdb4
WRITE 2376 b6eb8418-6239-405a-9d39-39a1a401ad1a
READ 9261
WRITE 6358 277b4e49-01b8-4952-8fa8-0cdf0a9ea221
READ 6547
WRITE 5983 c615d758-cec3-493d-9feb-5dd3565d05f7
READ 4975
WRITE 1191 32a5a3cb-dd35-45b0-8413-dc6a6c2605cc
WRITE 2857 dac9a399-fa95-4246-bf08-e16b92bb329d
WRITE 3519 99ddbcb0-9f07-45f0-890e-f9c165e1e121
READ 9645
READ 2237
READ 1025
READ 2608
READ 2830
WRITE 7305 1bc57512-1dc3-4148-97b6-df08773c2819
READ 7966
WRITE 9774 f6288ba2-0fcb-4982-9beb-b2156cba54ba
WRITE 0706 6eee44a1-14e0-44a7-b23d-359666dc168f
WRITE 0959 c316e09d-982c-46c0-8f30-ae82ac70a64e
READ 4529
READ 7790
READ 7275
WRITE 2203 fa2e23ee-dde8-408b-8513-ac27e8f1e535
WRITE 4104 9265decf-4e19-4326-aae5-5c9e62c9d6cd
READ 7903
READ 6516
WRITE 3777 3b5c50bd-f168-4de9-9736-ffc09c370b03
WRITE 3181 de1ec3c5-c2fa-4204-94b0-e58418fc84b3
READ 9104
READ 6411
READ 7213
WRITE 7436 29a0422d-4a98-423f-ba6b-329989075dc3
WRITE 7492 c0e1fc77-6cc5-468b-9a4e-15f5057f2fe6
WRITE 4564 91f45a32-c91d-4a9f-b02f-055c5391071c
WRITE 9528 92b9dcc0-6d86-4804-ac69-190188e4c6d7
READ 1921
READ 0278
WRITE 1630 da9b6edc-dbf4-473b-9d12-477abff7c613
READ 4154
WRITE 2961 0df22808-54e0-4d1a-82cf-8b319a8a49b2
READ 1375
READ 5837
WRITE 6629 a89032a4-9487-4f61-a8e1-d89182aea831
WRITE 9968 54a01cee-f383-4d52-b858-eee755649e0a
READ 7552
READ 5806
WRITE 8483 971959c5-3c69-4d00-b3d9-fc87c67667de
READ 4771
READ 9612
READ 2619
WRITE 3321 60a25ab9-0733-4176-9245-f8541f996b87
READ 8337
WRITE 7971 a8eb9bf1-0a83-40f0-aaf5-33c19c0910f3
WRITE 6454 b5cedf68-9fc8-4826-ab50-ec60de830114
WRITE 6108 3ab466dc-88ba-4b94-980c-7575255a20fa
WRITE 8003 26e2686b-9140-4e15-8005-42cd943062f7
READ 5883
READ 5544
WRITE 7833 bd3803c2-f37e-4db7-801d-2966aab84e69
WRITE 3133 f2f45f4b-e08d-4362-84a9-f091f5e063cd
READ 9886
READ 3893
READ 2495
WRITE 8031 c3c0b34f-a6ad-4516-98c0-fa024ead1076
WRITE 8177 0c349f18-5308-4082-8732-ff97d41327dc
WRITE 6814 285bf264-4934-4125-809f-cc6ff9e2d6a6
READ 7870
READ 9275
WRITE 4361 85e71518-916c-4603-8783-142c2893e871
WRITE 1401 ce4a5ba6-d9dc-434b-b06a-bdd75c288b77
READ 5626
READ 5999
READ 6136
WRITE 2460 05bc6ec8-5a37-4fa5-955e-1e98c592dfb5
READ 2563
READ 4493
WRITE 4213 0b2cdbc9-2c67-41c7-b6fd-cc38d521e330
READ 5695
WRITE 4116 fb31c662-1ff3-497f-ab7f-20e9b0a2a4ac
WRITE 1066 1a7bf30e-2b61-4f31-be8a-c75c34c12f13
WRITE 3271 34242f9e-2c38-48a0-acb1-cf9e7e28e821
WRITE 1199 254e3c8c-a6e5-4656-8758-6b79cf965d64
WRITE 9398 0953c0c6-aeee-4756-ae24-48a4e44edf44
READ 5007
READ 8223
WRITE 2331 d5ac9542-0eff-4701-a0c0-c5ba65543dfc
WRITE 7834 04e2b0b9-2309-48e5-b808-46fc144d9e23
READ 0634
WRITE 7436 7e8caed9-f637-4ff1-ab1d-f6ac52c840ee
READ 7289
WRITE 0044 5bb7fc98-00ef-402a-8e41-29c894f7cdd1
WRITE 4634 19810b98-b88c-4dc9-b847-d9461e223532
WRITE 9390 edebff62-96dd-400f-9f54-2ddb3ab831a3
READ 7920
WRITE 3696 3c19bbee-d05d-4774-8695-1b9587baba5e
WRITE 0100 927c72a2-47d3-48b8-96cc-a588f674f254
WRITE 7432 7e6e6030-1622-4e6a-8777-d79b576ee29d
WRITE 3588 307faf7b-3431-44ea-8383-8c0ce634bf98
WRITE 1722 8cc591cb-e132-4147-a663-1edc97609892
WRITE 1560 2393d70d-7c98-48af-ae61-15d322e44414
WRITE 1394 8539657a-33e3-4ee1-8f99-8e8eafe5f659
READ 6586
READ 2731
WRITE 2984 a0a95acd-a2a7-4f07-af16-e1b59446b1ab
WRITE 8966 83472ce9-a266-4e3a-b9ce-b4c35e9a18f3
WRITE 5984 fad8993b-45bf-4134-8a71-3186f4ca81a5
READ 0067
WRITE 0375 1ecd2beb-9ce8-4010-b975-4dc73776ada3
WRITE 3192 a507ad10-0eb1-4859-a1a4-3530c4d72c98
WRITE 5645 325b862f-5b1a-4e3c-9dd5-1bedb2ebe620
WRITE 4236 3967788c-00f8-4af0-bea9-e3496ad91e0e
WRITE 6015 0c08d26a-904b-4efe-891c-a7b7d9ff999e
WRITE 7845 a7792c35-aa9a-4094-94e8-9f5b65a78371
READ 8423
READ 8718
READ 1051
WRITE 7714 59687259-5ac4-41ca-be81-e25a480ac44a
READ 8264
READ 6976
READ 9572
READ 3315
WRITE 8901 7d647312-76e4-4331-bfca-0cebf4119938
READ 4834
READ 9169
READ 4012
READ 7710
READ 4880
WRITE 9379 81bb180c-ffa0-4435-b7a2-94cce5b063ce
WRITE 1042 b79637a3-d498-419f-bbcb-df31cdac0c01
READ 6489
WRITE 5713 f3bf717f-e24a-46a2-a48c-706d0cfd4869
WRITE 7762 df82ba48-45f6-4044-9e7a-ed376bff5830
WRITE 5972 c0850e7a-acf2-4150-94f3-3e745b273b4d
READ 4193
READ 3336
READ 7611
WRITE 3431 069b7713-a643-4663-9abc-cf2bbebb659f
READ 4387
READ 5203
WRITE 5513 f7af8240-fed1-4ebc-9669-8591dc1fc4ea
WRITE 0301 e7554a70-82d2-4ede-b981-45a371384a37
READ 7290
READ 3283
WRITE 7362 65657959-dd05-4989-bd87-a7971253d1b6
READ 4873
READ 9211
WRITE 4770 980ee265-90e5-49aa-86ff-9653b1951916
READ 9623
READ 5696
WRITE 8434 7bd82d78-e08e-483e-8fe7-a0715b7f1093
WRITE 6048 71c8706a-9e31-4df9-ae55-2456aa53a4ff
READ 8023
WRITE 3602 ace58434-2afe-42b8-ab96-f17db12fc838
WRITE 6386 6777afbc-b54e-47b2-afd5-ab5533e0625f
WRITE 4337 337671b8-555a-459d-9ab7-fcae59ecb611
WRITE 6136 234bd867-918d-49cf-84a2-fed23bd92fe9
WRITE 4134 69ea422a-f675-4a8d-a1c5-6d62453b9d5e
WRITE 0193 6352db9e-fee9-4718-887d-3dca2a9e19bc
WRITE 4784 7dfd0791-91a1-41b4-9711-da9d9197c58b
READ 8971
READ 7405
WRITE 6949 fbd5e7e0-e959-467d-bd8a-a305be586f1e
READ 0972
READ 5137
READ 1680
WRITE 1030 9516a12e-c25f-4ab1-a24f-13a9f67fc1bc
READ 6336
READ 7304
WRITE 2550 767d36ae-be4e-40f1-8aa0-e7331a6dde6b
WRITE 6024 5a531169-a067-48b3-be82-1a532ce70d53
WRITE 5935 8b2c5043-6172-4535-a02e-f0b7d1f61f0a
WRITE 2465 76a471a6-d877-423a-a901-dcc12547f20f
WRITE 7122 69513e4b-fdd5-467c-974e-7e47e0bb3fad
WRITE 3050 68d13c72-f4da-4e89-813e-090d4af8974a
WRITE 4308 bfced23c-2bce-45fd-98ef-587bfa467939
WRITE 2945 2af31075-5395-457d-ba30-955c669916fc
WRITE 8994 7057c5b1-498b-4a18-bc92-7473442f72a6
WRITE 2436 01741dee-3637-432c-9b92-95566b7c7994
READ 4200
WRITE 8536 123e8494-fbce-4647-8d72-6816333a1413
WRITE 5472 766d2f1b-357f-4474-9ab5-8a556b6e87e3
READ 0392
READ 9681
READ 2705
WRITE 7010 d934d144-a6af-47ac-8394-34b3f47b35d6
READ 4693
WRITE 9990 9253461c-87b0-4322-b923-ad78badf1098
WRITE 8214 d852fc98-e5e5-4ca3-b445-6750019252d7
READ 2806
READ 4928
WRITE 3275 6c1b59e2-710c-4d82-af32-4233c61e1817
WRITE 4750 f9016b1b-cee1-4aac-b94d-f967eb828f80
READ 1948
WRITE 0915 62a0d974-d699-469d-81ea-df6e08cde242
READ 9747
WRITE 6319 f7d532c1-a48f-414b-be12-cfe7b3ffe636
READ 7463
READ 2284
READ 7194
WRITE 6190 7d1cbcce-ba3c-48ac-a68e-b5b448938cd8
READ 9400
READ 2455
READ 3268
WRITE 0938 af15c758-23b7-4702-aa06-d1c25e505875
READ 5463
READ 3407
WRITE 1748 0b5612eb-4ff0-4cf0-8eae-2553031da05e
WRITE 4909 d11898ec-de90-4a67-ada7-cb7a2b60c6b8
READ 5837
WRITE 3008 4288b5a1-0309-47e3-883b-e82cd105b0d2
READ 3228
READ 3253
WRITE 2378 04266bb7-0146-492d-856e-fa509e8478fb
WRITE 6144 fdfca057-c6d7-4a48-9fb9-5aa88a1d3737
WRITE 3509 24c7d850-d0d4-4cbe-8a18-7ddfbd4a6e79
WRITE 1052 31c0404f-018f-4639-90b8-645244d9221d
WRITE 7842 40bbb549-33f2-4c18-995b-2760ebc8d884
READ 3198
WRITE 8904 9a6a515e-2190-4066-8443-d31ff192e427
WRITE 2198 e8f3953a-4893-49b5-a7a4-6ab3b3f3967e
READ 0021
READ 4387
READ 1057
WRITE 8135 7bf888d8-ba03-40cb-b414-b2e2c0927995
READ 2840
READ 7567
WRITE 4366 37700cf9-744a-4d8f-b3f4-7b081c3ec10b
WRITE 1452 3fe57cad-3d98-48d6-95ae-e44c91ad62ec
READ 6425
WRITE 5304 1529a4af-3980-479c-b59e-f4c6bb631dc7
WRITE 5501 66cb22df-3fde-4003-89d8-a23d21677249
READ 6066
WRITE 8710 55f7b8d9-37ab-40f7-b5b3-1ff41233738f
WRITE 0406 762921f7-0c23-4588-a013-39cb5430a2ac
WRITE 8434 a2e1ec14-c522-4a16-a41b-5b44d0e6d8a0
WRITE 0511 a9ad2c18-72b6-4535-a53b-1e6692f9d7d5
READ 1026
READ 4033
READ 3011
WRITE 0408 5f0eb8d2-2c1f-410a-9dc3-7875580c7656
WRITE 4981 81a5930a-5f2a-4ff0-9074-b575703013fe
WRITE 8837 b5ded18e-f2b9-4e0c-b0a9-7de4ef4b247a
WRITE 6719 d5ecdac4-ad31-4e63-83b3-3e3b686990e2
WRITE 6908 ae02ef8a-55e2-40d6-8af3-b63de2ec23db
READ 6854
WRITE 7865 27e1b24a-98d7-4782-806e-c702f4a8134a
WRITE 6665 62f2609d-28c9-4a58-b1eb-5be10cc318b1
READ 0826
READ 4492
WRITE 7073 d97321c0-e5fe-48cb-accc-3a8fff21c475
READ 6564
READ 2042
WRITE 3650 f1a6a1df-062e-46ee-b31c-ac8bba172aa8
WRITE 5007 c6899816-5064-4565-917c-6677575d71a7
WRITE 5037 eb0ae064-c1f1-4ee1-8e12-24f61a3e9072
WRITE 0544 6744c788-3144-4af3-afdd-c85993153f94
READ 2693
WRITE 9219 150fe863-4be3-4b1f-881e-e2aad57e367b
WRITE 2836 956cd798-7ee5-4e62-ba5d-e3e85b7d91c3
READ 7617
WRITE 5988 27663f47-bf39-4d26-ab1e-8983f9bcf06c
WRITE 3064 ab51d1c3-a80a-425a-81a8-d716b52a0160
WRITE 1058 65b2121c-a440-43bf-9ea1-edac58d2cb09
READ 7225
WRITE 0481 631a6c1a-6fd4-4362-af69-ca6d0184f247
READ 0354
WRITE 7904 eaad98be-de91-44c4-9c7b-347f99509033
WRITE 5155 e0e8faee-2383-4082-a5ef-e5d24099f1d0
WRITE 9509 d61b7676-6eca-49e3-97b6-453f4fe27343
WRITE 7379 5c3a8f8c-f651-483d-a574-91711f664d45
WRITE 6442 d7d14d9c-284c-41fa-a48c-487e37f9f275
WRITE 7244 8630af45-e837-48c5-a375-63a39a0840da
WRITE 7592 a3351884-12a5-4a83-913c-fa349c3c0f88
READ 1740
WRITE 2010 bd245581-c2c2-48ec-aec9-0318f842f3c6
WRITE 0498 1b771833-41a7-400c-a9c1-5fbded902766
READ 4686
READ 4336
WRITE 4733 3cecea88-8245-4d62-bb12-2981c1f8ceb2
WRITE 8206 30a5aae9-38aa-49dd-a829-cf2caf9476df
WRITE 1257 b238d53f-5e60-4693-9258-b5929f8bcdfe
WRITE 4509 d3c06009-3b80-41d0-9917-de9a0ea4a466
WRITE 6698 506d71b4-e6b7-47be-8b1e-24b41a7a4d49
READ 5957
WRITE 3342 2f136f2b-46f4-4fbf-8fbf-bd4ac70781e6
WRITE 3381 063c807e-45cb-4d57-ad4e-f0887f388e28
READ 1226
WRITE 3584 d580ac46-bfeb-42db-9e67-e8f743ef7137
WRITE 3983 123bce84-f301-4597-897f-298a9309dd46
WRITE 0975 72edd7d8-7e91-429d-851f-ac87d03c036e
READ 6415
READ 8817
READ 8482
READ 2192
READ 8394
READ 1385
WRITE 3543 5f01d494-227c-4b59-bef2-d6b00c6ca7f0
READ 2695
WRITE 2213 4ca622e4-cffe-4da8-ad37-25157f368597
WRITE 0951 3c42ada5-7573-4067-b13a-8783ced6ce45
WRITE 9659 de0816f7-6b1d-4c12-b33a-d9b484478fd7
READ 2949
READ 8450
WRITE 6495 dbda5d07-80e9-489e-ab11-a6237fbbc2ad
WRITE 9132 f6ee1d15-8a7b-4ec1-b48b-9d323e62795b
READ 3675
READ 2584
WRITE 0884 bbfa36f5-7eaa-4486-bc8b-12ac1dc5adc5
WRITE 7301 24b8a0e2-800a-4db9-8fe7-d72605cad96a
READ 1094
READ 8915
WRITE 9011 c230880c-6ae0-4eb5-8b98-adfd138251e9
READ 1535
WRITE 0846 d203452b-d61a-45e3-a5c0-68be02fa6b20
WRITE 1192 36823502-c13a-4992-ba7f-22a30a0bbf21
READ 1292
READ 0383
READ 1214
READ 2877
WRITE 0993 28fb3e1d-1a94-40ac-819b-6996dccea4e7
READ 2440
READ 5562
WRITE 4808 d398ac50-2d00-47d3-9dc1-f05c462bde43
WRITE 0949 2a00285e-6074-4b72-ac55-96b5bded8671
READ 0920
WRITE 0086 2c0f3f27-e7b8-4cf3-b431-d698687b4762
WRITE 3659 43610b08-64e6-4172-b0bf-fffe03a8a437
READ 9541
WRITE 3013 8c5cee14-ba83-42e0-a809-5a2bdd0e9ecf
READ 3170
READ 6687
WRITE 4864 b2c0e73e-103a-4479-af1a-07447db6a23f
WRITE 1856 ebef4ff0-4827-417e-95e2-6113d2db5c66
WRITE 7941 8a464075-6357-4f44-96b6-a6f7c3a62d76
READ 3251
READ 8878
READ 2576
WRITE 6075 260392c9-854a-4510-9051-d09aaefe5806
WRITE 0790 d9d60c14-2eeb-4f2a-a503-c8de94f91875
READ 1201
WRITE 6313 0ca11ca8-dd86-414b-b7be-c01c7a3a4959
READ 2746
WRITE 8198 a36fba40-a55a-4748-a03b-ab2e3dfcc21a
WRITE 8223 db123548-7b9f-4c8b-bbf2-0fa095d183f0
WRITE 6404 36c3dea1-2d35-4de5-bb43-d97b06b5ac8d
READ 1994
READ 5649
WRITE 8889 d2577119-0021-48f6-aec1-7c1a4eeeb951
WRITE 5802 02cf4064-7a17-42d9-b66a-0ff3e0256fd3
READ 6394
WRITE 7732 624d5a69-193d-4216-af3d-f57ce4dc0576
WRITE 2300 dc1025e6-e735-4ecf-8619-283052ea1bd2
WRITE 8609 1f2a5948-93d7-4b11-9037-42ed6b23c14e
WRITE 8116 aee896c6-466a-459c-9d13-cbf9478d4d08
READ 7731
WRITE 6403 c82668f1-83fb-419b-be0e-2d41766b2340
READ 1782
READ 5441
READ 3521
READ 5462
WRITE 4351 da8c1dc6-9bb9-4375-a55e-b77280829dab
WRITE 3317 52a05e79-cfe6-44a7-a168-932ddc2a65cf
READ 5421
WRITE 8110 92f30156-9fbe-4c89-b799-83d191d541ab
READ 8758
WRITE 3265 3e24f534-8ef6-4b9f-844d-83f5a9b87f36
WRITE 5838 f7ce1cbe-c877-48f3-a676-df6f031cdf54
WRITE 1727 99ad5a85-172e-4f93-abd2-dbcce7d8e2a8
WRITE 6342 c1b65d6b-b9c9-43b2-802c-4c4afbc0e904
WRITE 0541 0c1b6dac-7969-4b43-b5ad-6456b40fa077
WRITE 1240 25179111-9764-46f4-a333-c815f578e19a
READ 0175
READ 7828
READ 1139
WRITE 2111 693698c0-f96a-4d6e-a2de-6b67ce79b797
WRITE 5812 24ea9b9c-b0e7-4e35-9672-e449a7fa5085
READ 5030
READ 2596
READ 9075
READ 7840
WRITE 4217 95fa2a9c-eaf8-4518-9403-eee7e4c56275
WRITE 9346 dfd85cdb-c6a3-48f4-ab9c-f912d2a2e3aa
READ 3912
READ 2804
WRITE 3186 63097e58-3e1e-41f0-bc75-1ca4c4ab2b73
WRITE 1146 aa319456-b906-457e-b5c4-81db856e946b
WRITE 7600 77017ddb-0c4c-4b06-9743-d4e5ff406e61
WRITE 2205 f28f8975-2021-4068-be69-93fca2a4b1e9
WRITE 0361 1656e23d-3ad8-409f-bf33-0b43beda86af
WRITE 0482 93868ab8-5168-4eb6-92ac-f1415a2a5130
READ 9935
READ 7463
WRITE 8945 78b71009-4107-4c4c-97fb-d25622575431
WRITE 5993 ea761796-4e09-4e1a-aa4a-4c075995f11a
WRITE 3105 7d04a7e3-cf43-4060-ad64-895d33d6ff27
WRITE 9733 16e87456-5caf-402e-94ad-5b03dd44772a
READ 0097
WRITE 2258 ed8905cd-0cd8-4e67-8507-21d44a3c18d3
READ 7152
READ 8601
WRITE 0146 38dc6499-e7a9-43ce-83b5-619ede02f4e5
READ 8774
READ 1816
READ 6973
READ 1436
WRITE 0385 c6802ad6-1b31-4da4-8821-96c0826fb545
READ 8825
WRITE 7138 836d88ba-cc47-43f7-ac3b-5ed4222fd442
READ 6850
READ 5776
WRITE 4868 9dfbbcd9-6e62-4113-af33-7af55d60aaf3
WRITE 0205 2135ef92-72fe-48b6-8b87-e71148b36760
WRITE 3726 410fd36d-e36a-49bf-a721-f1264da2e60f
WRITE 8333 1472c10d-a4db-4164-8c25-155917de2509
READ 8952
WRITE 5959 97ef1b0d-4692-4ced-9957-d840fc22e87c
WRITE 5725 ab3145bb-ca83-46a5-b567-d7afe8d0c3e9
READ 1217
READ 1289
READ 5911
READ 9057
WRITE 1280 06a831b5-8019-4c8c-b8be-51e59ad7cb5d
WRITE 2461 cc3508da-4af6-41ec-8931-4be60b563fdc
WRITE 8646 3d4efcf3-c5ad-48f2-956d-fbfbcf691025
READ 2616
READ 8768
WRITE 0563 a0b5b461-2e34-4086-b6e2-e34ccc336642
READ 5617
WRITE 3046 7d3dd86c-bec0-4966-b74d-addd22ba357e
READ 8968
READ 7280
READ 4123
WRITE 2588 2389a393-4c07-47e6-8d00-fdd97d6a3743
WRITE 6219 46abc53f-33a3-4138-b0bb-b63e06980c2c
READ 4640
WRITE 6678 fce5f3b5-7a01-4948-9aaf-ef7799263e28
WRITE 6163 75f4bb59-3ace-4c1d-ba44-5df26d7bf729
READ 9325
READ 5586
READ 8043
WRITE 2225 9bda2de7-fd8f-4530-98b5-829ca21b6436
READ 3832
READ 4450
READ 2650
READ 0985
READ 6579
READ 9863
READ 6330
READ 5246
WRITE 6050 880aebcf-eeb1-4a21-8672-80d6bfb16644
READ 6314
READ 1363
WRITE 8623 09fe0812-c147-49f4-acf1-54c9567d81d4
READ 9072
WRITE 4996 ecd9ef70-c466-484a-ab05-d50c666c183f
WRITE 9761 dd58f9e5-f56a-40f1-a1cb-6d43f9368d13
READ 1576
READ 4510
READ 7484
WRITE 5345 b4987e49-d04d-48c8-a7f9-5fdd524d916a
WRITE 8534 ac8e4a47-442e-4bd3-a333-04e3f35fe2ef
WRITE 3456 fe4b0713-17b4-4948-8385-76438a03aa72
WRITE 0877 3ac90c3c-10bf-4709-a751-e7c4a007bcb6
WRITE 4300 bfb2a1e4-8a5d-4df0-8495-fd17eadd4eff
READ 1020
WRITE 2904 b706d5ed-0ec1-4b32-9636-2910602e3e2c
READ 3713
READ 6867
WRITE 6548 23ce74bd-9f56-4256-aba2-30d38884b8ae
WRITE 3684 2cf8fe81-e7db-4997-8971-9e45a1e783e7
WRITE 2679 f4057bee-a76d-47c9-8edf-69853b921437
READ 2914
WRITE 1983 b30b0361-2bcb-4ec8-90f0-c90883f15198
WRITE 9073 d26bcd87-6dec-4bbd-bd97-b1d746184bce
WRITE 9552 c45bb97f-db06-498d-82d9-3cad1ea5bbf7
WRITE 5501 fd0ce2ae-b77a-456c-b6ff-2079748c14e7
READ 7963
READ 0922
READ 2141
WRITE 6159 8c12010b-845c-4c8f-a424-67d24a95422b
WRITE 7616 73465131-4b69-4aac-877a-cb2774ff373b
WRITE 1734 ed46d6b1-43ba-416b-a5b9-7866ec65d11c
READ 2692
WRITE 8610 d2bc8b82-a8ef-4d94-85f9-6c94bfafeae0
READ 0306
WRITE 2680 746bbc79-553e-479d-beb6-7f9e2c0f8de9
WRITE 2913 222e51a7-fbde-49ed-aab8-6b2eb76663b2
WRITE 0149 c328b77b-70f3-41fe-b23c-a4cf0d6c45cc
READ 7478
WRITE 6596 15d30666-25f2-4c6b-8a5b-ba17fb5f564c
READ 5369
READ 9097
READ 4728
WRITE 3331 d1a97f4a-547e-4531-8c59-d66d374c155d
WRITE 5721 744b34eb-0133-4462-a6db-3a864e296009
READ 3494
READ 9047
WRITE 9711 47ca40aa-185b-40d9-9efa-80f31c6bb979
READ 2951
READ 5317
WRITE 5528 6252e448-a15f-49d6-ab0b-21049b004819
READ 5880
WRITE 8420 1937524b-dcee-450c-9dbd-079237b5f023
READ 4205
WRITE 2522 120a489a-fa7a-4049-9b36-6424d6d82cd6
WRITE 6542 f6f4e47f-9a39-45cb-8aad-4e89235468df
WRITE 1270 f8ccbbd3-9beb-4edb-98d3-b101f126d4bb
WRITE 9813 deda1ab4-e056-4d91-9838-beaf7b2efd94
WRITE 0011 201dac08-cb2c-4627-ba5c-e1a1a881d4a0
WRITE 5278 d85e1f93-74a1-404a-a933-7e0874a0edba
READ 1512
READ 9092
WRITE 9068 e0f79360-c29b-4ff0-bc2f-5f6cb47ad28d
READ 0339
READ 8394
WRITE 7772 adea551a-5bb1-4ca1-aa1d-f25c62cae7a8
WRITE 1026 4d3b5ff5-dc11-421c-b94e-abd340a7996d
WRITE 2811 066b6030-eef7-4f47-b3f9-17d0ea54087b
READ 3441
READ 9456
WRITE 1061 a6845301-6144-4af5-ba4a-4fea95f12dc8
WRITE 0485 b40662bc-6754-43d1-976e-f1b8c1cc121b
WRITE 0521 fde7dbf8-a064-4240-9f5f-777ab248ecaa
READ 3422
WRITE 7149 5454111b-e299-45a0-940c-89025467912c
READ 5164
READ 4205
READ 0649
READ 6075
READ 6635
READ 4682
WRITE 8193 0ed7de9c-34e9-4cb5-bc27-a329317cdaf9
WRITE 4687 fa4c61eb-57f7-4825-b2e1-28e37423687d
WRITE 3761 e3636027-064b-4ab2-95b9-331d769fee73
WRITE 7522 40e95949-7211-4d4e-9c68-372f782c5e45
READ 8835
WRITE 9125 482ae325-ddc8-4895-85af-b22a3b8ee488
READ 3236
READ 1871
WRITE 0644 8a9eb74d-5632-4a0c-871b-523eea3d67b8
READ 9215
READ 3144
READ 1496
READ 9305
WRITE 6182 466485ac-4832-4cb8-a0cc-999c26b59d0b
READ 6438
READ 9215
READ 6575
READ 5617
READ 4673
READ 6692
WRITE 7837 2d48ec11-0c83-473f-a0ca-55863cc452d6
READ 1158
WRITE 4125 929f2d22-5cd4-48e5-80c5-779c0f441456
WRITE 0702 731fa62d-dcbd-4ac5-ad78-0c10746db2e4
WRITE 1907 50db99a3-8820-4b90-b3a2-8ff774be4ae3
READ 4183
WRITE 8058 019ee26e-78fe-4c33-a833-54c41ffd616d
WRITE 6244 431f64c1-2228-4bad-923f-76c2d23bee55
WRITE 5195 a0ba5c68-69ee-4f53-9862-0e07a0028c18
READ 0237
WRITE 2684 adcfdbfa-ecfe-4042-ab33-2f789f094ef7
WRITE 5519 8964a3b8-dbec-4eb6-a296-38b64fef74b8
WRITE 0777 bc077711-f2c8-4c47-baf8-e04273fa8385
READ 0614
READ 4453
READ 6845
READ 0911
WRITE 9282 7a5facaf-a252-412c-9fc8-c501a97e4f75
WRITE 4036 1e189e8b-eef8-4bd1-8b0f-75161c471613
WRITE 3716 d963fd4a-371b-4d0b-9fd9-a004cf93253b
WRITE 3494 5d464855-c275-4a53-adb0-0ea0575fbdcd
READ 0095
READ 5268
WRITE 2983 dc172af4-2eec-40f1-b2d6-c84deb1a4f19
WRITE 2856 13ef4c1e-d89c-41c9-b373-598c90bb5b46
WRITE 4793 c5739a44-6ed7-4701-89ce-5311c7378d24
READ 1703
WRITE 5492 ce902553-f44a-4ef2-9637-f0bd52a689f1
WRITE 3736 5ef3f1a0-50d6-4d9a-8a76-e78d37aa1994
READ 4507
WRITE 0127 825ff8a4-7bc4-4f00-8517-a96421c39bda
WRITE 8655 1c25e732-e195-43d3-bbe8-5a5f17241236
READ 6415
WRITE 4444 5f3a826a-43e5-4216-bd5d-cbf7a0dd1642
WRITE 4066 eb3c5e0a-5b30-4239-bf3d-47deba578ff7
READ 3553
WRITE 9744 da090b2c-75d1-4adf-a468-1554454ce3eb
WRITE 2774 71e5c08b-0588-4502-9f20-2c156859f52b
READ 0800
WRITE 4950 00d3da46-0ab5-4f57-8de0-332e0764bd45
READ 6527
WRITE 3857 6e709f80-9a2b-4f35-b4f1-5ce29a6137a2
WRITE 4844 0db5f060-6eed-459a-acfa-0180f3c762ab
WRITE 5430 d644f35f-c5e3-412b-9d11-5a274d921387
READ 5996
WRITE 9389 0ca9e8c0-3556-49d6-a599-1ae53be16c8e
READ 7458
READ 3340
READ 0430
READ 5458
READ 1044
READ 3768
READ 0042
READ 7847
READ 0631
WRITE 2415 de21fe98-4811-4a57-98a5-431ce54d2f19
WRITE 9293 90fc06cb-c1f6-4ede-8d16-d1fae3b93c32
WRITE 3240 6220e8f6-93e4-4c59-a93a-4f326e5c0b6c
READ 0984
WRITE 7197 5d202d74-3760-416b-9724-a1657c8ea4e9
WRITE 0760 f21b755e-5453-4186-bea3-d5dcba726582
WRITE 6774 3ba15069-b98e-48b4-bcd5-40da06ef8fc3
READ 6310
WRITE 4221 0a865ae7-62ad-4340-9deb-fe6d3c9145eb
READ 6665
WRITE 8562 b0d51b52-c127-4b97-9d5e-eb67f760d889
READ 9867
WRITE 7771 178e3f6b-9ce6-4c0f-b9f8-e9d6d64989f1
WRITE 8034 1db77f76-061c-40a0-931a-1de7719b4cc2
READ 9016
READ 6597
WRITE 0076 83e6010d-1f71-47fe-b214-a288650542a0
WRITE 1974 0ccf9c84-d006-4c64-8559-2537d38384fc
READ 7027
READ 1660
WRITE 8978 afc95740-d527-48ed-a667-3ace87ac6a96
READ 8302
WRITE 1995 7eee0027-71a2-4789-b5d4-3e08dea5876d
READ 6546
READ 2450
READ 3629
WRITE 8580 2e1bc2fa-25b9-4298-8705-3739b640a0c6
WRITE 2663 648ad2a7-cdde-4be8-a29e-a26158aa2f1a
READ 2346
READ 9868
WRITE 5800 fdccc0bd-9338-4a86-a7cf-ab6a78fc0cc3
READ 9597
READ 7795
WRITE 2065 28639474-36a5-4384-a802-519e8a7f0838
WRITE 7796 1a2c98eb-8184-4e64-8af4-c9126972454d
READ 9837
READ 5351
WRITE 6099 baa5855a-b7b5-4358-b6a8-df35eeb26a7b
READ 9085
WRITE 8797 9f6cbe4b-9185-49ac-a44f-10cd20ed5353
WRITE 3949 0d80fa41-8a36-4465-8b1b-6c39b9595cc9
READ 9657
WRITE 2382 637f1848-f90c-4f41-a6d6-2c5b0d78efca
WRITE 0380 62b9ccca-fc45-4499-a209-95e8637122c9
WRITE 1724 74f9575e-b25f-405e-a1c2-ad1fff3962d5
WRITE 9487 07a919ce-7649-4425-9b32-b61e9efbcb90
READ 4754
WRITE 1342 e5f5eb2d-3c76-47b9-ab88-0b67d2dfb16b
READ 7488
READ 4686
WRITE 7461 3ababa5e-2209-4938-afa1-f7573195eae5
READ 5608
WRITE 9997 90f4af34-557a-44f1-9532-cb44e439516c
READ 6320
READ 1408
WRITE 7948 b08d1920-0951-4e88-8f5d-8fc06876e38d
READ 3304
READ 4794
WRITE 7744 964be107-5ae9-4408-97c6-d5a36b0057cb
WRITE 1914 7fb9d0a6-4cc3-4f55-9c89-8e9779837a54
WRITE 0563 625c4906-7020-4617-86e6-1a9c2f02c15a
WRITE 2249 a172dc8d-086d-4b23-9b6d-b71d7cf95779
WRITE 2830 5fc30dec-26f6-4434-bbda-cb9a39a28ba0
READ 9553
WRITE 0348 0f8fd0a1-f7af-4b00-a22d-7cc78869944f
WRITE 3815 e1b08d28-e1b2-4ddd-a9a6-9434e33ed7d4
WRITE 5540 565c161c-ba0f-4f7b-9faa-e38e8fa3f16e
WRITE 7886 51971d70-331b-4147-b235-b8194dd87095
READ 7622
READ 9905
WRITE 3131 d5b7f6ec-757c-42ee-8623-e33cb04fa2b9
READ 7834
READ 8760
READ 2131
READ 2266
WRITE 6145 42c843f0-44fa-4c10-90b1-99cfc6440898
WRITE 6413 c6875fc7-0634-4b51-b599-ec15fa369678
WRITE 5602 ea4abde7-7366-4be5-8a49-86994bdaf4af
WRITE 2314 58cc6330-ff85-4289-bdad-bebc1e249030
WRITE 9924 9c71c04f-26f6-4c1f-a769-fc6a83db45ec
READ 5435
WRITE 6581 cd7333a7-0a64-47d4-b8a3-7e8efae34409
READ 2496
READ 1974
WRITE 2058 7b4e93ff-20f8-4e4f-aed3-04bb2fd5ad6f
WRITE 9950 d06c2ff5-18c0-4766-9a10-42b0393483a6
READ 1896
READ 3258
READ 4694
WRITE 3691 25fcdcf2-68e3-4d96-a5e6-22faeab80be8
WRITE 7674 87fd709d-28d8-4e54-a853-7d5a123ee17b
READ 3802
READ 5427
READ 1540
WRITE 8218 e188766a-1a8a-472f-8c7f-c2ad8e9f0048
READ 9222
WRITE 3889 cf2919e5-0176-4ad2-87e4-e0a5dc9263af
READ 1866
READ 5028
READ 1372
READ 6294
READ 9050
WRITE 8635 8efe99c7-409a-405c-a49d-f11449ad38d8
READ 0006
WRITE 7900 ee01514a-0576-4b09-9e05-810fa403c141
READ 8097
READ 5563
READ 2127
WRITE 8227 1021713a-7f67-448e-ad94-7443ab1bdb1a
READ 7696
WRITE 0372 76769d0e-2255-4e5f-8575-ce4ebc39924f
READ 3895
READ 8414
WRITE 0474 d0926c1b-8670-417b-9ea9-254bb938cb57
READ 7269
READ 5688
READ 6852
WRITE 5943 403cc28c-5a6c-4d1d-a625-4a63dd042873
WRITE 9017 162dde1d-e871-4d45-b19a-d8f9e6302bbe
READ 8714
WRITE 7448 64b0cfe9-c62f-424d-a77a-235053284655
WRITE 4537 529338a9-a14f-4def-8fdb-43b922ee0aca
READ 9333
READ 1066
READ 5567
WRITE 5484 2db7a3ee-7e42-4002-981f-11182a9a71b7
READ 2724
WRITE 4152 c46a584d-14f1-4490-b9d7-aee30c6e8638
WRITE 2328 c4692da3-8ade-4000-bdda-f438e948c64f
WRITE 7395 83113726-39ab-4eea-9ab7-6dfc9d3f0c83
READ 0580
WRITE 4829 9748416e-160c-4473-b31c-13632d141588
WRITE 7797 13ea58eb-db40-4848-a40e-8be47d2e480a
WRITE 7940 b45bd775-5585-4ee9-ad44-1636c4987d4c
READ 6732
WRITE 8488 c040800c-ab16-4bb5-abb5-cb8d7b9e71c0
WRITE 0900 c7dba18e-b61a-4b2b-ba99-bc6fdcec8f66
READ 5452
WRITE 8272 e7eafa57-2176-4558-a59c-ce842ae440f3
READ 3593
READ 2459
READ 4326
READ 0098
WRITE 2492 d3fe667e-ed5f-4acb-91a2-0ce7e6f91078
WRITE 8819 aeb7b6e2-b445-4d68-adec-2e83dfe0fe0c
READ 7743
WRITE 1145 916396e3-af66-4f7f-b32a-01777b141af9
READ 0431
WRITE 6447 45b6163f-0bcc-4ce7-971b-155701e32599
READ 7325
READ 6868
WRITE 8783 a9be3929-608e-4fc9-9a15-731d0b6d4883
READ 2810
WRITE 4855 52ef0e79-d7c1-40ad-b67e-29588a6fbe04
WRITE 7769 8d51ff2c-31f7-4e55-93e5-f1f90d594638
WRITE 2941 dc517d87-951c-439a-8de6-aa367ee07c9f
WRITE 5054 4a149c1f-e512-4fa7-8687-2476e8734b05
WRITE 7754 b0692b30-3191-45a6-b332-e62db0bf743e
READ 3835
WRITE 2391 066cdc41-bb9f-4457-9ad5-55c8e823166f
WRITE 2325 ac7060f9-c08a-455b-8951-0929ba8839d7
READ 8560
WRITE 2823 c98e8c76-62ee-4637-ab76-82995504dccd
WRITE 2713 5c97c5b0-fdec-4c55-a851-49f4c00567a0
READ 0928
READ 7065
READ 2763
READ 4099
WRITE 8744 d7e7d5b9-077c-44ef-83fd-89cdaa63546e
WRITE 8728 cbb6211d-748c-49de-96d5-7a65701d25c3
WRITE 1735 7bd64c6e-e8a3-40ad-8a64-647f3cfdc844
WRITE 3313 02257e83-3af5-4e25-ab32-17a69edc72b6
READ 3293
READ 7146
READ 1843
READ 9812
READ 0972
WRITE 3306 e4067f65-5a44-4331-9058-11f6463ded62
WRITE 4338 dcbef2aa-b911-4bea-9313-8c67d5ba369a
WRITE 3608 6ad1f30c-c9f8-40e7-8ce5-cfcc82c787cc
WRITE 6526 14b0fe45-792f-4176-8853-d65699301687
READ 4350
WRITE 6122 8b48abc0-06da-4906-a615-ca1941ad6cf3
READ 6202
WRITE 0037 cfc73f91-6a7c-4413-9b8c-38b5a278a31d
WRITE 1406 58ad1827-cf46-4ad0-81db-3473f9700f7f
WRITE 4074 e71eb818-7141-496d-a4ae-f3977f9d7e55
WRITE 9987 b5bbc05d-f6c2-42a4-91ef-c00a0ecf129b
READ 4162
WRITE 2486 0f9f30f9-cf73-412f-9ec3-b9ec29cb6eca
WRITE 4619 b5ef8668-5f08-4971-a895-5cb5dfb8712f
WRITE 1308 a5622215-d681-46a2-933b-9400cf950011
READ 9662
WRITE 9783 dd3b27b9-d354-4faf-b633-e3451aeda86e
READ 2972
READ 8810
READ 2854
READ 7422
WRITE 7050 7fafacba-90ee-4418-b28e-a76d56d21e02
WRITE 4765 4526eb8f-00cc-46ab-bf00-de5c9022dc0d
READ 7981
WRITE 6729 9728ad7e-b2a9-4883-9712-f006c23d8b6f
WRITE 6679 2f9a47fd-b956-4161-ab1c-660267732587
READ 9828
WRITE 3007 bcbaad90-df33-4fca-8073-28f2ff2bacd9
WRITE 0390 b90d9226-6340-45f3-affb-42ebe0f04bc2
READ 2413
WRITE 9593 b246ef2f-e0c3-441c-a930-2683ef42674c
READ 4980
READ 5312
READ 8727
WRITE 7307 b9ba945a-67c8-458d-bb00-c86a34f49476
WRITE 0547 8b32e858-8f08-4da6-9e76-cebb354b6cf8
READ 3626
WRITE 7507 70e31c29-0464-4f90-97cc-d3131415117e
WRITE 4170 05dc576d-02cf-48d7-88c0-ca38ffc6429e
READ 6255
WRITE 2848 a1592630-212e-4d74-8856-77ca9b74aecd
WRITE 3761 46da529e-46e1-4025-bee6-54d2095e2f1e
READ 2356
READ 7875
WRITE 1488 0f622856-e390-4fe6-8824-c54d47d3034c
WRITE 6073 d3749bb0-78b4-456b-8ec1-dc30f1f5912f
READ 8910
READ 8768
READ 6715
READ 7005
READ 9294
WRITE 0348 3117cf5a-32a4-45ac-b5f1-0ba53269248f
WRITE 4115 c5b3af99-54ba-4914-96b0-a5bb66cfe4a0
READ 6277
READ 9689
WRITE 1176 00c0c437-c75f-4df3-ae87-31368d15dd74
WRITE 5462 0d08129a-51e5-4ec8-aaa3-cce48a4b26a3
READ 0666
WRITE 7970 34a318e5-f407-406f-9778-22c6fff7a687
WRITE 4533 7f8591e6-24cc-4ec2-9b78-7d80e9fc4d14
WRITE 1393 25d6c28e-9962-4fa6-80c5-38c863c4e58b
WRITE 3105 58e802d4-20ad-45ec-b87f-fed96b33f0a0
WRITE 6582 a69a1510-e65d-4f79-b0af-e64d5304c912
READ 6031
WRITE 8594 c07075b3-97e8-4736-87ae-1328c6feba57
WRITE 8098 ab912f86-3b37-491e-acf2-bc88355174c0
READ 5769
READ 1052
WRITE 9110 efac86bc-78cd-4369-a285-38fbfdaaa616
WRITE 5406 6fc239a3-3034-40eb-b287-67bfc879b891
WRITE 0543 df296b27-f509-4526-b5d0-73c25c241417
READ 1563
READ 1419
READ 7644
READ 6147
WRITE 5040 f1d2ed19-5cb4-4558-ad85-0feb8e28c421
WRITE 1731 9ffb639d-cb69-4e1b-a9b1-3523f5e1512c
WRITE 5571 b2cced29-4aa0-4806-831d-526f03eb5ab1
WRITE 9429 ec9bb9fd-708b-45a4-bbce-a2c01022359a
WRITE 8972 1a3164b4-37e1-4b6a-ae55-a915691b384d
READ 1288
WRITE 3683 014c6c6e-40eb-4319-ad4d-1d6a3dcc3367
READ 6934
WRITE 9941 30bf1900-e95d-4337-a47b-a81ca8526788
READ 5357
READ 1504
WRITE 1088 2d234e8a-d612-444e-8a54-5edd3e6f0cc2
WRITE 5596 f605f66b-2be6-453e-b716-ec2abc139618
WRITE 4773 13c20178-4435-4778-bc4d-c2a67fb5d886
WRITE 8666 821de2bc-1856-429a-8432-db8791213b73
READ 2155
WRITE 1834 3b303fda-415b-4f25-9d02-5a115ed65417
READ 2986
READ 2453
WRITE 5646 de763790-a24c-4795-b603-4ac29d19ff94
WRITE 8105 e9cdf901-2040-4056-bde1-4a1f2494daa4
WRITE 2447 997609af-6193-4bb8-bb54-6e1d3bcca1bd
READ 5485
READ 9268
WRITE 9440 2ebaed36-b7f5-419b-b8f4-7caa22672bb1
WRITE 9889 888dabb3-a0e9-499d-b7bd-dc9232662191
READ 7069
WRITE 7371 a993135c-a79c-479f-8eae-5c2b044ce81d
READ 0596
WRITE 4492 4f61085d-9778-4bc0-bcbe-bbd2dd193531
WRITE 8020 fd642461-2408-4829-9969-9d5fc807e94f
READ 3714
READ 8452
WRITE 0194 204e9c2d-1f80-43fb-9c6c-ed645b33a21d
READ 5014
READ 8387
READ 2879
READ 6287
WRITE 2455 f9d5b8cd-302b-4234-8e16-e2d3f382d253
READ 1519
READ 1798
WRITE 0855 b8a128e9-06c5-4c16-bbb4-0bdae197cec7
READ 3916
READ 0007
WRITE 6039 7dd33b9f-79b8-4cd2-adf2-8a5b48faadb2
READ 0946
WRITE 4718 54520ce9-834b-4b91-85e7-6ff496b50439
READ 2955
WRITE 7393 05b007f5-35a2-4038-a409-25c50c806581
READ 8445
WRITE 8619 04d1ba72-ec1d-4b09-bc16-7752897f42ac
READ 4324
READ 4154
WRITE 9110 6c8670eb-350f-441b-a097-21601ac90360
READ 8763
WRITE 1232 835e212e-61a1-4d59-9f7e-fe491146a1fd
READ 6178
READ 2710
READ 2177
WRITE 2550 73db218a-1881-4892-aad2-a7ec37a140d9
READ 4797
WRITE 0506 f15c042f-22b6-4dda-878f-d86ac0e8c32b
WRITE 8440 9c3ae0d8-2e7c-40cf-b5dc-2c5400e479f7
WRITE 9749 99a534c6-9eaf-44a2-bede-01b76a9a943e
READ 3410
WRITE 2034 b1726929-eb24-4797-bd74-d4462d74439a
WRITE 7666 76188672-4ae2-465e-b954-91a85d53da28
READ 9344
WRITE 4516 27ca64ee-1a23-442f-bfde-a5afd93ebc0e
WRITE 6580 e876e0e5-b433-41c0-89be-404d2b4556af
READ 1558
WRITE 8168 5c343776-42d4-4466-882c-9dac4f721c4c
READ 3649
READ 5464
WRITE 2215 2a0bbbf9-422e-4a49-a2b0-ff8a76bab35e
READ 4434
WRITE 7989 76c57c83-795a-47f1-9085-4d2778461adf
WRITE 3307 fd9fba5c-5768-4265-98dc-b73881d74d84
READ 2412
WRITE 0207 7671682d-fef7-45e5-9bd2-71dd11d71b25
READ 5386
READ 5758
WRITE 7599 c6a036ed-eeab-4927-8473-c736e56e92b6
READ 0546
READ 1625
WRITE 7689 2ec9de22-4040-4106-84c2-2eeb5301a065
WRITE 1288 fc001d9b-be2e-4dd7-8bde-4cf508094ba9
WRITE 2120 9fc4b428-bafb-43d5-b3c3-c4295255bdd2
READ 4331
WRITE 6267 7011a5f5-5899-40d7-b2f1-511eeb3e7cc3
READ 9027
WRITE 4590 d79c058f-54d4-462c-bf39-e2a66ed87fa2
READ 5434
WRITE 9702 5effcfe0-f2c9-4268-bc4b-60c814e66f78
READ 8613
WRITE 4946 0b77e90b-9ccf-495d-9901-cd5791aec7fb
READ 4529
READ 4114
READ 6755
WRITE 4725 81c24347-552a-4855-b132-981dbafca4f2
READ 5461
READ 5662
WRITE 5875 04f381ae-0900-4f39-99b5-1bcf84c10ddb
READ 7550
WRITE 2124 83f06be8-7b88-41d2-9507-28048c9e5ca1
READ 3389
READ 6042
WRITE 4802 f3095ad0-8693-4e78-ac95-cf5f906e8121
READ 9835
WRITE 3048 ae1af799-b981-4b32-b8bc-e335370b152a
WRITE 1863 86889428-d413-4f07-86a5-ccf988d497a5
WRITE 9071 f2f2fef4-2af5-4f1b-bd1d-ab7c1e0b4631
READ 3982
READ 9629
READ 0533
READ 4284
READ 8699
READ 4255
WRITE 7011 3d8af6f5-8cdc-4f83-bace-51da604387d7
WRITE 5446 67c5bb5a-5ad4-475a-9b3f-f1f7fa1b391f
READ 1642
WRITE 8115 a07673d3-71d8-4628-9bed-5128eb566ec0
WRITE 4972 aec5c49c-a546-4c60-8636-a086aaf753d0
WRITE 9740 52c02c22-a561-4a48-925e-27c235b8f188
WRITE 5165 4175d9e3-ab94-407d-bb6c-8302fafe64cf
READ 7893
WRITE 5762 5cb9a636-7f12-4bd3-8ec2-c529e0a45991
READ 3868
READ 8398
WRITE 1948 192f0cb7-9012-4ee1-9117-d726e0d89666
READ 4628
READ 9984
READ 2789
READ 3628
WRITE 3938 25f3ed0b-5ae1-4f48-80ed-8cf870c13d0f
READ 5823
READ 9299
READ 3732
WRITE 7498 d9e9f3e2-8599-4c4d-b550-78b98bdda3e8
READ 7773
WRITE 1371 ebd50e26-7332-47fe-9c86-94e48a5a319e
READ 3137
READ 7358
READ 4159
WRITE 4541 5a1ebefa-1c07-42bb-a879-00d69a01eaf5
READ 7221
WRITE 8027 1693c025-7b38-4db7-b9cf-3663f3ecc333
READ 1487
READ 2797
READ 7002
WRITE 7440 89c6b7a4-5830-4129-94a1-8f42c0f1cbd0
READ 6821
READ 1939
WRITE 8927 a2b8f706-820c-4f45-9421-d6e4180df418
WRITE 1220 a157a310-d09d-4a29-881f-3a086c8918d3
WRITE 8797 dddc7be4-f229-4c11-9907-b451dffc554d
READ 7945
READ 9815
READ 3519
READ 9252
WRITE 4784 dcac018d-ca24-4a6e-9a73-6c28925e02ef
READ 2714
READ 4378
WRITE 2010 71966292-de35-4b1d-b9ad-8409dead5ac4
WRITE 8467 4ecd079a-dc7e-4a73-a15b-4ee00477abeb
READ 0081
READ 4201
WRITE 6920 a9331ba5-051f-40f0-94d8-95e0699b36d4
WRITE 6154 cb1462d6-69d6-4876-bf67-7517d6d22617
WRITE 4050 a1009cfd-bbab-4ac5-9020-7c77a44792de
WRITE 6859 cce627cf-65f0-44cd-9153-2b6df657a8f0
WRITE 7284 a3bd05ce-7e22-4ff4-9dfc-00e7a01437af
WRITE 0035 61c7b9c0-f362-4fde-8524-9d413ada2fae
WRITE 4833 3cf1a585-94fc-4cc1-826a-dd2f58f3b8a3
READ 4042
READ 8022
WRITE 2124 2f483ac8-e7a7-4ca9-92b6-a93199a6e606
READ 6444
READ 8205
WRITE 2385 f674b8c4-80f0-4d7d-9ff9-cbccb802a015
WRITE 2250 f86819f9-bcd3-4db7-80dd-1ee118f3b71e
WRITE 4831 5b961e33-18c6-4850-b3d4-40b11249938b
WRITE 2050 e211af2e-6976-41a4-b2ce-3ffddec22efd
READ 5906
READ 9633
WRITE 3530 dc889db6-963a-4f4d-b1d0-46d698eb9c03
READ 4791
READ 8669
READ 9678
READ 9556
READ 1747
READ 0859
READ 3063
READ 2152
READ 9978
WRITE 0679 94c59d54-5446-4474-9539-d11cfafbaa7e
READ 7289
WRITE 5902 4ef1fad9-4b8d-4e70-97bb-c2e49cacdc72
READ 2833
WRITE 6739 68b313f3-f87e-4243-bf57-6466aa1413fd
READ 6868
WRITE 7570 c079f65c-fbee-4b0b-b7d4-3512acd45f57
WRITE 7808 ad6f85fb-5f20-48b2-8990-a58989a5e84c
READ 0667
WRITE 8821 a6987068-eff0-4448-9212-f8e8f3ee6150
READ 1914
WRITE 9027 6ce1381a-a8f5-494e-8beb-10a4af0a27ae
WRITE 7584 9f1f3885-229f-417a-98c4-16e2fecc378b
WRITE 9641 8ffb6765-672b-4c7a-826f-3a4b4e269f76
READ 2007
WRITE 2638 17449e47-8576-484d-91b5-80b6ab72743d
WRITE 4941 643d65d4-3e6a-4d91-bf75-88eef186336f
READ 3213
WRITE 7941 45351be7-16c4-47c7-95fc-2e6545d8b6c7
WRITE 6201 e2399443-09ec-4a95-91f6-5d2d9f979106
WRITE 2011 bd9c0632-1a97-4d94-ae65-3f2ecb5d2857
READ 3074
WRITE 5492 cb47b1f0-e0d8-4582-a7ef-b9fe84cb30a8
WRITE 5412 4888b8e1-689c-4870-9ac3-bc0f9a6dc36e
READ 1628
WRITE 5975 232575d4-207a-498b-9613-b9dc8347a558
WRITE 3151 f2ff0f91-404a-4175-9772-a0ebe1cdf500
READ 7748
WRITE 2258 f531f30f-e063-48a7-adb5-c1abef80d0f9
READ 8735
READ 5875
WRITE 2188 9eee54dc-cf14-4d3e-afe4-56a80ce967eb
READ 4855
READ 2707
READ 4616
READ 8165
READ 2180
WRITE 5719 d0ac9c4e-48b4-45cf-8467-85e11477e159
WRITE 2531 abec31b4-6572-4701-8e7f-72422cfe3492
READ 8520
READ 5811
WRITE 5649 d944021c-d6a2-4d8a-95fb-ad319c9e0d73
READ 3107
WRITE 3424 2fd91c57-2f23-41ea-b34b-cb81c60b2435
WRITE 6700 96b9e377-facf-4948-87c2-0ed531c86d02
WRITE 7800 8f5ef328-e389-4e34-849c-e87f512c5622
WRITE 1596 6932852b-35b0-42e8-ac32-8f1f2597084e
WRITE 3988 a3dbf71c-6b44-4d4d-b306-37d6d038924d
WRITE 0397 bcfcb2e9-ea22-4942-9736-79e1690cc768
WRITE 9014 664c07ff-e7f3-42df-be3c-33f3fd8c98d3
WRITE 0108 356a676d-eda6-4405-9a5d-eff7e237c6db
READ 8267
WRITE 6490 2a01fff6-e04c-4ab1-8959-c124d270a301
WRITE 8443 a49c13b3-b6c1-4367-b416-c9e81a126641
WRITE 6728 07498217-0318-4259-8325-1212fad514e4
READ 5656
WRITE 0156 4193440d-6b88-486a-b0ab-fe027e3b19f0
READ 4592
READ 7683
READ 5791
READ 4060
READ 5733
READ 0708
WRITE 1990 36fb0a9e-6acb-46b1-af35-599bb56e5502
READ 6638
READ 5900
WRITE 2066 bf14797e-6db7-4bd0-9bbd-acfd7d1f1fae
READ 9818
WRITE 5135 32b37da9-f7f3-4e31-a5fd-36bc8da2b49a
READ 9073
READ 5989
READ 5607
READ 5050
READ 3574
READ 8491
READ 9601
WRITE 1170 db3979ce-82ac-457d-be43-c89c49ba1f00
READ 6390
WRITE 4794 4a6608f5-9d20-4fe4-86d3-faf592151f87
READ 3392
READ 8998
WRITE 2170 0f586c1b-8815-4d19-85ef-294973c4c501
WRITE 1486 330e081d-b255-4c47-ac6a-1ba889b9c99e
WRITE 5977 27fd7922-9b99-4986-ad8e-bb7620788bdf
WRITE 2323 745a27e0-4b8b-49bc-9479-cc85ecb76bf4
WRITE 8687 72f2f934-d1d0-4e07-a105-41a1877b5949
READ 4062
WRITE 1909 f9296c05-57d8-4363-a906-62e8e7522a62
READ 6529
READ 4055
READ 1160
WRITE 0770 415a4344-8d2e-40e5-bfbc-88ef14b2b4f6
WRITE 9633 14b62a56-b297-4a0c-9291-f43583c7bfb4
READ 1740
READ 1854
WRITE 9754 c56a6825-57e5-4ac0-8f5b-16364e51abd3
WRITE 0315 2494880d-fbef-4808-b815-e6e85e908055
READ 9808
WRITE 6834 5a4f00fa-342c-41bc-8988-4eaa7e625b6d
READ 2717
READ 5307
WRITE 5003 30aaed6a-7d31-4edd-97b3-9c7a9e9752fb
WRITE 6802 bcb9ca5e-632e-483f-80b5-4a8502aad78b
READ 1661
READ 4255
READ 8390
WRITE 2703 dd4cd369-0924-4a44-83da-5e576d7cb865
READ 5861
WRITE 0099 2a89f0ee-1c22-4927-a579-d896a4650453
READ 5679
WRITE 3580 7999942e-18dc-496c-8765-494ff3a1de8e
READ 2638
READ 5040
READ 4832
READ 2193
WRITE 0343 1166bd2e-ca71-4a44-ae77-138b84b32a49
WRITE 2811 52223326-634f-4c51-bf69-33698f2ce434
READ 6136
READ 6085
WRITE 7109 d3098c45-4296-4108-b676-106a54bd040e
READ 5420
WRITE 1927 18fc1d5a-b3a3-4192-8d9f-4229ea8a3043
READ 9169
READ 8848
WRITE 0797 3802a7df-031c-4cc2-ac54-b01a68ebb409
READ 4748
WRITE 6073 88fd56b9-4391-4fc7-8372-a0e4b71db014
WRITE 9881 3dfae73e-da75-4f39-8e5f-5efc513da809
READ 4932
WRITE 5333 95f492b2-d4c0-4796-9c1c-29fc5a73ca85
WRITE 6204 9a39d231-718a-40af-8573-21a61e9bddd9
READ 0063
WRITE 1443 a1b5b402-4b02-4971-9bc5-d40097671259
WRITE 2591 ddb395a5-c2e1-4f16-9a6e-815dc58ef981
WRITE 5691 424f1c87-569b-4d3a-ad73-562f1c8de721
READ 5740
READ 2170
WRITE 2958 d421aca6-239e-4a4a-a12a-5f9890528058
WRITE 1080 bfba114f-3191-4f9f-af15-528f2cafb608
READ 3216
READ 5560
READ 5093
WRITE 7188 e05ea857-99fc-486a-8680-59d0d2249eca
WRITE 6572 d13a861f-55ef-4a70-935c-068ca918aba8
READ 9239
WRITE 1493 e46a2743-5a6e-4863-b4fc-6417fc9d7c75
WRITE 0787 6c3dc2d0-bfde-4ffa-8de6-bda61ed5c95a
READ 3316
READ 5575
READ 0624
WRITE 1252 33bb882d-a524-4a20-8029-d54d3817611b
READ 3297
READ 3042
WRITE 2219 22779463-6934-433f-ba62-f9d5798e6ece
READ 3273
WRITE 6352 34667b08-55d3-4890-8b09-8ddca847a98a
WRITE 4313 d3e0fd40-dab4-471b-8238-6a6bb8bdecd2
READ 8459
READ 0070
WRITE 0973 12d874c0-958e-47cd-a903-0f893893b3f7
READ 4566
WRITE 7327 02b9e501-afd5-45bf-9cd8-01a3e846e803
READ 5027
READ 8496
WRITE 7816 59f66082-43a9-429a-86d3-3ac695e454ee
WRITE 2172 a0cf915b-30c5-4798-9bbd-f168d8500efe
READ 8103
READ 8967
READ 5577
WRITE 5904 83d33fd0-76e3-4131-9d01-0a9f48467402
READ 6961
WRITE 0950 e923a88b-de49-40c5-aab6-8dd1f3f3b19c
READ 9955
WRITE 8737 05d02911-edd0-428c-b917-b8050f0215a0
READ 8599
WRITE 9309 76b01383-5c86-4208-81dd-42102e8e8306
READ 1940
READ 3127
READ 4357
WRITE 8176 9c2118eb-b1c9-446b-a9fb-c5da6ddd7c32
WRITE 1180 06e9a671-c5a5-4737-b71e-ce16579e9248
READ 6882
WRITE 1796 a8e193a5-06e0-4785-92a9-7374d3447a94
WRITE 5527 72bd8816-55c1-4778-b9f9-43159cb9d46c
WRITE 3813 a4446368-2257-41d6-859e-2bc6e91bf2ec
READ 4108
READ 4335
READ 8007
READ 8182
WRITE 1001 e4a29eba-6970-4a6e-8a03-7fcd9186f2cc
WRITE 0980 182431d1-ff46-4180-bb32-34ed7b333c3f
READ 9680
WRITE 0564 effaa8c8-a9a9-4742-8143-3d964a9d9cf6
READ 5017
READ 6306
WRITE 0155 e2335b63-1817-49ac-8c84-a746aec50953
READ 4722
WRITE 0265 b9d63c35-2b11-45e6-940a-e216a7ed089e
WRITE 7860 1ea00c2a-54eb-4b5e-a7a9-8b7db6d71f93
READ 8092
WRITE 7164 29d8033a-bf43-4272-930b-d4d76e1c4e8e
READ 5711
READ 0877
WRITE 2081 7efef110-4936-45ca-95af-6c56a2c7c1b7
WRITE 2101 5a5a7b5e-8951-4f9e-ac4c-7d645cebb630
WRITE 7153 89f2457d-2c44-467f-b5c3-d07d7aefc548
WRITE 3110 4a3387ec-94fc-4772-98ac-d5270c247fc9
READ 1010
READ 6811
READ 7182
READ 8652
READ 9463
READ 1352
READ 4247
READ 6389
WRITE 0180 5b08c74c-1617-479f-b015-e9b46b28e2b4
WRITE 4975 5bb4a0c0-08b2-4688-9084-03a2b6b37ff1
READ 2809
READ 8898
READ 5415
READ 2864
WRITE 3457 1fcd6446-9e44-4752-8f7e-c37c0f49c2fc
WRITE 5602 0c9c18f6-6760-48fb-8716-1fbc5d0a4eda
READ 2033
WRITE 7754 53061579-d5c9-493c-84ba-d025ed16bf21
READ 0360
READ 1967
WRITE 6221 8a5f47f6-cd80-40e2-80ec-c48f304b1d65
WRITE 7355 b2948538-d884-4985-9799-ac09d059f40a
READ 8498
WRITE 6914 98d56db5-b29a-43d4-b6a5-2e823b2d3e93
READ 9323
READ 2202
WRITE 9343 4e3b7946-8084-4fc7-9ad1-60232090ea53
READ 0104
WRITE 4861 d1844d97-2f5c-433b-bb5b-bce100182aab
WRITE 4176 4bd170f8-1929-4fb6-b511-b2456063b4f6
READ 9664
READ 4376
READ 9804
WRITE 3604 0a0325bd-75e8-4a78-9a6f-a581f51e889e
WRITE 4422 eb3a3a0c-1117-4dc1-b18c-3f3302090f5f
READ 6506
WRITE 6400 17f1974d-ccec-4ea7-81e3-1609c7121525
READ 1258
WRITE 3304 25412d77-fe58-46fe-911a-cfe1bae4443f
WRITE 4218 8a35434a-ac18-4220-8d6b-c5431aef8f7c
WRITE 1156 11a68afe-7283-4d07-82c2-5f9fa6659391
WRITE 3115 af74365c-1e50-447b-bd32-b013e6386bf3
READ 1623
WRITE 2991 104c1617-5573-4c8d-acd8-9f7caf3dcd06
WRITE 6003 eb518226-40ab-40a6-92ea-096197dfdabc
READ 9691
WRITE 5797 860eaddf-0b0e-47e5-af4c-f2c1eaaef4bc
READ 1058
WRITE 1381 ffb3293f-bd59-4e76-86a9-641c59035375
WRITE 6975 15d688e8-c94c-44f0-8f5c-088c79505a3b
WRITE 8149 1c9e3e29-e5ee-4d43-86c5-e64380764f16
READ 9529
WRITE 6239 1cf6dce1-39e8-47ea-8501-ed2abe290159
WRITE 2655 395faca7-102f-4aae-9122-c79e52758867
READ 1329
WRITE 4242 0e1b6a2a-1420-4c41-aa92-5c9a882f9864
READ 4796
WRITE 3041 8785dd38-ae6b-442d-ac3b-2c17a8028f81
WRITE 2976 3c9f507b-0403-4126-aa95-7f0e63351ac8
WRITE 2840 4bdcde19-c400-4e0b-b9e9-987b0e9c0ea3
WRITE 5358 034ae3da-8c6b-4e7f-8123-614529655a03
READ 1216
WRITE 3788 9ded9314-ec7a-45dd-a881-eef8e9796d95
READ 9568
WRITE 2889 111bcb79-b965-46b9-bbfb-21dd0ac923c6
WRITE 9488 46526881-ecb9-4f14-898f-62485559dccf
WRITE 8699 f547180a-2917-4047-9894-a2f231e7edc8
WRITE 9896 690951eb-a74b-47fd-953c-1953c7cf167a
WRITE 3983 7451aa6c-4404-4be7-b0e2-4d0b92ee8c1b
READ 3468
READ 2293
READ 2626
READ 2667
READ 8384
WRITE 7316 83c6de4c-566c-45d0-9163-a49622d187b1
WRITE 9786 090a5669-25e3-4b5d-835d-760ce09e8803
WRITE 0595 c99ddb78-8a8a-4093-acd2-0894eff0b83d
WRITE 0338 2134abaf-d914-47bd-af6a-528fd1f51a39
READ 3018
READ 0429
WRITE 6697 55df76ec-a863-4836-888c-bb095e9b6bc4
WRITE 7684 898a8df2-8b6a-4283-a5eb-e3750f33818a
READ 7120
READ 8391
WRITE 4911 1935cbf4-b593-42ee-b182-d4ead53aad41
WRITE 2613 8668f9cf-823b-4490-9553-793bab6cf792
READ 7443
READ 3048
WRITE 3924 0263aee6-07bc-494a-8486-ce68333d5da7
READ 1313
READ 5390
READ 8820
READ 4271
WRITE 5376 cfd741a9-5b11-4388-a413-7ea44abaab19
READ 5294
READ 0608
READ 9075
READ 2461
WRITE 2193 71c4b494-6be4-42cd-8092-9c0957f06d06
WRITE 1217 384a5906-9a7e-4297-a810-30042a6e4006
READ 4631
READ 0463
WRITE 2679 5c6981d4-89b1-49af-a94f-0e5cc5a80fe4
WRITE 3009 97a7b1a5-c0fb-4a73-aeec-e34050a0bcfb
READ 5704
WRITE 0020 0eaf0e58-8560-4718-a429-6d433141d72c
READ 8754
WRITE 9285 ef355a9b-ea45-4b14-9aee-f2938a5787a4
READ 5516
WRITE 1167 5449b290-a53f-4044-b96f-2e0fb65ea072
READ 8106
WRITE 8917 90d0bf3d-aae5-4632-9b99-dd1f89a87f47
WRITE 4771 69c79546-9180-454d-8893-7eb2de2a4d1d
READ 1535
WRITE 7640 ba99e124-f7b5-4488-9897-0b2829342212
READ 1158
READ 0351
READ 5963
WRITE 7033 4b69ed7d-990a-474a-ad4c-ed7e2bac9176
READ 5428
WRITE 2379 a6a5168e-4dd9-48e8-8eb9-ecdb0f53ae99
WRITE 1845 1185244c-8c5d-400a-a03e-3ff9f070ebe7
READ 8488
WRITE 8058 e247de19-6113-4b00-b42c-c6921793eb37
WRITE 6277 6b3a5aa8-e743-45bd-ae64-8148fc876789
READ 2382
READ 2574
READ 2814
WRITE 4927 b2a76f4e-e92a-462d-9ec8-30c0f48c4bed
READ 8495
WRITE 7165 9ed64eeb-a72a-4d0c-8e6c-3674f6f45dac
WRITE 2347 dfc6158e-8f93-4243-a57c-44accfeced0d
WRITE 5606 577dee78-c4d4-4fe0-9f29-5e1d851e151a
READ 2590
READ 4897
WRITE 9777 24cb52ed-1395-44be-9a02-6da34b82489b
READ 4757
READ 5096
WRITE 0083 fea9e7fa-149f-426b-8d2a-4774d2423afa
WRITE 1678 a6fbc507-db48-452f-9f2c-bdf3232a740c
WRITE 6581 dcbfcb8b-cae3-4759-89e4-fbabca27a1cc
WRITE 5215 259ec885-70bd-477d-8d33-e1f3a74405a3
READ 4257
READ 4141
READ 4540
WRITE 9011 1cf4b5ef-a7bd-43e8-93fa-e1a254227953
WRITE 4805 f2da5ed1-fcb8-4ef0-b09d-be6d01d2a368
READ 3943
WRITE 4023 81848684-3bf4-44c3-bc06-91ec060e0c65
WRITE 9679 eab3094c-616a-4601-8b54-021f27c5df78
WRITE 0415 10652194-863c-414b-8258-98de5a490ed4
WRITE 1349 b107e9d2-662f-4241-886c-1b99fddc90cd
READ 2599
WRITE 4812 99bdad8c-36ff-4a97-ab2f-3a09d24d92af
READ 7008
READ 1949
READ 7714
READ 1022
WRITE 6011 3278fa72-0a53-4ee6-912e-bafa73abd0f8
READ 0385
WRITE 4096 46021a28-b602-4e3d-a0fb-15a070440b7b
READ 4215
WRITE 8662 f10e4833-07d2-4117-b58a-2257cce2a68f
READ 0675
READ 5666
WRITE 7352 88d1e902-4e75-44b7-a447-d01c014c5ccb
READ 8436
WRITE 9112 35bafeae-8603-4805-9a05-46fb574cbff0
WRITE 2934 bed23d1f-bc06-4e16-af3b-9b663393e0f7
READ 7886
READ 1738
WRITE 2112 582ac54f-c869-4e1c-9aa5-81b54646e5d0
WRITE 5640 ea8e95e2-d91e-4cd1-85d4-3a3a7d6aa198
WRITE 1736 cd4a4237-4ebb-4c96-9d61-2092ad748057
WRITE 2892 150f9ab1-0ee9-4417-8b5f-1f0d15e8d7c2
WRITE 5569 7b38458c-9a93-461b-a32a-f8aa15437de8
WRITE 0190 18d07010-7053-497d-9216-773c84528927
WRITE 3306 9f57e130-4148-4a03-8683-120226557a40
WRITE 0850 0f02645d-ef55-4906-8c77-63fe00a9c1d3
WRITE 4465 3ddffb9e-062a-45e5-bcee-911991af5ca3
READ 2557
WRITE 5363 92e642ab-7aee-4cab-bc89-1583a6b671b5
WRITE 2361 eae430de-c8cc-4978-bebc-08f46bb0be9f
READ 9560
READ 8181
READ 7612
WRITE 9181 2c39d93e-171d-47e8-9232-c28101317c83
WRITE 6599 2a9b9d46-a85b-4c6d-8dab-b332cbea6dfb
READ 4724
WRITE 3376 880fa800-7b56-409d-8234-e4b525d4803f
WRITE 2423 5d6bee71-a06f-4a16-8463-a689f69ed473
READ 5708
WRITE 4153 e2739fb1-f71c-4072-808d-29f4b48347e7
WRITE 9859 6551f8de-b9ac-4d53-ab97-08adf2622ba0
READ 2122
READ 2117
WRITE 5365 b68f35ac-f885-4b1f-b656-827910f7d5d3
WRITE 2325 3b56f288-4ccb-4a30-b873-0f9a2cfa1983
WRITE 9179 5df9f08a-0e97-4325-917f-a6c2e2e8b97e
READ 9779
READ 1343
WRITE 7676 3cc67785-ac53-452b-b977-c411f24f1827
READ 6876
WRITE 9821 a61165b9-67ce-4014-94bb-5b872c37e4d4
WRITE 8335 b501ae78-eb86-4b17-8314-5cc48cbcb801
WRITE 8450 a8b95299-558f-4af2-8576-1eeea5fe31d3
READ 2305
READ 5118
READ 3040
READ 2817
WRITE 6951 186a7ef8-40b4-499f-9014-4c59dbb06e07
WRITE 1195 c502087f-de06-49af-85c6-549dc8dc2204
WRITE 8511 aaf3f099-d4c5-4190-834b-cf1addb714d8
WRITE 2007 6d3561ce-746a-4396-99f9-9b35ab070a11
WRITE 1533 96a1ff3f-d330-4155-b0a9-eb4091f825d5
WRITE 1371 606309da-99a6-4387-a9d0-2ccf1ba1bc1d
READ 7808
WRITE 6368 5a4e6313-120a-4d65-befd-9472352259d0
READ 8669
WRITE 3252 8e4e7f37-7f98-4f02-8bc9-3031a77140e0
READ 9529
WRITE 9054 cf68c834-6a85-442e-8c6e-9c9a2f5d9e39
WRITE 2918 aa95963e-0494-464c-888d-c9a60c45bfea
READ 0678
READ 4356
WRITE 2768 73728003-de94-468d-a58c-cef534f5d49b
READ 2723
READ 4629
READ 0494
WRITE 6007 0f22840c-634a-413f-8af2-9ffaf57bef31
WRITE 6538 5586b44e-293d-421e-b2ff-18394e8584ba
READ 9898
READ 8135
WRITE 3628 461efd5b-ff8f-4230-9eea-207ddd786e56
WRITE 7353 053fb08d-2368-42f9-9ca4-ce1ee3d947ef
READ 2081
WRITE 9047 79b57f8e-370d-4f30-bc9e-8a620018497a
WRITE 9234 5a3cfcf6-defb-425b-a455-3b7a935b8f9a
WRITE 6591 4724c7c9-98b8-41a3-b099-e089669ecbbd
READ 5246
READ 8955
WRITE 6227 54bdab15-de9c-4982-81c1-bcd1ac543539
READ 4926
WRITE 8467 55eb739e-fd9e-4a6e-936b-20be3afa3fdf
READ 6636
WRITE 5143 43f710ef-b904-41f9-b2a6-55f8c949122b
READ 4023
WRITE 1165 8e8e9f08-e2f9-4bc0-9bd7-b5687a14634f
READ 3432
WRITE 4154 d5889f44-2821-4685-b5c8-db0308dd268f
READ 7538
READ 7414
WRITE 2397 aa7c7e90-7d5d-4e46-b9e8-e614287cebf9
WRITE 2129 36a7d62c-0bb9-4a48-8eee-8ccc1b6c8869
WRITE 2775 bde24fb5-f642-48ad-8f1d-7bfcc24401ee
WRITE 6958 dc0ab385-ed3e-46f6-bb6f-b3d55f80be7a
WRITE 8834 a2a3ab55-f678-4542-bcc3-a36346dd75c2
WRITE 3444 e511be78-f800-41c9-88d7-f61a97602d02
READ 7977
READ 0082
WRITE 5739 d97e66e0-3c26-4987-93ed-7f2bfb008dbc
READ 7202
WRITE 1257 0498765e-cbd8-443a-8b85-c693795ab5a7
WRITE 6898 36d1dfa2-12f0-42cb-b989-c3bdb0a81981
READ 7491
WRITE 2600 af54b7e4-6966-4e59-ab95-d25de3369886
WRITE 3085 bd4285b9-43e4-4b91-a028-6145dd625392
READ 6088
READ 3308
READ 2557
WRITE 8279 c0054bfa-bac3-45e5-b7b0-f482be7ca21d
READ 6236
WRITE 5847 7e263776-3d9f-4317-b485-2f341d6bfdd8
READ 9854
READ 7395
READ 7658
WRITE 0022 4140f25b-a79e-4e64-9b02-c682a9bcf740
READ 2865
WRITE 8770 6733f046-cb5d-47c6-9be3-2c84cf72ffe9
READ 2360
READ 1505
READ 1668
WRITE 5369 3a30d9b9-d77d-4d76-8503-f27a42df666b
WRITE 1791 86bbfdab-5feb-4240-93eb-eb6dc859804e
WRITE 5642 c78ff4e7-f603-43f1-a448-3e20ea21cde8
READ 6486
READ 1860
WRITE 7217 78914d66-c96d-4af3-90b2-e2db1dc23c4d
READ 0166
READ 6677
WRITE 3684 7e559358-196f-4763-92fd-c400b310f164
READ 9719
READ 4727
READ 1378
WRITE 7793 7ea69f7b-522e-4588-9696-7e34c7e988c7
READ 5293
WRITE 5486 36fd770f-4552-4b2c-9083-d5bb2ab7de03
READ 4386
WRITE 6410 1c8e473a-75bf-45f9-94cb-31d94f5d826b
READ 8442
WRITE 1040 5dbf0464-e66a-4753-855c-c7328b60b97f
WRITE 2366 e3565ac0-51fe-4be0-a09f-7a7ee0566f4c
WRITE 2790 a581d869-2df2-4049-b083-24e2c623de26
WRITE 7454 f5d5ae2c-edd8-44b7-a512-bd11d69c0abe
WRITE 6669 ac42faf7-66ed-401d-9677-0463466f375b
WRITE 8070 31bb58b5-9763-49d7-a4b0-01b04c11c0d0
WRITE 9120 4c2965d4-5890-4692-a212-6ea48374e315
READ 9984
READ 9610
WRITE 7218 6868822c-04c8-4c81-a71a-16dfedb5db6b
READ 3782
WRITE 5289 4586f8af-802c-40f6-901b-d195c3ba6bfd
READ 2157
READ 5340
WRITE 6857 35c48668-f4e7-4be2-9ac0-276443b034b0
READ 6459
READ 0370
READ 7336
WRITE 9399 6e461f53-e5c2-4f8d-aaf7-c2135d74985c
WRITE 0807 5d17ecf9-cf4f-4fe0-87d5-7d44e733afbf
WRITE 1866 1569b33e-58c2-4bc7-8689-73b0982d72e0
READ 5842
READ 2045
WRITE 3833 93503a8c-078b-490c-bd1a-b2916f36772a
READ 2867
WRITE 6203 a5c2c3ba-3aae-4744-95a8-d9664bb318d9
WRITE 4251 6ebc7d34-c6f6-4109-86c7-b3990adae929
WRITE 6362 31bb9c8a-73c9-4f54-9701-2552cd4e0652
READ 9842
WRITE 3297 777d5189-41d9-4872-b94d-e98069b4db75
READ 6903
READ 8758
READ 8495
WRITE 0724 e4417b33-8099-41b8-b7b4-8c1528a4cdbc
WRITE 9524 b2ac70ee-d6c0-437f-aabb-8124f39ca712
WRITE 4726 f7f34c45-2c89-4bad-83c5-9bf7ddfe9e78
WRITE 2875 65ca848d-f7bd-4523-a224-0ca24d8740dc
READ 3246
READ 8953
WRITE 0749 08e649fc-ffaf-4787-8af8-8e01ddc4deff
WRITE 0146 e4aac44f-7c91-42fc-aeff-90732142a60f
READ 6186
READ 4910
READ 9655
READ 8381
READ 6824
WRITE 3890 e8fedb17-8f03-41d8-8774-45a3b9581e8d
WRITE 1765 19d530ae-39e9-411e-b14e-671f45966af4
WRITE 0985 9d2451d9-5ea6-4d0e-8b01-a38fcde49dd5
READ 3463
READ 6184
READ 9568
WRITE 2487 dd5a1ad6-8cc4-450e-ade4-383e94adb47b
WRITE 3039 3a768c81-a4a2-46d3-8045-d3c2eba70d26
WRITE 4894 a86367e3-f037-4484-86c5-1fb804e57cc8
READ 5603
WRITE 9261 142c6960-c5f9-4419-b025-bd2aad078950
READ 8447
READ 7390
WRITE 9866 3ee35926-1795-4f8b-a3e4-b5d0b63cc93e
WRITE 1607 e081b8bb-a3a4-45eb-83c3-f6295a0395e0
READ 4438
WRITE 0850 1d70ce04-80a5-4a31-9c1b-0e39541aa6ce
READ 7670
WRITE 0903 896799e1-87a8-48a9-9e6e-57e78fcfe793
WRITE 4645 894ec0ba-0cfe-4059-8814-93bab654a32d
WRITE 9626 2966afb4-997b-4bb2-9dc2-256f91a3e815
READ 1054
READ 0450
WRITE 8235 13d7b871-d31e-4333-aa00-92ce09d759da
READ 7515
WRITE 4908 e0a74980-53c1-4096-9016-f7bc9c833885
READ 7275
WRITE 8259 baadae4e-f237-4bf4-8ced-b08502a6877a
READ 1053
WRITE 0268 12ab2a71-a37d-4075-81dd-3279e4dbbd82
WRITE 6143 5d1fb0de-8250-4491-bab8-5bdc67d0c042
WRITE 4219 8170e6d2-a684-4d14-83d7-3845995984e8
READ 0544
READ 7077
WRITE 2997 1f3f5017-8e01-4574-a60a-51fe31e015bb
READ 1495
READ 8862
READ 1521
WRITE 4249 e1a93119-b18e-4220-a103-7e4ed5fc1466
WRITE 9459 c3c75926-2c3c-475a-b0fe-aef4eed55a7e
WRITE 3509 e407cf9f-f920-4773-8a0e-cc52e41968e2
READ 6238
WRITE 8824 c1bca15c-c14f-4d20-9422-286b4fdac8cd
WRITE 1315 cc138826-9780-4437-9f5a-e8668d21ca3f
READ 9118
WRITE 4670 82f687a5-3e85-47cf-b9b3-4c1e13d2229e
WRITE 2396 33519e0f-b343-4bd6-9235-3e099c8df704
WRITE 7544 46c38370-962c-411e-b6a8-9abc0e09b8ba
READ 8760
READ 2994
WRITE 8614 5c458797-9b46-430a-b128-093ffa781716
READ 7678
WRITE 1583 e44f217b-da47-4fa6-a9a9-079405769e0a
READ 5111
READ 7782
READ 6076
READ 2559
READ 2977
WRITE 0987 367aaf8c-741b-40f9-8108-88a9a6337492
WRITE 5090 aeadd756-716e-49d4-b8a7-9251d2aa17c7
WRITE 3988 2acc322e-9352-4e4c-8c41-1941b05e1b29
WRITE 6256 2be17f1e-9ce2-45e3-96f5-5e4ae1c954f3
WRITE 1767 0fd48079-1b39-4312-b853-6e527b0290a3
READ 0163
READ 5969
WRITE 4178 bdee4936-c864-45f6-a919-f816970ac087
READ 5614
READ 7640
WRITE 0987 677cb0dc-7238-428c-96ce-1e27d593be66
READ 6841
READ 6489
READ 5380
WRITE 7874 6d01bfe3-e196-4bcc-9757-5acecc2120f2
READ 2381
WRITE 8323 eb2eea34-1592-44b4-9327-22727bf5a1b3
READ 9814
WRITE 7174 f690f387-f2f4-4c9f-8ed3-d98e0de4531d
READ 0493
READ 8691
WRITE 2408 44180a74-40a1-441f-9f20-a6c38f607783
WRITE 4350 f7091600-ea84-4068-a260-8cfc74885a5a
WRITE 6427 738518ce-6cea-4f9f-9a3c-375a4f3dd616
WRITE 0870 56ab0dae-48ec-481f-8b7f-fb0ed918f68d
WRITE 5896 0b7e89c2-ad33-4d4f-a5df-7f44e3e5a36d
WRITE 0133 4eb7ace2-1af1-41a1-b8ac-dab012cc115e
READ 2977
WRITE 4128 ba6495b6-de58-406e-9b9b-5295e5835de1
READ 7485
WRITE 9311 f364550a-8353-4cf7-b0b3-19c4dd11f095
WRITE 4934 1318ef75-be2f-410d-b2fb-4f91c92d7429
WRITE 3371 0c79b401-ad67-4da4-942d-3486a555b4a9
WRITE 8293 4b3fabc7-0bcf-44af-b9b5-7d93d22efb7b
WRITE 0544 7af1208a-08c5-4c63-b9cf-14411f18101d
READ 9528
WRITE 3297 da1c5a1a-70e8-4f14-adb2-87c4b70e9306
WRITE 4910 807e8c1f-ff16-4407-814a-1757355dffba
READ 4414
WRITE 8820 fb15efdf-65ab-4f73-bfef-b4b6ef1fcaa0
READ 4091
WRITE 2499 d0c9c889-960b-4cf6-b957-a9acab914a46
WRITE 0883 948652d3-7e35-4bd2-910e-c0b417764fcb
READ 2363
READ 9032
READ 1861
READ 5386
WRITE 6916 8a744713-b1ad-43ce-a0e5-b446450e97c2
WRITE 4490 08901ec2-7b3d-4fd7-9208-ebdb7b6dc605
WRITE 3081 14216927-14bd-4d1d-9648-a31836232cdc
READ 1710
WRITE 8280 efec3550-0466-4fa4-8767-81653929b4a6
READ 6489
WRITE 0986 ec21a8ed-acd6-42cb-b188-c6835d502152
READ 8721
READ 1611
READ 2159
WRITE 7873 7d7f6020-bc8a-4f73-9757-76349bda7f17
WRITE 7433 e6e977f7-43b9-496b-a702-3c71853bee49
WRITE 4595 d682a186-22cb-4216-9a4a-1c5e4e1ad1c5
WRITE 7346 92923642-c454-402c-8332-934463cc0581
READ 7164
WRITE 6965 8c9d5a5b-492e-49fd-acb8-cfb940033bae
READ 4854
READ 9680
WRITE 9145 a9fe3c7b-4b38-4c04-bf53-42985fb55856
WRITE 0348 e9a35d2c-e564-4736-93de-6b2903bbc3c6
READ 9892
READ 3494
READ 8478
READ 7716
READ 2193
READ 0145
WRITE 3595 ee73ef75-b849-4fbc-bf59-352a274a6874
WRITE 2559 d84b8882-762e-41df-838c-dd03be78934a
READ 0485
READ 2780
WRITE 1443 5c345c2c-118e-43e8-a1e3-1ab3bd6476f4
WRITE 0254 bc97ba69-e625-49cc-adb6-d034eb953d95
READ 5264
WRITE 1877 2ce4fb8e-3bc2-4f8c-ae9c-37737e29453a
WRITE 5638 e525a5f1-54dd-4e47-a463-60b82c51df30
READ 4016
READ 8264
WRITE 3367 94086d0d-a97a-43aa-b68e-8808a5416558
WRITE 8519 571ec28e-1c33-4c47-8290-3fa962a2e3d8
READ 0180
WRITE 4849 08614bda-a1f4-4f96-abe8-e931ff4dec6b
READ 8067
WRITE 2932 cbfd5959-c04e-4f8e-bee1-3a25222de524
WRITE 9919 b7fe4473-4337-458f-b425-27b0533ae849
READ 3861
WRITE 3290 3049cf0c-9d8b-4b29-a275-61f2a35286e4
WRITE 6599 1cf1914b-5cd8-487c-8666-7cc42db9bda3
WRITE 8259 e476a96b-5849-43ef-af57-350f10f4cb72
READ 7474
READ 3357
WRITE 4282 11caf649-f55d-41b1-be83-f9d8607559a2
READ 6740
WRITE 7336 40cefa51-4f17-44d8-b067-3f973f4c04b0
WRITE 2638 1714ff74-d70c-4752-9618-bba33be1f915
READ 8206
READ 6434
WRITE 5711 886fc0c5-9167-45d1-ba80-9a72fa239cec
WRITE 6500 327926aa-13f3-446d-b963-0910b7369864
READ 4366
READ 0104
WRITE 7186 6e0da7ad-954a-462b-b7bc-c4a4d05992c7
READ 1973
WRITE 6908 c3fc323e-f826-4c50-b9af-c444d4242908
WRITE 5756 e37be549-25b8-4967-8a00-472eee1cf43f
READ 1196
WRITE 5173 fb49a572-74ed-4f0c-958a-27f068ca9d32
READ 9801
READ 3617
WRITE 8343 87dfb9f2-578b-424c-bf80-023bdc3b39d5
READ 6333
READ 7081
WRITE 0268 dbdb0c40-d9ed-4d3c-b3bf-73c0b903b5be
WRITE 9521 bf302317-7662-44f4-a22d-3f51c4e2c5b3
WRITE 4387 f7bcae38-5703-474f-8e07-98b53dac23f4
READ 5078
READ 2144
READ 5105
WRITE 2444 60d8a719-0707-449a-92f7-322e4a8c3309
WRITE 9497 72b83a8b-08ed-43f0-8f5a-1a9f2d5f564c
WRITE 6781 355ae781-7ab9-45ad-9ed6-1fa4d5ab28c9
READ 8384
WRITE 2772 5973b3e7-fc15-49b4-8815-05c92288692a
WRITE 5436 d9bdf548-b678-46aa-b800-952863e58570
WRITE 9833 4024a138-7869-47cc-8fd7-29f7a9222e64
WRITE 4565 892e6b4e-0518-4c49-b26f-eef21039c5c0
READ 9923
WRITE 8077 c82e27f5-eebf-4e07-8086-9f6dec2e45ce
READ 4420
READ 1442
READ 3616
READ 5681
WRITE 1456 44e9169e-11f2-4c24-9a1d-b1bdbbc8a4b6
WRITE 7223 f828a860-ce38-4098-8989-0187edeae8a4
READ 6884
READ 6437
WRITE 4503 7f9e9dc5-a925-4479-815b-31db87d41cac
WRITE 1986 49a79b23-2f21-44c1-be72-ccec49e5528f
WRITE 3323 766920f0-dcd4-46fa-9184-10b19a706156
WRITE 9334 10114201-129e-47cc-8d44-3e5482daf6f5
READ 3034
READ 6254
WRITE 7649 8c2f5972-0375-4b63-9f16-7729413163fa
WRITE 9499 50652cf1-f1c4-4f26-ade7-2a04daedfe1b
WRITE 0222 2dbb696c-6683-4ba5-8237-04c45a287a6c
READ 0390
WRITE 5863 fd4d8ad3-f22d-4482-b316-ee2d4bf27023
