WRITE 2782 45370d03-9801-4d14-8e30-cfbfa864565b
READ 4587
READ 7949
READ 7625
READ 5400
READ 4428
READ 1670
READ 9589
WRITE 2998 5c81aa91-6653-4e3b-af8e-a354f2916ec1
READ 3322
READ 0122
READ 3109
WRITE 6358 226bd88f-1940-40cb-b809-ca3e9bf7d9dc
READ 7889
WRITE 1626 2b46e761-390e-4333-b847-564c8cca79fe
READ 3557
READ 9341
READ 3033
READ 0747
WRITE 8793 a6439f37-bc4b-40c0-8486-27e58b8e8d2f
WRITE 8689 84419d7e-de15-4de2-a442-6c9af4d79e86
READ 9598
WRITE 4359 b7f7f7bf-81a2-47da-8cd2-d43920f13c48
READ 6144
WRITE 5900 f7fb5275-01a3-46fc-8572-ea4653848b7a
WRITE 7922 d4be1d94-bc7e-4b8a-8e9c-4ac217cfdf41
WRITE 2701 d836e903-a54f-4e6a-bc7c-7c43fc06677b
READ 0741
READ 4076
WRITE 0381 d0519007-acba-4568-af4b-bf495a55bbaa
READ 8792
READ 7259
WRITE 0929 df93063c-3900-4254-bed7-4d3410378eea
WRITE 0263 f22ee55f-02cc-470f-a82f-519de1772a5b
READ 5976
READ 8526
WRITE 7595 ca303df5-18ff-444e-83d4-e4433006169a
READ 3723
WRITE 4297 3bc95ac3-cb55-4aba-8190-0095648b84a9
WRITE 9632 cb573299-6df0-4f6b-af39-2669b50a4c44
READ 0640
WRITE 4939 e3560adf-63b3-4a9e-ae44-6e4acfa2ffbb
READ 0576
READ 7339
WRITE 9415 33b00931-4b55-4ff6-9eec-3a37b0d5e8bf
READ 9828
WRITE 7558 04bce301-1f29-458c-89bc-fb76c9affb5c
WRITE 6709 ee50feeb-6e0e-4080-a049-92909fcaa3c3
WRITE 7639 eb9e5566-958b-401d-9ec0-543672eae3d5
WRITE 3691 ac6f4b44-b20f-4ba4-9419-04b3aec1ef91
READ 9394
READ 2968
WRITE 5744 cfd79555-22ce-46de-b1e4-f33e2b77b522
WRITE 9372 299fc8ef-fa34-41c1-b672-21da07f2f982
READ 2985
WRITE 8510 b394e962-6cff-40f4-bbb1-2ea3135a4bbb
READ 1222
WRITE 0443 e65a7183-4f7d-4b05-ac96-e6ac9499c7c8
WRITE 0830 839e73e2-2965-4573-ac18-29a71de8b06b
READ 7608
READ 1447
READ 8473
WRITE 3871 0580c621-3487-41a6-a8d2-32abda02ab77
WRITE 9127 de3842f1-7451-45b5-bf39-b8d348941e56
WRITE 4568 54acf32c-daf6-4717-bc08-6f63edd1cdc7
READ 8100
READ 0878
WRITE 9481 3aabc05b-dad6-4956-8c82-cb41c46e8468
READ 2200
READ 6392
WRITE 1847 b531e92a-7911-43e7-817e-c37b068d4f67
WRITE 0882 afc62159-e1d9-4d73-ad5a-eef87bde8a2a
WRITE 2592 30e3438f-ba78-46c6-9508-d8d27f598d95
READ 4291
WRITE 5389 533106dc-d58d-49d6-97a4-c7865b086256
READ 2683
WRITE 5264 ceb1b4d8-3334-4e54-852b-2d3110ff37dd
WRITE 0634 abca6713-95c1-4568-930e-e9e761d270b8
READ 3873
READ 5442
WRITE 7652 cec77afc-eb88-4e32-b2a1-0b9125ede8c7
READ 6361
WRITE 7977 219edad3-a4ab-463c-b2e7-88d7b0b8ded1
WRITE 0116 9378c198-5061-4eb1-9555-88bb5a38e43f
WRITE 5416 680afd7d-fd72-493e-8514-97397e9070ef
READ 9856
WRITE 0710 ac27ef07-8b8d-4d37-b1f2-d3a056d64d28
WRITE 2134 cc7504b1-7d6e-4754-b0b0-fa034d64fafe
READ 6389
WRITE 8127 b5a854ad-b2aa-4fbc-a707-10585e14f9db
READ 6907
READ 4152
READ 5302
WRITE 3249 59c4fe53-3370-4c8f-9ce0-a03cec80cb71
READ 7083
WRITE 5549 3328140c-c46f-4a1c-b098-fa0f94000ea0
WRITE 2936 e0e3541a-8cd0-4547-9774-86b693325532
WRITE 5050 c5451313-4f01-4db3-8052-b375a76ccad4
READ 2858
WRITE 0014 7857f555-4878-438c-8365-4e51607629e9
READ 3958
READ 6345
WRITE 8689 46772521-26fb-49a8-bdb9-ff07dd1d7219
WRITE 0952 4195e1e2-b1b5-4988-bd22-7cddbf4eca70
WRITE 5019 e10ffe55-a40c-473c-bd7c-acd2a484d93b
WRITE 2776 4a8b59eb-7425-4978-8f92-a5386e1b123b
READ 4015
WRITE 6971 922e28d9-33e2-4e61-8b55-5c1a58438a06
READ 4192
WRITE 6007 43d81f67-6070-497c-ac45-6b984084f84c
READ 2879
WRITE 4779 8708a094-6ce4-410e-a556-b4dea9d33a85
WRITE 9991 de602ce4-704c-4a35-ae57-5ecf7994913c
WRITE 6908 6b225cde-fefd-4d7d-ad09-51917018097a
READ 2433
READ 4506
WRITE 7214 b0a8a7b2-dd0b-42a6-a01a-1a00e2008637
READ 1777
WRITE 8742 c9296b8b-c2d1-4b92-b19a-a26d232109f4
WRITE 5546 eb5404b9-c809-4c69-89df-a5de4c763948
WRITE 2257 082bef5e-fcd3-438d-9ab8-c065b5df4aaa
READ 9983
WRITE 2315 322ce822-85d3-4586-bb5d-2f3dd77e7b61
READ 1929
WRITE 3916 2ada7c6b-9a9f-48db-a4d5-abeaafc0353a
WRITE 4022 bd4c2967-ee4e-4acd-8e13-c65a194c4649
READ 7538
WRITE 6182 f70b9949-3f0f-43e9-9ad0-28ff532a4274
READ 5398
WRITE 6463 dfa24d03-d3a3-4c23-b9bc-b71daede9ab6
READ 1302
WRITE 0054 c5236888-ac91-4ed8-a61a-e460239cdfd0
WRITE 5991 fcec4872-37c8-4948-a824-b1a971686a58
READ 5978
READ 6695
WRITE 5986 61df7cde-8b5c-4b7f-91da-1b0d9747a16c
READ 4618
READ 3679
READ 4464
WRITE 2592 2bd9ff17-eedd-4069-8a25-b28b4e450a9a
READ 9959
READ 9752
READ 2576
WRITE 2577 daccd180-13a4-40d1-97a4-1ff1ed905b63
READ 3232
READ 0810
READ 9726
WRITE 8817 60fa420f-9a0c-4304-90fc-7fec344a9cd3
READ 6821
READ 1154
READ 3027
READ 4560
READ 5539
WRITE 1453 23a6d0e9-a196-482d-926f-5a34763838fa
WRITE 4151 93ac03d2-9a7d-474f-934b-ce6559f28291
READ 6462
READ 5649
READ 4496
READ 8009
WRITE 8981 d680356f-9fa1-4b8c-8968-2fd8396c8b7a
READ 0803
READ 4534
READ 1035
READ 8216
READ 4212
READ 5351
WRITE 8876 efd8836f-5b61-4474-b30d-129a475aece7
WRITE 0722 e8ac1c5b-8c28-4f87-8671-1a70b3a88569
WRITE 2320 0586c5f2-c37c-4210-a2e2-034dd85577ca
READ 9563
READ 9483
WRITE 9650 963bb1a3-ee98-402e-9ed3-e785e5801552
READ 6277
READ 9993
READ 1738
READ 4845
WRITE 1787 c33dc83e-094a-4396-a7d2-fa88bb979944
READ 7371
WRITE 3355 a78ec1fe-e2a0-4a79-8d53-4f0e72da398f
READ 8293
READ 4380
WRITE 5056 44f21520-68a0-4c7f-ae5d-234d03f753b7
WRITE 7416 b8bf04cd-4c78-4683-8982-d001ff52bb19
READ 1573
WRITE 1480 8d8646bc-09f2-4550-ad71-23d2153a30dc
READ 6562
READ 3376
WRITE 9521 b74f0711-6b8e-4a98-af49-0fe8ce299f0e
READ 0176
WRITE 3320 6f2434f0-fc1e-4152-9922-79c3b8c7d771
WRITE 5033 f0c15e4b-f8cd-4521-82a0-0db5795ccb7b
READ 0014
WRITE 9375 421f28e9-19c2-449d-852e-d52c38726e67
READ 2092
READ 0318
READ 4409
WRITE 8511 e469eadf-fdea-4afd-8012-8986aa6d62d4
READ 8131
READ 1931
WRITE 4123 9070811e-8364-4b22-b2b9-31e3367f932e
WRITE 8934 6d9ffeed-3f84-4338-af4b-a9fc232e8523
WRITE 1938 32b07eb1-e853-41cc-936f-c6f1e0fa7490
READ 8422
WRITE 3643 21de6e8a-b3fa-498b-bfd8-4825d4bbf5ef
WRITE 5344 e40d4ad9-5322-402d-bf47-a0794e6bbc90
READ 3339
READ 4194
WRITE 4632 aef0ad9e-9b16-4648-b2fb-863d0f263dce
READ 9285
WRITE 3275 52763c90-2dfc-41fd-8709-b1eb5252268c
WRITE 1077 0209f224-3f7c-4a82-9a44-b9d7a2ea7b12
READ 4088
WRITE 6840 0fe11d5b-8ecc-4778-9d20-49f07d1caadc
WRITE 3331 0ed9860c-62cb-49de-8ef9-54cf66a4663a
WRITE 7794 d36ee782-93e7-43c9-9afe-6d5150472ade
READ 6783
WRITE 5211 f07279df-4eda-4acb-ad6c-07c47ce72d5f
WRITE 6337 e2d5ee64-e6f2-4cb8-80e2-e4b82e014891
READ 6868
WRITE 5093 c279d7fe-35fa-45a9-978e-6c4926dceff5
READ 9244
READ 9745
READ 7442
WRITE 1411 ee83f5ea-d782-4e18-b925-e30fb210158f
READ 7842
WRITE 2616 195fa85f-8913-409d-b9ab-2283755e1c39
READ 2459
WRITE 6005 b78d8390-97cb-401f-b201-84665734c188
WRITE 9647 921e3751-95db-438c-afcb-f3b362a66ebe
WRITE 5856 1672dbac-f25c-4a6d-b4ee-1e293670b4e6
WRITE 5693 6150084b-f532-4d86-aa36-31ea7be3fdb8
READ 3450
WRITE 0215 c554804d-aeba-4ca7-9b1c-41cf48162b39
WRITE 6215 f834beea-ad7a-4405-befd-32935c73ec07
READ 9164
READ 9981
READ 3078
WRITE 1785 a03e9679-58eb-4bcd-a699-c1c98a1a67c0
WRITE 5507 9b24791c-f6dc-43cc-ab2f-f422640548d6
READ 5618
WRITE 5741 482d358c-d74f-404d-853c-315ece4f178d
WRITE 5044 dd6e9819-7728-46b4-9cad-7252d4be7ef1
WRITE 6196 b624b172-1543-441c-a350-61d3f14f14b3
WRITE 2724 ea84af0a-b006-443d-8ff2-aebc18182ee6
READ 3115
WRITE 4526 3965baef-9012-4166-b2ea-c0bf69d8031c
WRITE 2479 4b578e7d-6cc9-4d9d-a014-03710683058c
READ 6924
WRITE 2889 fbeba2a0-077a-448a-bdee-a00044677ce1
WRITE 0560 0655aa27-3a72-477f-ab81-180e7292ab4c
WRITE 9807 f069c7fa-cde2-43d0-8b62-a03bd8da19fb
WRITE 6258 aa8a4211-1aab-4ba4-a285-bdb987aaa25c
READ 9367
WRITE 5058 386ba26a-3096-40aa-b20b-f44fd001e5db
WRITE 7757 96bc7329-1c42-4160-92a8-f348b76d0dba
WRITE 5112 b7e82647-e17e-4445-8f99-6de3beba5aea
WRITE 9569 7d892d97-142f-4527-890e-4f8536291d5c
READ 9312
WRITE 6622 fa461ed9-3bf3-459d-be29-964f04a6e8fa
READ 4709
READ 8862
WRITE 4443 57650892-f087-498a-8c11-56c6db77680e
READ 3563
READ 0481
WRITE 1303 a1117587-8576-49aa-bcb3-fa443c56e262
READ 5156
READ 8642
WRITE 9982 df0bffb7-5449-4a54-a10a-3bb4fb42cf78
READ 2314
WRITE 8251 f712e18f-d2a7-4f9a-b91e-cb4aa3fd21c7
WRITE 5911 05c6dfc8-22a3-4116-bb73-0cf2da93c31a
WRITE 4760 58e71560-7043-4345-8a47-787a1651a0fb
READ 6670
WRITE 2997 9d4d190c-b659-4677-af2e-a229e743bf82
WRITE 5820 81844ac2-a348-4547-b67e-928e61fb198d
WRITE 3944 bc28a501-faf3-4424-9fd6-3f38f05a5678
READ 7067
WRITE 9179 60ca2423-754b-49c1-b485-a69c29651ee1
READ 1266
WRITE 5555 adf729f8-7f0b-42f2-b115-e3b6b2a9627a
WRITE 5919 e520423f-190c-48c0-b9f0-ccfc64ac48d9
WRITE 3155 3034fa14-d1cc-4af2-80b8-2fa404a95c0d
READ 0520
WRITE 7425 76d819e0-de5e-46ea-9d15-4daa3c388022
WRITE 6750 2f902e97-6507-41e8-b2f6-1b5b51a64d6f
READ 0555
READ 3345
WRITE 1785 63fc1116-a3f8-44fa-aab0-f5045cb0a053
WRITE 0942 19fd196a-1be5-46af-ba31-6a93a8c8b0ef
READ 0683
READ 0060
READ 5989
READ 0374
READ 2243
WRITE 9942 fa9d0f11-43e6-456c-becf-d62551246ff0
WRITE 8021 a9bad706-666a-4ba7-aaa0-23da7e86a1c4
WRITE 2171 c4711092-d4f7-4219-be79-b46947788985
READ 6741
WRITE 4115 d4b69799-f557-4b42-ad19-0e4bc34ae7ae
READ 3977
WRITE 1104 7c9cb340-3c6f-4c61-b21f-5fe7601351e5
READ 3905
READ 8132
READ 6973
WRITE 7961 0d4e68f7-5af5-41db-8597-578961d2cdf0
READ 8857
WRITE 4065 ce18b4a7-1c8c-4156-b563-4f95952fb3c9
READ 6439
READ 5366
READ 2836
READ 5184
READ 3725
READ 6536
WRITE 7540 6472fff0-1695-42dd-95f8-5ca378df25f5
WRITE 4501 34337bbf-d9e3-4bac-b361-c51741b08e3b
READ 5125
READ 2658
WRITE 7919 40cb2ad7-b279-41cb-ab8d-72fe50f5edff
READ 8870
WRITE 6944 6d28bb5d-3da3-40be-a98e-afdae3edd5d0
WRITE 9012 707a4aa3-43f6-4500-91e8-d1736eaf5c6f
READ 8998
WRITE 0254 0becbb47-4815-47c0-85be-2b7513372b3a
READ 9619
WRITE 8292 f3c25633-3214-450e-9412-d4fa0f5c8dd1
WRITE 4819 6d6d1b92-799f-48dc-ae52-2acf7a5c299e
READ 9038
WRITE 3155 ad3ff051-8981-48cf-a561-2738ee900e20
READ 4990
READ 5386
WRITE 4635 3127eef1-6036-474a-8fd8-f27843f7eb43
WRITE 4891 7faddf32-2b40-430d-a497-12de031fdc6c
WRITE 4694 2dff5da2-a3fe-487d-bb30-6d72e41ec6ba
WRITE 3837 f247b9f1-d8eb-42fe-a8fa-ba90faa4fb08
READ 2389
WRITE 2274 cf211245-d1a0-4d75-b60f-b4a80af15a3b
READ 4097
WRITE 3095 e238c322-74a9-4faa-9cc5-a7b1b564103c
WRITE 9599 013e47a8-91cc-4e59-8018-ca4a854f8668
WRITE 9104 cc66686c-0343-40fa-bb4e-44cd0ebb8699
READ 7438
READ 4372
WRITE 4021 15a241bb-ec38-44fa-9f94-b461dbf83a34
WRITE 9108 ebe1f5f0-f77a-48e8-aed5-78a541902c22
READ 8815
WRITE 8336 c56eceba-7056-43a8-a447-13d8afc06a69
WRITE 4654 7cc9251d-fec0-468b-bc23-3bb2c81da5de
WRITE 5762 2180da69-2a0e-4d65-ae87-0ac82a6219bd
READ 5291
WRITE 9631 1c2700c4-080e-481a-9fa2-7a47ca2ff93e
READ 2565
READ 2086
READ 1438
WRITE 8955 fe46cf17-f88a-48c6-b829-174b776962bf
WRITE 6153 ebebd7d9-62f1-4241-9848-f1d2fa12a08e
READ 6978
READ 6386
READ 3160
READ 9276
WRITE 3992 6aa22162-d912-4160-83f7-1479bd01af1f
READ 7360
WRITE 3534 edfe2b4e-d75e-48c5-b1a7-fba102b723e0
WRITE 7992 bf390526-4c55-4c7f-8f6b-ce981b345992
WRITE 1797 a5ddfb6b-bca0-4805-b160-127895b09e7b
WRITE 5668 cd6fdcac-db14-4020-88a2-414e8ec18430
WRITE 8904 c37cc1e8-ed1c-4489-a0d8-3901c6789684
WRITE 9740 6104b339-5a0f-40ca-be32-cfeda8606e98
READ 9230
READ 4575
READ 9364
READ 2211
WRITE 5465 e7827b94-1757-446b-a4b3-38f02b62ccaa
READ 2531
WRITE 4294 2bb0f2ad-1531-42de-9b13-3ca67e44e210
WRITE 1381 b4602a00-2cb5-4714-bf20-1ce8815fbdfc
WRITE 2155 7b0b295c-a4a5-4ef8-94fa-d963d3914022
READ 7543
READ 5213
READ 8467
WRITE 2681 db89ce94-8f20-4c0c-8102-335407c19c37
READ 6031
READ 7351
READ 4426
READ 5700
WRITE 5302 ad64f92b-4a05-4885-9211-cc63cb1414ba
READ 0775
READ 3472
WRITE 2792 20d0c9ca-b47f-418f-8c6b-9e70da41c3ca
READ 4157
WRITE 0735 b3bb46b6-ba7f-4025-ae93-34d3875fbf6d
READ 6178
READ 7706
READ 5731
READ 9865
READ 7341
READ 8800
READ 5677
WRITE 6702 9a589385-8469-4d3c-923f-4041d0c713e4
WRITE 5723 177f70fc-6b17-418e-add7-70487f4ba428
READ 7359
WRITE 1151 818eb2fb-9854-4a19-9b12-44835f925ac2
WRITE 5327 824a8ee0-2182-4f9c-8f49-f2b7f6638fd5
READ 0031
WRITE 6088 86613080-ef57-44a4-b9bb-ff2b0833605e
READ 7056
READ 9018
WRITE 9418 2b49b92a-9d11-4363-a3d5-1f78d45c17d1
WRITE 0139 db704983-1d5d-4106-a3d5-f5ddc8602227
READ 8225
WRITE 0754 b3a52a85-4b05-45ce-8894-168164f7f50f
WRITE 6053 76c61dff-286c-4b2b-8c83-01607fcb157f
WRITE 4840 e3f273bd-87bc-45c6-bc99-d6a7c35448c6
READ 3591
READ 1062
READ 4707
WRITE 1637 fa087b6b-72a9-42fe-947e-18cdbe027237
WRITE 6242 a3924eab-17ac-402b-9c07-3da72e74051a
WRITE 4952 3ce1e3d8-6b47-4a37-865c-d16530897cdb
WRITE 9080 fa560f90-3599-4348-a5fc-2eab39bda878
READ 5959
READ 4384
READ 0701
READ 2773
WRITE 7833 bdff322a-7e83-4e0f-8fbd-87a09b243a05
WRITE 3955 2142c260-2854-4753-b55c-73c9913c93af
WRITE 6945 7f7e7129-5473-43c2-98ba-231d086817fe
READ 2036
WRITE 8917 2563c323-7dbd-49d1-9b73-2103ec87b15e
WRITE 6913 1b4ec058-9085-4aa6-964e-8894ee16c5da
READ 1847
READ 5601
READ 7493
WRITE 5742 0d1eebc6-9675-44f5-b2ae-1931489366e3
READ 7141
READ 0555
READ 3568
WRITE 0064 196b314e-30a6-42f6-8958-4281bae2e199
WRITE 7400 10e98260-9be1-47a6-8ee4-fc3acca3d284
READ 2536
READ 3120
READ 1759
READ 6563
READ 6820
READ 1405
READ 4877
WRITE 8053 bd5e3583-d71f-4537-bfe9-66be281f6949
WRITE 9837 4fad42b8-062c-4703-9784-1ebda6a8b1fc
READ 9412
WRITE 4312 58c6d3ef-bb75-434c-b2cc-046e9594f645
WRITE 9131 3261768c-4d6f-4faa-9655-146830299695
READ 0022
READ 1878
READ 6638
WRITE 1295 a50fde3c-d043-47fd-80ba-59c8a92294b1
WRITE 7182 ed2f7c9a-36dd-4b8a-bb36-eecc7f124a11
WRITE 3287 e726b77e-0057-4084-ad9b-db8f3e8d2c7d
READ 6963
WRITE 1198 7a4d9fdc-f644-499b-b4d8-d2084a328025
WRITE 4209 815f61a2-0d64-44a7-82b1-8753941ed942
READ 7791
WRITE 7745 d979da02-4543-4f3f-bf2b-aa05637a1532
WRITE 5650 a7a9b2f2-3322-4154-a16a-6ac82a095bcd
READ 2287
WRITE 8420 ffc1936c-3bf3-4220-91f1-dc8d901808ef
WRITE 7974 3d54b4d3-6a92-48c6-887c-d5c9c13648a0
READ 5557
WRITE 8090 d173a0bd-14b0-43f1-8759-95be9a2b59d5
READ 1329
READ 9997
WRITE 2655 dc3a5b75-1caf-4629-ada0-97afd7dac639
WRITE 7906 f9b28de2-2820-488a-8831-1134bcab6495
WRITE 5923 5a998a8e-ca20-4605-ba2e-098b71f18be7
WRITE 0519 9cb16f96-1726-4080-a7d6-9d27174e0c63
READ 0495
READ 9025
WRITE 5913 f5e4f25d-77e2-4f86-a905-d93d82cecd1a
WRITE 7084 59a6d113-7a0f-40c3-a647-b1afb7ccfc66
READ 6521
READ 5794
WRITE 1641 faf2a794-61a4-427f-abb2-d352528843f2
WRITE 3487 10d361b6-1448-48c4-9325-c563ee6d5510
READ 2940
WRITE 0798 5359a691-c49c-4c66-a9d8-45218f067fb8
WRITE 1287 7693315e-50aa-49e8-9e26-c5f28a16675c
WRITE 7944 2fda1049-a216-4ca2-88b5-f97848cdb01a
WRITE 0726 846fd5a9-0025-4c42-b7ac-a01d72521080
READ 4274
READ 9192
WRITE 3433 e9f7f72e-b30a-48d3-90dc-86dc8ec81942
READ 0422
WRITE 2227 cef662b1-73a1-40ea-a2e7-7fc72e9078c5
WRITE 2216 fee116e6-2556-4544-aa41-921151b625c1
READ 8436
WRITE 6333 ed5a6f51-2472-43ef-9f28-5bb76132efcf
WRITE 1995 d873c70b-9a5d-46a8-8e47-a1395d4a1215
READ 7852
WRITE 2870 e1201f72-8639-416d-b6be-01d92eb23a1d
READ 1082
WRITE 3593 a6c6a579-f3fd-41d2-b973-90bd8faa14a9
READ 3261
READ 8001
READ 3087
WRITE 3975 0016e5c5-aa58-4dfb-88d7-672b66b49a18
READ 2341
READ 7000
READ 7212
WRITE 7475 22c32227-cd2d-4dd7-9ff8-d781978f76bd
WRITE 7343 85b7c348-942e-47a0-bc09-5d28e4d73e9e
WRITE 0722 57241a58-005d-44f4-b083-c4e31c1be954
READ 3127
WRITE 0422 7f81fbe7-7af1-490b-9614-d4437dc2becb
READ 6769
WRITE 9440 a621082c-68db-49f0-a43f-ebcac96bf8d9
WRITE 2739 0f054bed-a9ca-4115-a93c-1e03d990493b
WRITE 6509 17958571-fe58-484a-8dd6-12b0da24db55
READ 0576
WRITE 8420 fb644336-9198-4c49-b0c7-7aedb7cdcdb0
READ 2506
WRITE 1535 34b8f37c-0650-4833-8ed7-c944bfeca7de
WRITE 0892 b31c1bbe-0ea8-4708-b887-f702f304357b
READ 6171
READ 5159
WRITE 2919 767436f7-03b7-4253-b666-5ced2f0b17f8
READ 4615
READ 4815
WRITE 8229 af6882c3-afa4-4f73-854f-6b6bd788f51d
READ 9782
READ 8575
WRITE 5291 02b86f38-a223-4497-b61a-34637d4c99a0
READ 5735
WRITE 0091 94d52183-88dd-4176-bd8d-5bbf6389f443
READ 4699
READ 8881
WRITE 3598 86dbd40a-f606-404e-9c09-135b345c322b
WRITE 9817 a90de0b5-4f3e-434f-a5ed-87b082b39a92
READ 0145
READ 7666
WRITE 5291 938ad717-66ca-4605-9914-7afea45593b6
WRITE 3197 b50f0b05-0a89-4db0-94c5-5f8856ea19fe
WRITE 7681 e5fd50ec-4161-4538-b783-41415af9e3b8
READ 9445
WRITE 7375 2e4121e1-6be9-475b-8f49-556a8fa75e57
READ 9069
READ 7454
WRITE 9535 b2f4988d-6d3e-4752-ab15-ebd03f29d41d
WRITE 3473 3c2fac55-cc00-4fcf-97b9-42f4eaae8114
WRITE 4712 16369079-fe42-418f-9697-4bdd27893c0e
READ 9447
WRITE 6100 64aace89-dc90-4de3-b60d-435fd7674984
WRITE 1530 1061a12d-67ed-41ac-82c5-2874f9d3a57f
WRITE 4172 f241b0ef-c798-4853-82d1-d39f6175c2f1
WRITE 0283 7baf40a6-d5ba-4e53-9840-d95cab98c25d
READ 2414
WRITE 5403 ed6941af-08a2-45da-8933-d73f35b08d1a
READ 5375
WRITE 6365 a3250df7-6328-4817-aad2-df22486ed3cb
WRITE 7274 336dd594-f489-4dd6-95a0-89a8442fbaef
READ 5129
WRITE 1541 1fb8265c-8e57-4eb0-985f-603019392248
READ 0919
WRITE 1817 d75e66d8-4fe7-4249-a566-2b971ad14bfc
READ 3963
READ 3216
READ 1695
WRITE 2018 b983b9b6-0699-43bd-99eb-6e9f36c4965d
WRITE 1558 013071d6-ad98-4137-b60c-f1102d24e9c1
READ 3768
WRITE 8340 de1ba70c-511f-49ea-a5a1-a3734d924b8f
READ 5045
READ 0619
READ 4044
WRITE 9358 c51aa387-b4b1-4885-afb1-671ece7a8185
WRITE 2865 a75fbcf6-a17c-45ac-b2a5-2892f207ff70
READ 3880
READ 8461
READ 7408
READ 4603
WRITE 7706 6188b3cb-3200-43b6-8231-28d32dde7e19
WRITE 0222 2b754403-d437-4a99-893c-5bc493d8b017
WRITE 1637 b62a3e3d-678f-457e-8892-13d42d5e9e57
WRITE 9934 9a27b917-389c-4c8b-8136-fb4953e28c2b
WRITE 5374 58cbc47e-d748-44ad-a121-d172fad2ea74
READ 9088
READ 8114
READ 3581
WRITE 5493 5cca85d9-7c52-4151-8c66-8b3cfb79f2dd
READ 8438
READ 3852
WRITE 8204 3e062519-b243-46e7-b98b-256a990c200f
READ 7993
READ 4700
READ 2921
WRITE 0811 c5ef2646-56a1-4eb5-8e79-58c74e2fa985
READ 3857
READ 0653
WRITE 2492 90cd7aab-2ecb-440a-8a46-38b8f3f148b0
WRITE 1249 b68e16af-09d7-4b41-a762-7c14dd7dcffc
READ 1099
READ 0989
READ 3609
READ 5608
WRITE 3455 cc928236-254c-4205-84aa-ee74a1c2b2c9
WRITE 6299 ace52234-9919-4d92-b0c3-f565b961e074
READ 9071
WRITE 7388 e72a7945-18f4-4a2f-9628-43abb9ecdf97
READ 0179
READ 2882
WRITE 9321 23d00eda-e5c9-4451-aa7f-6ea5d2f7a17c
WRITE 7855 6da529ae-3766-42b3-9697-e1fa4153f9a5
WRITE 7524 882353dd-d37c-4d2a-82eb-4161f3e856a2
READ 2392
WRITE 7005 3d3ab32d-952d-433e-bd95-5d6ce91ae207
WRITE 8792 bbbbbed0-a842-4cee-abd7-21a87ea27ab9
WRITE 8151 dc3faa06-f70e-4198-a6ca-450daf33274b
READ 0142
WRITE 6711 1c4d6421-34a7-4fc6-9afe-51c04abfdc93
WRITE 8710 6e319e8e-16e2-4924-9000-4746a71d5465
READ 0033
WRITE 4508 fa62e194-2242-4a8c-b27d-0a6e0cafdbd3
WRITE 7598 8cea2efc-31fd-430a-82d1-5634d59653de
WRITE 5115 24a24779-3400-46d6-bd21-67e5da208e74
WRITE 6087 c6772adc-8fbd-4931-b061-341b4827329e
READ 7077
READ 7757
WRITE 4432 1816d0f4-ae27-441e-bb20-f8eca0043546
READ 8014
READ 7206
READ 0238
READ 3281
READ 0090
WRITE 5724 bff5d227-3413-4555-8fb9-8661fb9597a1
READ 1557
READ 7018
READ 4245
WRITE 1265 9c53e33e-7eac-4a7b-aba2-b15ddb7745bf
WRITE 7240 1cd0edb4-1a4c-4227-9372-55337f41b60b
READ 1906
WRITE 0724 5e7abdf6-4150-413f-816b-9375adae5712
WRITE 6380 a39f9f7e-fa43-4495-877a-81038470380a
READ 5269
WRITE 0067 9277f3a9-d02c-4a83-b7be-08cc468c0a0f
READ 0782
WRITE 1088 2d3d873e-66f8-479d-90f8-4e2c1bef62fe
WRITE 6149 22d5d9eb-b7d8-45f9-8558-bb038ace8eff
WRITE 6231 b97ac06c-c6db-4d08-933b-e1cea1cb7098
WRITE 9860 e319cdcc-8e5c-4d40-a3ac-fcddab123ff0
READ 5021
READ 0342
READ 8369
WRITE 7374 5e3214a5-a5a7-4179-92c8-50527e70c21b
WRITE 1059 1421f2ee-cd72-4d59-887b-4693b03fdd2f
READ 2412
READ 8895
READ 6605
READ 2355
READ 8336
READ 6165
WRITE 3723 1c2f5532-15fe-405c-8a6b-6317263b5ab5
READ 3833
READ 2108
READ 3358
READ 6633
WRITE 6835 2de929e9-97ac-4e6d-a730-a4f4ad4dd5cc
WRITE 2928 c2d82896-41f9-42dc-b8db-8a3d2268fff7
WRITE 6539 46e721ab-cb53-4f7d-823a-b34ab412a7a7
READ 8147
WRITE 8744 bf5a6ddc-a8e0-4c0d-af88-1ac2b6c01ab9
READ 7151
READ 9273
WRITE 3964 99529d14-1ac8-47f3-8268-322d21402e75
READ 3568
READ 3545
WRITE 2241 9f2dab3e-325f-4c35-9b82-8ed3b8aa77a8
READ 4460
WRITE 3137 25480b0b-fdce-4392-b675-01086e3600c8
WRITE 8546 79d712ed-4d3c-4545-9de4-9b3e658620f9
WRITE 8637 878966c8-a6c9-4a59-8bca-a425977983c0
WRITE 5178 b37965a2-773c-45d2-9162-b861bbb334fe
WRITE 7268 f60a34c0-bbf9-4d61-be63-24cf65ebf295
READ 5952
WRITE 5915 a40ebf85-a2a9-4901-b2e2-4fb1513b2d98
READ 3703
READ 8535
WRITE 9469 2c95c966-e65f-47e5-921c-d5904a2a155b
READ 4408
READ 9222
READ 4167
WRITE 8913 6761830b-6f9c-4fb2-83b3-a5d18efcfa52
READ 6482
READ 8044
READ 7388
READ 3365
READ 0901
WRITE 1565 d338e0d0-bb6f-4f7e-ae65-594a26e7c226
WRITE 8349 503b076d-84b4-49fa-bf94-cbe59de1febd
WRITE 2093 4cf17455-ee2a-471a-85b2-74f838a28861
READ 7804
WRITE 5839 504698eb-5912-4207-ac3c-d60dbd97d8e8
WRITE 0694 553f81fb-ecae-44ce-a910-509161e65d77
READ 6757
WRITE 2596 603cd430-e7b6-4230-add5-979a8e72d036
WRITE 1939 87c6eab7-5713-43d8-8c17-d12d1d52bbf0
READ 0876
READ 2203
WRITE 1504 45597e32-c331-42bc-96a6-b6c3559d84fd
WRITE 1617 df937166-2c7b-4033-825e-ecb591264479
READ 7146
WRITE 7182 b82552d6-b3ce-4aa6-8e10-4597ac585307
WRITE 0895 05281c0e-3c7d-4c04-bffc-001b81030c1b
READ 7961
READ 6527
WRITE 9780 6cced2bd-6dfd-4a28-bb60-65529d7aeda3
WRITE 1942 962bbb48-ae9d-4285-bf3a-e3a4fc3c602a
WRITE 8123 bb8b6a81-d61f-4293-a09a-7618e5d51bc1
WRITE 1526 db3e9c93-29b8-4cfc-92da-1e3abd376346
WRITE 7958 c39898a9-c21e-4ba1-aa18-7a4d2bee4e3e
READ 7900
WRITE 2467 8e1ff118-a5d7-499f-8fad-3ac1c77446d6
WRITE 8071 cc578138-c375-432f-80d2-10374708957e
READ 9995
WRITE 4512 8c6db1bb-1a28-4fec-b73f-b11410f9ee7a
READ 2113
READ 1030
WRITE 2088 321edada-0870-4ab1-8d4f-f9d07347d22e
READ 9861
READ 2844
READ 6236
WRITE 5715 c9d02e0f-2ddc-47cb-8c54-3b9cc09d39f7
WRITE 7859 51494cc5-0291-4d8e-a880-75cb1bda6802
WRITE 6999 65df44a9-f4ac-4c4b-ad0c-643c69e0e41c
WRITE 3248 f8390d8e-d2b5-47fc-a3c3-54745ede60c9
READ 6456
WRITE 5266 5dff1836-8a7a-4e78-a2a0-6ee494eee139
WRITE 6124 f2d50760-cea4-455d-962d-bbd1adc1e4e0
WRITE 8070 71a1bd32-9245-44fc-9f86-7bf42bd1c9bd
WRITE 6431 b77ba330-a342-4921-abac-dda9afcb5700
READ 1931
READ 5463
WRITE 0194 26c95b9b-45e4-494c-8062-25f9ebffd811
READ 8389
WRITE 9516 daf59af5-ed03-45a5-ac0d-b726f88c82f5
WRITE 0855 4cb0feff-6fc9-48bf-8303-85f44b30cc25
WRITE 7611 04cb5acd-aea1-4a8b-af7d-0be2f0e16724
READ 9176
WRITE 1877 e1b60bc6-2d83-4bb5-9382-7c81a792084d
WRITE 9051 63df6dbc-de89-4c91-af84-040d3b3691c5
WRITE 7571 6a1dbce8-9bcc-403e-be03-9a95d147fcd5
WRITE 4569 1ee49654-dce3-4caf-a9d4-4106feffe132
WRITE 9102 73c13d53-9467-47cb-bfd8-6872698b2431
WRITE 4389 b62fe238-2a35-4dad-a6b1-027d9bc73772
WRITE 8524 1f337ff4-64a3-4500-bed7-84107bbbe783
WRITE 9182 7a057b5f-6673-42fa-9d74-ac7c6829e9e7
WRITE 4581 b17a9335-984e-4f37-b3f5-98ccd35262dd
READ 4646
WRITE 3464 f7b5ce53-1799-4929-819a-07602a0d74e6
READ 4223
WRITE 4110 26948754-0451-413d-825c-a4f775b73f1a
READ 9514
WRITE 9381 029b5826-4a27-494a-8765-fc0b0b559599
WRITE 6407 d44914fb-cdf8-4440-9bcb-e42747a897d5
READ 1374
WRITE 8285 d002eced-94f0-4e29-83dc-7608122d5931
WRITE 0097 7b8eed92-7be0-43a4-8209-3708905cf247
READ 3468
READ 9649
WRITE 8789 da61688d-9249-46fc-bf2e-e1f39fcd9e5e
WRITE 6095 1b86413c-db63-407a-9611-0fbb1f4d8426
WRITE 8165 4c9f0b51-eed8-4339-98b0-7807912cd399
READ 8719
READ 7382
READ 4921
READ 3940
READ 4352
WRITE 7257 97d53112-acb3-47e3-8dbd-20d83ab0c189
WRITE 1292 4346548d-f347-415f-a5ef-710b73fce0b1
READ 7197
READ 6451
WRITE 5378 5660fb4b-31e4-48ab-a940-1fdc30fc0b94
READ 2414
READ 8314
WRITE 4916 f938640e-04b4-47ca-a181-2f5f074de74c
WRITE 7557 c78bdc63-62b9-4bbf-994c-7b4357384267
WRITE 2368 5664ef8e-988a-4ef2-ad55-ba4eb14839b8
READ 6779
WRITE 8124 07813913-a444-4434-927b-74ab7bfeae63
WRITE 5820 24d60e67-9364-480c-84bf-f7fc7683b45c
WRITE 6692 179dba5c-ad58-45ca-bf6c-d94fb01f1387
READ 8766
WRITE 5271 ff3def17-5481-4d40-99d7-164ddc89876d
WRITE 4156 305c1c79-100b-4322-8c9e-e5ff14786370
READ 1914
WRITE 7187 f06b40b5-65c4-4642-b443-7b0ebe54586a
WRITE 9387 bb18d90d-4fa2-440a-9031-e737a9919387
WRITE 0163 5066f5c0-ad86-4c79-8520-8f0f9b2f92cd
READ 3341
READ 3404
READ 7061
READ 8874
READ 3148
WRITE 9847 bcaf86d3-b3f4-4133-b7fa-0e3563dade02
READ 1739
WRITE 9030 1a0014d5-54b1-45b8-9e6f-c91c6110a2c0
READ 2482
READ 4901
WRITE 4167 c70b08f3-6c6f-45a2-8b98-bdbc4abfaa76
READ 8622
WRITE 9906 345751a9-d189-4cdb-be2e-bf617024753d
READ 3564
WRITE 3940 7933c82c-f37a-4284-babb-b46139d87074
READ 7521
WRITE 6061 19048293-f62b-438c-b027-7e56d7f83231
READ 5826
READ 2435
READ 4934
READ 7476
WRITE 9017 f8f1afda-e793-440f-94a1-0316feff364a
WRITE 8521 d36d6caa-38cb-4c68-89e8-7155b16f20b1
READ 3744
READ 0848
READ 9620
READ 1194
WRITE 1302 0f1121cb-516e-4892-b8ef-cf8a9e3f1c78
READ 6222
WRITE 7135 85a97e3b-7b4f-4dc0-a8a3-7936d2630fd2
WRITE 9930 81063e56-64c6-45e6-9b82-230028f18949
READ 3538
WRITE 6498 bacf2679-2a86-4e03-a1b8-97ec4ba583c9
READ 2909
WRITE 4424 e5f3b600-86f8-43c0-940a-145dda5a0b4c
WRITE 5243 61fc77fa-7345-48e7-bbd2-ec24265ff28b
READ 1602
WRITE 7500 0da35773-d5ae-4782-b66c-05408b84683d
READ 7704
READ 6711
WRITE 1004 dca3d4a9-97b7-4a60-beea-515ba75501b5
READ 6817
READ 1610
READ 7469
READ 2808
READ 1406
READ 3211
READ 1215
WRITE 7016 e8c01b8c-10f0-4add-ae86-cd33094dca7c
WRITE 5651 9ffe075d-b250-485c-a90d-7b8b857ca077
READ 7961
READ 2761
READ 1041
WRITE 0834 787c16c4-9dab-4ff2-bd7a-c4d52d7ff3fc
WRITE 5255 d91c2ea5-bd7e-4c9b-aa23-540d8a5b026e
READ 8660
READ 8889
WRITE 9369 1a196ed2-ca18-4fa3-baed-b5ed0c0bca7a
READ 2403
WRITE 3593 f5e0e315-6364-445c-8d20-1144cdead41b
WRITE 0770 ea317b3c-0bdd-48e9-bd50-17605250dda0
READ 4309
READ 3863
WRITE 5999 109b1305-259a-469e-8826-925d97484d0d
READ 2617
READ 2428
WRITE 4033 87c6bacf-b399-4322-be35-8f0400bbee49
WRITE 7364 824352c3-ef63-4efb-b35c-6846d82450fb
READ 1357
READ 2641
WRITE 6497 74316ae1-3236-4ff6-8f2c-42b808cd17b1
WRITE 4027 7591372b-e5a3-476b-887e-5e5a1e81d006
WRITE 8991 5e61bfeb-aa37-477a-847e-ccdea0c948a0
READ 3703
WRITE 3466 c73bea1a-f829-4b3d-babd-453ad01c8dc3
READ 4860
READ 9134
READ 9984
READ 2955
WRITE 1238 cc8cbdcf-c1c9-40cb-bd0f-2f7d2952e0b3
READ 7251
WRITE 2103 2bf6fda8-c34e-42bf-8421-2c2f4945ba21
READ 3803
WRITE 0804 863c5a77-6d66-44c0-8c7e-4b8873b49f58
WRITE 2716 9cbfce8e-07b9-4229-99d0-5560bf2598b9
READ 2146
WRITE 8542 04f29066-7dff-4d00-93da-422e0f0d60ab
WRITE 3153 c7a42018-ac46-4b06-a3d1-d9b961fa96ca
WRITE 7814 8b9310db-69f2-4f62-a133-8b9c5b3754f5
WRITE 8622 1e14177e-2ad2-4fb4-84d3-3dc83eeb3662
WRITE 2292 13f4b238-5cfe-4c0c-9b01-634b1a0ffb2c
READ 2519
READ 6085
WRITE 1239 b71b2583-b32c-403d-b5f3-c716bddc880a
WRITE 1196 d5d798b0-4529-4fcb-974f-853c540338c5
WRITE 3845 28094ea2-9c1a-4811-8a0a-295abbdbe428
WRITE 3856 adb9ecb1-eb8c-40af-bed3-2fd7b209f1e7
READ 7720
WRITE 4134 e2be856c-e617-46db-86d9-c3abb3328e0b
WRITE 7404 4871aa83-c48a-4ffe-bb3f-4fc95b957181
WRITE 4943 76608cf6-f482-4e62-b45a-f73455974a15
WRITE 7298 ed5972bd-4358-4be2-ae72-44558d1e566b
WRITE 8720 818f85b6-cc15-4168-9e0b-e2cd67465e85
WRITE 6889 f93efe7c-b2f8-41c7-9ab1-8a23a5321dac
READ 2422
WRITE 9515 b265b383-7058-477e-b9a2-b46afe2bed6a
WRITE 4326 e18ad2c6-585c-4ba4-819b-bfd531184163
WRITE 7229 8b19d92f-b11d-459f-aac9-24b8d6df6aaa
WRITE 1742 0e5a712d-aa49-43b7-9ad0-f4ebe9c4de30
READ 1089
WRITE 0599 be1e9a18-ddc6-48b9-95dc-7665d5da6bcf
WRITE 4953 d0d4601c-8461-4ad0-8a8a-e748f1ac1608
READ 7107
WRITE 5028 83f12680-67b8-4dd4-b27f-abd950378905
WRITE 3845 8170ad4d-7b28-4426-b749-f57d70fdf7b4
READ 8053
READ 6215
READ 2540
WRITE 1518 8cea5fb5-ea3f-480c-bf38-5260058c8587
READ 5124
WRITE 7976 d15ef570-5282-4a05-a2b7-76526251bca6
WRITE 0984 715525ac-a7ee-429b-a35b-d3e490f3beb8
READ 5858
READ 7162
WRITE 7878 8a4afd2d-2d59-4385-b4f6-e2f4cb37f753
WRITE 3897 9376c5d5-16d4-4426-80e8-ade63203d99a
WRITE 1209 f256110d-2b52-425d-8a65-6a7cd900d317
READ 1454
READ 0449
READ 8996
WRITE 2572 fb6de5a4-dec9-44e1-9c6a-18a9f2748ee6
WRITE 5571 ef560c59-2bb4-43a9-b63f-1823ab55e34f
READ 4802
WRITE 2457 24da9b58-ebf6-449b-8156-a5a955e880f7
WRITE 3257 404fe2b4-159a-4813-9358-8e22ee0ea3bd
READ 9968
WRITE 0502 b2a519e7-922b-4f56-ab34-8323e4616fad
READ 9262
READ 6504
READ 7768
READ 2835
WRITE 3883 ca8f7092-1277-4b01-9df3-95ab064b1778
READ 0406
READ 3338
WRITE 6577 85f1ec18-9a43-4e59-8e66-cc6555a2aeb0
WRITE 2665 a8b079b9-ecd8-4873-bf9e-28ac9c176fe2
READ 9696
WRITE 4189 10e5ea0a-5552-49f9-a3ce-c6362f404171
READ 0542
READ 5053
READ 3345
WRITE 2618 8068dad4-a169-41a4-9ba5-85b8d8aa6af4
READ 1219
WRITE 1613 e3b5c1cb-05b6-4cde-8035-1284559c87fc
WRITE 4364 64db186e-f538-47d8-aa25-3e89d3b95a4e
WRITE 1618 0745b4f1-3759-4967-bc6d-0a16c6a4e166
WRITE 5132 03a5657b-c74e-43fe-ba20-1d3a17a2c49d
READ 5976
WRITE 9522 804ec43c-d235-495f-ab64-2a37da3442e7
READ 2399
WRITE 8836 772de141-01b8-4ad9-811c-ea5066f49cff
READ 1330
READ 8646
READ 4690
READ 0731
READ 0095
WRITE 9267 e8ba71ec-db08-40b8-b686-dd1955cf1786
READ 9308
WRITE 3565 aa2daaa2-558a-4303-b829-99a1e5939a42
WRITE 9359 c41e2f5a-3671-43f1-8568-043d09d5f2a1
READ 8860
WRITE 9341 820e606e-d5dc-418f-9f9b-f730bc82f9cc
READ 1474
WRITE 5564 617ad1c9-9b87-4615-b726-27d0a4e4d831
READ 8914
READ 9972
READ 0524
WRITE 5761 b9335698-94c1-4c8b-9cb6-383e41c940be
WRITE 9778 2a0e454a-67ca-43dc-b497-6613b31deb21
WRITE 8588 f44be8d4-5e62-4ce0-87d8-2c83ef6c1e07
READ 0803
WRITE 2096 83cd97e1-3614-4be2-8cb0-e4925ea769a9
READ 9604
WRITE 7002 92254b52-840c-4d52-beac-3a6e531078f3
READ 9830
WRITE 1392 96083ccf-df08-40bf-b1f3-eec2fc2a3936
WRITE 3072 1375c175-993d-475e-b7e7-4d1e7972726b
WRITE 3380 794b1bf6-2cc1-415a-9138-b59b832e1b04
WRITE 8255 5e583eb5-6e2d-4491-bb83-b4452504b69a
READ 1684
READ 6769
WRITE 7356 970789d6-b45d-4207-8d17-059c8e1d12ea
WRITE 2933 78c91f16-156d-471d-9da2-6de1e21e41dc
READ 9156
READ 3863
WRITE 1740 807af2b3-81d2-4950-8e0f-5a76541bf8af
WRITE 9215 75b31958-91f1-4f4e-9b0a-6e66416e5122
WRITE 6644 de1409a2-3de0-43b1-8650-7b5d373086d9
READ 1952
READ 1496
READ 2008
READ 7918
READ 0075
READ 2651
WRITE 2689 c648578f-185b-41f9-bea4-ee4ce8c486e2
WRITE 2864 8b8b03eb-278a-4928-b865-99c136af3c7f
WRITE 1920 2a31ad8e-9f58-4275-a400-c1ad893e6f8b
READ 9480
READ 8585
READ 1372
WRITE 7196 0a876814-d965-42da-9a60-f11f8ef42267
READ 6811
READ 3724
READ 8607
WRITE 1849 34cf17c6-ece2-4af8-97d7-3520c5dd04c8
WRITE 3202 9df4fda4-5719-4d2b-8783-e9caaba25156
READ 5992
READ 5025
READ 9490
WRITE 9400 2828f167-9ed4-4e95-9e59-e3259774740c
WRITE 0621 f895d108-c01b-45da-b989-81701807f18b
READ 7005
READ 5489
READ 6048
READ 0688
READ 3493
READ 8203
WRITE 7263 d3ec0e4e-ddc4-4646-8d7e-9bfbb465b2a9
WRITE 3260 7841d7b0-fedc-46ca-968d-9e57bdb2304b
WRITE 3699 88acc98f-026d-40ef-b06e-d17b54d43799
READ 7650
WRITE 7352 bd0914a4-820e-4e5f-bc66-ace701bf8e16
READ 6538
WRITE 1905 f8d32d17-bee2-4447-aadc-9f4f1ac8f739
READ 1333
WRITE 9223 4cb1f610-671c-4743-9480-a7e65f3ae1db
READ 3100
READ 5531
WRITE 7678 8063bd4b-45e9-47a5-b7e4-00e5f16205b5
WRITE 3829 d5de7f44-7bdd-4323-8eb7-afeac57800b3
WRITE 4861 edcdefe1-9fa5-4362-a8c4-4d414c2dcf0f
WRITE 4700 2fdf4eff-93f4-4fe4-a8fd-08e30c512029
WRITE 4167 6a08dbd8-944b-4121-80fb-760d78773c39
WRITE 0153 6497d2a0-f19d-4a3d-bd34-934637e95fdf
READ 0965
WRITE 1760 2ff850f9-3ba9-441d-9635-75eceb75bf2c
WRITE 9227 b156f13f-5886-41d3-b0d1-c8198d9dbcd0
READ 8889
WRITE 9902 f0d69aa9-5a03-4033-84b1-a36fc7c58c22
READ 3128
WRITE 5173 dee6fbdb-f428-4e17-98ba-ca69b73c875d
WRITE 9951 b34edc27-7456-46fd-a4df-3ac84d161172
WRITE 2495 88f19a56-6caa-4209-acb0-5415bcc0c0e7
WRITE 4398 a6dc16d9-cda6-4259-bf02-9c9b122a538f
READ 5823
WRITE 4673 a3139af4-d84b-4bd0-b421-d877a5b359bf
READ 1568
READ 7656
READ 0306
READ 3760
WRITE 3607 a3149b6e-799a-438c-a20a-737c070a81ce
READ 6455
WRITE 9682 4f331299-223a-49d1-ac71-6a238dadf6a4
WRITE 7269 06f3e120-628f-4aee-96a2-8c1137bdc747
WRITE 9421 63776fb1-db4c-426f-b48b-513cebee016d
WRITE 1231 316950e8-5a09-43f7-b832-57f6c435f408
READ 6646
WRITE 7333 07fc56b4-c279-4c41-ad4c-a21f0c31ae6e
READ 7950
WRITE 7096 2c471fbc-bb2f-4859-881a-87261102e77d
READ 3602
WRITE 5978 2e0a9fcf-3691-4b86-ae3d-05943128e3a0
READ 5071
READ 4268
WRITE 8322 a3f9a2b0-f316-439e-8280-34d74af1c209
WRITE 8587 bcbb5e4e-f5dd-4497-a228-87277f3ae513
WRITE 8743 7bbf54db-6c0e-4456-890d-ac1a9d2400ee
WRITE 0590 d6df3507-0dd0-4b31-86e0-57fff6bf9082
READ 5794
WRITE 1025 c3747b94-9611-4b90-9ea5-b63e89cca639
READ 2891
READ 9665
WRITE 7722 859300bc-cb54-495b-9701-583d5c684082
READ 6227
WRITE 0011 9f8e5828-53d9-40ec-89f5-6eeb46e60dea
READ 3669
READ 4195
READ 7233
WRITE 8315 dfa9e09a-a5b7-4ebd-b8ff-54254ba2397e
WRITE 8148 a2c30764-c3fd-4a17-a0a1-641d253325ab
WRITE 1161 08ea6c26-1c10-49d1-a34a-29824fb2a908
READ 4302
WRITE 9321 75ec4f1c-9847-4aeb-9fc4-169cc6e554f5
READ 8001
READ 1399
READ 0422
READ 9854
WRITE 9969 971fa169-de71-4f4a-bea2-c48ffa3bdff0
WRITE 4490 5cd2599a-a410-4407-b81c-d5ac166db856
WRITE 5030 b600fd42-d480-4001-96c1-c6c6b6593e3e
WRITE 7910 e19924b1-147b-4088-988c-eab2845f79b7
WRITE 9032 898086a1-b002-45cb-ae45-ee19bbe9a81f
WRITE 8944 deb0fab0-8e7c-4c6e-b5ba-1b6d56d88f57
WRITE 8660 84b8fe54-b370-4653-b668-9de020e3c59b
READ 6125
WRITE 1854 bfe378c2-3ec3-48a5-91c5-57beb57e0e5f
WRITE 8663 a67d1d09-2f9e-4803-87d8-fc94e13a8752
READ 2390
WRITE 9470 0ac05ee3-eae1-4b98-99ad-eadd28923ab1
WRITE 6681 73bf5921-eac4-4d67-a91b-88dadda7394d
WRITE 8012 4c253b08-f9cd-44c5-9ac0-186fc644d531
READ 3944
READ 0165
READ 6013
READ 1155
WRITE 9867 d43215d7-304a-4061-a0d0-cf9a3f6077f0
WRITE 6004 f1cf43b8-b9ef-4dab-a96a-278b5851d006
WRITE 9603 f64ea49d-765c-47ac-93e0-cb09c1afdf80
WRITE 9454 ab2f59fa-dd69-48f6-825e-29071f823d10
READ 2311
READ 1186
WRITE 4832 92e0d5ff-553e-416c-91b1-81ef3d2af694
WRITE 5109 86b12e4d-25c3-41d9-aa1b-3d9b976733dd
WRITE 5094 9d6baeae-1108-46cd-8c0f-312519305953
WRITE 4068 004ff9bb-6c2c-4ddc-abbf-f9bbb4993584
WRITE 8739 03847b18-4091-477c-a9ba-e2fa6459cf88
WRITE 8108 41552e3e-7daf-43e6-8054-b6bf709a571a
READ 1875
READ 2659
READ 8953
WRITE 3395 0efaab92-6985-4926-8c70-1cf87431fa28
WRITE 5087 93cb9a41-465b-4e08-9f17-71f1207adab4
READ 5525
WRITE 7472 5333e8ec-42c4-4961-967f-ed76e8d73517
READ 8786
WRITE 5576 6b63b826-7dca-4eeb-8007-bcf7fb10ee84
READ 8096
WRITE 6868 84f1be1c-5af4-42e1-b8d6-c4026bfb72f3
WRITE 8813 5583a4b7-f640-41e0-a08e-887045b8fa8d
WRITE 3298 80bb6daa-b1ac-47a8-8bf9-5f85bb4ef64b
READ 5343
WRITE 9891 071ccc8f-ae58-40a5-8c31-80f0b7e3531b
WRITE 6690 9eba4f05-fbc8-405b-831e-58769b9f4e12
READ 7324
WRITE 6468 32549a5a-e6ac-44b1-a287-b6d5b658769a
WRITE 4093 b2d14d09-cf9d-44db-8f3b-ebfed3a40dc2
WRITE 5197 1c78fd10-53b2-4d08-a9c5-e8cc3b740073
WRITE 3514 f0e9bce5-2c95-4596-907d-9d7f872065ab
WRITE 6760 e2b13bdf-c7b2-4d3f-94ab-0b142e1434ca
WRITE 3911 3b18e513-9bdc-4982-b042-5711bff84aad
READ 0988
WRITE 5739 b11dc53b-2d08-4fd6-b441-04a0b779233c
WRITE 9564 28b82e81-d691-4fad-8be0-a9b7c47a0b0c
WRITE 3766 2e39d5f9-b375-4e71-be9c-5ef5dd050b40
WRITE 3974 e42d73b0-6394-4627-93a4-048bdea3b0fc
WRITE 8796 4dee8e7e-64ea-4e60-bb45-33ee1633a3cd
READ 4018
READ 8165
READ 5856
WRITE 2205 59ccf010-aaef-4255-a4cd-34c650d7e9d0
READ 8358
WRITE 6183 284eabfa-4e3b-44f9-8105-b271ee9d24c7
READ 5955
READ 4103
WRITE 5297 7b7beddf-31d6-4421-a2d3-0352ec6fcf8d
READ 4842
READ 8372
WRITE 0797 12d2c434-7bfa-4dcb-a7fb-98fdd8e2c2fb
READ 8624
READ 8011
READ 8924
READ 0421
READ 3501
WRITE 0896 f003fe57-fa69-453a-88a9-4a6034c027ec
READ 6980
WRITE 2287 b544e60c-7ea7-4fba-b3cb-9d16cf26db80
READ 4137
READ 3706
WRITE 0662 f20667b2-4868-4ac2-9c3b-716d14499001
READ 9398
WRITE 8063 d4f86fd8-7639-4477-8b07-59e686b3ff99
READ 9651
READ 1924
WRITE 1923 cd4e97f0-3479-4eea-b3e3-0a9f775db76d
WRITE 1053 fe443c39-769a-444f-b222-4200fe46d998
READ 3104
READ 0646
READ 6721
WRITE 7037 956b7a0b-c4a9-4e3a-827c-2bc95f99a3ba
WRITE 8229 6c8b072d-4225-47b8-9326-f0622d12ad2e
READ 3058
WRITE 2547 e05d9ba0-1991-4902-8b2a-c1e97f101a6c
WRITE 0961 677093e9-34c0-44e7-8a88-218d6bd0d0d4
WRITE 3400 caea2de6-a586-4426-b774-811a41ab0fd5
WRITE 4564 2e4e82ad-b6da-4099-8685-5e972cc6b22f
WRITE 6430 dc055a2c-b0cf-476c-ab7e-2b02c66365a9
WRITE 5029 683e2bbd-ab8d-4207-be8f-5297a11e44ec
WRITE 6177 16cb90c1-30b8-409f-b02f-8ae6df8d1e7e
WRITE 1257 97a0f40c-c7f8-4567-81cc-ff59ea032e6e
WRITE 7996 0c7b0217-010e-4b96-8347-a334e5ed8a44
WRITE 8587 e3c74792-09d5-4c49-bb37-c3d572f5d05e
READ 7100
WRITE 1562 78723903-8a64-474a-bccc-d880ab323ca7
WRITE 6302 6cd016be-3c9b-4f30-b2c3-17c8742bab1d
WRITE 3606 5770ee2f-e837-4522-9200-4d9cf47d3681
WRITE 4780 d30e8163-9269-4d5e-96d6-2c00f5277098
WRITE 8119 7649533a-1888-43e7-8f1d-4bec1d6ff7ba
READ 6833
READ 1712
WRITE 1392 6b026e61-b6c3-4b88-801a-3cffb975fe42
WRITE 2365 19947f94-b683-4a13-b8ed-7de2954a52dd
READ 1423
WRITE 9919 78b97753-dd7f-4a80-8465-9684b66cd139
WRITE 7478 d0ee5696-6510-4723-88a9-fed0d38e2c37
WRITE 1129 064ae20d-34ad-4535-bfa8-35eedda1f908
READ 7823
READ 2253
WRITE 0903 864cc79d-1613-40df-b923-c61d76dc88f5
READ 7901
WRITE 3446 eae968ae-b728-4d06-80a5-6d404e5f40a6
READ 8799
READ 5496
WRITE 8185 a9dfd71f-9676-4cbe-9fac-86fd71f4f026
WRITE 6495 8bf46ed3-bf5f-4900-a416-6a7ea0cb9c83
WRITE 4453 81afc472-913a-4727-a17b-b8d8399c12dc
READ 2993
READ 2302
WRITE 2326 708f09e7-31e1-4deb-817c-f2367513a502
WRITE 3066 3ae9711b-6d9c-4949-ab97-6d7a01b9181c
WRITE 3753 8560a15d-9735-4758-9477-bf1ec1ca4db5
READ 1314
READ 2024
READ 6086
READ 7837
WRITE 4312 bb1a24ae-7791-4acd-8b3e-958147fb70c6
WRITE 0388 fd8e25a0-2c8f-4dce-b35d-9f24f7856bbd
WRITE 8981 5c4ffc9b-a302-4c12-b86e-118d07d7c1fc
READ 5890
READ 3238
WRITE 9504 618a97e2-50ca-4c49-b893-0759de913bfd
WRITE 8933 9e0ad827-6510-465d-a610-b7231e92d5f1
WRITE 6361 18fd8ad4-720c-435c-b621-f5a1c68d4ebb
WRITE 6277 5aeb9202-fc8c-478e-b8ed-f1011f6973ce
WRITE 8685 80304928-1048-4bc4-8dd7-241d1f18018f
WRITE 9900 82fa7f88-0ef6-4e3e-b9bb-83b7d8dcd713
READ 4539
WRITE 5993 033312f1-de98-44a0-b090-27a152a583be
READ 8241
READ 1234
READ 2234
READ 7525
READ 6108
WRITE 6375 4b03c47c-ed6e-4cef-b392-6c22a803bc5c
WRITE 4352 d1b1fcaa-7e53-4432-9bae-d600e93dab02
WRITE 7110 5cf4517c-be8a-4fa9-82e2-ffe68811618e
READ 4792
READ 7978
READ 7714
WRITE 2477 e0f0c23f-54f4-4dec-8084-7b4ef6c247a5
WRITE 4313 9532cac3-4531-46e6-9388-6011395f7264
READ 5027
READ 3714
WRITE 2455 5cafb189-6c26-4765-9247-657ace578c1a
READ 8020
WRITE 7816 8270841e-ff78-48bc-8c23-00d1842fc0bf
READ 3775
WRITE 0854 c5f645af-50a8-4968-967f-164e2a9489ba
READ 7880
WRITE 8874 23d9e8a0-c4cd-43a2-88ea-6c79195e0629
WRITE 2355 cee6014e-abc2-4eaf-af45-655b23a5e5c2
WRITE 9284 47522653-ac3b-4651-9750-d3b0061e8807
WRITE 5566 8f9eb958-7765-46a4-91d3-be794769636d
READ 2952
WRITE 7536 a711c520-b4bb-41d0-bf94-dd6bcabcb656
READ 6105
WRITE 3749 c20ee8a5-a1fe-4f25-9108-604d106b6d76
WRITE 5136 77598d7f-50c7-4382-8874-5ec7abce93dc
WRITE 6933 38063272-1859-4c48-af59-8df6d82439a7
READ 2771
READ 0439
WRITE 1344 c24d8fd0-6bd6-42db-8ab1-b4978cb5d074
WRITE 0550 5cb2e1aa-33cb-443d-a034-1d34548789f7
READ 4909
WRITE 4760 d8f84175-d6a0-4722-9deb-147df2837252
READ 2326
READ 5131
READ 5842
READ 3770
WRITE 2133 a2a036b7-7d7d-4116-a778-eb87c4863331
WRITE 4987 7816dfd3-3918-4162-8704-ceb91aefa8b1
WRITE 2479 2faafe84-5caa-46b6-9fdb-0ae06feaea54
READ 8633
WRITE 3787 364889ab-7f50-4e2c-bf40-0f040ee4d182
READ 0910
WRITE 7571 23baab08-1868-40df-930f-20c113f5093e
READ 7697
READ 2353
READ 6538
WRITE 0227 7aaad891-78c5-484a-88b5-9768fa61412e
WRITE 5910 830f1a18-c481-42c7-83b5-5a3174c2f5d0
READ 4070
WRITE 4714 82d587f7-7d91-4a1d-a74c-a32225ce9b09
WRITE 2176 8882bfeb-219e-43d2-8d83-0baac4f2922e
WRITE 9741 fd9e9232-7cce-4a7c-b5a9-424dcff85829
WRITE 8656 6acbebe7-d146-4bae-a237-b4bbb355d9eb
READ 2297
WRITE 4241 f382401b-2e58-4d16-84f1-17aaf8b6f624
WRITE 7115 c16e4c36-14e8-42eb-97b5-60531e5a4a31
READ 3087
WRITE 8892 04ab9797-58b3-437f-b7ab-e73ef28e918f
READ 3421
WRITE 9132 e3d51785-47d0-46c5-8d8d-79a3a9b15287
READ 1274
WRITE 7567 7d3dce7a-cb08-4af2-af7f-1c01cd2488f6
WRITE 6277 5e5f3ca2-f59c-410b-b0ab-ed8e95f3d87b
WRITE 1117 9b033c95-dd66-44a9-83d5-3ae28d160d7c
READ 3330
WRITE 5143 4d12decb-6f6e-4089-a3f1-55be4e5fc3f6
READ 5640
READ 1554
WRITE 6927 285af0f8-fe13-4876-9d0f-e61c14b6480c
READ 1357
WRITE 8698 d74193ef-b1a6-4b69-b90b-ee1420ba9c20
READ 2366
WRITE 7869 58527377-8a69-4857-b441-49c60eeb962f
READ 5082
READ 5959
WRITE 6361 a13c57df-a845-4622-968c-dd72bb309e85
WRITE 4612 fe78dcd8-07fb-46b1-bb01-4fcab38dc93d
WRITE 6715 1d7e5506-34ae-47ff-85f0-694cfa9263cc
READ 7413
READ 9767
WRITE 2277 07222cf1-426a-4756-8d13-555b9cecd25a
WRITE 9653 eb5451bd-4edd-4299-a2c0-000a20d77793
READ 7312
READ 4755
WRITE 3423 592a7d03-ce0f-41e1-93d7-32d9e2da3afd
READ 7427
READ 5049
READ 4043
WRITE 9287 6288c67b-46f1-4f6f-a4f3-34406bdafb7a
WRITE 0406 20f0774d-5657-4d76-bca9-b4775eb1de2c
WRITE 7889 be50b264-324f-419f-b552-02847a8d53aa
READ 3335
READ 9985
WRITE 8423 e1dafe83-1dfb-403b-b846-ba6ed61f49a5
READ 8101
READ 7204
READ 8504
WRITE 5558 7819681b-ca55-43de-8999-6e8e0b7fef84
WRITE 9957 0c37411a-974d-4c70-8c05-07940e1112f2
READ 2247
WRITE 6334 75b67d5b-510f-4f07-a01c-752c98ae2251
WRITE 5169 285aa1bb-3e3c-4757-94ab-d343690db340
WRITE 4563 b508cf90-9564-4c4a-9057-07cd2b9831a2
READ 4146
WRITE 6892 d6cdee33-d544-4b46-bd36-5cdaedd7fe05
READ 6025
WRITE 8461 3f8c963b-12cb-4387-9f00-7282d67664c9
READ 1073
READ 0460
READ 9387
READ 6959
WRITE 6714 000b0f52-7ed3-4340-904a-884541983520
READ 5594
READ 8049
READ 4122
WRITE 7773 21e50035-5ebc-452c-9d4e-073ad7c4a1ce
READ 1896
WRITE 4662 951f5ad7-0ed8-4aea-bae5-c3d5048ae6c4
READ 4629
WRITE 1366 d4749ac8-c16f-4036-804b-5933cf6f1c21
READ 7394
WRITE 3255 6c2e8539-3bdd-4230-809b-eedae28302e6
WRITE 6536 fb588511-9baa-4d44-a99a-49f671d7b6e8
WRITE 1683 2415989c-519c-4315-b15b-d7787ea9fd79
READ 2189
WRITE 7004 772d36bd-2a81-4131-addf-3a57a6a4ce32
WRITE 0003 cdf1b685-ad5f-4241-a08b-23c4c912b88d
READ 6646
WRITE 2578 286e5095-d0f0-412a-9bb6-038c28ba17fa
WRITE 2308 69cd0fa9-2f6b-4a01-9dea-2b9be7e7ab1a
READ 7581
WRITE 5963 190c8306-f707-4060-bac0-1b1b994ff001
WRITE 3744 eed2b4e7-327d-4f05-9d7b-db56cb6c37c4
WRITE 9848 b527cc06-f40e-4a06-935b-9010ff10ee9c
READ 9015
READ 3530
WRITE 4502 ea27eeb8-a386-4390-bba0-4cd2dfa98a5f
READ 5266
WRITE 8026 15ba183b-a4be-4bd0-81b0-6885ebfc27b0
READ 3458
READ 9417
WRITE 2034 510e3b86-fa86-4d92-b1f4-e37b121e8199
READ 3823
WRITE 0714 30b2ac82-bbf3-4c9d-a2d3-aac4d31f5705
READ 8491
READ 6849
READ 3604
WRITE 5952 0823e56a-01b3-4330-ab91-fd6fa27745dd
WRITE 1018 f8fb6d02-1aa5-4a3d-9722-27ca78be8313
WRITE 6943 3a15d178-c8cb-4cbe-a40d-db1fb1744fea
WRITE 3106 8b715e90-8d27-4c0e-946d-be665c5d4e3a
WRITE 1043 36d8ed5c-7177-42ab-9c38-ddc64b81c07d
READ 0089
WRITE 1456 6a5c0c1f-a72d-4da1-96a4-9791e11f52b2
READ 2522
WRITE 7095 97546f9d-f119-4dec-975d-5b7274da0c54
READ 2465
WRITE 0229 e73138d1-1f7b-4223-ac5b-87dc0a1abd39
READ 6168
WRITE 6996 6018938c-46fd-4c48-af1e-c70fc49f1040
READ 8798
READ 4564
WRITE 3103 e5441ee6-608b-4fd9-b4cb-4205e7264842
READ 5471
WRITE 3275 83b3928d-7abc-442e-8016-5cdf0bab6728
WRITE 4863 e840bb7f-4695-437b-9859-d6d74447939e
WRITE 4976 0a40314b-96b2-4def-9e6c-c81c8aa18517
READ 8633
READ 5038
WRITE 7596 ed74492d-e9cb-4dd2-af38-00cfc5ad5035
READ 3346
READ 3759
WRITE 1228 dddb4f45-e261-4304-b1cf-a9dd02ba0011
READ 1138
WRITE 7549 f75a76df-135e-4f57-ae18-f854c43b3aa2
READ 4563
READ 7027
READ 2261
WRITE 8151 9aa80ebf-c79c-484a-9205-20e954e99e44
READ 4121
WRITE 0398 94dbd7bf-2975-4371-96b0-f0aa97b5fdc9
WRITE 0570 ec7295d2-fc5d-4f98-b725-ab41387dbe92
READ 7917
READ 2011
WRITE 2373 62a4031b-2ecb-41c3-a85e-6c7c3cdf4de4
WRITE 1221 ce5136be-355d-48c6-9f71-225e7843b00d
READ 4988
WRITE 0566 72b666c3-531e-45f2-a05f-6724ae7e9cb1
WRITE 0427 c4fdce00-d3ac-4eab-a030-788aee259a8e
WRITE 1589 b1963ec0-d81c-43f1-950f-f68742e24342
READ 6110
READ 2181
READ 6005
READ 6934
WRITE 7800 8fd60069-ac61-4ab0-8325-e3ed825061dc
READ 9649
READ 5332
WRITE 4844 65207bee-7938-479f-8037-5cd00b72a148
READ 8272
READ 3446
READ 4606
WRITE 4841 cc1a50cb-bd02-443f-9341-b0be5eafd17b
WRITE 7270 5a501a22-b7c2-4376-bbae-1d75d2f5c22c
WRITE 1696 3142cb8e-e1ca-4bd5-ba94-4b9ae72242bf
WRITE 8615 bbb1cec9-f405-470d-bbf4-f2d32a7efc57
READ 5417
READ 1198
WRITE 6840 7bd7045d-930f-4fe5-a5f2-d06feb39bb4c
WRITE 1504 4069bcbd-907b-4282-ace8-601e59314101
WRITE 6303 3a2629b0-be6f-40a6-b14a-80a006f57824
READ 0572
READ 6749
WRITE 9645 5647a17d-e628-4e26-a2d2-1494157a0349
READ 6704
WRITE 9753 f8d01183-24a5-412d-b8a4-f4335e70fa39
READ 6214
READ 3613
READ 2644
READ 0182
READ 4932
READ 3503
READ 2784
WRITE 9836 14aff12c-8254-48eb-b621-f583ea225f2f
WRITE 4070 ce3376f5-e50e-4ac2-a7f2-55fb99137674
WRITE 7849 4914b668-3db3-40c2-8a4d-ef3e9ffcb0db
WRITE 0221 8d4b0d79-49a0-4e50-bea4-ebd3ec729e98
READ 6869
WRITE 1122 c76892e1-491e-4c67-8375-10b958d57000
READ 2963
WRITE 0932 7c5ea4a1-23db-4443-ac31-77f387021d75
READ 0940
WRITE 4512 7d38af8e-f34a-4e67-9732-0f99c67f4583
WRITE 6044 ebf0de2e-a072-43f3-bc4f-94a02c461c04
READ 9099
READ 9875
WRITE 2512 4528b2d7-1590-432b-a8f8-d9bf1b2ea788
WRITE 2436 213c19c4-9887-4e30-af68-c93e2dbfa29e
READ 8666
READ 4758
WRITE 3225 51ec3346-d294-4a9b-80ed-b856873d4997
WRITE 6934 2f3ed25c-2832-46d0-a883-2b09e20eec03
WRITE 2491 3d17911a-c283-4bf5-bd4f-65458a54ac02
WRITE 3000 a126a2a3-356d-4772-83ee-c704abde743e
WRITE 1698 bfd4863d-9cc0-48f5-91f2-43253eaa88f7
WRITE 0960 16270552-40bc-4a45-8104-ded085572ca4
WRITE 4763 c667c7c3-e332-4f15-8bce-91df2263eff0
WRITE 2477 3ca2041f-7d7f-4652-8ddf-19a0eab2fc43
READ 2260
WRITE 9835 ae18cef8-5389-4ee9-94b7-88d184c208c6
WRITE 9876 e6066b36-06b3-41d2-bd36-c6f018cf708f
WRITE 3315 f6f3bbae-f598-48ac-b153-53aa201d7298
READ 9710
READ 7643
WRITE 5387 4b77a2b4-dc15-4392-9a84-12d6366242fc
WRITE 4886 dbbd86ba-88d4-499a-bb53-8b34ee4fdb34
WRITE 0274 3eafe4b1-7eb7-44a1-95f6-353a69bbb57b
WRITE 9939 6670f64f-7ba0-46de-9e3d-f618540ad841
WRITE 1895 38de84c3-3714-49c8-bb8e-5ddc10749605
READ 6338
WRITE 0322 7aef8fcf-f21e-4837-abda-ee9f8f83dde4
READ 5513
READ 4500
READ 6588
READ 5194
WRITE 6318 1ea43f44-e0e5-4945-a648-c3e6dfa99b99
READ 0738
READ 7433
WRITE 7856 bdf0a863-1235-4397-807c-e92f19ddb0ae
READ 8109
WRITE 0763 c9683b8d-98cb-466d-9a07-e67e4df8ed0d
READ 4790
WRITE 5252 5a6ae0a6-48b3-4b93-a178-6b474fcbcb6e
WRITE 1375 48a2609e-e702-4b64-9b18-02132fe7be10
READ 1585
WRITE 0573 adcc0e25-0df0-4cfa-8980-6e80686a8c2c
READ 8611
READ 5111
WRITE 2838 216b563f-0f5c-41cd-bcbb-e4db7fd38048
WRITE 9903 33f17097-c968-4803-a9d4-6a4853a6fb42
WRITE 5312 ef7dfb90-c761-4086-98b5-302f8fff336c
READ 3206
WRITE 4943 4160a0af-187a-46fc-a5d3-553cbb67ac82
WRITE 7969 6656b7ec-56b4-4365-991a-cb693008a338
READ 6452
READ 9431
WRITE 0327 acff49a3-f5d7-4ae2-a492-543a996b62cf
WRITE 4680 2e14b7a0-73e3-444b-b8a2-1fd8af074f64
WRITE 2069 11a9b92a-9215-4536-9e58-2aa12529ca70
WRITE 8862 f1998851-a2cc-425f-96ef-8bc424924456
READ 2899
WRITE 6565 43a226f6-fa6e-4dcd-83ca-6b6ad7a28fbe
WRITE 6162 7efd3264-ab1a-4bb1-a12f-f62093c460f6
READ 3431
WRITE 5869 aa643c18-d057-41d0-be8e-0aa07cc59fa5
WRITE 8983 3c9cdd8f-1f72-4b4b-8085-6fca94eac308
READ 6426
WRITE 2925 6482825c-782e-4adc-8d3b-89c2204b8d56
WRITE 5258 ed7d20aa-44a1-4547-8eba-0de17b9c79fe
WRITE 6297 0851ea1c-2421-45ba-afdb-4d06e777f080
WRITE 9943 8fe090f9-96cf-4f92-a7f0-29a752b9ef9e
WRITE 9787 200b6437-7db1-45de-8f32-8edfddb87c69
READ 9419
WRITE 9754 9e12de4e-565e-4187-a6d0-7465b9010c8b
READ 1539
WRITE 8175 54b1b6db-d3af-4dcd-8242-57b24f959b5a
READ 7583
WRITE 9362 d7e8dc21-b5a3-4b4a-80c3-41e15eb94d27
READ 8037
WRITE 0460 073e1998-ed9d-4887-ae0e-196b9d4bd981
READ 8866
WRITE 3176 af301936-5327-48b8-bb49-85fa94758ce2
READ 4153
WRITE 5451 5c3aba6b-e358-4589-a3c2-58b5fec34b59
READ 7140
READ 2231
WRITE 6510 82159b42-33ec-4655-97d6-1bb22b0e4d8f
WRITE 0698 56fc9072-164d-4f5f-9c54-b3903f127f02
READ 1610
WRITE 4372 32ec6302-2c06-46d9-a9e2-eac9506cef47
READ 1133
WRITE 3408 18ca5ae6-4ca7-4719-8fa9-b4ba54e6f921
READ 4634
READ 7947
READ 9599
WRITE 5294 9fe30466-cdfb-4332-87bd-4629216262ec
READ 3957
READ 9265
WRITE 5017 d8b8ad12-f7d4-425e-9d3b-71e75a0e6426
READ 6071
WRITE 1785 61769343-c478-4785-9fa1-e1f535e26d8d
READ 2247
WRITE 8594 70c3e7b7-a84d-41a3-81ad-ac021b5a696d
WRITE 0534 ed273d55-14e8-4282-bc0d-cbef831658f8
WRITE 5591 085dbdbb-2948-4535-8d13-c5846c336dc5
WRITE 2903 50dacb8e-8cbb-4a6b-b987-bfcf70450287
READ 4109
READ 9439
WRITE 7110 8efcd408-a705-4f50-bff6-d47ae7e07c57
WRITE 0475 04bba306-afc3-4a4d-b70c-3e9ea29fc086
READ 6951
WRITE 8428 9fcd0b92-b684-46c7-b011-4c8d15027acd
READ 6588
READ 9038
WRITE 0897 43210893-2c4f-41e2-b7a4-62191d5f398f
WRITE 8439 c5a0e677-8cb9-4fbe-b7e6-a9295a0b9ec5
READ 3673
READ 3208
READ 6007
READ 4939
WRITE 7195 7d088c29-49e6-468f-a587-19a17ec8c305
READ 3070
READ 7539
READ 9710
WRITE 0266 b8cafafd-e555-452d-a5dc-5942fa154d72
WRITE 0598 e0ce0e96-1137-4278-8ebf-01051d75320a
READ 3620
WRITE 6274 370c688d-084e-403b-ad54-a70ef5fcbc95
READ 2226
READ 0631
WRITE 4934 7fed6799-8bef-47d1-9230-0466c3074688
WRITE 0263 a56182fc-0bb9-4bd0-a57f-cd0657f351e0
WRITE 9352 de52c376-481e-49ae-83d8-4dd3e504dd0e
WRITE 2903 0a326bf8-bfdf-459c-9c09-926bdbea6d25
WRITE 0106 8645462e-66be-40cb-9bb5-41609d69c8a1
READ 9335
WRITE 0946 79e92dac-404e-4fbc-b555-02424e14c2bd
WRITE 2912 012eb308-9562-45ae-b235-fe28c7c7fdcf
WRITE 0623 6c7dca37-e8de-4d83-94c3-26a76cb92dfe
READ 4643
WRITE 8713 46b044d4-0a98-43d6-86e1-6bfa9456739c
READ 5313
READ 2501
READ 5732
READ 8385
READ 8567
READ 1333
READ 1578
READ 5192
READ 0896
READ 0597
READ 2841
READ 8169
WRITE 4836 4408b136-5a58-4b10-97e7-ff7917683ad3
WRITE 5786 4adb9c5f-7eec-4078-8209-5337a6d2288f
WRITE 0473 7d2ce7fc-44d9-4452-8fb8-061259044138
READ 8304
WRITE 4269 1ee0d08a-f777-4cfb-ba16-579f4b38e3a0
WRITE 6655 c84744d5-43ec-4462-9bf3-d7b21497382e
READ 3207
READ 0136
READ 3362
WRITE 3039 497375c1-2c73-4ae9-91f8-f0b6321ba6fd
READ 3167
WRITE 0985 98239250-16c6-4dbe-a37f-ced7be3bbf85
READ 9677
READ 7768
READ 6162
WRITE 5494 141c0eb7-a6e4-44ea-b84e-16f355be6543
READ 4593
READ 6521
WRITE 0950 4805a11e-c025-4e4c-8799-c9613ced4379
WRITE 3114 bd846a01-7567-4ba6-b610-3706d6b9a61c
WRITE 6161 dc008225-68f2-43ae-8e9f-3e1aa542eab7
WRITE 5834 b68d1ae5-a9db-408c-8f0c-9122008c49a3
WRITE 9950 0f8a3334-9cff-4044-94cf-4453026133cd
READ 0724
WRITE 1955 73b39ccd-8ae4-45ec-bdb3-3c457144a7cf
WRITE 4755 92934268-0565-4173-9576-dd1f862024db
WRITE 8231 d602d033-6a95-4027-ae7f-6148a872517e
READ 7670
READ 2662
READ 5291
READ 2726
READ 8415
WRITE 3103 ac2f020c-98ce-4e9f-ba6e-76137a542f74
WRITE 1139 35d6d810-9fb7-46a0-aaff-b31bdb555a78
WRITE 2357 90fdacd0-c36d-4ce5-be9f-0b586349b98e
READ 8384
WRITE 3100 ae143e79-ffd0-46cf-a9a6-cff813b102dc
READ 6131
WRITE 2061 d48d0dc5-6859-4600-bd1a-09b092ca11cb
READ 9692
READ 9254
READ 8186
WRITE 6102 a8a3c766-d890-49c1-b9c3-d198c5882dcd
READ 1826
WRITE 0263 e2ea1969-65c0-439a-ac6b-62bb96a347c5
READ 2955
READ 5582
WRITE 9862 d0530314-a915-422e-a544-4bb48b3b084a
READ 7724
WRITE 8634 56213760-c0b2-45d1-a995-a74548d9217a
READ 0092
WRITE 0023 dce255ac-4946-45ed-910d-cf28341be67f
READ 3929
WRITE 5183 957fc066-6651-4514-9a49-8cdd90cc136c
READ 3958
WRITE 4523 a015f1a2-9302-4dad-abe2-e1082d787f6c
READ 8846
WRITE 9909 436d9d8c-baaa-462e-b7a9-a50f1c308876
READ 5053
READ 4292
READ 1755
WRITE 3950 6d4920af-c5e0-413a-aa2b-1468fcab5d96
READ 0569
WRITE 6874 32ba9674-fa0f-4eba-9c1a-a6594b70ade1
WRITE 3099 649d007b-38a1-431e-b063-d87ac6046f20
READ 1851
WRITE 5324 0ba6f005-51a6-426c-b6fe-3fbf62d22c71
READ 2209
WRITE 0297 790324ca-e0f9-475a-adde-bd8cfc6bbf20
READ 0400
READ 2428
WRITE 8791 73838ac5-3e89-45e3-a580-a458addae4ea
WRITE 3661 75473ef4-d271-4813-877d-5712cf1d49c1
WRITE 7940 70eaa234-d402-4a4b-8114-1a17658ab787
WRITE 1495 74238196-edde-430b-a2b3-6caf31f2ed37
READ 8733
WRITE 1154 27a59f41-a0f9-4147-9f45-99c90ed19f33
READ 8598
READ 1030
READ 6868
READ 8894
READ 9432
WRITE 5489 d765fadd-d20d-47c1-9f69-7323b47ba947
WRITE 7885 9529136a-4fdd-48cd-82e2-17b720f97dec
READ 5479
WRITE 1549 f4d13582-7420-4f1e-8d46-52be15862c89
READ 4703
READ 3940
READ 0884
READ 3798
WRITE 0406 94a04782-44e6-4844-bb95-9a05fbc9a744
READ 7026
READ 1541
READ 5054
READ 7147
WRITE 6404 ee2b533d-c572-4323-83f1-1ab031002adf
WRITE 8175 88e6f9d4-89f9-4601-a3cf-ea1083a757d7
WRITE 5238 c75fee71-0406-4e73-9b62-fd676c2a65ab
WRITE 5859 7b388732-8dcd-48bd-92a9-20e2d8715b92
READ 0489
READ 6026
WRITE 1331 49d69d0c-7155-4ca4-872e-9fb48eb7182e
WRITE 6761 9e09f7f0-f16a-4401-9de9-066c3416876e
READ 8822
WRITE 2246 70a8edf9-9f57-4272-ac80-434f119a5238
READ 7098
READ 4531
READ 8181
READ 5278
WRITE 0466 38b73b7e-bc9d-4d2f-9323-edffc0d75452
WRITE 5465 75a91cdc-8222-4fe0-ae2a-d8725a34a8b6
WRITE 3262 d1b32fa6-d2aa-47cc-9211-43f3ba5552ca
WRITE 7270 0367b870-e5e2-443b-b39c-d3f6d437a4ce
WRITE 2115 a1dbf4d1-d039-47e3-829e-98f959202fff
WRITE 0137 bec961ef-413a-4aea-b1c8-b0b7ca3af675
WRITE 8677 e6a70905-84a6-4081-bd29-64a5b5fca90d
READ 0741
WRITE 7954 87d00d42-c60e-4a07-9669-197ea51a053a
READ 4117
WRITE 6000 5b83a587-1a55-47c5-91a0-c47bb79a7dae
WRITE 7002 af104b41-b44f-4345-a0b0-4dbec6f3f598
WRITE 6288 30dde985-cd4b-4784-ae2f-c795c2b4abde
WRITE 1437 d681d0bb-2434-4eb4-8539-e9b82c5b8c27
READ 7319
READ 2472
READ 2549
WRITE 2836 024b66ed-6f90-4f1e-b042-83ec37014963
WRITE 1830 3cbe24f6-48f7-4ecf-9c01-a2ef3bf28f5c
WRITE 4859 9b6f6032-10b3-4560-aaf4-9ec6fde70d1a
WRITE 9861 e37cd3f5-c94d-4309-9a71-aae60747ca82
READ 3482
READ 5660
WRITE 9319 3ea095c5-0819-47ed-a423-aa7c5457172a
READ 6786
READ 3459
WRITE 3049 027d07c0-b879-4d38-ba45-0c9730b2a220
WRITE 0045 c8b0e832-0a0b-43e2-99ed-55592d910a58
READ 0013
WRITE 8010 fa02fc0e-f778-488c-b956-68a3c07d9823
READ 3867
READ 1651
READ 4156
WRITE 3624 9844466e-9de8-4af8-b3d7-950ead9f7e08
WRITE 4126 8ee03feb-6d25-4313-9cc1-3ac45dabec8e
READ 8611
WRITE 2827 d1312df9-c08f-4d30-8649-0627504c2dbc
WRITE 6096 16f22c9c-b273-469d-9660-187aa3f91c28
READ 6788
READ 2666
READ 3498
WRITE 3999 55d9cccd-253f-46f0-bdf5-104b5420bf87
WRITE 9376 b878d934-ffc5-4999-acd6-ae0337bf73cb
WRITE 6454 39a311f6-1e25-4a3f-80d9-0ec07d65702a
READ 1766
WRITE 0911 4d5542ee-9804-4d69-98c0-3dd197b62ee1
WRITE 2063 f0a9de9d-6230-4374-b196-e2e0f6806a03
READ 8929
READ 9333
WRITE 9981 229fff4d-94bd-4b02-ad7d-17da5c242f2f
READ 5448
WRITE 9316 74bef82d-5eac-43ce-844e-4a6073f61d3f
READ 6471
READ 3618
READ 2838
WRITE 7408 2453abdb-eb6c-44f2-a92f-84a3b8b48e24
WRITE 6385 92b22706-c007-4cd8-ada9-c1ecb7a81f35
READ 1988
READ 7508
READ 2245
READ 4714
READ 9031
READ 3268
READ 7538
READ 4808
WRITE 0050 2ed72284-4982-4261-ad93-7b54f7ea51f8
READ 6670
READ 2241
READ 3724
WRITE 4343 232560ef-d6b0-4878-b386-259c5f69bcef
READ 9845
READ 5508
READ 4349
WRITE 1934 87a8080a-d888-40c6-b222-37d982677e99
WRITE 2509 c6c0ab9e-a446-4250-8ae9-6aabf4e12c2c
WRITE 3653 3ea29c88-b0ea-4234-a326-ee5a886d4638
WRITE 4900 06116798-eb58-457a-8d84-6ea2a7bceaed
WRITE 5414 ae5a32e2-6788-4112-8274-d17cabb59b7e
WRITE 1375 97e6d0a7-d324-439e-a090-9714f0b03836
READ 0948
WRITE 6828 484b7425-c52f-4bb8-80ce-d475e5c327f3
READ 4688
READ 0089
WRITE 3600 8f93196b-44f0-4dda-b0f9-a9281f153612
WRITE 8318 305687af-85f9-4727-be1f-2a251378d1c6
WRITE 2392 a66351d1-9fa5-43de-8251-9a5cbe3aab45
WRITE 6894 dc5771a9-2ee5-48f7-ad17-3f6703fae9e3
READ 0132
READ 7085
WRITE 6217 f9ca2f2f-ddaf-4933-9c7a-3b5950f511d2
WRITE 9535 7a6c87cc-af98-4ef2-bdb6-d5ed77257299
READ 1543
WRITE 6727 3088eac8-1475-4826-b8cb-4ecbb79f75d4
READ 7592
WRITE 6816 fedfa9d2-e5d9-4090-bbd2-110c1801b4db
WRITE 9078 532474d7-4932-453c-9012-d1655a36b94b
READ 2927
READ 9089
WRITE 1602 bc9ef06a-2b97-4beb-a907-5cd29ce276c0
WRITE 4564 c02dbcaa-c1fa-4164-8482-9bd4521e7df0
READ 1792
READ 3555
WRITE 5911 3e257790-733e-4e9d-9513-0c6843158a97
WRITE 5536 f47c2762-56bc-4ee7-addd-d15c8474f6f4
READ 7424
READ 3595
WRITE 8382 3f3ec7cf-1664-47fe-bd53-97bfb78e9b74
WRITE 1331 a7138773-0847-4b4e-99b6-757419320125
WRITE 5863 b91b553e-85d8-41d6-9ea6-b4263926bbef
WRITE 3506 071ae8b8-8731-4b2e-adf8-2876c59c01b5
READ 7545
WRITE 2587 a3966dee-b8ff-4b97-b221-db8cbb133756
READ 7128
READ 6436
READ 0491
READ 8005
WRITE 6544 3e330b92-8371-4c80-89d8-2c00ac261663
WRITE 4891 76478601-f10d-4a93-ad1e-f062586e3372
READ 8095
READ 1300
WRITE 8676 1d7cd53e-8d34-46bb-9732-443f31641ca8
WRITE 9825 2e666ae9-9342-4704-8294-41de1a658b4a
WRITE 5887 7206092e-ca6a-498f-b768-64a3b37474f4
READ 2352
WRITE 2249 1be52ab0-6972-4f96-bdcb-0460e3cfbaf4
READ 1371
READ 4474
READ 7997
READ 1972
READ 6931
WRITE 6934 2126de1c-3122-4fec-a2d0-c0ab566ec082
READ 3614
WRITE 2318 8e877a1c-ad46-4585-98f2-03132fc8c18f
WRITE 3698 503e705c-93fe-45e8-bfe9-1e8ee370306d
READ 4141
READ 5810
READ 7388
WRITE 1068 4148d8e2-cdaa-44d3-8d05-fc00bbedd56f
READ 8261
WRITE 4549 535a2804-4e7f-4a15-b297-7e1645953fb4
WRITE 6484 0291c5a6-e62a-4a7d-b674-bc907e657653
WRITE 3879 f0065437-0d3a-4a98-8e6b-4ad7975c23bb
WRITE 9608 b6c689c1-4c5c-46df-bdf0-054aff3afd4a
READ 1745
WRITE 9899 c0384015-1c4e-44f3-9565-cfeb8f46b7b2
READ 7673
READ 0286
READ 8603
WRITE 4835 077b6a58-fdae-45f8-978e-39747c59d6ce
WRITE 7670 b5415351-b1da-44cc-b710-8ee1386c3316
WRITE 9223 ef5629f2-efb0-41df-adb7-0d35a45681d9
WRITE 6081 d9dfdc28-9924-43a4-967c-8778c0ffb921
READ 3543
WRITE 1071 cecc3e53-2e8b-47f8-8471-8c3d81d1c880
READ 8103
WRITE 8472 054bbf5b-288a-4394-9d31-1ad50725aab4
READ 8741
READ 4308
WRITE 4462 b726e416-c63a-41bd-ab74-246fe68af368
READ 6738
READ 9453
READ 9129
READ 2829
WRITE 9937 a149d13b-c37a-4d61-9b2b-0f6f66478821
READ 7688
READ 0432
READ 6994
WRITE 7467 ad9cada4-4a37-454d-9a6d-8a366d891be5
WRITE 2791 262256c8-a504-4180-9fea-fe4e886d14e1
WRITE 2311 19b8db94-2f04-4ee5-902c-654e642e794b
READ 2074
WRITE 9628 7a6a9b11-ac58-4fab-bf68-4007e2b0917a
WRITE 7294 5ce858d9-2494-4c0b-9b12-ae4625309fe8
WRITE 3982 b64ec939-caa6-407a-a412-d61b1ed91ef0
READ 3384
READ 0209
READ 5901
READ 3967
WRITE 0657 c8fbc553-3838-4ce5-b95e-221761b8eeea
READ 4845
READ 3300
READ 3752
READ 1143
WRITE 0771 cabb7883-a8dc-498e-b290-0dd2e8d81160
READ 4465
READ 4769
WRITE 2334 3aa2abb0-5ecd-414b-aa44-3aeb9533bb5c
WRITE 8960 9211c8eb-6060-4e27-b618-118fe1652232
WRITE 6277 67a5266e-bb01-4e73-aabd-89df097351bd
WRITE 0059 8a7faefb-f083-452f-8e66-8435f71c960c
READ 1878
WRITE 2738 d50474f7-e45c-4b3e-891a-3b818debc6ed
WRITE 3377 c3b1640d-318a-4d6b-866d-9add862729fd
READ 0278
READ 9666
WRITE 5840 6042b9a3-7da7-49b7-9234-0b46ee54cf4e
READ 2605
READ 0464
WRITE 9424 38d3fa36-77e4-4476-850a-990b7cc56c5f
READ 8828
WRITE 8648 41c08c7f-11e5-4886-a9b4-7731d3bb2d79
WRITE 1549 0039c414-3561-4b4a-b300-9957372bf004
WRITE 6942 feba0e4f-09d4-47f0-b7ec-fa99c4f7c9b5
WRITE 6212 178d9ae4-f0b9-4c13-b26e-21c1b78bed06
READ 5441
WRITE 1175 f531c997-2c2f-4bad-bc6e-c71f286a842a
WRITE 6839 7b6c02af-af47-454f-bc43-c87bae3d0f1f
READ 0542
WRITE 7246 363533fd-6010-4011-86a9-cce387373606
WRITE 5110 8029a55f-905b-4dea-ba15-d623fe380829
READ 5389
WRITE 2949 b07bdc36-b905-49be-80ca-c52933da2ef4
READ 9322
WRITE 3180 685e0bc9-9e01-48b3-8315-d951bb25dbb6
READ 7878
READ 3489
READ 2328
READ 2924
WRITE 2752 f2056961-b2ee-4c8e-aa5c-130788e87fb7
READ 4601
READ 2596
WRITE 5038 ef44e157-5a88-4fb3-a7dc-201bebc30c97
WRITE 9389 0e4b6dbf-2ab4-4655-8515-60d80c6f10ae
READ 9216
WRITE 2142 edac5a3d-c2a8-4fef-a4e7-6cc033d72aa6
READ 6266
READ 5910
WRITE 9748 981bdc6f-a59d-4019-b6da-eb500ce1a1be
WRITE 2023 68d77dc5-30ba-468e-97b6-bac47e2a5664
READ 5370
WRITE 2038 bf7dee35-bcfa-482f-9271-0d63b63e3f76
WRITE 8625 fe016503-691b-46a6-983c-14ab89072ed3
READ 7803
READ 3924
WRITE 0416 0c9e8c3d-2fd5-447e-a63c-a780e2b732e7
READ 2223
READ 7900
WRITE 1625 1918a152-cd1b-4dce-a790-ead5c35b774e
WRITE 6534 ea735060-e5bb-48c0-92a8-3a9e8f0b6394
READ 2604
WRITE 5669 525eca89-9dc1-4ae8-ba5b-b89fe1f003d5
READ 5168
WRITE 2772 ec7a8d75-333a-47bf-ae64-f55d2652a29c
WRITE 4186 730a03bf-c768-412c-b961-3586cda1dd31
READ 0677
READ 0295
READ 9939
READ 9147
WRITE 5462 c4e19910-b110-4503-9783-4869b6504912
WRITE 3677 83cbd143-ab10-4165-9e74-cf8d3782d05b
WRITE 5261 872ed991-5ebf-4c3d-8d91-6d54c99ab457
WRITE 9683 7a9cd994-6877-465b-a881-21295cf1e4a7
WRITE 4817 389819a1-c7f9-4543-81c1-b25b1400c3a6
READ 1767
WRITE 3600 2196f23c-a81a-4415-9bc5-21ee9f2e2b29
WRITE 5562 af3b66c2-2f6f-46f0-aaf2-761ec03a52fe
WRITE 9737 335f7357-f529-4694-96a2-6ce8987d01b6
WRITE 4362 2d588a2a-81b1-4912-988c-7a4cf49d44ad
WRITE 5055 4cbe982e-1926-42aa-97e6-d33d4d352731
READ 6176
WRITE 7677 9f767298-d9f3-4e35-aee5-523d377e09ae
WRITE 9342 67897522-8110-4eb8-ae0c-ecc467da65b1
WRITE 6448 e1087c17-c99f-45f9-9a40-1f2966c24b6b
